[2023-08-23 18:28:04]--[dealfile_cgi.cpp:842]--cmd = del
[2023-08-23 18:28:04]--[dealfile_cgi.cpp:870]--buf = {
    "filename": "BackEISNN.pdf",
    "md5": "6c00f45bdb74e88528f164c37e14b993",
    "token": "e37814b40f71f0dd609f94c0d3cc1f60",
    "user": "zengjx"
}

[2023-08-23 18:28:04]--[dealfile_cgi.cpp:872]--user = zengjx, token = e37814b40f71f0dd609f94c0d3cc1f60, md5 = 6c00f45bdb74e88528f164c37e14b993, filename = BackEISNN.pdf
[2023-08-23 18:28:04]--[dealfile_cgi.cpp:372]--remove_file_from_storage ret = 0
[2023-08-23 18:28:53]--[dealfile_cgi.cpp:842]--cmd = del
[2023-08-23 18:28:53]--[dealfile_cgi.cpp:870]--buf = {
    "filename": "BackEISNN.pdf",
    "md5": "6c00f45bdb74e88528f164c37e14b993",
    "token": "e37814b40f71f0dd609f94c0d3cc1f60",
    "user": "zengjx"
}

[2023-08-23 18:28:53]--[dealfile_cgi.cpp:872]--user = zengjx, token = e37814b40f71f0dd609f94c0d3cc1f60, md5 = 6c00f45bdb74e88528f164c37e14b993, filename = BackEISNN.pdf
[2023-08-23 18:28:54]--[dealfile_cgi.cpp:372]--remove_file_from_storage ret = 0
[2023-08-23 19:48:37]--[dealfile_cgi.cpp:842]--cmd = del
[2023-08-23 19:48:37]--[dealfile_cgi.cpp:870]--buf = {
    "filename": "BackEISNN.pdf",
    "md5": "6c00f45bdb74e88528f164c37e14b993",
    "token": "5c58d4b80adf86e80b0fbda55b6d5fbd",
    "user": "zengjx"
}

[2023-08-23 19:48:37]--[dealfile_cgi.cpp:872]--user = zengjx, token = 5c58d4b80adf86e80b0fbda55b6d5fbd, md5 = 6c00f45bdb74e88528f164c37e14b993, filename = BackEISNN.pdf
[2023-08-23 19:48:37]--[dealfile_cgi.cpp:372]--remove_file_from_storage ret = 0
[2023-08-23 19:57:24]--[dealfile_cgi.cpp:842]--cmd = del
[2023-08-23 19:57:24]--[dealfile_cgi.cpp:870]--buf = {
    "filename": "BackEISNN.pdf",
    "md5": "6c00f45bdb74e88528f164c37e14b993",
    "token": "ad2a524c2f61bbadd97d8ca991d73a65",
    "user": "zengjx"
}

[2023-08-23 19:57:24]--[dealfile_cgi.cpp:872]--user = zengjx, token = ad2a524c2f61bbadd97d8ca991d73a65, md5 = 6c00f45bdb74e88528f164c37e14b993, filename = BackEISNN.pdf
[2023-08-23 19:57:25]--[dealfile_cgi.cpp:372]--remove_file_from_storage ret = 0
[2023-08-23 20:07:04]--[dealfile_cgi.cpp:842]--cmd = del
[2023-08-23 20:07:04]--[dealfile_cgi.cpp:870]--buf = {
    "filename": "BackEISNN.pdf",
    "md5": "6c00f45bdb74e88528f164c37e14b993",
    "token": "e4a4e27518a3552618ae07346b9b7ea1",
    "user": "zengjx"
}

[2023-08-23 20:07:04]--[dealfile_cgi.cpp:872]--user = zengjx, token = e4a4e27518a3552618ae07346b9b7ea1, md5 = 6c00f45bdb74e88528f164c37e14b993, filename = BackEISNN.pdf
[2023-08-23 20:07:04]--[dealfile_cgi.cpp:372]--remove_file_from_storage ret = 0
[2023-08-23 20:07:47]--[dealfile_cgi.cpp:842]--cmd = del
[2023-08-23 20:07:47]--[dealfile_cgi.cpp:870]--buf = {
    "filename": "BackEISNN.pdf",
    "md5": "6c00f45bdb74e88528f164c37e14b993",
    "token": "e4a4e27518a3552618ae07346b9b7ea1",
    "user": "zengjx"
}

[2023-08-23 20:07:47]--[dealfile_cgi.cpp:872]--user = zengjx, token = e4a4e27518a3552618ae07346b9b7ea1, md5 = 6c00f45bdb74e88528f164c37e14b993, filename = BackEISNN.pdf
[2023-08-23 20:07:48]--[dealfile_cgi.cpp:372]--remove_file_from_storage ret = 0
[2023-08-23 20:44:07]--[dealfile_cgi.cpp:842]--cmd = del
[2023-08-23 20:44:07]--[dealfile_cgi.cpp:870]--buf = {
    "filename": "BackEISNN.pdf",
    "md5": "6c00f45bdb74e88528f164c37e14b993",
    "token": "b3dd9fe635cef33f960324b6267915a4",
    "user": "zengjx"
}

[2023-08-23 20:44:07]--[dealfile_cgi.cpp:872]--user = zengjx, token = b3dd9fe635cef33f960324b6267915a4, md5 = 6c00f45bdb74e88528f164c37e14b993, filename = BackEISNN.pdf
[2023-08-23 20:44:08]--[dealfile_cgi.cpp:372]--remove_file_from_storage ret = 0
[2023-08-23 21:17:08]--[dealfile_cgi.cpp:842]--cmd = del
[2023-08-23 21:17:08]--[dealfile_cgi.cpp:870]--buf = {
    "filename": "BackEISNN.pdf",
    "md5": "6c00f45bdb74e88528f164c37e14b993",
    "token": "ccabf62525e7b01d076d5e7aa72e6e1a",
    "user": "zengjx"
}

[2023-08-23 21:17:08]--[dealfile_cgi.cpp:872]--user = zengjx, token = ccabf62525e7b01d076d5e7aa72e6e1a, md5 = 6c00f45bdb74e88528f164c37e14b993, filename = BackEISNN.pdf
[2023-08-23 21:17:08]--[dealfile_cgi.cpp:372]--remove_file_from_storage ret = 0
[2023-08-23 21:20:14]--[dealfile_cgi.cpp:842]--cmd = del
[2023-08-23 21:20:14]--[dealfile_cgi.cpp:870]--buf = {
    "filename": "BackEISNN.pdf",
    "md5": "6c00f45bdb74e88528f164c37e14b993",
    "token": "7ccd878b3bbc194500d11f64b27ec62b",
    "user": "zengjx"
}

[2023-08-23 21:20:14]--[dealfile_cgi.cpp:872]--user = zengjx, token = 7ccd878b3bbc194500d11f64b27ec62b, md5 = 6c00f45bdb74e88528f164c37e14b993, filename = BackEISNN.pdf
[2023-08-23 21:20:14]--[dealfile_cgi.cpp:372]--remove_file_from_storage ret = 0
[2023-08-23 21:23:11]--[dealfile_cgi.cpp:842]--cmd = del
[2023-08-23 21:23:11]--[dealfile_cgi.cpp:870]--buf = {
    "filename": "BackEISNN.pdf",
    "md5": "6c00f45bdb74e88528f164c37e14b993",
    "token": "882e6b108af9e1b0d6fa73c7d37d460e",
    "user": "zengjx"
}

[2023-08-23 21:23:11]--[dealfile_cgi.cpp:872]--user = zengjx, token = 882e6b108af9e1b0d6fa73c7d37d460e, md5 = 6c00f45bdb74e88528f164c37e14b993, filename = BackEISNN.pdf
[2023-08-23 21:23:11]--[dealfile_cgi.cpp:372]--remove_file_from_storage ret = 0
[2023-08-23 21:26:02]--[dealfile_cgi.cpp:842]--cmd = del
[2023-08-23 21:26:02]--[dealfile_cgi.cpp:870]--buf = {
    "filename": "BackEISNN.pdf",
    "md5": "6c00f45bdb74e88528f164c37e14b993",
    "token": "6494dc5027085303f75c0aaa99e89f8d",
    "user": "zengjx"
}

[2023-08-23 21:26:02]--[dealfile_cgi.cpp:872]--user = zengjx, token = 6494dc5027085303f75c0aaa99e89f8d, md5 = 6c00f45bdb74e88528f164c37e14b993, filename = BackEISNN.pdf
[2023-08-23 21:26:03]--[dealfile_cgi.cpp:372]--remove_file_from_storage ret = 0
[2023-08-23 21:31:01]--[dealfile_cgi.cpp:842]--cmd = del
[2023-08-23 21:31:01]--[dealfile_cgi.cpp:870]--buf = {
    "filename": "BackEISNN.pdf",
    "md5": "6c00f45bdb74e88528f164c37e14b993",
    "token": "f48f52c2af3c5aff08b1a30233ce9cb5",
    "user": "zengjx"
}

[2023-08-23 21:31:01]--[dealfile_cgi.cpp:872]--user = zengjx, token = f48f52c2af3c5aff08b1a30233ce9cb5, md5 = 6c00f45bdb74e88528f164c37e14b993, filename = BackEISNN.pdf
[2023-08-23 21:31:01]--[dealfile_cgi.cpp:372]--remove_file_from_storage ret = 0
[2023-08-23 21:31:30]--[dealfile_cgi.cpp:842]--cmd = del
[2023-08-23 21:31:30]--[dealfile_cgi.cpp:870]--buf = {
    "filename": "BackEISNN.pdf",
    "md5": "6c00f45bdb74e88528f164c37e14b993",
    "token": "b25fe75d37c513e75b7a9a2d843d6c1e",
    "user": "zengjx"
}

[2023-08-23 21:31:30]--[dealfile_cgi.cpp:872]--user = zengjx, token = b25fe75d37c513e75b7a9a2d843d6c1e, md5 = 6c00f45bdb74e88528f164c37e14b993, filename = BackEISNN.pdf
[2023-08-23 21:31:30]--[dealfile_cgi.cpp:372]--remove_file_from_storage ret = 0
[2023-08-23 21:54:08]--[dealfile_cgi.cpp:842]--cmd = del
[2023-08-23 21:54:08]--[dealfile_cgi.cpp:870]--buf = {
    "filename": "BackEISNN.pdf",
    "md5": "6c00f45bdb74e88528f164c37e14b993",
    "token": "2491aeec8cfc7fa54ef378a20f3a3f71",
    "user": "zengjx"
}

[2023-08-23 21:54:08]--[dealfile_cgi.cpp:872]--user = zengjx, token = 2491aeec8cfc7fa54ef378a20f3a3f71, md5 = 6c00f45bdb74e88528f164c37e14b993, filename = BackEISNN.pdf
[2023-08-23 21:54:08]--[dealfile_cgi.cpp:372]--remove_file_from_storage ret = 0
[2023-08-23 21:54:53]--[dealfile_cgi.cpp:842]--cmd = del
[2023-08-23 21:54:53]--[dealfile_cgi.cpp:870]--buf = {
    "filename": "BackEISNN.pdf",
    "md5": "6c00f45bdb74e88528f164c37e14b993",
    "token": "2491aeec8cfc7fa54ef378a20f3a3f71",
    "user": "zengjx"
}

[2023-08-23 21:54:53]--[dealfile_cgi.cpp:872]--user = zengjx, token = 2491aeec8cfc7fa54ef378a20f3a3f71, md5 = 6c00f45bdb74e88528f164c37e14b993, filename = BackEISNN.pdf
[2023-08-23 21:54:53]--[dealfile_cgi.cpp:372]--remove_file_from_storage ret = 0
[2023-08-23 21:54:56]--[dealfile_cgi.cpp:842]--cmd = del
[2023-08-23 21:54:56]--[dealfile_cgi.cpp:870]--buf = {
    "filename": "wewq.txt",
    "md5": "f56e6b9b576844de046812d4714a00f2",
    "token": "2491aeec8cfc7fa54ef378a20f3a3f71",
    "user": "zengjx"
}

[2023-08-23 21:54:56]--[dealfile_cgi.cpp:872]--user = zengjx, token = 2491aeec8cfc7fa54ef378a20f3a3f71, md5 = f56e6b9b576844de046812d4714a00f2, filename = wewq.txt
[2023-08-23 21:54:56]--[dealfile_cgi.cpp:372]--remove_file_from_storage ret = 0
[2023-08-23 21:56:07]--[dealfile_cgi.cpp:842]--cmd = del
[2023-08-23 21:56:07]--[dealfile_cgi.cpp:870]--buf = {
    "filename": "BackEISNN.pdf",
    "md5": "6c00f45bdb74e88528f164c37e14b993",
    "token": "2491aeec8cfc7fa54ef378a20f3a3f71",
    "user": "zengjx"
}

[2023-08-23 21:56:07]--[dealfile_cgi.cpp:872]--user = zengjx, token = 2491aeec8cfc7fa54ef378a20f3a3f71, md5 = 6c00f45bdb74e88528f164c37e14b993, filename = BackEISNN.pdf
[2023-08-23 21:56:08]--[dealfile_cgi.cpp:372]--remove_file_from_storage ret = 0
[2023-08-23 21:56:11]--[dealfile_cgi.cpp:842]--cmd = del
[2023-08-23 21:56:11]--[dealfile_cgi.cpp:870]--buf = {
    "filename": "wewq.txt",
    "md5": "f56e6b9b576844de046812d4714a00f2",
    "token": "2491aeec8cfc7fa54ef378a20f3a3f71",
    "user": "zengjx"
}

[2023-08-23 21:56:11]--[dealfile_cgi.cpp:872]--user = zengjx, token = 2491aeec8cfc7fa54ef378a20f3a3f71, md5 = f56e6b9b576844de046812d4714a00f2, filename = wewq.txt
[2023-08-23 21:56:11]--[dealfile_cgi.cpp:372]--remove_file_from_storage ret = 0
[2023-08-23 22:06:33]--[dealfile_cgi.cpp:842]--cmd = del
[2023-08-23 22:06:33]--[dealfile_cgi.cpp:870]--buf = {
    "filename": "1.jpg",
    "md5": "8de9f1753827148d4ecc8c6a0d56943a",
    "token": "7e427703f0b55442a8e795278c14d2db",
    "user": "zengjx"
}

[2023-08-23 22:06:33]--[dealfile_cgi.cpp:872]--user = zengjx, token = 7e427703f0b55442a8e795278c14d2db, md5 = 8de9f1753827148d4ecc8c6a0d56943a, filename = 1.jpg
[2023-08-23 22:06:36]--[dealfile_cgi.cpp:842]--cmd = del
[2023-08-23 22:06:36]--[dealfile_cgi.cpp:870]--buf = {
    "filename": "新建文本文档.txt",
    "md5": "c63204cc106231695480c8a3f847ea54",
    "token": "7e427703f0b55442a8e795278c14d2db",
    "user": "zengjx"
}

[2023-08-23 22:06:36]--[dealfile_cgi.cpp:872]--user = zengjx, token = 7e427703f0b55442a8e795278c14d2db, md5 = c63204cc106231695480c8a3f847ea54, filename = 新建文本文档.txt
[2023-08-23 22:12:18]--[dealfile_cgi.cpp:842]--cmd = del
[2023-08-23 22:12:18]--[dealfile_cgi.cpp:870]--buf = {
    "filename": "BackEISNN.pdf",
    "md5": "6c00f45bdb74e88528f164c37e14b993",
    "token": "298827c58596603ccdbaed7a3fb630ca",
    "user": "zengjx"
}

[2023-08-23 22:12:18]--[dealfile_cgi.cpp:872]--user = zengjx, token = 298827c58596603ccdbaed7a3fb630ca, md5 = 6c00f45bdb74e88528f164c37e14b993, filename = BackEISNN.pdf
[2023-08-23 22:12:18]--[dealfile_cgi.cpp:372]--remove_file_from_storage ret = 0
[2023-08-23 22:12:32]--[dealfile_cgi.cpp:842]--cmd = del
[2023-08-23 22:12:32]--[dealfile_cgi.cpp:870]--buf = {
    "filename": "2203.10006.pdf",
    "md5": "88cdfbda20bcd7936bbbeb249fd8307c",
    "token": "298827c58596603ccdbaed7a3fb630ca",
    "user": "zengjx"
}

[2023-08-23 22:12:32]--[dealfile_cgi.cpp:872]--user = zengjx, token = 298827c58596603ccdbaed7a3fb630ca, md5 = 88cdfbda20bcd7936bbbeb249fd8307c, filename = 2203.10006.pdf
[2023-08-23 22:12:33]--[dealfile_cgi.cpp:372]--remove_file_from_storage ret = 0
[2023-08-23 22:12:36]--[dealfile_cgi.cpp:842]--cmd = del
[2023-08-23 22:12:36]--[dealfile_cgi.cpp:870]--buf = {
    "filename": "1.jpg",
    "md5": "8de9f1753827148d4ecc8c6a0d56943a",
    "token": "298827c58596603ccdbaed7a3fb630ca",
    "user": "zengjx"
}

[2023-08-23 22:12:36]--[dealfile_cgi.cpp:872]--user = zengjx, token = 298827c58596603ccdbaed7a3fb630ca, md5 = 8de9f1753827148d4ecc8c6a0d56943a, filename = 1.jpg
[2023-08-23 22:14:16]--[dealfile_cgi.cpp:842]--cmd = del
[2023-08-23 22:14:16]--[dealfile_cgi.cpp:870]--buf = {
    "filename": "1.jpg",
    "md5": "8de9f1753827148d4ecc8c6a0d56943a",
    "token": "ea550f3670830f3fd839c428a2fa4901",
    "user": "zengjx"
}

[2023-08-23 22:14:16]--[dealfile_cgi.cpp:872]--user = zengjx, token = ea550f3670830f3fd839c428a2fa4901, md5 = 8de9f1753827148d4ecc8c6a0d56943a, filename = 1.jpg
[2023-08-23 22:17:06]--[dealfile_cgi.cpp:842]--cmd = del
[2023-08-23 22:17:06]--[dealfile_cgi.cpp:870]--buf = {
    "filename": "cmake-3.27.2-windows-x86_64.msi",
    "md5": "2202053e26dfd64350b4b0d2706caef1",
    "token": "ea550f3670830f3fd839c428a2fa4901",
    "user": "zengjx"
}

[2023-08-23 22:17:06]--[dealfile_cgi.cpp:872]--user = zengjx, token = ea550f3670830f3fd839c428a2fa4901, md5 = 2202053e26dfd64350b4b0d2706caef1, filename = cmake-3.27.2-windows-x86_64.msi
[2023-08-23 22:17:06]--[dealfile_cgi.cpp:372]--remove_file_from_storage ret = 0
[2023-08-23 22:17:08]--[dealfile_cgi.cpp:842]--cmd = del
[2023-08-23 22:17:08]--[dealfile_cgi.cpp:870]--buf = {
    "filename": "C  八股文.zip",
    "md5": "216e873c7ef8440c602c918a62671c92",
    "token": "ea550f3670830f3fd839c428a2fa4901",
    "user": "zengjx"
}

[2023-08-23 22:17:08]--[dealfile_cgi.cpp:872]--user = zengjx, token = ea550f3670830f3fd839c428a2fa4901, md5 = 216e873c7ef8440c602c918a62671c92, filename = C  八股文.zip
[2023-08-23 22:17:09]--[dealfile_cgi.cpp:372]--remove_file_from_storage ret = 0
[2023-08-23 22:17:10]--[dealfile_cgi.cpp:842]--cmd = del
[2023-08-23 22:17:10]--[dealfile_cgi.cpp:870]--buf = {
    "filename": "spikingjelly-master.zip",
    "md5": "39865603633b4cf0afb35796af814bd9",
    "token": "ea550f3670830f3fd839c428a2fa4901",
    "user": "zengjx"
}

[2023-08-23 22:17:10]--[dealfile_cgi.cpp:872]--user = zengjx, token = ea550f3670830f3fd839c428a2fa4901, md5 = 39865603633b4cf0afb35796af814bd9, filename = spikingjelly-master.zip
[2023-08-23 22:17:11]--[dealfile_cgi.cpp:372]--remove_file_from_storage ret = 0
[2023-08-23 22:26:38]--[dealfile_cgi.cpp:842]--cmd = del
[2023-08-23 22:26:38]--[dealfile_cgi.cpp:870]--buf = {
    "filename": "cudnn-11.2-windows-x64-v8.1.1.33.zip",
    "md5": "3d0840dd2572e49c5378c5009ad1eadf",
    "token": "8f54b391b9dd2785476486c824333602",
    "user": "zengjx"
}

[2023-08-23 22:26:38]--[dealfile_cgi.cpp:872]--user = zengjx, token = 8f54b391b9dd2785476486c824333602, md5 = 3d0840dd2572e49c5378c5009ad1eadf, filename = cudnn-11.2-windows-x64-v8.1.1.33.zip
[2023-08-23 22:26:39]--[dealfile_cgi.cpp:372]--remove_file_from_storage ret = 0
[2023-08-23 22:28:30]--[dealfile_cgi.cpp:842]--cmd = del
[2023-08-23 22:28:30]--[dealfile_cgi.cpp:870]--buf = {
    "filename": "C  八股文.zip",
    "md5": "216e873c7ef8440c602c918a62671c92",
    "token": "2384387345fd3a75efb37dd0db94322e",
    "user": "zengjx"
}

[2023-08-23 22:28:30]--[dealfile_cgi.cpp:872]--user = zengjx, token = 2384387345fd3a75efb37dd0db94322e, md5 = 216e873c7ef8440c602c918a62671c92, filename = C  八股文.zip
[2023-08-23 22:28:31]--[dealfile_cgi.cpp:372]--remove_file_from_storage ret = 0
[2023-08-23 22:28:33]--[dealfile_cgi.cpp:842]--cmd = del
[2023-08-23 22:28:33]--[dealfile_cgi.cpp:870]--buf = {
    "filename": "mendeleydesktop.zip",
    "md5": "03403913c403f750940ba23dd7703e38",
    "token": "2384387345fd3a75efb37dd0db94322e",
    "user": "zengjx"
}

[2023-08-23 22:28:33]--[dealfile_cgi.cpp:872]--user = zengjx, token = 2384387345fd3a75efb37dd0db94322e, md5 = 03403913c403f750940ba23dd7703e38, filename = mendeleydesktop.zip
[2023-08-23 22:28:34]--[dealfile_cgi.cpp:372]--remove_file_from_storage ret = 0
[2023-08-23 22:30:41]--[dealfile_cgi.cpp:842]--cmd = del
[2023-08-23 22:30:41]--[dealfile_cgi.cpp:870]--buf = {
    "filename": "cudnn-11.2-windows-x64-v8.1.1.33.zip",
    "md5": "3d0840dd2572e49c5378c5009ad1eadf",
    "token": "2384387345fd3a75efb37dd0db94322e",
    "user": "zengjx"
}

[2023-08-23 22:30:41]--[dealfile_cgi.cpp:872]--user = zengjx, token = 2384387345fd3a75efb37dd0db94322e, md5 = 3d0840dd2572e49c5378c5009ad1eadf, filename = cudnn-11.2-windows-x64-v8.1.1.33.zip
[2023-08-23 22:30:41]--[dealfile_cgi.cpp:372]--remove_file_from_storage ret = 0
[2023-08-23 22:32:53]--[dealfile_cgi.cpp:842]--cmd = del
[2023-08-23 22:32:53]--[dealfile_cgi.cpp:870]--buf = {
    "filename": "1.jpg",
    "md5": "8de9f1753827148d4ecc8c6a0d56943a",
    "token": "2384387345fd3a75efb37dd0db94322e",
    "user": "zengjx"
}

[2023-08-23 22:32:53]--[dealfile_cgi.cpp:872]--user = zengjx, token = 2384387345fd3a75efb37dd0db94322e, md5 = 8de9f1753827148d4ecc8c6a0d56943a, filename = 1.jpg
[2023-08-23 23:23:44]--[dealfile_cgi.cpp:842]--cmd = del
[2023-08-23 23:23:44]--[dealfile_cgi.cpp:870]--buf = {
    "filename": "1.jpg",
    "md5": "8de9f1753827148d4ecc8c6a0d56943a",
    "token": "2cf021d1f2eae0720f9b9f8bf9cc2be2",
    "user": "zengjx"
}

[2023-08-23 23:23:44]--[dealfile_cgi.cpp:872]--user = zengjx, token = 2cf021d1f2eae0720f9b9f8bf9cc2be2, md5 = 8de9f1753827148d4ecc8c6a0d56943a, filename = 1.jpg
[2023-08-23 23:23:47]--[dealfile_cgi.cpp:842]--cmd = del
[2023-08-23 23:23:47]--[dealfile_cgi.cpp:870]--buf = {
    "filename": "BackEISNN.pdf",
    "md5": "6c00f45bdb74e88528f164c37e14b993",
    "token": "2cf021d1f2eae0720f9b9f8bf9cc2be2",
    "user": "zengjx"
}

[2023-08-23 23:23:47]--[dealfile_cgi.cpp:872]--user = zengjx, token = 2cf021d1f2eae0720f9b9f8bf9cc2be2, md5 = 6c00f45bdb74e88528f164c37e14b993, filename = BackEISNN.pdf
[2023-08-23 23:23:47]--[dealfile_cgi.cpp:372]--remove_file_from_storage ret = 0
[2023-08-23 23:23:50]--[dealfile_cgi.cpp:842]--cmd = del
[2023-08-23 23:23:50]--[dealfile_cgi.cpp:870]--buf = {
    "filename": "cudnn-11.2-windows-x64-v8.1.1.33.zip",
    "md5": "3d0840dd2572e49c5378c5009ad1eadf",
    "token": "2cf021d1f2eae0720f9b9f8bf9cc2be2",
    "user": "zengjx"
}

[2023-08-23 23:23:50]--[dealfile_cgi.cpp:872]--user = zengjx, token = 2cf021d1f2eae0720f9b9f8bf9cc2be2, md5 = 3d0840dd2572e49c5378c5009ad1eadf, filename = cudnn-11.2-windows-x64-v8.1.1.33.zip
[2023-08-23 23:23:50]--[dealfile_cgi.cpp:372]--remove_file_from_storage ret = 0
[2023-08-23 23:24:04]--[dealfile_cgi.cpp:842]--cmd = del
[2023-08-23 23:24:04]--[dealfile_cgi.cpp:870]--buf = {
    "filename": "1.jpg",
    "md5": "8de9f1753827148d4ecc8c6a0d56943a",
    "token": "2cf021d1f2eae0720f9b9f8bf9cc2be2",
    "user": "zengjx"
}

[2023-08-23 23:24:04]--[dealfile_cgi.cpp:872]--user = zengjx, token = 2cf021d1f2eae0720f9b9f8bf9cc2be2, md5 = 8de9f1753827148d4ecc8c6a0d56943a, filename = 1.jpg
[2023-08-23 23:26:46]--[dealfile_cgi.cpp:842]--cmd = del
[2023-08-23 23:26:46]--[dealfile_cgi.cpp:870]--buf = {
    "filename": "BackEISNN.pdf",
    "md5": "6c00f45bdb74e88528f164c37e14b993",
    "token": "dd53cffb913dab176a3f4e60269afd1e",
    "user": "zengjx"
}

[2023-08-23 23:26:46]--[dealfile_cgi.cpp:872]--user = zengjx, token = dd53cffb913dab176a3f4e60269afd1e, md5 = 6c00f45bdb74e88528f164c37e14b993, filename = BackEISNN.pdf
[2023-08-23 23:26:49]--[dealfile_cgi.cpp:372]--remove_file_from_storage ret = 0
[2023-08-23 23:29:08]--[dealfile_cgi.cpp:842]--cmd = del
[2023-08-23 23:29:08]--[dealfile_cgi.cpp:870]--buf = {
    "filename": "2203.10006.pdf",
    "md5": "88cdfbda20bcd7936bbbeb249fd8307c",
    "token": "dd53cffb913dab176a3f4e60269afd1e",
    "user": "zengjx"
}

[2023-08-23 23:29:08]--[dealfile_cgi.cpp:872]--user = zengjx, token = dd53cffb913dab176a3f4e60269afd1e, md5 = 88cdfbda20bcd7936bbbeb249fd8307c, filename = 2203.10006.pdf
[2023-08-23 23:29:08]--[dealfile_cgi.cpp:372]--remove_file_from_storage ret = 0
[2023-08-23 23:29:11]--[dealfile_cgi.cpp:842]--cmd = del
[2023-08-23 23:29:11]--[dealfile_cgi.cpp:870]--buf = {
    "filename": "1.jpg",
    "md5": "8de9f1753827148d4ecc8c6a0d56943a",
    "token": "dd53cffb913dab176a3f4e60269afd1e",
    "user": "zengjx"
}

[2023-08-23 23:29:11]--[dealfile_cgi.cpp:872]--user = zengjx, token = dd53cffb913dab176a3f4e60269afd1e, md5 = 8de9f1753827148d4ecc8c6a0d56943a, filename = 1.jpg
[2023-08-23 23:29:40]--[dealfile_cgi.cpp:842]--cmd = del
[2023-08-23 23:29:40]--[dealfile_cgi.cpp:870]--buf = {
    "filename": "1.jpg",
    "md5": "8de9f1753827148d4ecc8c6a0d56943a",
    "token": "dd53cffb913dab176a3f4e60269afd1e",
    "user": "zengjx"
}

[2023-08-23 23:29:40]--[dealfile_cgi.cpp:872]--user = zengjx, token = dd53cffb913dab176a3f4e60269afd1e, md5 = 8de9f1753827148d4ecc8c6a0d56943a, filename = 1.jpg
[2023-08-23 23:33:38]--[dealfile_cgi.cpp:842]--cmd = del
[2023-08-23 23:33:38]--[dealfile_cgi.cpp:870]--buf = {
    "filename": "1.jpg",
    "md5": "8de9f1753827148d4ecc8c6a0d56943a",
    "token": "950dbb8110ded527c51a0d264af03862",
    "user": "zengjx"
}

[2023-08-23 23:33:38]--[dealfile_cgi.cpp:872]--user = zengjx, token = 950dbb8110ded527c51a0d264af03862, md5 = 8de9f1753827148d4ecc8c6a0d56943a, filename = 1.jpg
[2023-08-23 23:33:59]--[dealfile_cgi.cpp:842]--cmd = del
[2023-08-23 23:33:59]--[dealfile_cgi.cpp:870]--buf = {
    "filename": "1.jpg",
    "md5": "8de9f1753827148d4ecc8c6a0d56943a",
    "token": "950dbb8110ded527c51a0d264af03862",
    "user": "zengjx"
}

[2023-08-23 23:33:59]--[dealfile_cgi.cpp:872]--user = zengjx, token = 950dbb8110ded527c51a0d264af03862, md5 = 8de9f1753827148d4ecc8c6a0d56943a, filename = 1.jpg
[2023-08-23 23:34:13]--[dealfile_cgi.cpp:842]--cmd = del
[2023-08-23 23:34:13]--[dealfile_cgi.cpp:870]--buf = {
    "filename": "1.jpg",
    "md5": "8de9f1753827148d4ecc8c6a0d56943a",
    "token": "950dbb8110ded527c51a0d264af03862",
    "user": "zengjx"
}

[2023-08-23 23:34:13]--[dealfile_cgi.cpp:872]--user = zengjx, token = 950dbb8110ded527c51a0d264af03862, md5 = 8de9f1753827148d4ecc8c6a0d56943a, filename = 1.jpg
[2023-08-23 23:34:55]--[dealfile_cgi.cpp:842]--cmd = del
[2023-08-23 23:34:55]--[dealfile_cgi.cpp:870]--buf = {
    "filename": "1.jpg",
    "md5": "8de9f1753827148d4ecc8c6a0d56943a",
    "token": "950dbb8110ded527c51a0d264af03862",
    "user": "zengjx"
}

[2023-08-23 23:34:55]--[dealfile_cgi.cpp:872]--user = zengjx, token = 950dbb8110ded527c51a0d264af03862, md5 = 8de9f1753827148d4ecc8c6a0d56943a, filename = 1.jpg
[2023-08-23 23:48:21]--[dealfile_cgi.cpp:842]--cmd = del
[2023-08-23 23:48:21]--[dealfile_cgi.cpp:870]--buf = {
    "filename": "新建文本文档.txt",
    "md5": "c63204cc106231695480c8a3f847ea54",
    "token": "3dc485d4253d7f1c35e89098f85a9779",
    "user": "zengjianxin"
}

[2023-08-23 23:48:21]--[dealfile_cgi.cpp:872]--user = zengjianxin, token = 3dc485d4253d7f1c35e89098f85a9779, md5 = c63204cc106231695480c8a3f847ea54, filename = 新建文本文档.txt
[2023-08-23 23:48:21]--[dealfile_cgi.cpp:372]--remove_file_from_storage ret = 0
[2023-08-23 23:48:25]--[dealfile_cgi.cpp:842]--cmd = del
[2023-08-23 23:48:25]--[dealfile_cgi.cpp:870]--buf = {
    "filename": "1.jpg",
    "md5": "8de9f1753827148d4ecc8c6a0d56943a",
    "token": "3dc485d4253d7f1c35e89098f85a9779",
    "user": "zengjianxin"
}

[2023-08-23 23:48:25]--[dealfile_cgi.cpp:872]--user = zengjianxin, token = 3dc485d4253d7f1c35e89098f85a9779, md5 = 8de9f1753827148d4ecc8c6a0d56943a, filename = 1.jpg
[2023-08-23 23:48:26]--[dealfile_cgi.cpp:372]--remove_file_from_storage ret = 0
[2023-08-23 23:48:28]--[dealfile_cgi.cpp:842]--cmd = del
[2023-08-23 23:48:28]--[dealfile_cgi.cpp:870]--buf = {
    "filename": "Default.jpg",
    "md5": "c194a9be81b4a7ce56533d1a7eeabb94",
    "token": "3dc485d4253d7f1c35e89098f85a9779",
    "user": "zengjianxin"
}

[2023-08-23 23:48:28]--[dealfile_cgi.cpp:872]--user = zengjianxin, token = 3dc485d4253d7f1c35e89098f85a9779, md5 = c194a9be81b4a7ce56533d1a7eeabb94, filename = Default.jpg
[2023-08-23 23:48:28]--[dealfile_cgi.cpp:372]--remove_file_from_storage ret = 0
[2023-08-23 23:49:12]--[dealfile_cgi.cpp:842]--cmd = del
[2023-08-23 23:49:12]--[dealfile_cgi.cpp:870]--buf = {
    "filename": "C  八股文.zip",
    "md5": "216e873c7ef8440c602c918a62671c92",
    "token": "3dc485d4253d7f1c35e89098f85a9779",
    "user": "zengjianxin"
}

[2023-08-23 23:49:12]--[dealfile_cgi.cpp:872]--user = zengjianxin, token = 3dc485d4253d7f1c35e89098f85a9779, md5 = 216e873c7ef8440c602c918a62671c92, filename = C  八股文.zip
[2023-08-23 23:49:15]--[dealfile_cgi.cpp:842]--cmd = del
[2023-08-23 23:49:15]--[dealfile_cgi.cpp:870]--buf = {
    "filename": "spikingjelly-master.zip",
    "md5": "39865603633b4cf0afb35796af814bd9",
    "token": "3dc485d4253d7f1c35e89098f85a9779",
    "user": "zengjianxin"
}

[2023-08-23 23:49:15]--[dealfile_cgi.cpp:872]--user = zengjianxin, token = 3dc485d4253d7f1c35e89098f85a9779, md5 = 39865603633b4cf0afb35796af814bd9, filename = spikingjelly-master.zip
[2023-08-23 23:49:19]--[dealfile_cgi.cpp:842]--cmd = del
[2023-08-23 23:49:19]--[dealfile_cgi.cpp:870]--buf = {
    "filename": "cudnn-11.2-windows-x64-v8.1.1.33.zip",
    "md5": "3d0840dd2572e49c5378c5009ad1eadf",
    "token": "3dc485d4253d7f1c35e89098f85a9779",
    "user": "zengjianxin"
}

[2023-08-23 23:49:19]--[dealfile_cgi.cpp:872]--user = zengjianxin, token = 3dc485d4253d7f1c35e89098f85a9779, md5 = 3d0840dd2572e49c5378c5009ad1eadf, filename = cudnn-11.2-windows-x64-v8.1.1.33.zip
