[2023-08-27 19:07:41]--[dealfile_cgi.cpp:842]--cmd = share
[2023-08-27 19:07:41]--[dealfile_cgi.cpp:870]--buf = {
    "filename": "2203.10006.pdf",
    "md5": "88cdfbda20bcd7936bbbeb249fd8307c",
    "token": "cbd13be68f029ece30997b90a9f39441",
    "user": "zengjx"
}

[2023-08-27 19:07:41]--[dealfile_cgi.cpp:872]--user = zengjx, token = cbd13be68f029ece30997b90a9f39441, md5 = 88cdfbda20bcd7936bbbeb249fd8307c, filename = 2203.10006.pdf
[2023-08-27 19:07:44]--[dealfile_cgi.cpp:842]--cmd = share
[2023-08-27 19:07:44]--[dealfile_cgi.cpp:870]--buf = {
    "filename": "cudnn-11.2-windows-x64-v8.1.1.33.zip",
    "md5": "3d0840dd2572e49c5378c5009ad1eadf",
    "token": "cbd13be68f029ece30997b90a9f39441",
    "user": "zengjx"
}

[2023-08-27 19:07:44]--[dealfile_cgi.cpp:872]--user = zengjx, token = cbd13be68f029ece30997b90a9f39441, md5 = 3d0840dd2572e49c5378c5009ad1eadf, filename = cudnn-11.2-windows-x64-v8.1.1.33.zip
[2023-08-27 19:08:54]--[dealfile_cgi.cpp:842]--cmd = del
[2023-08-27 19:08:54]--[dealfile_cgi.cpp:870]--buf = {
    "filename": "cudnn-11.2-windows-x64-v8.1.1.33.zip",
    "md5": "3d0840dd2572e49c5378c5009ad1eadf",
    "token": "cbd13be68f029ece30997b90a9f39441",
    "user": "zengjx"
}

[2023-08-27 19:08:54]--[dealfile_cgi.cpp:872]--user = zengjx, token = cbd13be68f029ece30997b90a9f39441, md5 = 3d0840dd2572e49c5378c5009ad1eadf, filename = cudnn-11.2-windows-x64-v8.1.1.33.zip
[2023-08-27 19:09:10]--[dealfile_cgi.cpp:372]--remove_file_from_storage ret = 0
