[2023-08-20 17:11:44]--[login_cgi.cpp:220]--buf = {
    "pwd": "cd4c72acf27ab07e47a845b62bac8951",
    "user": "zengjianxin"
}

[2023-08-20 17:11:44]--[login_cgi.cpp:225]--user = zengjianxin, pwd = cd4c72acf27ab07e47a845b62bac8951
[2023-08-20 17:11:44]--[login_cgi.cpp:51]--mysql_user = root, mysql_pwd = #ZJx123456, mysql_db = filesystem
[2023-08-20 17:11:44]--[login_cgi.cpp:93]--redis:[ip=127.0.0.1,port=6379]
[2023-08-20 17:11:44]--[login_cgi.cpp:114]--tmp = zengjianxin876298630309
[2023-08-20 17:11:44]--[login_cgi.cpp:129]--base64 = VoMUZINVlpMfqZdmP+xUsOklRFDdc0za
[2023-08-20 17:11:44]--[login_cgi.cpp:233]--token = 7d2521dc2588d3d85b07fde1097acffa
[2023-08-20 17:13:13]--[login_cgi.cpp:220]--buf = {
    "pwd": "cd4c72acf27ab07e47a845b62bac8951",
    "user": "zengjianxin"
}

[2023-08-20 17:13:13]--[login_cgi.cpp:225]--user = zengjianxin, pwd = cd4c72acf27ab07e47a845b62bac8951
[2023-08-20 17:13:13]--[login_cgi.cpp:51]--mysql_user = root, mysql_pwd = #ZJx123456, mysql_db = filesystem
[2023-08-20 17:13:13]--[login_cgi.cpp:93]--redis:[ip=127.0.0.1,port=6379]
[2023-08-20 17:13:13]--[login_cgi.cpp:114]--tmp = zengjianxin685453717948
[2023-08-20 17:13:13]--[login_cgi.cpp:129]--base64 = VoMUZINVlpMtLNxPU4nPgrPWcD/9j1Pu
[2023-08-20 17:13:13]--[login_cgi.cpp:233]--token = 70049a86a01d8674304ae641ce9c4fd0
[2023-08-20 17:14:03]--[login_cgi.cpp:220]--buf = {
    "pwd": "cd4c72acf27ab07e47a845b62bac8951",
    "user": "zengjianxin"
}

[2023-08-20 17:14:03]--[login_cgi.cpp:225]--user = zengjianxin, pwd = cd4c72acf27ab07e47a845b62bac8951
[2023-08-20 17:14:03]--[login_cgi.cpp:51]--mysql_user = root, mysql_pwd = #ZJx123456, mysql_db = filesystem
[2023-08-20 17:14:03]--[login_cgi.cpp:93]--redis:[ip=127.0.0.1,port=6379]
[2023-08-20 17:14:03]--[login_cgi.cpp:114]--tmp = zengjianxin107584558527
[2023-08-20 17:14:03]--[login_cgi.cpp:129]--base64 = VoMUZINVlpMn/F4QYCYYlIbR2yIE5Qia
[2023-08-20 17:14:03]--[login_cgi.cpp:233]--token = 5dfa6c048049e80679b6a0c8f97b50ca
[2023-08-20 17:17:45]--[login_cgi.cpp:220]--buf = {
    "pwd": "cd4c72acf27ab07e47a845b62bac8951",
    "user": "zengjianxin"
}

[2023-08-20 17:17:45]--[login_cgi.cpp:225]--user = zengjianxin, pwd = cd4c72acf27ab07e47a845b62bac8951
[2023-08-20 17:17:45]--[login_cgi.cpp:51]--mysql_user = root, mysql_pwd = #ZJx123456, mysql_db = filesystem
[2023-08-20 17:17:45]--[login_cgi.cpp:93]--redis:[ip=127.0.0.1,port=6379]
[2023-08-20 17:17:45]--[login_cgi.cpp:114]--tmp = zengjianxin944219185761
[2023-08-20 17:17:45]--[login_cgi.cpp:129]--base64 = VoMUZINVlpO7A0nJ/CkYaw0xBc/OvYMq
[2023-08-20 17:17:45]--[login_cgi.cpp:233]--token = 8d9eacca2b5c46300d2a2f8448bc2a08
[2023-08-20 17:18:06]--[login_cgi.cpp:220]--buf = {
    "pwd": "cd4c72acf27ab07e47a845b62bac8951",
    "user": "zengjianxin"
}

[2023-08-20 17:18:06]--[login_cgi.cpp:225]--user = zengjianxin, pwd = cd4c72acf27ab07e47a845b62bac8951
[2023-08-20 17:18:06]--[login_cgi.cpp:51]--mysql_user = root, mysql_pwd = #ZJx123456, mysql_db = filesystem
[2023-08-20 17:18:06]--[login_cgi.cpp:93]--redis:[ip=127.0.0.1,port=6379]
[2023-08-20 17:18:06]--[login_cgi.cpp:114]--tmp = zengjianxin22299694278
[2023-08-20 17:18:06]--[login_cgi.cpp:129]--base64 = VoMUZINVlpOmT3qPfHDAofH4hyexmjvF
[2023-08-20 17:18:06]--[login_cgi.cpp:233]--token = dcf69be17a1aaab99899e80d52f975d9
[2023-08-20 17:18:48]--[login_cgi.cpp:220]--buf = {
    "pwd": "cd4c72acf27ab07e47a845b62bac8951",
    "user": "zengjianxin"
}

[2023-08-20 17:18:48]--[login_cgi.cpp:225]--user = zengjianxin, pwd = cd4c72acf27ab07e47a845b62bac8951
[2023-08-20 17:18:48]--[login_cgi.cpp:51]--mysql_user = root, mysql_pwd = #ZJx123456, mysql_db = filesystem
[2023-08-20 17:18:48]--[login_cgi.cpp:93]--redis:[ip=127.0.0.1,port=6379]
[2023-08-20 17:18:48]--[login_cgi.cpp:114]--tmp = zengjianxin167505779252
[2023-08-20 17:18:48]--[login_cgi.cpp:129]--base64 = VoMUZINVlpOZ2YhhEGfaYkQk1M71Xkh4
[2023-08-20 17:18:48]--[login_cgi.cpp:233]--token = 546f218ce2aa5b8aae7cf7f5e00f5be1
[2023-08-20 17:21:10]--[login_cgi.cpp:220]--buf = {
    "pwd": "cd4c72acf27ab07e47a845b62bac8951",
    "user": "zengjianxin"
}

[2023-08-20 17:21:10]--[login_cgi.cpp:225]--user = zengjianxin, pwd = cd4c72acf27ab07e47a845b62bac8951
[2023-08-20 17:21:10]--[login_cgi.cpp:51]--mysql_user = root, mysql_pwd = #ZJx123456, mysql_db = filesystem
[2023-08-20 17:21:10]--[login_cgi.cpp:93]--redis:[ip=127.0.0.1,port=6379]
[2023-08-20 17:21:10]--[login_cgi.cpp:114]--tmp = zengjianxin256262395335
[2023-08-20 17:21:10]--[login_cgi.cpp:129]--base64 = VoMUZINVlpM1OHhTZSVSZiGuMYYbypBt
[2023-08-20 17:21:10]--[login_cgi.cpp:233]--token = 6980e13a5c4fb1a332c1e02e94becf3d
[2023-08-20 17:22:53]--[login_cgi.cpp:220]--buf = {
    "pwd": "cd4c72acf27ab07e47a845b62bac8951",
    "user": "zengjianxin"
}

[2023-08-20 17:22:53]--[login_cgi.cpp:225]--user = zengjianxin, pwd = cd4c72acf27ab07e47a845b62bac8951
[2023-08-20 17:22:53]--[login_cgi.cpp:51]--mysql_user = root, mysql_pwd = #ZJx123456, mysql_db = filesystem
[2023-08-20 17:22:53]--[login_cgi.cpp:93]--redis:[ip=127.0.0.1,port=6379]
[2023-08-20 17:22:53]--[login_cgi.cpp:114]--tmp = zengjianxin39175513912
[2023-08-20 17:22:53]--[login_cgi.cpp:129]--base64 = VoMUZINVlpMyGu1OUaMSrq1Lboj/YMLF
[2023-08-20 17:22:53]--[login_cgi.cpp:233]--token = a0d999dce4c59ddd0814c9daba689ddd
[2023-08-20 17:24:12]--[login_cgi.cpp:220]--buf = {
    "pwd": "cd4c72acf27ab07e47a845b62bac8951",
    "user": "zengjianxin"
}

[2023-08-20 17:24:12]--[login_cgi.cpp:225]--user = zengjianxin, pwd = cd4c72acf27ab07e47a845b62bac8951
[2023-08-20 17:24:12]--[login_cgi.cpp:51]--mysql_user = root, mysql_pwd = #ZJx123456, mysql_db = filesystem
[2023-08-20 17:24:12]--[login_cgi.cpp:93]--redis:[ip=127.0.0.1,port=6379]
[2023-08-20 17:24:12]--[login_cgi.cpp:114]--tmp = zengjianxin470435127178
[2023-08-20 17:24:12]--[login_cgi.cpp:129]--base64 = VoMUZINVlpMTtsmk7FwmSNChab8GNl+6
[2023-08-20 17:24:12]--[login_cgi.cpp:233]--token = e446fc6a8bc34705b9dc507b08bfaa25
[2023-08-20 17:37:55]--[login_cgi.cpp:220]--buf = {
    "pwd": "cd4c72acf27ab07e47a845b62bac8951",
    "user": "zengjianxin"
}

[2023-08-20 17:37:55]--[login_cgi.cpp:225]--user = zengjianxin, pwd = cd4c72acf27ab07e47a845b62bac8951
[2023-08-20 17:37:55]--[login_cgi.cpp:51]--mysql_user = root, mysql_pwd = #ZJx123456, mysql_db = filesystem
[2023-08-20 17:37:55]--[login_cgi.cpp:93]--redis:[ip=127.0.0.1,port=6379]
[2023-08-20 17:37:55]--[login_cgi.cpp:114]--tmp = zengjianxin1421850984
[2023-08-20 17:37:55]--[login_cgi.cpp:129]--base64 = VoMUZINVlpOgyh2+U4y72ymOGMPGLVJW
[2023-08-20 17:37:55]--[login_cgi.cpp:233]--token = 10014e085ae807ae0a77c5212ac1545e
[2023-08-20 17:38:27]--[login_cgi.cpp:220]--buf = {
    "pwd": "cd4c72acf27ab07e47a845b62bac8951",
    "user": "zengjianxin"
}

[2023-08-20 17:38:27]--[login_cgi.cpp:225]--user = zengjianxin, pwd = cd4c72acf27ab07e47a845b62bac8951
[2023-08-20 17:38:27]--[login_cgi.cpp:51]--mysql_user = root, mysql_pwd = #ZJx123456, mysql_db = filesystem
[2023-08-20 17:38:27]--[login_cgi.cpp:93]--redis:[ip=127.0.0.1,port=6379]
[2023-08-20 17:38:27]--[login_cgi.cpp:114]--tmp = zengjianxin43553522444
[2023-08-20 17:38:27]--[login_cgi.cpp:129]--base64 = VoMUZINVlpPwCYIzbA4rL7qaE6rHEMxV
[2023-08-20 17:38:27]--[login_cgi.cpp:233]--token = 740c51fbf3ad949110a05eb0222ebabd
[2023-08-20 17:38:49]--[login_cgi.cpp:220]--buf = {
    "pwd": "cd4c72acf27ab07e47a845b62bac8951",
    "user": "zengjianxin"
}

[2023-08-20 17:38:49]--[login_cgi.cpp:225]--user = zengjianxin, pwd = cd4c72acf27ab07e47a845b62bac8951
[2023-08-20 17:38:49]--[login_cgi.cpp:51]--mysql_user = root, mysql_pwd = #ZJx123456, mysql_db = filesystem
[2023-08-20 17:38:49]--[login_cgi.cpp:93]--redis:[ip=127.0.0.1,port=6379]
[2023-08-20 17:38:49]--[login_cgi.cpp:114]--tmp = zengjianxin399199719652
[2023-08-20 17:38:49]--[login_cgi.cpp:129]--base64 = VoMUZINVlpMejQsIsCYY1D2Bz/JgVOgD
[2023-08-20 17:38:49]--[login_cgi.cpp:233]--token = fd23a85fd144d5afd89f7ac806f05e59
[2023-08-20 17:39:03]--[login_cgi.cpp:220]--buf = {
    "pwd": "cd4c72acf27ab07e47a845b62bac8951",
    "user": "zengjianxin"
}

[2023-08-20 17:39:03]--[login_cgi.cpp:225]--user = zengjianxin, pwd = cd4c72acf27ab07e47a845b62bac8951
[2023-08-20 17:39:03]--[login_cgi.cpp:51]--mysql_user = root, mysql_pwd = #ZJx123456, mysql_db = filesystem
[2023-08-20 17:39:03]--[login_cgi.cpp:93]--redis:[ip=127.0.0.1,port=6379]
[2023-08-20 17:39:03]--[login_cgi.cpp:114]--tmp = zengjianxin705659568450
[2023-08-20 17:39:03]--[login_cgi.cpp:129]--base64 = VoMUZINVlpO3lpvDVpAiNt7wMLLG64Qu
[2023-08-20 17:39:03]--[login_cgi.cpp:233]--token = 0567c3adbb5e9e8bf4bd6293d7f6b266
[2023-08-20 20:54:30]--[login_cgi.cpp:220]--buf = {
    "pwd": "cd4c72acf27ab07e47a845b62bac8951",
    "user": "zengjianxin"
}

[2023-08-20 20:54:30]--[login_cgi.cpp:225]--user = zengjianxin, pwd = cd4c72acf27ab07e47a845b62bac8951
[2023-08-20 20:54:30]--[login_cgi.cpp:51]--mysql_user = root, mysql_pwd = #ZJx123456, mysql_db = filesystem
[2023-08-20 20:54:30]--[login_cgi.cpp:93]--redis:[ip=127.0.0.1,port=6379]
[2023-08-20 20:54:30]--[login_cgi.cpp:114]--tmp = zengjianxin450216998126
[2023-08-20 20:54:30]--[login_cgi.cpp:129]--base64 = VoMUZINVlpMFwvBKEFH7peafLmFrJ8ab
[2023-08-20 20:54:30]--[login_cgi.cpp:233]--token = 761d157ae30435104afee4efec698986
[2023-08-20 20:54:47]--[login_cgi.cpp:220]--buf = {
    "pwd": "cd4c72acf27ab07e47a845b62bac8951",
    "user": "zengjianxin"
}

[2023-08-20 20:54:47]--[login_cgi.cpp:225]--user = zengjianxin, pwd = cd4c72acf27ab07e47a845b62bac8951
[2023-08-20 20:54:47]--[login_cgi.cpp:51]--mysql_user = root, mysql_pwd = #ZJx123456, mysql_db = filesystem
[2023-08-20 20:54:47]--[login_cgi.cpp:93]--redis:[ip=127.0.0.1,port=6379]
[2023-08-20 20:54:47]--[login_cgi.cpp:114]--tmp = zengjianxin43648188474
[2023-08-20 20:54:47]--[login_cgi.cpp:129]--base64 = VoMUZINVlpPvsfKvHQWdhWn/pIEDvX/M
[2023-08-20 20:54:47]--[login_cgi.cpp:233]--token = 55bb5414ea1da7960791d3ac3ec299d6
[2023-08-20 20:55:44]--[login_cgi.cpp:220]--buf = {
    "pwd": "cd4c72acf27ab07e47a845b62bac8951",
    "user": "zengjianxin"
}

[2023-08-20 20:55:44]--[login_cgi.cpp:225]--user = zengjianxin, pwd = cd4c72acf27ab07e47a845b62bac8951
[2023-08-20 20:55:44]--[login_cgi.cpp:51]--mysql_user = root, mysql_pwd = #ZJx123456, mysql_db = filesystem
[2023-08-20 20:55:44]--[login_cgi.cpp:93]--redis:[ip=127.0.0.1,port=6379]
[2023-08-20 20:55:44]--[login_cgi.cpp:114]--tmp = zengjianxin909405904267
[2023-08-20 20:55:44]--[login_cgi.cpp:129]--base64 = VoMUZINVlpOKeHmFCQMvwFMZgudxNJZA
[2023-08-20 20:55:44]--[login_cgi.cpp:233]--token = d3ed5726c6543590d95df89c5f280083
[2023-08-20 20:57:12]--[login_cgi.cpp:220]--buf = {
    "pwd": "cd4c72acf27ab07e47a845b62bac8951",
    "user": "zengjianxin"
}

[2023-08-20 20:57:12]--[login_cgi.cpp:225]--user = zengjianxin, pwd = cd4c72acf27ab07e47a845b62bac8951
[2023-08-20 20:57:12]--[login_cgi.cpp:51]--mysql_user = root, mysql_pwd = #ZJx123456, mysql_db = filesystem
[2023-08-20 20:57:12]--[login_cgi.cpp:93]--redis:[ip=127.0.0.1,port=6379]
[2023-08-20 20:57:12]--[login_cgi.cpp:114]--tmp = zengjianxin55560795529
[2023-08-20 20:57:12]--[login_cgi.cpp:129]--base64 = VoMUZINVlpNvKdUfSAI/FqsMNFL6ZAiD
[2023-08-20 20:57:12]--[login_cgi.cpp:233]--token = 14aa46ce95ce8d719a3046481dc8a27b
[2023-08-20 20:58:20]--[login_cgi.cpp:220]--buf = {
    "pwd": "cd4c72acf27ab07e47a845b62bac8951",
    "user": "zengjianxin"
}

[2023-08-20 20:58:20]--[login_cgi.cpp:225]--user = zengjianxin, pwd = cd4c72acf27ab07e47a845b62bac8951
[2023-08-20 20:58:20]--[login_cgi.cpp:51]--mysql_user = root, mysql_pwd = #ZJx123456, mysql_db = filesystem
[2023-08-20 20:58:20]--[login_cgi.cpp:93]--redis:[ip=127.0.0.1,port=6379]
[2023-08-20 20:58:20]--[login_cgi.cpp:114]--tmp = zengjianxin868104678182
[2023-08-20 20:58:20]--[login_cgi.cpp:129]--base64 = VoMUZINVlpOCKEf/5TDuY51lVUuP343a
[2023-08-20 20:58:20]--[login_cgi.cpp:233]--token = f67ef74b058753123d41cef655748fb0
[2023-08-20 20:58:36]--[login_cgi.cpp:220]--buf = {
    "pwd": "cd4c72acf27ab07e47a845b62bac8951",
    "user": "zengjianxin"
}

[2023-08-20 20:58:36]--[login_cgi.cpp:225]--user = zengjianxin, pwd = cd4c72acf27ab07e47a845b62bac8951
[2023-08-20 20:58:36]--[login_cgi.cpp:51]--mysql_user = root, mysql_pwd = #ZJx123456, mysql_db = filesystem
[2023-08-20 20:58:36]--[login_cgi.cpp:93]--redis:[ip=127.0.0.1,port=6379]
[2023-08-20 20:58:36]--[login_cgi.cpp:114]--tmp = zengjianxin236258806
[2023-08-20 20:58:36]--[login_cgi.cpp:129]--base64 = VoMUZINVlpMzYEadN8ph23DxOzfDZTiY
[2023-08-20 20:58:36]--[login_cgi.cpp:233]--token = 2cdc84a0669db1f83ab2d7983180b523
[2023-08-20 21:02:28]--[login_cgi.cpp:220]--buf = {
    "pwd": "cd4c72acf27ab07e47a845b62bac8951",
    "user": "zengjianxin"
}

[2023-08-20 21:02:28]--[login_cgi.cpp:225]--user = zengjianxin, pwd = cd4c72acf27ab07e47a845b62bac8951
[2023-08-20 21:02:28]--[login_cgi.cpp:51]--mysql_user = root, mysql_pwd = #ZJx123456, mysql_db = filesystem
[2023-08-20 21:02:28]--[login_cgi.cpp:93]--redis:[ip=127.0.0.1,port=6379]
[2023-08-20 21:02:28]--[login_cgi.cpp:114]--tmp = zengjianxin409729996932
[2023-08-20 21:02:28]--[login_cgi.cpp:129]--base64 = VoMUZINVlpNpoeLTDxEAzC955KySYnBq
[2023-08-20 21:02:28]--[login_cgi.cpp:233]--token = 762a77f13c390a9d3f4fea56e030c9f9
[2023-08-20 21:03:09]--[login_cgi.cpp:220]--buf = {
    "pwd": "cd4c72acf27ab07e47a845b62bac8951",
    "user": "zengjianxin"
}

[2023-08-20 21:03:09]--[login_cgi.cpp:225]--user = zengjianxin, pwd = cd4c72acf27ab07e47a845b62bac8951
[2023-08-20 21:03:09]--[login_cgi.cpp:51]--mysql_user = root, mysql_pwd = #ZJx123456, mysql_db = filesystem
[2023-08-20 21:03:09]--[login_cgi.cpp:93]--redis:[ip=127.0.0.1,port=6379]
[2023-08-20 21:03:09]--[login_cgi.cpp:114]--tmp = zengjianxin303394981593
[2023-08-20 21:03:09]--[login_cgi.cpp:129]--base64 = VoMUZINVlpMxIyxKWCrB/YiLy06pnn80
[2023-08-20 21:03:09]--[login_cgi.cpp:233]--token = 53cc5a901c4d8eaa79118bba287d98b4
[2023-08-20 22:37:38]--[login_cgi.cpp:220]--buf = {
    "pwd": "cd4c72acf27ab07e47a845b62bac8951",
    "user": "zengjianxin"
}

[2023-08-20 22:37:38]--[login_cgi.cpp:225]--user = zengjianxin, pwd = cd4c72acf27ab07e47a845b62bac8951
[2023-08-20 22:37:38]--[login_cgi.cpp:51]--mysql_user = root, mysql_pwd = #ZJx123456, mysql_db = filesystem
[2023-08-20 22:37:38]--[login_cgi.cpp:93]--redis:[ip=127.0.0.1,port=6379]
[2023-08-20 22:37:38]--[login_cgi.cpp:114]--tmp = zengjianxin5675242171
[2023-08-20 22:37:38]--[login_cgi.cpp:129]--base64 = VoMUZINVlpPtivcnzpjkdKKv89Wih0K3
[2023-08-20 22:37:38]--[login_cgi.cpp:233]--token = cb6c947fc19e8b8bbbca4b8684c0c7ae
[2023-08-20 22:55:02]--[login_cgi.cpp:220]--buf = {
    "pwd": "cd4c72acf27ab07e47a845b62bac8951",
    "user": "zengjianxin"
}

[2023-08-20 22:55:02]--[login_cgi.cpp:225]--user = zengjianxin, pwd = cd4c72acf27ab07e47a845b62bac8951
[2023-08-20 22:55:02]--[login_cgi.cpp:51]--mysql_user = root, mysql_pwd = #ZJx123456, mysql_db = filesystem
[2023-08-20 22:55:02]--[login_cgi.cpp:93]--redis:[ip=127.0.0.1,port=6379]
[2023-08-20 22:55:02]--[login_cgi.cpp:114]--tmp = zengjianxin18577152466
[2023-08-20 22:55:02]--[login_cgi.cpp:129]--base64 = VoMUZINVlpOvgVqtSWKn7zpGiv78DNvF
[2023-08-20 22:55:02]--[login_cgi.cpp:233]--token = 03757e355a19b1ddd007925b644b8e17
[2023-08-20 22:58:03]--[login_cgi.cpp:220]--buf = {
    "pwd": "cd4c72acf27ab07e47a845b62bac8951",
    "user": "zengjianxin"
}

[2023-08-20 22:58:03]--[login_cgi.cpp:225]--user = zengjianxin, pwd = cd4c72acf27ab07e47a845b62bac8951
[2023-08-20 22:58:03]--[login_cgi.cpp:51]--mysql_user = root, mysql_pwd = #ZJx123456, mysql_db = filesystem
[2023-08-20 22:58:03]--[login_cgi.cpp:93]--redis:[ip=127.0.0.1,port=6379]
[2023-08-20 22:58:03]--[login_cgi.cpp:114]--tmp = zengjianxin679938388762
[2023-08-20 22:58:03]--[login_cgi.cpp:129]--base64 = VoMUZINVlpM8CMUu5ucfgR6mAqc/KkKv
[2023-08-20 22:58:03]--[login_cgi.cpp:233]--token = 33831412e4d2b9ea82fe08ad94ca81fa
[2023-08-20 22:59:21]--[login_cgi.cpp:220]--buf = {
    "pwd": "cd4c72acf27ab07e47a845b62bac8951",
    "user": "zengjianxin"
}

[2023-08-20 22:59:21]--[login_cgi.cpp:225]--user = zengjianxin, pwd = cd4c72acf27ab07e47a845b62bac8951
[2023-08-20 22:59:21]--[login_cgi.cpp:51]--mysql_user = root, mysql_pwd = #ZJx123456, mysql_db = filesystem
[2023-08-20 22:59:21]--[login_cgi.cpp:93]--redis:[ip=127.0.0.1,port=6379]
[2023-08-20 22:59:21]--[login_cgi.cpp:114]--tmp = zengjianxin83085538297
[2023-08-20 22:59:21]--[login_cgi.cpp:129]--base64 = VoMUZINVlpNoGWKOX7I9gCtJsOW23ePT
[2023-08-20 22:59:21]--[login_cgi.cpp:233]--token = 47d2b89d93c15fc23bf0d9f94e954376
[2023-08-20 23:03:22]--[login_cgi.cpp:220]--buf = {
    "pwd": "cd4c72acf27ab07e47a845b62bac8951",
    "user": "zengjianxin"
}

[2023-08-20 23:03:22]--[login_cgi.cpp:225]--user = zengjianxin, pwd = cd4c72acf27ab07e47a845b62bac8951
[2023-08-20 23:03:22]--[login_cgi.cpp:51]--mysql_user = root, mysql_pwd = #ZJx123456, mysql_db = filesystem
[2023-08-20 23:03:22]--[login_cgi.cpp:93]--redis:[ip=127.0.0.1,port=6379]
[2023-08-20 23:03:22]--[login_cgi.cpp:114]--tmp = zengjianxin719817991338
[2023-08-20 23:03:22]--[login_cgi.cpp:129]--base64 = VoMUZINVlpMnscFcPnRkNBsK7i9ZLlzI
[2023-08-20 23:03:22]--[login_cgi.cpp:233]--token = 763e13bb19c708d2c5fb2980837e8132
[2023-08-20 23:05:12]--[login_cgi.cpp:220]--buf = {
    "pwd": "cd4c72acf27ab07e47a845b62bac8951",
    "user": "zengjianxin"
}

[2023-08-20 23:05:12]--[login_cgi.cpp:225]--user = zengjianxin, pwd = cd4c72acf27ab07e47a845b62bac8951
[2023-08-20 23:05:12]--[login_cgi.cpp:51]--mysql_user = root, mysql_pwd = #ZJx123456, mysql_db = filesystem
[2023-08-20 23:05:12]--[login_cgi.cpp:93]--redis:[ip=127.0.0.1,port=6379]
[2023-08-20 23:05:12]--[login_cgi.cpp:114]--tmp = zengjianxin830731614334
[2023-08-20 23:05:12]--[login_cgi.cpp:129]--base64 = VoMUZINVlpPrEiclzWTelhIqYl1yz6D/
[2023-08-20 23:05:12]--[login_cgi.cpp:233]--token = 0ee5ad1f870739a15f5ceef1c471e8ad
[2023-08-20 23:16:21]--[login_cgi.cpp:220]--buf = {
    "pwd": "cd4c72acf27ab07e47a845b62bac8951",
    "user": "zengjianxin"
}

[2023-08-20 23:16:21]--[login_cgi.cpp:225]--user = zengjianxin, pwd = cd4c72acf27ab07e47a845b62bac8951
[2023-08-20 23:16:21]--[login_cgi.cpp:51]--mysql_user = root, mysql_pwd = #ZJx123456, mysql_db = filesystem
[2023-08-20 23:16:21]--[login_cgi.cpp:93]--redis:[ip=127.0.0.1,port=6379]
[2023-08-20 23:16:21]--[login_cgi.cpp:114]--tmp = zengjianxin909754319471
[2023-08-20 23:16:21]--[login_cgi.cpp:129]--base64 = VoMUZINVlpPMb213a6CtRMqQdCvTSAcP
[2023-08-20 23:16:21]--[login_cgi.cpp:233]--token = 77fc9ecff1931ea9b082be12b2db4eb7
[2023-08-20 23:18:21]--[login_cgi.cpp:220]--buf = {
    "pwd": "cd4c72acf27ab07e47a845b62bac8951",
    "user": "zengjianxin"
}

[2023-08-20 23:18:21]--[login_cgi.cpp:225]--user = zengjianxin, pwd = cd4c72acf27ab07e47a845b62bac8951
[2023-08-20 23:18:21]--[login_cgi.cpp:51]--mysql_user = root, mysql_pwd = #ZJx123456, mysql_db = filesystem
[2023-08-20 23:18:21]--[login_cgi.cpp:93]--redis:[ip=127.0.0.1,port=6379]
[2023-08-20 23:18:21]--[login_cgi.cpp:114]--tmp = zengjianxin17765611915
[2023-08-20 23:18:21]--[login_cgi.cpp:129]--base64 = VoMUZINVlpPPoLHYpFD+GponHISLefYm
[2023-08-20 23:18:21]--[login_cgi.cpp:233]--token = e2d446b5fbe1456e1f03b1910b3c7493
[2023-08-20 23:21:03]--[login_cgi.cpp:220]--buf = {
    "pwd": "cd4c72acf27ab07e47a845b62bac8951",
    "user": "zengjianxin"
}

[2023-08-20 23:21:03]--[login_cgi.cpp:225]--user = zengjianxin, pwd = cd4c72acf27ab07e47a845b62bac8951
[2023-08-20 23:21:03]--[login_cgi.cpp:51]--mysql_user = root, mysql_pwd = #ZJx123456, mysql_db = filesystem
[2023-08-20 23:21:03]--[login_cgi.cpp:93]--redis:[ip=127.0.0.1,port=6379]
[2023-08-20 23:21:03]--[login_cgi.cpp:114]--tmp = zengjianxin839822676940
[2023-08-20 23:21:03]--[login_cgi.cpp:129]--base64 = VoMUZINVlpPt0D0gyiTLqzEkRzJWsbUg
[2023-08-20 23:21:03]--[login_cgi.cpp:233]--token = 8385e5c6e0a759c61c62fa980db5712d
[2023-08-20 23:26:42]--[login_cgi.cpp:220]--buf = {
    "pwd": "cd4c72acf27ab07e47a845b62bac8951",
    "user": "zengjianxin"
}

[2023-08-20 23:26:42]--[login_cgi.cpp:225]--user = zengjianxin, pwd = cd4c72acf27ab07e47a845b62bac8951
[2023-08-20 23:26:42]--[login_cgi.cpp:51]--mysql_user = root, mysql_pwd = #ZJx123456, mysql_db = filesystem
[2023-08-20 23:26:42]--[login_cgi.cpp:93]--redis:[ip=127.0.0.1,port=6379]
[2023-08-20 23:26:42]--[login_cgi.cpp:114]--tmp = zengjianxin768409697882
[2023-08-20 23:26:42]--[login_cgi.cpp:129]--base64 = VoMUZINVlpOU/hS9ChXQnxYhNkh8KC14
[2023-08-20 23:26:42]--[login_cgi.cpp:233]--token = 4cbe4c5249758b5197bfc92bf35f2e75
[2023-08-20 23:27:16]--[login_cgi.cpp:220]--buf = {
    "pwd": "cd4c72acf27ab07e47a845b62bac8951",
    "user": "zengjianxin"
}

[2023-08-20 23:27:16]--[login_cgi.cpp:225]--user = zengjianxin, pwd = cd4c72acf27ab07e47a845b62bac8951
[2023-08-20 23:27:16]--[login_cgi.cpp:51]--mysql_user = root, mysql_pwd = #ZJx123456, mysql_db = filesystem
[2023-08-20 23:27:16]--[login_cgi.cpp:93]--redis:[ip=127.0.0.1,port=6379]
[2023-08-20 23:27:16]--[login_cgi.cpp:114]--tmp = zengjianxin592983824573
[2023-08-20 23:27:16]--[login_cgi.cpp:129]--base64 = VoMUZINVlpP5CLZm9SxrKX5zoq3Qj4n6
[2023-08-20 23:27:16]--[login_cgi.cpp:233]--token = 118ed3eef04bb24555408258ed954e81
[2023-08-20 23:29:48]--[login_cgi.cpp:220]--buf = {
    "pwd": "cd4c72acf27ab07e47a845b62bac8951",
    "user": "zengjianxin"
}

[2023-08-20 23:29:48]--[login_cgi.cpp:225]--user = zengjianxin, pwd = cd4c72acf27ab07e47a845b62bac8951
[2023-08-20 23:29:48]--[login_cgi.cpp:51]--mysql_user = root, mysql_pwd = #ZJx123456, mysql_db = filesystem
[2023-08-20 23:29:48]--[login_cgi.cpp:93]--redis:[ip=127.0.0.1,port=6379]
[2023-08-20 23:29:48]--[login_cgi.cpp:114]--tmp = zengjianxin55818352817
[2023-08-20 23:29:48]--[login_cgi.cpp:129]--base64 = VoMUZINVlpME9nkm9K9sKj3Z2yuQhfPT
[2023-08-20 23:29:48]--[login_cgi.cpp:233]--token = a18fbf254d827f8e95a0f2e57e877ab9
[2023-08-20 23:29:49]--[login_cgi.cpp:220]--buf = {
    "pwd": "cd4c72acf27ab07e47a845b62bac8951",
    "user": "zengjianxin"
}

[2023-08-20 23:29:49]--[login_cgi.cpp:225]--user = zengjianxin, pwd = cd4c72acf27ab07e47a845b62bac8951
[2023-08-20 23:29:49]--[login_cgi.cpp:51]--mysql_user = root, mysql_pwd = #ZJx123456, mysql_db = filesystem
[2023-08-20 23:29:49]--[login_cgi.cpp:93]--redis:[ip=127.0.0.1,port=6379]
[2023-08-20 23:29:49]--[login_cgi.cpp:114]--tmp = zengjianxin200986443356
[2023-08-20 23:29:49]--[login_cgi.cpp:129]--base64 = VoMUZINVlpPkStoLToy9AHJGws2hZkSD
[2023-08-20 23:29:49]--[login_cgi.cpp:233]--token = 02159717a65e7dc91cb80d971b341064
[2023-08-20 23:29:58]--[login_cgi.cpp:220]--buf = {
    "pwd": "cd4c72acf27ab07e47a845b62bac8951",
    "user": "zengjianxin"
}

[2023-08-20 23:29:58]--[login_cgi.cpp:225]--user = zengjianxin, pwd = cd4c72acf27ab07e47a845b62bac8951
[2023-08-20 23:29:58]--[login_cgi.cpp:51]--mysql_user = root, mysql_pwd = #ZJx123456, mysql_db = filesystem
[2023-08-20 23:29:58]--[login_cgi.cpp:93]--redis:[ip=127.0.0.1,port=6379]
[2023-08-20 23:29:58]--[login_cgi.cpp:114]--tmp = zengjianxin3566251014
[2023-08-20 23:29:58]--[login_cgi.cpp:129]--base64 = VoMUZINVlpMX3VrxIDyflRjtMpmMSFWT
[2023-08-20 23:29:58]--[login_cgi.cpp:233]--token = 70e45240af6e8f5fedd5318ecdce7997
