[2023-08-22 14:38:17]--[login_cgi.cpp:220]--buf = {
    "pwd": "cd4c72acf27ab07e47a845b62bac8951",
    "user": "zengjianxin"
}

[2023-08-22 14:38:17]--[login_cgi.cpp:225]--user = zengjianxin, pwd = cd4c72acf27ab07e47a845b62bac8951
[2023-08-22 14:38:17]--[login_cgi.cpp:51]--mysql_user = root, mysql_pwd = #ZJx123456, mysql_db = filesystem
[2023-08-22 14:38:17]--[login_cgi.cpp:93]--redis:[ip=127.0.0.1,port=6379]
[2023-08-22 14:38:17]--[login_cgi.cpp:114]--tmp = zengjianxin27699226242
[2023-08-22 14:38:17]--[login_cgi.cpp:129]--base64 = VoMUZINVlpOX9FSrIHP3N+K8vwE4mu6D
[2023-08-22 14:38:17]--[login_cgi.cpp:233]--token = 1f4144add241e08910fbc9c8788c391c
[2023-08-22 14:41:03]--[login_cgi.cpp:220]--buf = {
    "pwd": "cd4c72acf27ab07e47a845b62bac8951",
    "user": "zengjianxin"
}

[2023-08-22 14:41:03]--[login_cgi.cpp:225]--user = zengjianxin, pwd = cd4c72acf27ab07e47a845b62bac8951
[2023-08-22 14:41:03]--[login_cgi.cpp:51]--mysql_user = root, mysql_pwd = #ZJx123456, mysql_db = filesystem
[2023-08-22 14:41:03]--[login_cgi.cpp:93]--redis:[ip=127.0.0.1,port=6379]
[2023-08-22 14:41:03]--[login_cgi.cpp:114]--tmp = zengjianxin418905559672
[2023-08-22 14:41:03]--[login_cgi.cpp:129]--base64 = VoMUZINVlpNDwCxs9r5IwL3uNXesXE4W
[2023-08-22 14:41:03]--[login_cgi.cpp:233]--token = 5173ac756e38ce3725eba10186e54e47
[2023-08-22 14:51:59]--[login_cgi.cpp:220]--buf = {
    "pwd": "cd4c72acf27ab07e47a845b62bac8951",
    "user": "zengjianxin"
}

[2023-08-22 14:51:59]--[login_cgi.cpp:225]--user = zengjianxin, pwd = cd4c72acf27ab07e47a845b62bac8951
[2023-08-22 14:51:59]--[login_cgi.cpp:51]--mysql_user = root, mysql_pwd = #ZJx123456, mysql_db = filesystem
[2023-08-22 14:51:59]--[login_cgi.cpp:93]--redis:[ip=127.0.0.1,port=6379]
[2023-08-22 14:51:59]--[login_cgi.cpp:114]--tmp = zengjianxin6534216446
[2023-08-22 14:51:59]--[login_cgi.cpp:129]--base64 = VoMUZINVlpNxfNUZtMmJIJDD4QjvzygP
[2023-08-22 14:51:59]--[login_cgi.cpp:233]--token = e01ca3c244c682e0b4a74324906d611e
[2023-08-22 15:03:56]--[login_cgi.cpp:220]--buf = {
    "pwd": "cd4c72acf27ab07e47a845b62bac8951",
    "user": "zengjianxin"
}

[2023-08-22 15:03:56]--[login_cgi.cpp:225]--user = zengjianxin, pwd = cd4c72acf27ab07e47a845b62bac8951
[2023-08-22 15:03:56]--[login_cgi.cpp:51]--mysql_user = root, mysql_pwd = #ZJx123456, mysql_db = filesystem
[2023-08-22 15:03:56]--[login_cgi.cpp:93]--redis:[ip=127.0.0.1,port=6379]
[2023-08-22 15:03:56]--[login_cgi.cpp:114]--tmp = zengjianxin586115639794
[2023-08-22 15:03:56]--[login_cgi.cpp:129]--base64 = VoMUZINVlpMTr7oBnQ+Tt+WwQ4YoNC8O
[2023-08-22 15:03:56]--[login_cgi.cpp:233]--token = 0fcbb3d94e33c3bb6f9c0169b7852044
[2023-08-22 15:18:38]--[login_cgi.cpp:220]--buf = {
    "pwd": "cd4c72acf27ab07e47a845b62bac8951",
    "user": "zengjianxin"
}

[2023-08-22 15:18:38]--[login_cgi.cpp:225]--user = zengjianxin, pwd = cd4c72acf27ab07e47a845b62bac8951
[2023-08-22 15:18:38]--[login_cgi.cpp:51]--mysql_user = root, mysql_pwd = #ZJx123456, mysql_db = filesystem
[2023-08-22 15:18:38]--[login_cgi.cpp:93]--redis:[ip=127.0.0.1,port=6379]
[2023-08-22 15:18:38]--[login_cgi.cpp:114]--tmp = zengjianxin83430665587
[2023-08-22 15:18:38]--[login_cgi.cpp:129]--base64 = VoMUZINVlpNQQf6DkIod5ULlLvmPEL0C
[2023-08-22 15:18:38]--[login_cgi.cpp:233]--token = 3c07fa71a3411ac09fb02484f1188fff
[2023-08-22 15:27:03]--[login_cgi.cpp:220]--buf = {
    "pwd": "cd4c72acf27ab07e47a845b62bac8951",
    "user": "zengjianxin"
}

[2023-08-22 15:27:03]--[login_cgi.cpp:225]--user = zengjianxin, pwd = cd4c72acf27ab07e47a845b62bac8951
[2023-08-22 15:27:03]--[login_cgi.cpp:51]--mysql_user = root, mysql_pwd = #ZJx123456, mysql_db = filesystem
[2023-08-22 15:27:03]--[login_cgi.cpp:93]--redis:[ip=127.0.0.1,port=6379]
[2023-08-22 15:27:03]--[login_cgi.cpp:114]--tmp = zengjianxin112273138119
[2023-08-22 15:27:03]--[login_cgi.cpp:129]--base64 = VoMUZINVlpPpKibKC8I9g7+Lqxt5pZZg
[2023-08-22 15:27:03]--[login_cgi.cpp:233]--token = 30819680cb549ac04443cb7a7e8f6b08
[2023-08-22 15:42:15]--[login_cgi.cpp:220]--buf = {
    "pwd": "cd4c72acf27ab07e47a845b62bac8951",
    "user": "zengjianxin"
}

[2023-08-22 15:42:15]--[login_cgi.cpp:225]--user = zengjianxin, pwd = cd4c72acf27ab07e47a845b62bac8951
[2023-08-22 15:42:15]--[login_cgi.cpp:51]--mysql_user = root, mysql_pwd = #ZJx123456, mysql_db = filesystem
[2023-08-22 15:42:15]--[login_cgi.cpp:93]--redis:[ip=127.0.0.1,port=6379]
[2023-08-22 15:42:15]--[login_cgi.cpp:114]--tmp = zengjianxin170405285282
[2023-08-22 15:42:15]--[login_cgi.cpp:129]--base64 = VoMUZINVlpOEFKS9QW7bJaJmBaifB8yB
[2023-08-22 15:42:15]--[login_cgi.cpp:233]--token = a5480f2c7839b784511f1397e226c822
[2023-08-22 15:56:43]--[login_cgi.cpp:220]--buf = {
    "pwd": "cd4c72acf27ab07e47a845b62bac8951",
    "user": "zengjianxin"
}

[2023-08-22 15:56:43]--[login_cgi.cpp:225]--user = zengjianxin, pwd = cd4c72acf27ab07e47a845b62bac8951
[2023-08-22 15:56:43]--[login_cgi.cpp:51]--mysql_user = root, mysql_pwd = #ZJx123456, mysql_db = filesystem
[2023-08-22 15:56:43]--[login_cgi.cpp:93]--redis:[ip=127.0.0.1,port=6379]
[2023-08-22 15:56:43]--[login_cgi.cpp:114]--tmp = zengjianxin200605772815
[2023-08-22 15:56:43]--[login_cgi.cpp:129]--base64 = VoMUZINVlpMrm5xVtrecPRMP4e7m+79h
[2023-08-22 15:56:43]--[login_cgi.cpp:233]--token = 8a7dc36137fcbed7a62d41ccce45eb31
[2023-08-22 16:31:41]--[login_cgi.cpp:220]--buf = {
    "pwd": "cd4c72acf27ab07e47a845b62bac8951",
    "user": "zengjianxin"
}

[2023-08-22 16:31:41]--[login_cgi.cpp:225]--user = zengjianxin, pwd = cd4c72acf27ab07e47a845b62bac8951
[2023-08-22 16:31:41]--[login_cgi.cpp:51]--mysql_user = root, mysql_pwd = #ZJx123456, mysql_db = filesystem
[2023-08-22 16:31:41]--[login_cgi.cpp:93]--redis:[ip=127.0.0.1,port=6379]
[2023-08-22 16:31:41]--[login_cgi.cpp:114]--tmp = zengjianxin730179488105
[2023-08-22 16:31:41]--[login_cgi.cpp:129]--base64 = VoMUZINVlpNa0U1NfEoYLfe7BCioxQTr
[2023-08-22 16:31:41]--[login_cgi.cpp:233]--token = ea5097096f0ae3a689dba3a610b2cb62
[2023-08-22 16:44:12]--[login_cgi.cpp:220]--buf = {
    "pwd": "cd4c72acf27ab07e47a845b62bac8951",
    "user": "zengjianxin"
}

[2023-08-22 16:44:12]--[login_cgi.cpp:225]--user = zengjianxin, pwd = cd4c72acf27ab07e47a845b62bac8951
[2023-08-22 16:44:12]--[login_cgi.cpp:51]--mysql_user = root, mysql_pwd = #ZJx123456, mysql_db = filesystem
[2023-08-22 16:44:12]--[login_cgi.cpp:93]--redis:[ip=127.0.0.1,port=6379]
[2023-08-22 16:44:12]--[login_cgi.cpp:114]--tmp = zengjianxin953254120207
[2023-08-22 16:44:12]--[login_cgi.cpp:129]--base64 = VoMUZINVlpM8TkyaCKDoZZhGWiOy9vCx
[2023-08-22 16:44:12]--[login_cgi.cpp:233]--token = 82d36cdffca631ac635e0338b8bded80
[2023-08-22 16:44:50]--[login_cgi.cpp:220]--buf = {
    "pwd": "cd4c72acf27ab07e47a845b62bac8951",
    "user": "zengjianxin"
}

[2023-08-22 16:44:50]--[login_cgi.cpp:225]--user = zengjianxin, pwd = cd4c72acf27ab07e47a845b62bac8951
[2023-08-22 16:44:50]--[login_cgi.cpp:51]--mysql_user = root, mysql_pwd = #ZJx123456, mysql_db = filesystem
[2023-08-22 16:44:50]--[login_cgi.cpp:93]--redis:[ip=127.0.0.1,port=6379]
[2023-08-22 16:44:50]--[login_cgi.cpp:114]--tmp = zengjianxin965662782773
[2023-08-22 16:44:50]--[login_cgi.cpp:129]--base64 = VoMUZINVlpOGkVTCDExAbxAx0WJeS358
[2023-08-22 16:44:50]--[login_cgi.cpp:233]--token = f9f93af22806a2085938e9dcdcf075bd
[2023-08-22 16:46:57]--[login_cgi.cpp:220]--buf = {
    "pwd": "cd4c72acf27ab07e47a845b62bac8951",
    "user": "zengjianxin"
}

[2023-08-22 16:46:57]--[login_cgi.cpp:225]--user = zengjianxin, pwd = cd4c72acf27ab07e47a845b62bac8951
[2023-08-22 16:46:57]--[login_cgi.cpp:51]--mysql_user = root, mysql_pwd = #ZJx123456, mysql_db = filesystem
[2023-08-22 16:46:57]--[login_cgi.cpp:93]--redis:[ip=127.0.0.1,port=6379]
[2023-08-22 16:46:57]--[login_cgi.cpp:114]--tmp = zengjianxin273874558509
[2023-08-22 16:46:57]--[login_cgi.cpp:129]--base64 = VoMUZINVlpNGuwE9OMPxlvfJIIeTsaEK
[2023-08-22 16:46:57]--[login_cgi.cpp:233]--token = f1dc67fd6365d4e45e73041019a3256b
[2023-08-22 16:48:21]--[login_cgi.cpp:220]--buf = {
    "pwd": "cd4c72acf27ab07e47a845b62bac8951",
    "user": "zengjianxin"
}

[2023-08-22 16:48:21]--[login_cgi.cpp:225]--user = zengjianxin, pwd = cd4c72acf27ab07e47a845b62bac8951
[2023-08-22 16:48:21]--[login_cgi.cpp:51]--mysql_user = root, mysql_pwd = #ZJx123456, mysql_db = filesystem
[2023-08-22 16:48:21]--[login_cgi.cpp:93]--redis:[ip=127.0.0.1,port=6379]
[2023-08-22 16:48:21]--[login_cgi.cpp:114]--tmp = zengjianxin342735678760
[2023-08-22 16:48:21]--[login_cgi.cpp:129]--base64 = VoMUZINVlpMryuYXe9wSFgB+SSmsXrnM
[2023-08-22 16:48:21]--[login_cgi.cpp:233]--token = 2ba55fdd5f49e5d734f2f05048f96569
[2023-08-22 16:50:11]--[login_cgi.cpp:220]--buf = {
    "pwd": "cd4c72acf27ab07e47a845b62bac8951",
    "user": "zengjianxin"
}

[2023-08-22 16:50:11]--[login_cgi.cpp:225]--user = zengjianxin, pwd = cd4c72acf27ab07e47a845b62bac8951
[2023-08-22 16:50:11]--[login_cgi.cpp:51]--mysql_user = root, mysql_pwd = #ZJx123456, mysql_db = filesystem
[2023-08-22 16:50:11]--[login_cgi.cpp:93]--redis:[ip=127.0.0.1,port=6379]
[2023-08-22 16:50:11]--[login_cgi.cpp:114]--tmp = zengjianxin296548267969
[2023-08-22 16:50:11]--[login_cgi.cpp:129]--base64 = VoMUZINVlpPE8Nd8VIysaFmeIP2vA8oa
[2023-08-22 16:50:11]--[login_cgi.cpp:233]--token = ba2292256e564d786f8bff690b66450d
[2023-08-22 16:50:57]--[login_cgi.cpp:220]--buf = {
    "pwd": "cd4c72acf27ab07e47a845b62bac8951",
    "user": "zengjianxin"
}

[2023-08-22 16:50:57]--[login_cgi.cpp:225]--user = zengjianxin, pwd = cd4c72acf27ab07e47a845b62bac8951
[2023-08-22 16:50:57]--[login_cgi.cpp:51]--mysql_user = root, mysql_pwd = #ZJx123456, mysql_db = filesystem
[2023-08-22 16:50:57]--[login_cgi.cpp:93]--redis:[ip=127.0.0.1,port=6379]
[2023-08-22 16:50:57]--[login_cgi.cpp:114]--tmp = zengjianxin340729914119
[2023-08-22 16:50:57]--[login_cgi.cpp:129]--base64 = VoMUZINVlpMSZtXUV0jzyBCrL4jNYJf/
[2023-08-22 16:50:57]--[login_cgi.cpp:233]--token = 836f1ff70cf324974259cd35206cad66
[2023-08-22 16:51:40]--[login_cgi.cpp:220]--buf = {
    "pwd": "cd4c72acf27ab07e47a845b62bac8951",
    "user": "zengjianxin"
}

[2023-08-22 16:51:40]--[login_cgi.cpp:225]--user = zengjianxin, pwd = cd4c72acf27ab07e47a845b62bac8951
[2023-08-22 16:51:40]--[login_cgi.cpp:51]--mysql_user = root, mysql_pwd = #ZJx123456, mysql_db = filesystem
[2023-08-22 16:51:40]--[login_cgi.cpp:93]--redis:[ip=127.0.0.1,port=6379]
[2023-08-22 16:51:40]--[login_cgi.cpp:114]--tmp = zengjianxin92162648583
[2023-08-22 16:51:40]--[login_cgi.cpp:129]--base64 = VoMUZINVlpMAGTqGL9SXPOGowZKWOrOQ
[2023-08-22 16:51:40]--[login_cgi.cpp:233]--token = 7556516bd9d4ff437ac5ca1f24e30f24
[2023-08-22 16:53:08]--[login_cgi.cpp:220]--buf = {
    "pwd": "cd4c72acf27ab07e47a845b62bac8951",
    "user": "zengjianxin"
}

[2023-08-22 16:53:08]--[login_cgi.cpp:225]--user = zengjianxin, pwd = cd4c72acf27ab07e47a845b62bac8951
[2023-08-22 16:53:08]--[login_cgi.cpp:51]--mysql_user = root, mysql_pwd = #ZJx123456, mysql_db = filesystem
[2023-08-22 16:53:08]--[login_cgi.cpp:93]--redis:[ip=127.0.0.1,port=6379]
[2023-08-22 16:53:08]--[login_cgi.cpp:114]--tmp = zengjianxin647951439836
[2023-08-22 16:53:08]--[login_cgi.cpp:129]--base64 = VoMUZINVlpNAXh9PQMYz1GwfUEOysyn7
[2023-08-22 16:53:08]--[login_cgi.cpp:233]--token = c95fd4de0272f30d58feeb5e1700361e
[2023-08-22 16:53:55]--[login_cgi.cpp:220]--buf = {
    "pwd": "cd4c72acf27ab07e47a845b62bac8951",
    "user": "zengjianxin"
}

[2023-08-22 16:53:55]--[login_cgi.cpp:225]--user = zengjianxin, pwd = cd4c72acf27ab07e47a845b62bac8951
[2023-08-22 16:53:55]--[login_cgi.cpp:51]--mysql_user = root, mysql_pwd = #ZJx123456, mysql_db = filesystem
[2023-08-22 16:53:55]--[login_cgi.cpp:93]--redis:[ip=127.0.0.1,port=6379]
[2023-08-22 16:53:55]--[login_cgi.cpp:114]--tmp = zengjianxin520623558707
[2023-08-22 16:53:55]--[login_cgi.cpp:129]--base64 = VoMUZINVlpO/cFA0ZXi4zn+hWX3WbSu4
[2023-08-22 16:53:55]--[login_cgi.cpp:233]--token = 5630f0127a38f4465ebd458e8f6bd626
[2023-08-22 17:02:24]--[login_cgi.cpp:220]--buf = {
    "pwd": "cd4c72acf27ab07e47a845b62bac8951",
    "user": "zengjianxin"
}

[2023-08-22 17:02:24]--[login_cgi.cpp:225]--user = zengjianxin, pwd = cd4c72acf27ab07e47a845b62bac8951
[2023-08-22 17:02:24]--[login_cgi.cpp:51]--mysql_user = root, mysql_pwd = #ZJx123456, mysql_db = filesystem
[2023-08-22 17:02:24]--[login_cgi.cpp:93]--redis:[ip=127.0.0.1,port=6379]
[2023-08-22 17:02:24]--[login_cgi.cpp:114]--tmp = zengjianxin972404102277
[2023-08-22 17:02:24]--[login_cgi.cpp:129]--base64 = VoMUZINVlpNbPWfTv+o1/fdywhESzGnC
[2023-08-22 17:02:24]--[login_cgi.cpp:233]--token = 61ff07ed3c52131d0ddb48f5530ed254
[2023-08-22 17:02:25]--[login_cgi.cpp:220]--buf = {
    "pwd": "cd4c72acf27ab07e47a845b62bac8951",
    "user": "zengjianxin"
}

[2023-08-22 17:02:25]--[login_cgi.cpp:225]--user = zengjianxin, pwd = cd4c72acf27ab07e47a845b62bac8951
[2023-08-22 17:02:25]--[login_cgi.cpp:51]--mysql_user = root, mysql_pwd = #ZJx123456, mysql_db = filesystem
[2023-08-22 17:02:25]--[login_cgi.cpp:93]--redis:[ip=127.0.0.1,port=6379]
[2023-08-22 17:02:25]--[login_cgi.cpp:114]--tmp = zengjianxin3008643564
[2023-08-22 17:02:25]--[login_cgi.cpp:129]--base64 = VoMUZINVlpMwWu128RFCeis06Vho3qTO
[2023-08-22 17:02:25]--[login_cgi.cpp:233]--token = d4168558f52ef54db8087a0ba508b112
[2023-08-22 17:24:29]--[login_cgi.cpp:220]--buf = {
    "pwd": "cd4c72acf27ab07e47a845b62bac8951",
    "user": "zengjianxin"
}

[2023-08-22 17:24:29]--[login_cgi.cpp:225]--user = zengjianxin, pwd = cd4c72acf27ab07e47a845b62bac8951
[2023-08-22 17:24:29]--[login_cgi.cpp:51]--mysql_user = root, mysql_pwd = #ZJx123456, mysql_db = filesystem
[2023-08-22 17:24:29]--[login_cgi.cpp:93]--redis:[ip=127.0.0.1,port=6379]
[2023-08-22 17:24:29]--[login_cgi.cpp:114]--tmp = zengjianxin562714934860
[2023-08-22 17:24:29]--[login_cgi.cpp:129]--base64 = VoMUZINVlpOV2FJh6a0JryWCffs2v7fM
[2023-08-22 17:24:29]--[login_cgi.cpp:233]--token = 008c82b41aa29b74ddd339abd03173f9
[2023-08-22 17:27:27]--[login_cgi.cpp:220]--buf = {
    "pwd": "cd4c72acf27ab07e47a845b62bac8951",
    "user": "zengjianxin"
}

[2023-08-22 17:27:27]--[login_cgi.cpp:225]--user = zengjianxin, pwd = cd4c72acf27ab07e47a845b62bac8951
[2023-08-22 17:27:27]--[login_cgi.cpp:51]--mysql_user = root, mysql_pwd = #ZJx123456, mysql_db = filesystem
[2023-08-22 17:27:27]--[login_cgi.cpp:93]--redis:[ip=127.0.0.1,port=6379]
[2023-08-22 17:27:27]--[login_cgi.cpp:114]--tmp = zengjianxin633419325311
[2023-08-22 17:27:27]--[login_cgi.cpp:129]--base64 = VoMUZINVlpPy+7Rp4u2hg8o5rc3oO3Z/
[2023-08-22 17:27:27]--[login_cgi.cpp:233]--token = 01c6b936788c4c53fe939201b110ed7f
[2023-08-22 17:27:28]--[login_cgi.cpp:220]--buf = {
    "pwd": "cd4c72acf27ab07e47a845b62bac8951",
    "user": "zengjianxin"
}

[2023-08-22 17:27:28]--[login_cgi.cpp:225]--user = zengjianxin, pwd = cd4c72acf27ab07e47a845b62bac8951
[2023-08-22 17:27:28]--[login_cgi.cpp:51]--mysql_user = root, mysql_pwd = #ZJx123456, mysql_db = filesystem
[2023-08-22 17:27:28]--[login_cgi.cpp:93]--redis:[ip=127.0.0.1,port=6379]
[2023-08-22 17:27:28]--[login_cgi.cpp:114]--tmp = zengjianxin250655118997
[2023-08-22 17:27:28]--[login_cgi.cpp:129]--base64 = VoMUZINVlpNvf/2kmS1Q4qChizqF0Tqu
[2023-08-22 17:27:28]--[login_cgi.cpp:233]--token = 5db0fa1c16a9171d0d04611b1d969b99
[2023-08-22 17:27:30]--[login_cgi.cpp:220]--buf = {
    "pwd": "cd4c72acf27ab07e47a845b62bac8951",
    "user": "zengjianxin"
}

[2023-08-22 17:27:30]--[login_cgi.cpp:225]--user = zengjianxin, pwd = cd4c72acf27ab07e47a845b62bac8951
[2023-08-22 17:27:30]--[login_cgi.cpp:51]--mysql_user = root, mysql_pwd = #ZJx123456, mysql_db = filesystem
[2023-08-22 17:27:30]--[login_cgi.cpp:93]--redis:[ip=127.0.0.1,port=6379]
[2023-08-22 17:27:30]--[login_cgi.cpp:114]--tmp = zengjianxin983684758224
[2023-08-22 17:27:30]--[login_cgi.cpp:129]--base64 = VoMUZINVlpOSHmqaf3DumZwe+c+PBB5k
[2023-08-22 17:27:30]--[login_cgi.cpp:233]--token = 78b411eff679b63b7b580ff0673a1cb6
[2023-08-22 17:43:12]--[login_cgi.cpp:220]--buf = {
    "pwd": "cd4c72acf27ab07e47a845b62bac8951",
    "user": "zengjianxin"
}

[2023-08-22 17:43:12]--[login_cgi.cpp:225]--user = zengjianxin, pwd = cd4c72acf27ab07e47a845b62bac8951
[2023-08-22 17:43:12]--[login_cgi.cpp:51]--mysql_user = root, mysql_pwd = #ZJx123456, mysql_db = filesystem
[2023-08-22 17:43:12]--[login_cgi.cpp:93]--redis:[ip=127.0.0.1,port=6379]
[2023-08-22 17:43:12]--[login_cgi.cpp:114]--tmp = zengjianxin220379381714
[2023-08-22 17:43:12]--[login_cgi.cpp:129]--base64 = VoMUZINVlpNfNVHD/m2akRafsZhSY66a
[2023-08-22 17:43:12]--[login_cgi.cpp:233]--token = b9cee284afe335ce291770c0d4a0a6c3
[2023-08-22 21:25:41]--[login_cgi.cpp:220]--buf = {
    "pwd": "cd4c72acf27ab07e47a845b62bac8951",
    "user": "zengjianxin"
}

[2023-08-22 21:25:41]--[login_cgi.cpp:225]--user = zengjianxin, pwd = cd4c72acf27ab07e47a845b62bac8951
[2023-08-22 21:25:41]--[login_cgi.cpp:51]--mysql_user = root, mysql_pwd = #ZJx123456, mysql_db = filesystem
[2023-08-22 21:25:41]--[login_cgi.cpp:93]--redis:[ip=127.0.0.1,port=6379]
[2023-08-22 21:25:41]--[login_cgi.cpp:114]--tmp = zengjianxin99279947159
[2023-08-22 21:25:41]--[login_cgi.cpp:129]--base64 = VoMUZINVlpOU3tIQog/cOG1BLXyEvU2b
[2023-08-22 21:25:41]--[login_cgi.cpp:233]--token = 289bddd007fa7b378a0debe448a00f75
[2023-08-22 21:27:00]--[login_cgi.cpp:220]--buf = {
    "pwd": "8a2dc3c6cb64e0b25858543b94411449",
    "user": "zengjx"
}

[2023-08-22 21:27:00]--[login_cgi.cpp:225]--user = zengjx, pwd = 8a2dc3c6cb64e0b25858543b94411449
[2023-08-22 21:27:00]--[login_cgi.cpp:51]--mysql_user = root, mysql_pwd = #ZJx123456, mysql_db = filesystem
[2023-08-22 21:27:00]--[login_cgi.cpp:93]--redis:[ip=127.0.0.1,port=6379]
[2023-08-22 21:27:00]--[login_cgi.cpp:114]--tmp = zengjx3797699429
[2023-08-22 21:27:00]--[login_cgi.cpp:129]--base64 = vGgV9Zp3SJxjz1iJ7jMWDC0ZxLNK7pNJ
[2023-08-22 21:27:00]--[login_cgi.cpp:233]--token = 46759392c2f7d7bcbb2a94604b55c2a5
