[2023-08-19 00:02:38]--[login_cgi.cpp:220]--buf = {
    "pwd": "cd4c72acf27ab07e47a845b62bac8951",
    "user": "zengjianxin"
}

[2023-08-19 00:02:38]--[login_cgi.cpp:225]--user = zengjianxin, pwd = cd4c72acf27ab07e47a845b62bac8951
[2023-08-19 00:02:38]--[login_cgi.cpp:51]--mysql_user = root, mysql_pwd = #ZJx123456, mysql_db = filesystem
[2023-08-19 00:02:38]--[login_cgi.cpp:93]--redis:[ip=127.0.0.1,port=6379]
[2023-08-19 00:02:38]--[login_cgi.cpp:114]--tmp = zengjianxin6615891543
[2023-08-19 00:02:38]--[login_cgi.cpp:129]--base64 = VoMUZINVlpPu507dGzrqCvKwQT2FWEA+
[2023-08-19 00:02:38]--[login_cgi.cpp:233]--token = 8cf49a9c87dbd856d6e12dd65f8fc23c
[2023-08-19 14:11:22]--[login_cgi.cpp:220]--buf = {
    "pwd": "cd4c72acf27ab07e47a845b62bac8951",
    "user": "zengjianxin"
}

[2023-08-19 14:11:22]--[login_cgi.cpp:225]--user = zengjianxin, pwd = cd4c72acf27ab07e47a845b62bac8951
[2023-08-19 14:11:22]--[login_cgi.cpp:51]--mysql_user = root, mysql_pwd = #ZJx123456, mysql_db = filesystem
[2023-08-19 14:11:22]--[login_cgi.cpp:93]--redis:[ip=127.0.0.1,port=6379]
[2023-08-19 14:11:22]--[login_cgi.cpp:114]--tmp = zengjianxin827676961556
[2023-08-19 14:11:22]--[login_cgi.cpp:129]--base64 = VoMUZINVlpP5fozpMQuz4+U4lJogSqVG
[2023-08-19 14:11:22]--[login_cgi.cpp:233]--token = f7eb8e172e848758ba45f0cf54104fcd
[2023-08-19 14:12:56]--[login_cgi.cpp:220]--buf = {
    "pwd": "cd4c72acf27ab07e47a845b62bac8951",
    "user": "zengjianxin"
}

[2023-08-19 14:12:56]--[login_cgi.cpp:225]--user = zengjianxin, pwd = cd4c72acf27ab07e47a845b62bac8951
[2023-08-19 14:12:56]--[login_cgi.cpp:51]--mysql_user = root, mysql_pwd = #ZJx123456, mysql_db = filesystem
[2023-08-19 14:12:56]--[login_cgi.cpp:93]--redis:[ip=127.0.0.1,port=6379]
[2023-08-19 14:12:56]--[login_cgi.cpp:114]--tmp = zengjianxin335531466912
[2023-08-19 14:12:56]--[login_cgi.cpp:129]--base64 = VoMUZINVlpN9zV5Y5E7L95PZYL7BZ1av
[2023-08-19 14:12:56]--[login_cgi.cpp:233]--token = a33cf6e9021e76c6f7f7e54e90716201
[2023-08-19 14:15:44]--[login_cgi.cpp:220]--buf = {
    "pwd": "cd4c72acf27ab07e47a845b62bac8951",
    "user": "zengjianxin"
}

[2023-08-19 14:15:44]--[login_cgi.cpp:225]--user = zengjianxin, pwd = cd4c72acf27ab07e47a845b62bac8951
[2023-08-19 14:15:44]--[login_cgi.cpp:51]--mysql_user = root, mysql_pwd = #ZJx123456, mysql_db = filesystem
[2023-08-19 14:15:44]--[login_cgi.cpp:93]--redis:[ip=127.0.0.1,port=6379]
[2023-08-19 14:15:44]--[login_cgi.cpp:114]--tmp = zengjianxin699600742702
[2023-08-19 14:15:44]--[login_cgi.cpp:129]--base64 = VoMUZINVlpPKYzlC2RKIFa37ZiMowgkq
[2023-08-19 14:15:44]--[login_cgi.cpp:233]--token = 78db6e024d8dca66b9ae7675b86d21fb
[2023-08-19 14:17:26]--[login_cgi.cpp:220]--buf = {
    "pwd": "cd4c72acf27ab07e47a845b62bac8951",
    "user": "zengjianxin"
}

[2023-08-19 14:17:26]--[login_cgi.cpp:225]--user = zengjianxin, pwd = cd4c72acf27ab07e47a845b62bac8951
[2023-08-19 14:17:26]--[login_cgi.cpp:51]--mysql_user = root, mysql_pwd = #ZJx123456, mysql_db = filesystem
[2023-08-19 14:17:26]--[login_cgi.cpp:93]--redis:[ip=127.0.0.1,port=6379]
[2023-08-19 14:17:26]--[login_cgi.cpp:114]--tmp = zengjianxin4917772140
[2023-08-19 14:17:26]--[login_cgi.cpp:129]--base64 = VoMUZINVlpPJdGLRNZwgjEYjoHGTzyxl
[2023-08-19 14:17:26]--[login_cgi.cpp:233]--token = db804f72c6ed8d2fceb06eedf0e50a2e
[2023-08-19 14:18:05]--[login_cgi.cpp:220]--buf = {
    "pwd": "cd4c72acf27ab07e47a845b62bac8951",
    "user": "zengjianxin"
}

[2023-08-19 14:18:05]--[login_cgi.cpp:225]--user = zengjianxin, pwd = cd4c72acf27ab07e47a845b62bac8951
[2023-08-19 14:18:05]--[login_cgi.cpp:51]--mysql_user = root, mysql_pwd = #ZJx123456, mysql_db = filesystem
[2023-08-19 14:18:05]--[login_cgi.cpp:93]--redis:[ip=127.0.0.1,port=6379]
[2023-08-19 14:18:05]--[login_cgi.cpp:114]--tmp = zengjianxin339447205194
[2023-08-19 14:18:05]--[login_cgi.cpp:129]--base64 = VoMUZINVlpPFRzxvwMRPoRxzjVQkwzT7
[2023-08-19 14:18:05]--[login_cgi.cpp:233]--token = fc7701737bd206f0f3ed8a5674fccd19
[2023-08-19 14:21:38]--[login_cgi.cpp:220]--buf = {
    "pwd": "cd4c72acf27ab07e47a845b62bac8951",
    "user": "zengjianxin"
}

[2023-08-19 14:21:38]--[login_cgi.cpp:225]--user = zengjianxin, pwd = cd4c72acf27ab07e47a845b62bac8951
[2023-08-19 14:21:38]--[login_cgi.cpp:51]--mysql_user = root, mysql_pwd = #ZJx123456, mysql_db = filesystem
[2023-08-19 14:21:39]--[login_cgi.cpp:93]--redis:[ip=127.0.0.1,port=6379]
[2023-08-19 14:21:39]--[login_cgi.cpp:114]--tmp = zengjianxin2047331583
[2023-08-19 14:21:39]--[login_cgi.cpp:129]--base64 = VoMUZINVlpPpMUdDdU7BU/wtTauGvhGe
[2023-08-19 14:21:39]--[login_cgi.cpp:233]--token = e96b20ccbfbfefba47f27e0a52067bc5
[2023-08-19 14:22:20]--[login_cgi.cpp:220]--buf = {
    "pwd": "cd4c72acf27ab07e47a845b62bac8951",
    "user": "zengjianxin"
}

[2023-08-19 14:22:20]--[login_cgi.cpp:225]--user = zengjianxin, pwd = cd4c72acf27ab07e47a845b62bac8951
[2023-08-19 14:22:20]--[login_cgi.cpp:51]--mysql_user = root, mysql_pwd = #ZJx123456, mysql_db = filesystem
[2023-08-19 14:22:20]--[login_cgi.cpp:93]--redis:[ip=127.0.0.1,port=6379]
[2023-08-19 14:22:20]--[login_cgi.cpp:114]--tmp = zengjianxin85693751104
[2023-08-19 14:22:20]--[login_cgi.cpp:129]--base64 = VoMUZINVlpMiBdXO7525a9aW/ggu1KQw
[2023-08-19 14:22:20]--[login_cgi.cpp:233]--token = 202cb5d7ead82fb6be20556e63eabf3c
[2023-08-19 14:23:34]--[login_cgi.cpp:220]--buf = {
    "pwd": "cd4c72acf27ab07e47a845b62bac8951",
    "user": "zengjianxin"
}

[2023-08-19 14:23:34]--[login_cgi.cpp:225]--user = zengjianxin, pwd = cd4c72acf27ab07e47a845b62bac8951
[2023-08-19 14:23:34]--[login_cgi.cpp:51]--mysql_user = root, mysql_pwd = #ZJx123456, mysql_db = filesystem
[2023-08-19 14:23:34]--[login_cgi.cpp:93]--redis:[ip=127.0.0.1,port=6379]
[2023-08-19 14:23:34]--[login_cgi.cpp:114]--tmp = zengjianxin795829471418
[2023-08-19 14:23:34]--[login_cgi.cpp:129]--base64 = VoMUZINVlpN9v3cFyxP0sO3aqJt4K5nK
[2023-08-19 14:23:34]--[login_cgi.cpp:233]--token = 3e1dad8425b781dbe96bae5c30048ad6
