[2023-08-24 13:45:02]--[login_cgi.cpp:220]--buf = {
    "pwd": "cd4c72acf27ab07e47a845b62bac8951",
    "user": "zengjianxin"
}

[2023-08-24 13:45:02]--[login_cgi.cpp:225]--user = zengjianxin, pwd = cd4c72acf27ab07e47a845b62bac8951
[2023-08-24 13:45:02]--[login_cgi.cpp:51]--mysql_user = root, mysql_pwd = #ZJx123456, mysql_db = filesystem
[2023-08-24 13:45:02]--[login_cgi.cpp:93]--redis:[ip=127.0.0.1,port=6379]
[2023-08-24 13:45:02]--[login_cgi.cpp:114]--tmp = zengjianxin340116713624
[2023-08-24 13:45:02]--[login_cgi.cpp:129]--base64 = VoMUZINVlpOqmtWzuGjz7G/bno9q4IX8
[2023-08-24 13:45:02]--[login_cgi.cpp:233]--token = b72b1bfb2aba48a3eb68d34aa79a4bea
[2023-08-24 17:45:13]--[login_cgi.cpp:220]--buf = {
    "pwd": "8a2dc3c6cb64e0b25858543b94411449",
    "user": "zengjx"
}

[2023-08-24 17:45:13]--[login_cgi.cpp:225]--user = zengjx, pwd = 8a2dc3c6cb64e0b25858543b94411449
[2023-08-24 17:45:13]--[login_cgi.cpp:51]--mysql_user = root, mysql_pwd = #ZJx123456, mysql_db = filesystem
[2023-08-24 17:45:13]--[login_cgi.cpp:93]--redis:[ip=127.0.0.1,port=6379]
[2023-08-24 17:45:13]--[login_cgi.cpp:114]--tmp = zengjx97017211257
[2023-08-24 17:45:13]--[login_cgi.cpp:129]--base64 = YYYbHa5fWWpyGVRdeZbsFPUujTBmz0dF
[2023-08-24 17:45:13]--[login_cgi.cpp:233]--token = 64945a6f0040db1c814889e34ec3e59c
[2023-08-24 18:13:04]--[login_cgi.cpp:220]--buf = {
    "pwd": "8a2dc3c6cb64e0b25858543b94411449",
    "user": "zengjx"
}

[2023-08-24 18:13:04]--[login_cgi.cpp:225]--user = zengjx, pwd = 8a2dc3c6cb64e0b25858543b94411449
[2023-08-24 18:13:04]--[login_cgi.cpp:51]--mysql_user = root, mysql_pwd = #ZJx123456, mysql_db = filesystem
[2023-08-24 18:13:04]--[login_cgi.cpp:93]--redis:[ip=127.0.0.1,port=6379]
[2023-08-24 18:13:04]--[login_cgi.cpp:114]--tmp = zengjx190385963262
[2023-08-24 18:13:04]--[login_cgi.cpp:129]--base64 = dynJkV0svv5koOzwHA6Zx51gqzf3F1ik
[2023-08-24 18:13:04]--[login_cgi.cpp:233]--token = 39f944553e65cc7733c64f3f744bc627
