[2023-08-23 17:06:19]--[login_cgi.cpp:220]--buf = {
    "pwd": "8a2dc3c6cb64e0b25858543b94411449",
    "user": "zengjx"
}

[2023-08-23 17:06:19]--[login_cgi.cpp:225]--user = zengjx, pwd = 8a2dc3c6cb64e0b25858543b94411449
[2023-08-23 17:06:19]--[login_cgi.cpp:51]--mysql_user = root, mysql_pwd = #ZJx123456, mysql_db = filesystem
[2023-08-23 17:06:19]--[login_cgi.cpp:93]--redis:[ip=127.0.0.1,port=6379]
[2023-08-23 17:06:19]--[login_cgi.cpp:114]--tmp = zengjx86961644485
[2023-08-23 17:06:19]--[login_cgi.cpp:129]--base64 = lJMSeaIiHusTh3Xx3WisxG+Ut+5trQL2
[2023-08-23 17:06:19]--[login_cgi.cpp:233]--token = f222e2cad2c6838e3b769f5497f39aab
[2023-08-23 17:12:13]--[login_cgi.cpp:220]--buf = {
    "pwd": "8a2dc3c6cb64e0b25858543b94411449",
    "user": "zengjx"
}

[2023-08-23 17:12:13]--[login_cgi.cpp:225]--user = zengjx, pwd = 8a2dc3c6cb64e0b25858543b94411449
[2023-08-23 17:12:13]--[login_cgi.cpp:51]--mysql_user = root, mysql_pwd = #ZJx123456, mysql_db = filesystem
[2023-08-23 17:12:13]--[login_cgi.cpp:93]--redis:[ip=127.0.0.1,port=6379]
[2023-08-23 17:12:13]--[login_cgi.cpp:114]--tmp = zengjx273591195681
[2023-08-23 17:12:13]--[login_cgi.cpp:129]--base64 = NneCa1yR6Jb/aO2653uBefw0M40aBkHg
[2023-08-23 17:12:13]--[login_cgi.cpp:233]--token = 634cb21e5ad98b841174cfd6d0b50b4a
[2023-08-23 17:22:04]--[login_cgi.cpp:220]--buf = {
    "pwd": "8a2dc3c6cb64e0b25858543b94411449",
    "user": "zengjx"
}

[2023-08-23 17:22:04]--[login_cgi.cpp:225]--user = zengjx, pwd = 8a2dc3c6cb64e0b25858543b94411449
[2023-08-23 17:22:04]--[login_cgi.cpp:51]--mysql_user = root, mysql_pwd = #ZJx123456, mysql_db = filesystem
[2023-08-23 17:22:04]--[login_cgi.cpp:93]--redis:[ip=127.0.0.1,port=6379]
[2023-08-23 17:22:04]--[login_cgi.cpp:114]--tmp = zengjx660394365915
[2023-08-23 17:22:04]--[login_cgi.cpp:129]--base64 = cXKj/jQzjdnE+JhVes5j6okGY2TdE/kP
[2023-08-23 17:22:04]--[login_cgi.cpp:233]--token = 227a51173df59401e90c1e55868d5b7c
[2023-08-23 17:27:14]--[login_cgi.cpp:220]--buf = {
    "pwd": "8a2dc3c6cb64e0b25858543b94411449",
    "user": "zengjx"
}

[2023-08-23 17:27:14]--[login_cgi.cpp:225]--user = zengjx, pwd = 8a2dc3c6cb64e0b25858543b94411449
[2023-08-23 17:27:14]--[login_cgi.cpp:51]--mysql_user = root, mysql_pwd = #ZJx123456, mysql_db = filesystem
[2023-08-23 17:27:14]--[login_cgi.cpp:93]--redis:[ip=127.0.0.1,port=6379]
[2023-08-23 17:27:14]--[login_cgi.cpp:114]--tmp = zengjx14338931335
[2023-08-23 17:27:14]--[login_cgi.cpp:129]--base64 = GAftjcKGiVYuDl7bypEOXG+Ut+5trQL2
[2023-08-23 17:27:14]--[login_cgi.cpp:233]--token = d0f53e16d99a489d79ea8fb83d03678c
[2023-08-23 17:28:39]--[login_cgi.cpp:220]--buf = {
    "pwd": "8a2dc3c6cb64e0b25858543b94411449",
    "user": "zengjx"
}

[2023-08-23 17:28:39]--[login_cgi.cpp:225]--user = zengjx, pwd = 8a2dc3c6cb64e0b25858543b94411449
[2023-08-23 17:28:39]--[login_cgi.cpp:51]--mysql_user = root, mysql_pwd = #ZJx123456, mysql_db = filesystem
[2023-08-23 17:28:39]--[login_cgi.cpp:93]--redis:[ip=127.0.0.1,port=6379]
[2023-08-23 17:28:39]--[login_cgi.cpp:114]--tmp = zengjx497871619257
[2023-08-23 17:28:39]--[login_cgi.cpp:129]--base64 = TNkH69qam9Fe6g4PG+ul4fJXCMo4wuU0
[2023-08-23 17:28:39]--[login_cgi.cpp:233]--token = c00ec1b6df83060209686c88c62d6957
[2023-08-23 17:30:14]--[login_cgi.cpp:220]--buf = {
    "pwd": "8a2dc3c6cb64e0b25858543b94411449",
    "user": "zengjx"
}

[2023-08-23 17:30:14]--[login_cgi.cpp:225]--user = zengjx, pwd = 8a2dc3c6cb64e0b25858543b94411449
[2023-08-23 17:30:14]--[login_cgi.cpp:51]--mysql_user = root, mysql_pwd = #ZJx123456, mysql_db = filesystem
[2023-08-23 17:30:14]--[login_cgi.cpp:93]--redis:[ip=127.0.0.1,port=6379]
[2023-08-23 17:30:14]--[login_cgi.cpp:114]--tmp = zengjx40156668690
[2023-08-23 17:30:14]--[login_cgi.cpp:129]--base64 = NADefR0ji4395c3FKNJEtLN71Jkkp7xg
[2023-08-23 17:30:14]--[login_cgi.cpp:233]--token = 383aa17a8faa9379e96d494a9fbbde2f
[2023-08-23 17:38:05]--[login_cgi.cpp:220]--buf = {
    "pwd": "8a2dc3c6cb64e0b25858543b94411449",
    "user": "zengjx"
}

[2023-08-23 17:38:05]--[login_cgi.cpp:225]--user = zengjx, pwd = 8a2dc3c6cb64e0b25858543b94411449
[2023-08-23 17:38:05]--[login_cgi.cpp:51]--mysql_user = root, mysql_pwd = #ZJx123456, mysql_db = filesystem
[2023-08-23 17:38:05]--[login_cgi.cpp:93]--redis:[ip=127.0.0.1,port=6379]
[2023-08-23 17:38:05]--[login_cgi.cpp:114]--tmp = zengjx461334565562
[2023-08-23 17:38:05]--[login_cgi.cpp:129]--base64 = 5pAoSRz46n9upAjbIjO27J1gqzf3F1ik
[2023-08-23 17:38:05]--[login_cgi.cpp:233]--token = 1170ef58e40e1a82e0b2436427dcead5
[2023-08-23 17:43:44]--[login_cgi.cpp:220]--buf = {
    "pwd": "8a2dc3c6cb64e0b25858543b94411449",
    "user": "zengjx"
}

[2023-08-23 17:43:44]--[login_cgi.cpp:225]--user = zengjx, pwd = 8a2dc3c6cb64e0b25858543b94411449
[2023-08-23 17:43:44]--[login_cgi.cpp:51]--mysql_user = root, mysql_pwd = #ZJx123456, mysql_db = filesystem
[2023-08-23 17:43:44]--[login_cgi.cpp:93]--redis:[ip=127.0.0.1,port=6379]
[2023-08-23 17:43:44]--[login_cgi.cpp:114]--tmp = zengjx444903763613
[2023-08-23 17:43:44]--[login_cgi.cpp:129]--base64 = RSBnsNrAiye2LJUp1JWhbzRwIA7p76LA
[2023-08-23 17:43:44]--[login_cgi.cpp:233]--token = 4ca636442da976b8dd0609aba5eaa2b7
[2023-08-23 17:47:19]--[login_cgi.cpp:220]--buf = {
    "pwd": "8a2dc3c6cb64e0b25858543b94411449",
    "user": "zengjx"
}

[2023-08-23 17:47:19]--[login_cgi.cpp:225]--user = zengjx, pwd = 8a2dc3c6cb64e0b25858543b94411449
[2023-08-23 17:47:19]--[login_cgi.cpp:51]--mysql_user = root, mysql_pwd = #ZJx123456, mysql_db = filesystem
[2023-08-23 17:47:20]--[login_cgi.cpp:93]--redis:[ip=127.0.0.1,port=6379]
[2023-08-23 17:47:20]--[login_cgi.cpp:114]--tmp = zengjx57631310890
[2023-08-23 17:47:20]--[login_cgi.cpp:129]--base64 = z9ObPomMTKofY7ra+nvzRrN71Jkkp7xg
[2023-08-23 17:47:20]--[login_cgi.cpp:233]--token = 6c1710da0f952e43cf24ed88cf516301
[2023-08-23 17:47:20]--[login_cgi.cpp:220]--buf = {
    "pwd": "8a2dc3c6cb64e0b25858543b94411449",
    "user": "zengjx"
}

[2023-08-23 17:47:20]--[login_cgi.cpp:225]--user = zengjx, pwd = 8a2dc3c6cb64e0b25858543b94411449
[2023-08-23 17:47:20]--[login_cgi.cpp:51]--mysql_user = root, mysql_pwd = #ZJx123456, mysql_db = filesystem
[2023-08-23 17:47:20]--[login_cgi.cpp:93]--redis:[ip=127.0.0.1,port=6379]
[2023-08-23 17:47:20]--[login_cgi.cpp:114]--tmp = zengjx57631310890
[2023-08-23 17:47:20]--[login_cgi.cpp:129]--base64 = z9ObPomMTKofY7ra+nvzRrN71Jkkp7xg
[2023-08-23 17:47:20]--[login_cgi.cpp:233]--token = 6c1710da0f952e43cf24ed88cf516301
[2023-08-23 17:56:22]--[login_cgi.cpp:220]--buf = {
    "pwd": "8a2dc3c6cb64e0b25858543b94411449",
    "user": "zengjx"
}

[2023-08-23 17:56:22]--[login_cgi.cpp:225]--user = zengjx, pwd = 8a2dc3c6cb64e0b25858543b94411449
[2023-08-23 17:56:22]--[login_cgi.cpp:51]--mysql_user = root, mysql_pwd = #ZJx123456, mysql_db = filesystem
[2023-08-23 17:56:22]--[login_cgi.cpp:93]--redis:[ip=127.0.0.1,port=6379]
[2023-08-23 17:56:22]--[login_cgi.cpp:114]--tmp = zengjx78318855866
[2023-08-23 17:56:22]--[login_cgi.cpp:129]--base64 = SHig55CUyvdyvQ8ssSaeGewb1egIr+tu
[2023-08-23 17:56:22]--[login_cgi.cpp:233]--token = 6b4f03ec2ea91154be04b23599ec8337
[2023-08-23 18:01:28]--[login_cgi.cpp:220]--buf = {
    "pwd": "8a2dc3c6cb64e0b25858543b94411449",
    "user": "zengjx"
}

[2023-08-23 18:01:28]--[login_cgi.cpp:225]--user = zengjx, pwd = 8a2dc3c6cb64e0b25858543b94411449
[2023-08-23 18:01:28]--[login_cgi.cpp:51]--mysql_user = root, mysql_pwd = #ZJx123456, mysql_db = filesystem
[2023-08-23 18:01:28]--[login_cgi.cpp:93]--redis:[ip=127.0.0.1,port=6379]
[2023-08-23 18:01:28]--[login_cgi.cpp:114]--tmp = zengjx80855660292
[2023-08-23 18:01:28]--[login_cgi.cpp:129]--base64 = F0Sak4FiVoZBmS9m3+Hw6nj7pjZQFtzO
[2023-08-23 18:01:28]--[login_cgi.cpp:233]--token = 4214352cc7b33ebdb3df72fead88b788
[2023-08-23 18:01:28]--[login_cgi.cpp:220]--buf = {
    "pwd": "8a2dc3c6cb64e0b25858543b94411449",
    "user": "zengjx"
}

[2023-08-23 18:01:28]--[login_cgi.cpp:225]--user = zengjx, pwd = 8a2dc3c6cb64e0b25858543b94411449
[2023-08-23 18:01:28]--[login_cgi.cpp:51]--mysql_user = root, mysql_pwd = #ZJx123456, mysql_db = filesystem
[2023-08-23 18:01:28]--[login_cgi.cpp:93]--redis:[ip=127.0.0.1,port=6379]
[2023-08-23 18:01:28]--[login_cgi.cpp:114]--tmp = zengjx80855660292
[2023-08-23 18:01:28]--[login_cgi.cpp:129]--base64 = F0Sak4FiVoZBmS9m3+Hw6nj7pjZQFtzO
[2023-08-23 18:01:28]--[login_cgi.cpp:233]--token = 4214352cc7b33ebdb3df72fead88b788
[2023-08-23 18:01:43]--[login_cgi.cpp:220]--buf = {
    "pwd": "8a2dc3c6cb64e0b25858543b94411449",
    "user": "zengjx"
}

[2023-08-23 18:01:43]--[login_cgi.cpp:225]--user = zengjx, pwd = 8a2dc3c6cb64e0b25858543b94411449
[2023-08-23 18:01:43]--[login_cgi.cpp:51]--mysql_user = root, mysql_pwd = #ZJx123456, mysql_db = filesystem
[2023-08-23 18:01:43]--[login_cgi.cpp:93]--redis:[ip=127.0.0.1,port=6379]
[2023-08-23 18:01:43]--[login_cgi.cpp:114]--tmp = zengjx7818610981
[2023-08-23 18:01:43]--[login_cgi.cpp:129]--base64 = SHig55CUyvceg7V15MACTi0ZxLNK7pNJ
[2023-08-23 18:01:43]--[login_cgi.cpp:233]--token = 62cfcdc62da415292eb9c6ec02d3689c
[2023-08-23 18:02:58]--[login_cgi.cpp:220]--buf = {
    "pwd": "8a2dc3c6cb64e0b25858543b94411449",
    "user": "zengjx"
}

[2023-08-23 18:02:58]--[login_cgi.cpp:225]--user = zengjx, pwd = 8a2dc3c6cb64e0b25858543b94411449
[2023-08-23 18:02:58]--[login_cgi.cpp:51]--mysql_user = root, mysql_pwd = #ZJx123456, mysql_db = filesystem
[2023-08-23 18:02:58]--[login_cgi.cpp:93]--redis:[ip=127.0.0.1,port=6379]
[2023-08-23 18:02:58]--[login_cgi.cpp:114]--tmp = zengjx504994990370
[2023-08-23 18:02:58]--[login_cgi.cpp:129]--base64 = o0YfM0hCmFkOyc4gYSF5D/tUfO2sJBoC
[2023-08-23 18:02:58]--[login_cgi.cpp:233]--token = 6dc6417ab0d8c1486ee59374fdd90f7c
[2023-08-23 18:03:42]--[login_cgi.cpp:220]--buf = {
    "pwd": "8a2dc3c6cb64e0b25858543b94411449",
    "user": "zengjx"
}

[2023-08-23 18:03:42]--[login_cgi.cpp:225]--user = zengjx, pwd = 8a2dc3c6cb64e0b25858543b94411449
[2023-08-23 18:03:42]--[login_cgi.cpp:51]--mysql_user = root, mysql_pwd = #ZJx123456, mysql_db = filesystem
[2023-08-23 18:03:42]--[login_cgi.cpp:93]--redis:[ip=127.0.0.1,port=6379]
[2023-08-23 18:03:42]--[login_cgi.cpp:114]--tmp = zengjx461145219677
[2023-08-23 18:03:42]--[login_cgi.cpp:129]--base64 = 5pAoSRz46n9H4yVAiGGo8ZFNToLc4xQW
[2023-08-23 18:03:42]--[login_cgi.cpp:233]--token = 12d6fdb206616bfafd171d63f9ede49a
[2023-08-23 18:11:15]--[login_cgi.cpp:220]--buf = {
    "pwd": "8a2dc3c6cb64e0b25858543b94411449",
    "user": "zengjx"
}

[2023-08-23 18:11:15]--[login_cgi.cpp:225]--user = zengjx, pwd = 8a2dc3c6cb64e0b25858543b94411449
[2023-08-23 18:11:15]--[login_cgi.cpp:51]--mysql_user = root, mysql_pwd = #ZJx123456, mysql_db = filesystem
[2023-08-23 18:11:15]--[login_cgi.cpp:93]--redis:[ip=127.0.0.1,port=6379]
[2023-08-23 18:11:15]--[login_cgi.cpp:114]--tmp = zengjx38361795858
[2023-08-23 18:11:15]--[login_cgi.cpp:129]--base64 = XypRKhPUggOXdJo4XrvseFSLR+LwC1FL
[2023-08-23 18:11:15]--[login_cgi.cpp:233]--token = 36137b96c859994a18a1d6f47409e21b
[2023-08-23 18:15:56]--[login_cgi.cpp:220]--buf = {
    "pwd": "cd4c72acf27ab07e47a845b62bac8951",
    "user": "zengjianxin"
}

[2023-08-23 18:15:56]--[login_cgi.cpp:225]--user = zengjianxin, pwd = cd4c72acf27ab07e47a845b62bac8951
[2023-08-23 18:15:56]--[login_cgi.cpp:51]--mysql_user = root, mysql_pwd = #ZJx123456, mysql_db = filesystem
[2023-08-23 18:15:56]--[login_cgi.cpp:93]--redis:[ip=127.0.0.1,port=6379]
[2023-08-23 18:15:56]--[login_cgi.cpp:114]--tmp = zengjianxin203593944728
[2023-08-23 18:15:56]--[login_cgi.cpp:129]--base64 = VoMUZINVlpPyor68dHZh7uyG6YMZbIsB
[2023-08-23 18:15:56]--[login_cgi.cpp:233]--token = 96257c1d583261c29b6b8111d5386632
[2023-08-23 18:21:56]--[login_cgi.cpp:220]--buf = {
    "pwd": "8a2dc3c6cb64e0b25858543b94411449",
    "user": "zengjx"
}

[2023-08-23 18:21:56]--[login_cgi.cpp:225]--user = zengjx, pwd = 8a2dc3c6cb64e0b25858543b94411449
[2023-08-23 18:21:56]--[login_cgi.cpp:51]--mysql_user = root, mysql_pwd = #ZJx123456, mysql_db = filesystem
[2023-08-23 18:21:56]--[login_cgi.cpp:93]--redis:[ip=127.0.0.1,port=6379]
[2023-08-23 18:21:56]--[login_cgi.cpp:114]--tmp = zengjx76777221881
[2023-08-23 18:21:56]--[login_cgi.cpp:129]--base64 = JIErmdW/XWkW2BPYNVMqUvlvnLKu4lWq
[2023-08-23 18:21:56]--[login_cgi.cpp:233]--token = d3a96e943c9e25826a92afc2471b46df
[2023-08-23 18:24:12]--[login_cgi.cpp:220]--buf = {
    "pwd": "8a2dc3c6cb64e0b25858543b94411449",
    "user": "zengjx"
}

[2023-08-23 18:24:12]--[login_cgi.cpp:225]--user = zengjx, pwd = 8a2dc3c6cb64e0b25858543b94411449
[2023-08-23 18:24:12]--[login_cgi.cpp:51]--mysql_user = root, mysql_pwd = #ZJx123456, mysql_db = filesystem
[2023-08-23 18:24:12]--[login_cgi.cpp:93]--redis:[ip=127.0.0.1,port=6379]
[2023-08-23 18:24:12]--[login_cgi.cpp:114]--tmp = zengjx683141334512
[2023-08-23 18:24:12]--[login_cgi.cpp:129]--base64 = RJvcvFp76f9HpzsMO6d9ppFXm5p/zxSa
[2023-08-23 18:24:12]--[login_cgi.cpp:233]--token = 18aa29856ded41a19d7e42f8d18ce250
[2023-08-23 18:25:15]--[login_cgi.cpp:220]--buf = {
    "pwd": "8a2dc3c6cb64e0b25858543b94411449",
    "user": "zengjx"
}

[2023-08-23 18:25:15]--[login_cgi.cpp:225]--user = zengjx, pwd = 8a2dc3c6cb64e0b25858543b94411449
[2023-08-23 18:25:15]--[login_cgi.cpp:51]--mysql_user = root, mysql_pwd = #ZJx123456, mysql_db = filesystem
[2023-08-23 18:25:15]--[login_cgi.cpp:93]--redis:[ip=127.0.0.1,port=6379]
[2023-08-23 18:25:15]--[login_cgi.cpp:114]--tmp = zengjx786489525834
[2023-08-23 18:25:15]--[login_cgi.cpp:129]--base64 = SHig55CUyvfs5eXXDtwGphPlMLJZBNaa
[2023-08-23 18:25:15]--[login_cgi.cpp:233]--token = 21726f2ddfe5d62cf1a875390c738b5d
[2023-08-23 18:26:52]--[login_cgi.cpp:220]--buf = {
    "pwd": "8a2dc3c6cb64e0b25858543b94411449",
    "user": "zengjx"
}

[2023-08-23 18:26:52]--[login_cgi.cpp:225]--user = zengjx, pwd = 8a2dc3c6cb64e0b25858543b94411449
[2023-08-23 18:26:52]--[login_cgi.cpp:51]--mysql_user = root, mysql_pwd = #ZJx123456, mysql_db = filesystem
[2023-08-23 18:26:52]--[login_cgi.cpp:93]--redis:[ip=127.0.0.1,port=6379]
[2023-08-23 18:26:52]--[login_cgi.cpp:114]--tmp = zengjx366920964803
[2023-08-23 18:26:52]--[login_cgi.cpp:129]--base64 = YS9hTTEnoYd5630Vq/NdZBTgMpQIUPOt
[2023-08-23 18:26:52]--[login_cgi.cpp:233]--token = dda62735bbccad9123bb0bf8289d0921
[2023-08-23 18:28:02]--[login_cgi.cpp:220]--buf = {
    "pwd": "8a2dc3c6cb64e0b25858543b94411449",
    "user": "zengjx"
}

[2023-08-23 18:28:02]--[login_cgi.cpp:225]--user = zengjx, pwd = 8a2dc3c6cb64e0b25858543b94411449
[2023-08-23 18:28:02]--[login_cgi.cpp:51]--mysql_user = root, mysql_pwd = #ZJx123456, mysql_db = filesystem
[2023-08-23 18:28:02]--[login_cgi.cpp:93]--redis:[ip=127.0.0.1,port=6379]
[2023-08-23 18:28:02]--[login_cgi.cpp:114]--tmp = zengjx217196948922
[2023-08-23 18:28:02]--[login_cgi.cpp:129]--base64 = lvVgFUx2eu97zMuoIidjDLS5BjzpO5ah
[2023-08-23 18:28:02]--[login_cgi.cpp:233]--token = e37814b40f71f0dd609f94c0d3cc1f60
[2023-08-23 18:30:03]--[login_cgi.cpp:220]--buf = {
    "pwd": "8a2dc3c6cb64e0b25858543b94411449",
    "user": "zengjx"
}

[2023-08-23 18:30:03]--[login_cgi.cpp:225]--user = zengjx, pwd = 8a2dc3c6cb64e0b25858543b94411449
[2023-08-23 18:30:03]--[login_cgi.cpp:51]--mysql_user = root, mysql_pwd = #ZJx123456, mysql_db = filesystem
[2023-08-23 18:30:03]--[login_cgi.cpp:93]--redis:[ip=127.0.0.1,port=6379]
[2023-08-23 18:30:03]--[login_cgi.cpp:114]--tmp = zengjx26495374858
[2023-08-23 18:30:03]--[login_cgi.cpp:129]--base64 = MhUhVSPUDYqCdRESb/b0WFSLR+LwC1FL
[2023-08-23 18:30:03]--[login_cgi.cpp:233]--token = 3ae48beb8389fb0622d84f0abd4c0112
[2023-08-23 18:35:28]--[login_cgi.cpp:220]--buf = {
    "pwd": "8a2dc3c6cb64e0b25858543b94411449",
    "user": "zengjx"
}

[2023-08-23 18:35:28]--[login_cgi.cpp:225]--user = zengjx, pwd = 8a2dc3c6cb64e0b25858543b94411449
[2023-08-23 18:35:28]--[login_cgi.cpp:51]--mysql_user = root, mysql_pwd = #ZJx123456, mysql_db = filesystem
[2023-08-23 18:35:28]--[login_cgi.cpp:93]--redis:[ip=127.0.0.1,port=6379]
[2023-08-23 18:35:28]--[login_cgi.cpp:114]--tmp = zengjx727146520515
[2023-08-23 18:35:28]--[login_cgi.cpp:129]--base64 = wmhKStD+cavntBmgTEBm7okGY2TdE/kP
[2023-08-23 18:35:28]--[login_cgi.cpp:233]--token = c2ead8dc457120289fc8afa3e8d61463
[2023-08-23 18:42:21]--[login_cgi.cpp:220]--buf = {
    "pwd": "8a2dc3c6cb64e0b25858543b94411449",
    "user": "zengjx"
}

[2023-08-23 18:42:21]--[login_cgi.cpp:225]--user = zengjx, pwd = 8a2dc3c6cb64e0b25858543b94411449
[2023-08-23 18:42:21]--[login_cgi.cpp:51]--mysql_user = root, mysql_pwd = #ZJx123456, mysql_db = filesystem
[2023-08-23 18:42:21]--[login_cgi.cpp:93]--redis:[ip=127.0.0.1,port=6379]
[2023-08-23 18:42:21]--[login_cgi.cpp:114]--tmp = zengjx64941754488
[2023-08-23 18:42:21]--[login_cgi.cpp:129]--base64 = 4M2itGyOfpL2mwnPWFuSJlSLR+LwC1FL
[2023-08-23 18:42:21]--[login_cgi.cpp:233]--token = 61dc8d3bdcbeb964503a3c4408b1bf76
[2023-08-23 18:57:13]--[login_cgi.cpp:220]--buf = {
    "pwd": "8a2dc3c6cb64e0b25858543b94411449",
    "user": "zengjx"
}

[2023-08-23 18:57:13]--[login_cgi.cpp:225]--user = zengjx, pwd = 8a2dc3c6cb64e0b25858543b94411449
[2023-08-23 18:57:13]--[login_cgi.cpp:51]--mysql_user = root, mysql_pwd = #ZJx123456, mysql_db = filesystem
[2023-08-23 18:57:13]--[login_cgi.cpp:93]--redis:[ip=127.0.0.1,port=6379]
[2023-08-23 18:57:13]--[login_cgi.cpp:114]--tmp = zengjx598198594133
[2023-08-23 18:57:13]--[login_cgi.cpp:129]--base64 = YRkKE/zQMD1Pex1v6Ur8R5tglNxDPLOk
[2023-08-23 18:57:13]--[login_cgi.cpp:233]--token = bbff1385ac9eb1ed0819735cb80c4b41
[2023-08-23 19:16:06]--[login_cgi.cpp:220]--buf = {
    "pwd": "8a2dc3c6cb64e0b25858543b94411449",
    "user": "zengjx"
}

[2023-08-23 19:16:06]--[login_cgi.cpp:225]--user = zengjx, pwd = 8a2dc3c6cb64e0b25858543b94411449
[2023-08-23 19:16:06]--[login_cgi.cpp:51]--mysql_user = root, mysql_pwd = #ZJx123456, mysql_db = filesystem
[2023-08-23 19:16:06]--[login_cgi.cpp:93]--redis:[ip=127.0.0.1,port=6379]
[2023-08-23 19:16:06]--[login_cgi.cpp:114]--tmp = zengjx603209762535
[2023-08-23 19:16:06]--[login_cgi.cpp:129]--base64 = 586NFL43WNjhYfuqPq9zUGMRS5WDqcSs
[2023-08-23 19:16:06]--[login_cgi.cpp:233]--token = ee57c0d1c1e7ce3ab643cedf51f14a61
[2023-08-23 19:20:10]--[login_cgi.cpp:220]--buf = {
    "pwd": "8a2dc3c6cb64e0b25858543b94411449",
    "user": "zengjx"
}

[2023-08-23 19:20:10]--[login_cgi.cpp:225]--user = zengjx, pwd = 8a2dc3c6cb64e0b25858543b94411449
[2023-08-23 19:20:10]--[login_cgi.cpp:51]--mysql_user = root, mysql_pwd = #ZJx123456, mysql_db = filesystem
[2023-08-23 19:20:10]--[login_cgi.cpp:93]--redis:[ip=127.0.0.1,port=6379]
[2023-08-23 19:20:10]--[login_cgi.cpp:114]--tmp = zengjx220115777748
[2023-08-23 19:20:10]--[login_cgi.cpp:129]--base64 = 86oWHWmJtEoc9oc6OomPQEmFPUwzEjvQ
[2023-08-23 19:20:10]--[login_cgi.cpp:233]--token = 453ffb8ddc381154c23907d3b8481c4d
[2023-08-23 19:33:20]--[login_cgi.cpp:220]--buf = {
    "pwd": "8a2dc3c6cb64e0b25858543b94411449",
    "user": "zengjx"
}

[2023-08-23 19:33:20]--[login_cgi.cpp:225]--user = zengjx, pwd = 8a2dc3c6cb64e0b25858543b94411449
[2023-08-23 19:33:20]--[login_cgi.cpp:51]--mysql_user = root, mysql_pwd = #ZJx123456, mysql_db = filesystem
[2023-08-23 19:33:20]--[login_cgi.cpp:93]--redis:[ip=127.0.0.1,port=6379]
[2023-08-23 19:33:20]--[login_cgi.cpp:114]--tmp = zengjx632777558869
[2023-08-23 19:33:20]--[login_cgi.cpp:129]--base64 = EFxGgAzeM+FyBY7MleVIm7fbo34/czX8
[2023-08-23 19:33:20]--[login_cgi.cpp:233]--token = 831096bb7d77e4fae5805cc5b9c03107
[2023-08-23 19:36:00]--[login_cgi.cpp:220]--buf = {
    "pwd": "8a2dc3c6cb64e0b25858543b94411449",
    "user": "zengjx"
}

[2023-08-23 19:36:00]--[login_cgi.cpp:225]--user = zengjx, pwd = 8a2dc3c6cb64e0b25858543b94411449
[2023-08-23 19:36:00]--[login_cgi.cpp:51]--mysql_user = root, mysql_pwd = #ZJx123456, mysql_db = filesystem
[2023-08-23 19:36:00]--[login_cgi.cpp:93]--redis:[ip=127.0.0.1,port=6379]
[2023-08-23 19:36:00]--[login_cgi.cpp:114]--tmp = zengjx986766426929
[2023-08-23 19:36:00]--[login_cgi.cpp:129]--base64 = 7i7ohBK86OuRb5v3WBYBmRghwy32gsog
[2023-08-23 19:36:00]--[login_cgi.cpp:233]--token = b00753f9ac1a60956cc94a172d7d1084
[2023-08-23 19:43:37]--[login_cgi.cpp:220]--buf = {
    "pwd": "8a2dc3c6cb64e0b25858543b94411449",
    "user": "zengjx"
}

[2023-08-23 19:43:37]--[login_cgi.cpp:225]--user = zengjx, pwd = 8a2dc3c6cb64e0b25858543b94411449
[2023-08-23 19:43:37]--[login_cgi.cpp:51]--mysql_user = root, mysql_pwd = #ZJx123456, mysql_db = filesystem
[2023-08-23 19:43:37]--[login_cgi.cpp:93]--redis:[ip=127.0.0.1,port=6379]
[2023-08-23 19:43:37]--[login_cgi.cpp:114]--tmp = zengjx615677549566
[2023-08-23 19:43:37]--[login_cgi.cpp:129]--base64 = IP5xW/0PmSTpLyNwslElPfeszm0oB5mM
[2023-08-23 19:43:37]--[login_cgi.cpp:233]--token = 5c58d4b80adf86e80b0fbda55b6d5fbd
[2023-08-23 19:49:52]--[login_cgi.cpp:220]--buf = {
    "pwd": "8a2dc3c6cb64e0b25858543b94411449",
    "user": "zengjx"
}

[2023-08-23 19:49:52]--[login_cgi.cpp:225]--user = zengjx, pwd = 8a2dc3c6cb64e0b25858543b94411449
[2023-08-23 19:49:52]--[login_cgi.cpp:51]--mysql_user = root, mysql_pwd = #ZJx123456, mysql_db = filesystem
[2023-08-23 19:49:52]--[login_cgi.cpp:93]--redis:[ip=127.0.0.1,port=6379]
[2023-08-23 19:49:52]--[login_cgi.cpp:114]--tmp = zengjx6076436511
[2023-08-23 19:49:52]--[login_cgi.cpp:129]--base64 = 586NFL43WNjB8oFlt4MIXC0ZxLNK7pNJ
[2023-08-23 19:49:52]--[login_cgi.cpp:233]--token = ec1eb43d8409fa550c5b1349f1bc782c
[2023-08-23 19:54:18]--[login_cgi.cpp:220]--buf = {
    "pwd": "8a2dc3c6cb64e0b25858543b94411449",
    "user": "zengjx"
}

[2023-08-23 19:54:18]--[login_cgi.cpp:225]--user = zengjx, pwd = 8a2dc3c6cb64e0b25858543b94411449
[2023-08-23 19:54:18]--[login_cgi.cpp:51]--mysql_user = root, mysql_pwd = #ZJx123456, mysql_db = filesystem
[2023-08-23 19:54:18]--[login_cgi.cpp:93]--redis:[ip=127.0.0.1,port=6379]
[2023-08-23 19:54:18]--[login_cgi.cpp:114]--tmp = zengjx870548649155
[2023-08-23 19:54:18]--[login_cgi.cpp:129]--base64 = p01JM7N3qcbrjqCsHS+0QBmJcLyqK45O
[2023-08-23 19:54:18]--[login_cgi.cpp:233]--token = ad2a524c2f61bbadd97d8ca991d73a65
[2023-08-23 19:58:49]--[login_cgi.cpp:220]--buf = {
    "pwd": "8a2dc3c6cb64e0b25858543b94411449",
    "user": "zengjx"
}

[2023-08-23 19:58:49]--[login_cgi.cpp:225]--user = zengjx, pwd = 8a2dc3c6cb64e0b25858543b94411449
[2023-08-23 19:58:49]--[login_cgi.cpp:51]--mysql_user = root, mysql_pwd = #ZJx123456, mysql_db = filesystem
[2023-08-23 19:58:49]--[login_cgi.cpp:93]--redis:[ip=127.0.0.1,port=6379]
[2023-08-23 19:58:49]--[login_cgi.cpp:114]--tmp = zengjx988896992337
[2023-08-23 19:58:49]--[login_cgi.cpp:129]--base64 = 7i7ohBK86Ou0hNCQHQ5pHROG7t02kPOv
[2023-08-23 19:58:49]--[login_cgi.cpp:233]--token = c7ec89c83171ef6815f2f9c0ada31c36
[2023-08-23 20:01:45]--[login_cgi.cpp:220]--buf = {
    "pwd": "8a2dc3c6cb64e0b25858543b94411449",
    "user": "zengjx"
}

[2023-08-23 20:01:45]--[login_cgi.cpp:225]--user = zengjx, pwd = 8a2dc3c6cb64e0b25858543b94411449
[2023-08-23 20:01:45]--[login_cgi.cpp:51]--mysql_user = root, mysql_pwd = #ZJx123456, mysql_db = filesystem
[2023-08-23 20:01:45]--[login_cgi.cpp:93]--redis:[ip=127.0.0.1,port=6379]
[2023-08-23 20:01:45]--[login_cgi.cpp:114]--tmp = zengjx44129749324
[2023-08-23 20:01:45]--[login_cgi.cpp:129]--base64 = RSBnsNrAiydotvvxzEowep+HwxKUAZ0k
[2023-08-23 20:01:45]--[login_cgi.cpp:233]--token = 2cb6882da91b94b7a9914cc6b6fb2807
[2023-08-23 20:07:01]--[login_cgi.cpp:220]--buf = {
    "pwd": "8a2dc3c6cb64e0b25858543b94411449",
    "user": "zengjx"
}

[2023-08-23 20:07:01]--[login_cgi.cpp:225]--user = zengjx, pwd = 8a2dc3c6cb64e0b25858543b94411449
[2023-08-23 20:07:01]--[login_cgi.cpp:51]--mysql_user = root, mysql_pwd = #ZJx123456, mysql_db = filesystem
[2023-08-23 20:07:01]--[login_cgi.cpp:93]--redis:[ip=127.0.0.1,port=6379]
[2023-08-23 20:07:01]--[login_cgi.cpp:114]--tmp = zengjx83257723959
[2023-08-23 20:07:01]--[login_cgi.cpp:129]--base64 = vltE9wA176BJWicVKEo2dlzqyK7PQug1
[2023-08-23 20:07:01]--[login_cgi.cpp:233]--token = e4a4e27518a3552618ae07346b9b7ea1
[2023-08-23 20:43:38]--[login_cgi.cpp:220]--buf = {
    "pwd": "8a2dc3c6cb64e0b25858543b94411449",
    "user": "zengjx"
}

[2023-08-23 20:43:38]--[login_cgi.cpp:225]--user = zengjx, pwd = 8a2dc3c6cb64e0b25858543b94411449
[2023-08-23 20:43:38]--[login_cgi.cpp:51]--mysql_user = root, mysql_pwd = #ZJx123456, mysql_db = filesystem
[2023-08-23 20:43:38]--[login_cgi.cpp:93]--redis:[ip=127.0.0.1,port=6379]
[2023-08-23 20:43:38]--[login_cgi.cpp:114]--tmp = zengjx399845671197
[2023-08-23 20:43:38]--[login_cgi.cpp:129]--base64 = 1Dvx09MMOOUgDTufE5RGdTA1UwvPrxKR
[2023-08-23 20:43:38]--[login_cgi.cpp:233]--token = b3dd9fe635cef33f960324b6267915a4
[2023-08-23 20:48:01]--[login_cgi.cpp:220]--buf = {
    "pwd": "8a2dc3c6cb64e0b25858543b94411449",
    "user": "zengjx"
}

[2023-08-23 20:48:01]--[login_cgi.cpp:225]--user = zengjx, pwd = 8a2dc3c6cb64e0b25858543b94411449
[2023-08-23 20:48:01]--[login_cgi.cpp:51]--mysql_user = root, mysql_pwd = #ZJx123456, mysql_db = filesystem
[2023-08-23 20:48:01]--[login_cgi.cpp:93]--redis:[ip=127.0.0.1,port=6379]
[2023-08-23 20:48:01]--[login_cgi.cpp:114]--tmp = zengjx873187357551
[2023-08-23 20:48:01]--[login_cgi.cpp:129]--base64 = p01JM7N3qcaG8XCgogfXtxrhUL/4Vi1A
[2023-08-23 20:48:01]--[login_cgi.cpp:233]--token = 09634ed411249f6ea2cbb3b1f1f82655
[2023-08-23 20:52:33]--[login_cgi.cpp:220]--buf = {
    "pwd": "8a2dc3c6cb64e0b25858543b94411449",
    "user": "zengjx"
}

[2023-08-23 20:52:33]--[login_cgi.cpp:225]--user = zengjx, pwd = 8a2dc3c6cb64e0b25858543b94411449
[2023-08-23 20:52:33]--[login_cgi.cpp:51]--mysql_user = root, mysql_pwd = #ZJx123456, mysql_db = filesystem
[2023-08-23 20:52:33]--[login_cgi.cpp:93]--redis:[ip=127.0.0.1,port=6379]
[2023-08-23 20:52:33]--[login_cgi.cpp:114]--tmp = zengjx92349538258
[2023-08-23 20:52:33]--[login_cgi.cpp:129]--base64 = AKxTzDqCQ442vkJYj+7ftlSLR+LwC1FL
[2023-08-23 20:52:33]--[login_cgi.cpp:233]--token = ae5f8ad6f15cb4112372b60ded6cfbfa
[2023-08-23 21:16:50]--[login_cgi.cpp:220]--buf = {
    "pwd": "8a2dc3c6cb64e0b25858543b94411449",
    "user": "zengjx"
}

[2023-08-23 21:16:50]--[login_cgi.cpp:225]--user = zengjx, pwd = 8a2dc3c6cb64e0b25858543b94411449
[2023-08-23 21:16:50]--[login_cgi.cpp:51]--mysql_user = root, mysql_pwd = #ZJx123456, mysql_db = filesystem
[2023-08-23 21:16:50]--[login_cgi.cpp:93]--redis:[ip=127.0.0.1,port=6379]
[2023-08-23 21:16:50]--[login_cgi.cpp:114]--tmp = zengjx99847686520
[2023-08-23 21:16:50]--[login_cgi.cpp:129]--base64 = iZazvQKJLRBFrtB4wn6T+bN71Jkkp7xg
[2023-08-23 21:16:50]--[login_cgi.cpp:233]--token = ccabf62525e7b01d076d5e7aa72e6e1a
[2023-08-23 21:19:10]--[login_cgi.cpp:220]--buf = {
    "pwd": "8a2dc3c6cb64e0b25858543b94411449",
    "user": "zengjx"
}

[2023-08-23 21:19:10]--[login_cgi.cpp:225]--user = zengjx, pwd = 8a2dc3c6cb64e0b25858543b94411449
[2023-08-23 21:19:10]--[login_cgi.cpp:51]--mysql_user = root, mysql_pwd = #ZJx123456, mysql_db = filesystem
[2023-08-23 21:19:10]--[login_cgi.cpp:93]--redis:[ip=127.0.0.1,port=6379]
[2023-08-23 21:19:10]--[login_cgi.cpp:114]--tmp = zengjx916914870871
[2023-08-23 21:19:10]--[login_cgi.cpp:129]--base64 = 0Mn3uTxO8jEvFPgA8obzdfo2yaMF8xD3
[2023-08-23 21:19:10]--[login_cgi.cpp:233]--token = 7ccd878b3bbc194500d11f64b27ec62b
[2023-08-23 21:22:54]--[login_cgi.cpp:220]--buf = {
    "pwd": "8a2dc3c6cb64e0b25858543b94411449",
    "user": "zengjx"
}

[2023-08-23 21:22:54]--[login_cgi.cpp:225]--user = zengjx, pwd = 8a2dc3c6cb64e0b25858543b94411449
[2023-08-23 21:22:54]--[login_cgi.cpp:51]--mysql_user = root, mysql_pwd = #ZJx123456, mysql_db = filesystem
[2023-08-23 21:22:54]--[login_cgi.cpp:93]--redis:[ip=127.0.0.1,port=6379]
[2023-08-23 21:22:54]--[login_cgi.cpp:114]--tmp = zengjx355472363156
[2023-08-23 21:22:54]--[login_cgi.cpp:129]--base64 = bnWJ8zr4klMvyvfvqU2SnthGzRVlNC3/
[2023-08-23 21:22:54]--[login_cgi.cpp:233]--token = 882e6b108af9e1b0d6fa73c7d37d460e
[2023-08-23 21:25:44]--[login_cgi.cpp:220]--buf = {
    "pwd": "8a2dc3c6cb64e0b25858543b94411449",
    "user": "zengjx"
}

[2023-08-23 21:25:44]--[login_cgi.cpp:225]--user = zengjx, pwd = 8a2dc3c6cb64e0b25858543b94411449
[2023-08-23 21:25:44]--[login_cgi.cpp:51]--mysql_user = root, mysql_pwd = #ZJx123456, mysql_db = filesystem
[2023-08-23 21:25:44]--[login_cgi.cpp:93]--redis:[ip=127.0.0.1,port=6379]
[2023-08-23 21:25:44]--[login_cgi.cpp:114]--tmp = zengjx35630492305
[2023-08-23 21:25:44]--[login_cgi.cpp:129]--base64 = bnWJ8zr4klNzyWUAbw932m+Ut+5trQL2
[2023-08-23 21:25:44]--[login_cgi.cpp:233]--token = 6494dc5027085303f75c0aaa99e89f8d
[2023-08-23 21:30:44]--[login_cgi.cpp:220]--buf = {
    "pwd": "8a2dc3c6cb64e0b25858543b94411449",
    "user": "zengjx"
}

[2023-08-23 21:30:44]--[login_cgi.cpp:225]--user = zengjx, pwd = 8a2dc3c6cb64e0b25858543b94411449
[2023-08-23 21:30:44]--[login_cgi.cpp:51]--mysql_user = root, mysql_pwd = #ZJx123456, mysql_db = filesystem
[2023-08-23 21:30:44]--[login_cgi.cpp:93]--redis:[ip=127.0.0.1,port=6379]
[2023-08-23 21:30:44]--[login_cgi.cpp:114]--tmp = zengjx102395996887
[2023-08-23 21:30:44]--[login_cgi.cpp:129]--base64 = 2ZUPjqh4//MDxcNoySFj3GUPwAypwexq
[2023-08-23 21:30:44]--[login_cgi.cpp:233]--token = f48f52c2af3c5aff08b1a30233ce9cb5
[2023-08-23 21:31:20]--[login_cgi.cpp:220]--buf = {
    "pwd": "8a2dc3c6cb64e0b25858543b94411449",
    "user": "zengjx"
}

[2023-08-23 21:31:20]--[login_cgi.cpp:225]--user = zengjx, pwd = 8a2dc3c6cb64e0b25858543b94411449
[2023-08-23 21:31:20]--[login_cgi.cpp:51]--mysql_user = root, mysql_pwd = #ZJx123456, mysql_db = filesystem
[2023-08-23 21:31:20]--[login_cgi.cpp:93]--redis:[ip=127.0.0.1,port=6379]
[2023-08-23 21:31:20]--[login_cgi.cpp:114]--tmp = zengjx830465565476
[2023-08-23 21:31:20]--[login_cgi.cpp:129]--base64 = vltE9wA176B9W/+tMXMZoyGhuN4uFXhu
[2023-08-23 21:31:20]--[login_cgi.cpp:233]--token = b25fe75d37c513e75b7a9a2d843d6c1e
[2023-08-23 21:34:11]--[login_cgi.cpp:220]--buf = {
    "pwd": "8a2dc3c6cb64e0b25858543b94411449",
    "user": "zengjx"
}

[2023-08-23 21:34:11]--[login_cgi.cpp:225]--user = zengjx, pwd = 8a2dc3c6cb64e0b25858543b94411449
[2023-08-23 21:34:11]--[login_cgi.cpp:51]--mysql_user = root, mysql_pwd = #ZJx123456, mysql_db = filesystem
[2023-08-23 21:34:11]--[login_cgi.cpp:93]--redis:[ip=127.0.0.1,port=6379]
[2023-08-23 21:34:11]--[login_cgi.cpp:114]--tmp = zengjx370426247479
[2023-08-23 21:34:11]--[login_cgi.cpp:129]--base64 = vGgV9Zp3SJyCQHYaNp83ra+ZGzOdcvSD
[2023-08-23 21:34:11]--[login_cgi.cpp:233]--token = 3f008b0674473499b7a7e6bc2216ec70
[2023-08-23 21:39:01]--[login_cgi.cpp:220]--buf = {
    "pwd": "8a2dc3c6cb64e0b25858543b94411449",
    "user": "zengjx"
}

[2023-08-23 21:39:01]--[login_cgi.cpp:225]--user = zengjx, pwd = 8a2dc3c6cb64e0b25858543b94411449
[2023-08-23 21:39:01]--[login_cgi.cpp:51]--mysql_user = root, mysql_pwd = #ZJx123456, mysql_db = filesystem
[2023-08-23 21:39:01]--[login_cgi.cpp:93]--redis:[ip=127.0.0.1,port=6379]
[2023-08-23 21:39:01]--[login_cgi.cpp:114]--tmp = zengjx952931858185
[2023-08-23 21:39:01]--[login_cgi.cpp:129]--base64 = Ov1wX6e8wunaBauW0CFMnbk8yoIJQQDv
[2023-08-23 21:39:01]--[login_cgi.cpp:233]--token = cf3e024211c76081354a8c38607c875c
[2023-08-23 21:43:25]--[login_cgi.cpp:220]--buf = {
    "pwd": "8a2dc3c6cb64e0b25858543b94411449",
    "user": "zengjx"
}

[2023-08-23 21:43:25]--[login_cgi.cpp:225]--user = zengjx, pwd = 8a2dc3c6cb64e0b25858543b94411449
[2023-08-23 21:43:25]--[login_cgi.cpp:51]--mysql_user = root, mysql_pwd = #ZJx123456, mysql_db = filesystem
[2023-08-23 21:43:25]--[login_cgi.cpp:93]--redis:[ip=127.0.0.1,port=6379]
[2023-08-23 21:43:25]--[login_cgi.cpp:114]--tmp = zengjx249895424583
[2023-08-23 21:43:25]--[login_cgi.cpp:129]--base64 = Hu869aOvNw5BAkXcMLQkLtum1MUEm/Os
[2023-08-23 21:43:25]--[login_cgi.cpp:233]--token = cec5266d039ea4b1688b15e03a54af60
[2023-08-23 21:43:26]--[login_cgi.cpp:220]--buf = {
    "pwd": "8a2dc3c6cb64e0b25858543b94411449",
    "user": "zengjx"
}

[2023-08-23 21:43:26]--[login_cgi.cpp:225]--user = zengjx, pwd = 8a2dc3c6cb64e0b25858543b94411449
[2023-08-23 21:43:26]--[login_cgi.cpp:51]--mysql_user = root, mysql_pwd = #ZJx123456, mysql_db = filesystem
[2023-08-23 21:43:26]--[login_cgi.cpp:93]--redis:[ip=127.0.0.1,port=6379]
[2023-08-23 21:43:26]--[login_cgi.cpp:114]--tmp = zengjx430444860770
[2023-08-23 21:43:26]--[login_cgi.cpp:129]--base64 = PRgmZR+xjq+KMqP2wmuczvtUfO2sJBoC
[2023-08-23 21:43:26]--[login_cgi.cpp:233]--token = 8b358a1bf9d60febe59a226ddc10ab7e
[2023-08-23 21:45:37]--[login_cgi.cpp:220]--buf = {
    "pwd": "8a2dc3c6cb64e0b25858543b94411449",
    "user": "zengjx"
}

[2023-08-23 21:45:37]--[login_cgi.cpp:225]--user = zengjx, pwd = 8a2dc3c6cb64e0b25858543b94411449
[2023-08-23 21:45:37]--[login_cgi.cpp:51]--mysql_user = root, mysql_pwd = #ZJx123456, mysql_db = filesystem
[2023-08-23 21:45:37]--[login_cgi.cpp:93]--redis:[ip=127.0.0.1,port=6379]
[2023-08-23 21:45:37]--[login_cgi.cpp:114]--tmp = zengjx130771651899
[2023-08-23 21:45:37]--[login_cgi.cpp:129]--base64 = iq1lwvpoPI6Gr7CtC4J4KmrqXu6D/fnI
[2023-08-23 21:45:37]--[login_cgi.cpp:233]--token = 991b1fc89f191d4ad511c1f4eca881e2
[2023-08-23 21:50:56]--[login_cgi.cpp:220]--buf = {
    "pwd": "8a2dc3c6cb64e0b25858543b94411449",
    "user": "zengjx"
}

[2023-08-23 21:50:56]--[login_cgi.cpp:225]--user = zengjx, pwd = 8a2dc3c6cb64e0b25858543b94411449
[2023-08-23 21:50:56]--[login_cgi.cpp:51]--mysql_user = root, mysql_pwd = #ZJx123456, mysql_db = filesystem
[2023-08-23 21:50:56]--[login_cgi.cpp:93]--redis:[ip=127.0.0.1,port=6379]
[2023-08-23 21:50:56]--[login_cgi.cpp:114]--tmp = zengjx411338856722
[2023-08-23 21:50:56]--[login_cgi.cpp:129]--base64 = jRo2qF9+lJ0Vt4hJtT8bYLS5BjzpO5ah
[2023-08-23 21:50:56]--[login_cgi.cpp:233]--token = a1d4be54fa01767f8a0bf09c901c7ff5
[2023-08-23 21:52:51]--[login_cgi.cpp:220]--buf = {
    "pwd": "8a2dc3c6cb64e0b25858543b94411449",
    "user": "zengjx"
}

[2023-08-23 21:52:51]--[login_cgi.cpp:225]--user = zengjx, pwd = 8a2dc3c6cb64e0b25858543b94411449
[2023-08-23 21:52:51]--[login_cgi.cpp:51]--mysql_user = root, mysql_pwd = #ZJx123456, mysql_db = filesystem
[2023-08-23 21:52:51]--[login_cgi.cpp:93]--redis:[ip=127.0.0.1,port=6379]
[2023-08-23 21:52:51]--[login_cgi.cpp:114]--tmp = zengjx812829867634
[2023-08-23 21:52:51]--[login_cgi.cpp:129]--base64 = vd8s48p+4bda489M92VEOhPlMLJZBNaa
[2023-08-23 21:52:51]--[login_cgi.cpp:233]--token = d38aff28a1ad3c2ea9916759b7c56d1d
[2023-08-23 21:54:05]--[login_cgi.cpp:220]--buf = {
    "pwd": "8a2dc3c6cb64e0b25858543b94411449",
    "user": "zengjx"
}

[2023-08-23 21:54:05]--[login_cgi.cpp:225]--user = zengjx, pwd = 8a2dc3c6cb64e0b25858543b94411449
[2023-08-23 21:54:05]--[login_cgi.cpp:51]--mysql_user = root, mysql_pwd = #ZJx123456, mysql_db = filesystem
[2023-08-23 21:54:05]--[login_cgi.cpp:93]--redis:[ip=127.0.0.1,port=6379]
[2023-08-23 21:54:05]--[login_cgi.cpp:114]--tmp = zengjx391343334338
[2023-08-23 21:54:05]--[login_cgi.cpp:129]--base64 = 1Dvx09MMOOXxNDVIiXeqGA7YkxgeZTHm
[2023-08-23 21:54:05]--[login_cgi.cpp:233]--token = 2491aeec8cfc7fa54ef378a20f3a3f71
[2023-08-23 22:00:04]--[login_cgi.cpp:220]--buf = {
    "pwd": "8a2dc3c6cb64e0b25858543b94411449",
    "user": "zengjx"
}

[2023-08-23 22:00:04]--[login_cgi.cpp:225]--user = zengjx, pwd = 8a2dc3c6cb64e0b25858543b94411449
[2023-08-23 22:00:04]--[login_cgi.cpp:51]--mysql_user = root, mysql_pwd = #ZJx123456, mysql_db = filesystem
[2023-08-23 22:00:04]--[login_cgi.cpp:93]--redis:[ip=127.0.0.1,port=6379]
[2023-08-23 22:00:04]--[login_cgi.cpp:114]--tmp = zengjx210233386922
[2023-08-23 22:00:04]--[login_cgi.cpp:129]--base64 = lvVgFUx2eu/jWGXQdZT+/LS5BjzpO5ah
[2023-08-23 22:00:04]--[login_cgi.cpp:233]--token = 236268f9679771b86a1edd2a2dbddbcc
[2023-08-23 22:00:50]--[login_cgi.cpp:220]--buf = {
    "pwd": "8a2dc3c6cb64e0b25858543b94411449",
    "user": "zengjx"
}

[2023-08-23 22:00:50]--[login_cgi.cpp:225]--user = zengjx, pwd = 8a2dc3c6cb64e0b25858543b94411449
[2023-08-23 22:00:50]--[login_cgi.cpp:51]--mysql_user = root, mysql_pwd = #ZJx123456, mysql_db = filesystem
[2023-08-23 22:00:50]--[login_cgi.cpp:93]--redis:[ip=127.0.0.1,port=6379]
[2023-08-23 22:00:50]--[login_cgi.cpp:114]--tmp = zengjx540465640225
[2023-08-23 22:00:50]--[login_cgi.cpp:129]--base64 = CTg8t3hDMmtrQYecnLYviGehxaMBPZyj
[2023-08-23 22:00:50]--[login_cgi.cpp:233]--token = 76f1ff04f4cac2187c2f06fb790f1a95
[2023-08-23 22:02:44]--[login_cgi.cpp:220]--buf = {
    "pwd": "8a2dc3c6cb64e0b25858543b94411449",
    "user": "zengjx"
}

[2023-08-23 22:02:44]--[login_cgi.cpp:225]--user = zengjx, pwd = 8a2dc3c6cb64e0b25858543b94411449
[2023-08-23 22:02:44]--[login_cgi.cpp:51]--mysql_user = root, mysql_pwd = #ZJx123456, mysql_db = filesystem
[2023-08-23 22:02:44]--[login_cgi.cpp:93]--redis:[ip=127.0.0.1,port=6379]
[2023-08-23 22:02:44]--[login_cgi.cpp:114]--tmp = zengjx74978424287
[2023-08-23 22:02:44]--[login_cgi.cpp:129]--base64 = nKzzPmHW0A/fFA04zFP6evUujTBmz0dF
[2023-08-23 22:02:44]--[login_cgi.cpp:233]--token = d0dbfbd7498e925b57f393e5d17a02df
[2023-08-23 22:03:57]--[login_cgi.cpp:220]--buf = {
    "pwd": "8a2dc3c6cb64e0b25858543b94411449",
    "user": "zengjx"
}

[2023-08-23 22:03:57]--[login_cgi.cpp:225]--user = zengjx, pwd = 8a2dc3c6cb64e0b25858543b94411449
[2023-08-23 22:03:57]--[login_cgi.cpp:51]--mysql_user = root, mysql_pwd = #ZJx123456, mysql_db = filesystem
[2023-08-23 22:03:57]--[login_cgi.cpp:93]--redis:[ip=127.0.0.1,port=6379]
[2023-08-23 22:03:57]--[login_cgi.cpp:114]--tmp = zengjx819388727439
[2023-08-23 22:03:57]--[login_cgi.cpp:129]--base64 = vd8s48p+4bctCcNBHUkCqleBUvKmT2xO
[2023-08-23 22:03:57]--[login_cgi.cpp:233]--token = 921c0351ac26442dd437d55a5e027ffa
[2023-08-23 22:04:17]--[login_cgi.cpp:220]--buf = {
    "pwd": "8a2dc3c6cb64e0b25858543b94411449",
    "user": "zengjx"
}

[2023-08-23 22:04:17]--[login_cgi.cpp:225]--user = zengjx, pwd = 8a2dc3c6cb64e0b25858543b94411449
[2023-08-23 22:04:17]--[login_cgi.cpp:51]--mysql_user = root, mysql_pwd = #ZJx123456, mysql_db = filesystem
[2023-08-23 22:04:17]--[login_cgi.cpp:93]--redis:[ip=127.0.0.1,port=6379]
[2023-08-23 22:04:17]--[login_cgi.cpp:114]--tmp = zengjx111835964450
[2023-08-23 22:04:17]--[login_cgi.cpp:129]--base64 = eoVLbizTRGZfYEXrrgWUZIJJ3yTDrjP/
[2023-08-23 22:04:17]--[login_cgi.cpp:233]--token = d43bf1a4afbd27217303472243f0fc2b
[2023-08-23 22:06:31]--[login_cgi.cpp:220]--buf = {
    "pwd": "8a2dc3c6cb64e0b25858543b94411449",
    "user": "zengjx"
}

[2023-08-23 22:06:31]--[login_cgi.cpp:225]--user = zengjx, pwd = 8a2dc3c6cb64e0b25858543b94411449
[2023-08-23 22:06:31]--[login_cgi.cpp:51]--mysql_user = root, mysql_pwd = #ZJx123456, mysql_db = filesystem
[2023-08-23 22:06:31]--[login_cgi.cpp:93]--redis:[ip=127.0.0.1,port=6379]
[2023-08-23 22:06:31]--[login_cgi.cpp:114]--tmp = zengjx845468630644
[2023-08-23 22:06:31]--[login_cgi.cpp:129]--base64 = LxK0hB5Qj/eTDF2ma9dG2vtxuHxmGYsH
[2023-08-23 22:06:31]--[login_cgi.cpp:233]--token = 7e427703f0b55442a8e795278c14d2db
[2023-08-23 22:07:57]--[login_cgi.cpp:220]--buf = {
    "pwd": "8a2dc3c6cb64e0b25858543b94411449",
    "user": "zengjx"
}

[2023-08-23 22:07:57]--[login_cgi.cpp:225]--user = zengjx, pwd = 8a2dc3c6cb64e0b25858543b94411449
[2023-08-23 22:07:57]--[login_cgi.cpp:51]--mysql_user = root, mysql_pwd = #ZJx123456, mysql_db = filesystem
[2023-08-23 22:07:57]--[login_cgi.cpp:93]--redis:[ip=127.0.0.1,port=6379]
[2023-08-23 22:07:57]--[login_cgi.cpp:114]--tmp = zengjx81880838467
[2023-08-23 22:07:57]--[login_cgi.cpp:129]--base64 = vd8s48p+4bdo2a0jJqH4evUujTBmz0dF
[2023-08-23 22:07:57]--[login_cgi.cpp:233]--token = 298827c58596603ccdbaed7a3fb630ca
[2023-08-23 22:13:09]--[login_cgi.cpp:220]--buf = {
    "pwd": "8a2dc3c6cb64e0b25858543b94411449",
    "user": "zengjx"
}

[2023-08-23 22:13:09]--[login_cgi.cpp:225]--user = zengjx, pwd = 8a2dc3c6cb64e0b25858543b94411449
[2023-08-23 22:13:09]--[login_cgi.cpp:51]--mysql_user = root, mysql_pwd = #ZJx123456, mysql_db = filesystem
[2023-08-23 22:13:09]--[login_cgi.cpp:93]--redis:[ip=127.0.0.1,port=6379]
[2023-08-23 22:13:09]--[login_cgi.cpp:114]--tmp = zengjx527110223789
[2023-08-23 22:13:09]--[login_cgi.cpp:129]--base64 = wDlWw8l8bP0oQHUy94NaTJrmzKC1fzvo
[2023-08-23 22:13:09]--[login_cgi.cpp:233]--token = 003bc65601aa1b6bbb07d1397b74f42f
[2023-08-23 22:14:11]--[login_cgi.cpp:220]--buf = {
    "pwd": "8a2dc3c6cb64e0b25858543b94411449",
    "user": "zengjx"
}

[2023-08-23 22:14:11]--[login_cgi.cpp:225]--user = zengjx, pwd = 8a2dc3c6cb64e0b25858543b94411449
[2023-08-23 22:14:11]--[login_cgi.cpp:51]--mysql_user = root, mysql_pwd = #ZJx123456, mysql_db = filesystem
[2023-08-23 22:14:11]--[login_cgi.cpp:93]--redis:[ip=127.0.0.1,port=6379]
[2023-08-23 22:14:11]--[login_cgi.cpp:114]--tmp = zengjx579106495959
[2023-08-23 22:14:11]--[login_cgi.cpp:129]--base64 = z9ObPomMTKqvEcWnY0e2FPUjFcEm726A
[2023-08-23 22:14:11]--[login_cgi.cpp:233]--token = ea550f3670830f3fd839c428a2fa4901
[2023-08-23 22:18:49]--[login_cgi.cpp:220]--buf = {
    "pwd": "8a2dc3c6cb64e0b25858543b94411449",
    "user": "zengjx"
}

[2023-08-23 22:18:49]--[login_cgi.cpp:225]--user = zengjx, pwd = 8a2dc3c6cb64e0b25858543b94411449
[2023-08-23 22:18:49]--[login_cgi.cpp:51]--mysql_user = root, mysql_pwd = #ZJx123456, mysql_db = filesystem
[2023-08-23 22:18:49]--[login_cgi.cpp:93]--redis:[ip=127.0.0.1,port=6379]
[2023-08-23 22:18:49]--[login_cgi.cpp:114]--tmp = zengjx827396858493
[2023-08-23 22:18:49]--[login_cgi.cpp:129]--base64 = kll8La+N90FUWm6E2+vBIRDCoH2aCsdM
[2023-08-23 22:18:49]--[login_cgi.cpp:233]--token = 8f54b391b9dd2785476486c824333602
[2023-08-23 22:28:28]--[login_cgi.cpp:220]--buf = {
    "pwd": "8a2dc3c6cb64e0b25858543b94411449",
    "user": "zengjx"
}

[2023-08-23 22:28:28]--[login_cgi.cpp:225]--user = zengjx, pwd = 8a2dc3c6cb64e0b25858543b94411449
[2023-08-23 22:28:28]--[login_cgi.cpp:51]--mysql_user = root, mysql_pwd = #ZJx123456, mysql_db = filesystem
[2023-08-23 22:28:28]--[login_cgi.cpp:93]--redis:[ip=127.0.0.1,port=6379]
[2023-08-23 22:28:28]--[login_cgi.cpp:114]--tmp = zengjx472171326346
[2023-08-23 22:28:28]--[login_cgi.cpp:129]--base64 = BCl/DNsAFHDRmI+duS6MDE2YhuWKhlQw
[2023-08-23 22:28:28]--[login_cgi.cpp:233]--token = 2384387345fd3a75efb37dd0db94322e
[2023-08-23 22:35:49]--[login_cgi.cpp:220]--buf = {
    "pwd": "8a2dc3c6cb64e0b25858543b94411449",
    "user": "zengjx"
}

[2023-08-23 22:35:49]--[login_cgi.cpp:225]--user = zengjx, pwd = 8a2dc3c6cb64e0b25858543b94411449
[2023-08-23 22:35:49]--[login_cgi.cpp:51]--mysql_user = root, mysql_pwd = #ZJx123456, mysql_db = filesystem
[2023-08-23 22:35:49]--[login_cgi.cpp:93]--redis:[ip=127.0.0.1,port=6379]
[2023-08-23 22:35:49]--[login_cgi.cpp:114]--tmp = zengjx732189592939
[2023-08-23 22:35:49]--[login_cgi.cpp:129]--base64 = L35QDa1o+wJGGVGxeWPJvVeBUvKmT2xO
[2023-08-23 22:35:49]--[login_cgi.cpp:233]--token = 013925555eff3a1062d058e2d676222a
[2023-08-23 22:41:56]--[login_cgi.cpp:220]--buf = {
    "pwd": "8a2dc3c6cb64e0b25858543b94411449",
    "user": "zengjx"
}

[2023-08-23 22:41:56]--[login_cgi.cpp:225]--user = zengjx, pwd = 8a2dc3c6cb64e0b25858543b94411449
[2023-08-23 22:41:56]--[login_cgi.cpp:51]--mysql_user = root, mysql_pwd = #ZJx123456, mysql_db = filesystem
[2023-08-23 22:41:56]--[login_cgi.cpp:93]--redis:[ip=127.0.0.1,port=6379]
[2023-08-23 22:41:56]--[login_cgi.cpp:114]--tmp = zengjx56971892548
[2023-08-23 22:41:56]--[login_cgi.cpp:129]--base64 = HEKQ0aHO1b40XrFnqFnnQVSLR+LwC1FL
[2023-08-23 22:41:56]--[login_cgi.cpp:233]--token = ffe7c7c863d9a915e5c87e4900523338
[2023-08-23 22:54:25]--[login_cgi.cpp:220]--buf = {
    "pwd": "8a2dc3c6cb64e0b25858543b94411449",
    "user": "zengjx"
}

[2023-08-23 22:54:25]--[login_cgi.cpp:225]--user = zengjx, pwd = 8a2dc3c6cb64e0b25858543b94411449
[2023-08-23 22:54:25]--[login_cgi.cpp:51]--mysql_user = root, mysql_pwd = #ZJx123456, mysql_db = filesystem
[2023-08-23 22:54:25]--[login_cgi.cpp:93]--redis:[ip=127.0.0.1,port=6379]
[2023-08-23 22:54:25]--[login_cgi.cpp:114]--tmp = zengjx999369760534
[2023-08-23 22:54:25]--[login_cgi.cpp:129]--base64 = iZazvQKJLRDNGzB5TReKeRPlMLJZBNaa
[2023-08-23 22:54:25]--[login_cgi.cpp:233]--token = dd5017d0e349f974b5a7ee1ecbb4db14
[2023-08-23 23:15:37]--[login_cgi.cpp:220]--buf = {
    "pwd": "8a2dc3c6cb64e0b25858543b94411449",
    "user": "zengjx"
}

[2023-08-23 23:15:37]--[login_cgi.cpp:225]--user = zengjx, pwd = 8a2dc3c6cb64e0b25858543b94411449
[2023-08-23 23:15:37]--[login_cgi.cpp:51]--mysql_user = root, mysql_pwd = #ZJx123456, mysql_db = filesystem
[2023-08-23 23:15:37]--[login_cgi.cpp:93]--redis:[ip=127.0.0.1,port=6379]
[2023-08-23 23:15:37]--[login_cgi.cpp:114]--tmp = zengjx19374126740
[2023-08-23 23:15:37]--[login_cgi.cpp:129]--base64 = dynJkV0svv42dmQwYb1OSrN71Jkkp7xg
[2023-08-23 23:15:37]--[login_cgi.cpp:233]--token = 2dcd11e8c46c2e775c5346ae3a7e6cf3
[2023-08-23 23:18:14]--[login_cgi.cpp:220]--buf = {
    "pwd": "8a2dc3c6cb64e0b25858543b94411449",
    "user": "zengjx"
}

[2023-08-23 23:18:14]--[login_cgi.cpp:225]--user = zengjx, pwd = 8a2dc3c6cb64e0b25858543b94411449
[2023-08-23 23:18:14]--[login_cgi.cpp:51]--mysql_user = root, mysql_pwd = #ZJx123456, mysql_db = filesystem
[2023-08-23 23:18:14]--[login_cgi.cpp:93]--redis:[ip=127.0.0.1,port=6379]
[2023-08-23 23:18:14]--[login_cgi.cpp:114]--tmp = zengjx876791537554
[2023-08-23 23:18:14]--[login_cgi.cpp:129]--base64 = p01JM7N3qcbpXhznrK4VnTPWXvuusOz5
[2023-08-23 23:18:14]--[login_cgi.cpp:233]--token = e8e8db2d410499cde2e4a1e2d9dcd6aa
[2023-08-23 23:19:18]--[login_cgi.cpp:220]--buf = {
    "pwd": "8a2dc3c6cb64e0b25858543b94411449",
    "user": "zengjx"
}

[2023-08-23 23:19:18]--[login_cgi.cpp:225]--user = zengjx, pwd = 8a2dc3c6cb64e0b25858543b94411449
[2023-08-23 23:19:18]--[login_cgi.cpp:51]--mysql_user = root, mysql_pwd = #ZJx123456, mysql_db = filesystem
[2023-08-23 23:19:18]--[login_cgi.cpp:93]--redis:[ip=127.0.0.1,port=6379]
[2023-08-23 23:19:18]--[login_cgi.cpp:114]--tmp = zengjx46810721441
[2023-08-23 23:19:18]--[login_cgi.cpp:129]--base64 = 5pAoSRz46n97D9EqsT+pCvlvnLKu4lWq
[2023-08-23 23:19:18]--[login_cgi.cpp:233]--token = e89f9add69f38cd0353e763f41332395
[2023-08-23 23:22:29]--[login_cgi.cpp:220]--buf = {
    "pwd": "8a2dc3c6cb64e0b25858543b94411449",
    "user": "zengjx"
}

[2023-08-23 23:22:29]--[login_cgi.cpp:225]--user = zengjx, pwd = 8a2dc3c6cb64e0b25858543b94411449
[2023-08-23 23:22:29]--[login_cgi.cpp:51]--mysql_user = root, mysql_pwd = #ZJx123456, mysql_db = filesystem
[2023-08-23 23:22:29]--[login_cgi.cpp:93]--redis:[ip=127.0.0.1,port=6379]
[2023-08-23 23:22:29]--[login_cgi.cpp:114]--tmp = zengjx376851312815
[2023-08-23 23:22:29]--[login_cgi.cpp:129]--base64 = vGgV9Zp3SJyIQ1/RT5iqzYkGY2TdE/kP
[2023-08-23 23:22:29]--[login_cgi.cpp:233]--token = 2cf021d1f2eae0720f9b9f8bf9cc2be2
[2023-08-23 23:26:44]--[login_cgi.cpp:220]--buf = {
    "pwd": "8a2dc3c6cb64e0b25858543b94411449",
    "user": "zengjx"
}

[2023-08-23 23:26:44]--[login_cgi.cpp:225]--user = zengjx, pwd = 8a2dc3c6cb64e0b25858543b94411449
[2023-08-23 23:26:44]--[login_cgi.cpp:51]--mysql_user = root, mysql_pwd = #ZJx123456, mysql_db = filesystem
[2023-08-23 23:26:44]--[login_cgi.cpp:93]--redis:[ip=127.0.0.1,port=6379]
[2023-08-23 23:26:44]--[login_cgi.cpp:114]--tmp = zengjx849766856305
[2023-08-23 23:26:44]--[login_cgi.cpp:129]--base64 = LxK0hB5Qj/foE65LH8bevmHSRqDL+GNi
[2023-08-23 23:26:44]--[login_cgi.cpp:233]--token = dd53cffb913dab176a3f4e60269afd1e
[2023-08-23 23:33:36]--[login_cgi.cpp:220]--buf = {
    "pwd": "8a2dc3c6cb64e0b25858543b94411449",
    "user": "zengjx"
}

[2023-08-23 23:33:36]--[login_cgi.cpp:225]--user = zengjx, pwd = 8a2dc3c6cb64e0b25858543b94411449
[2023-08-23 23:33:36]--[login_cgi.cpp:51]--mysql_user = root, mysql_pwd = #ZJx123456, mysql_db = filesystem
[2023-08-23 23:33:36]--[login_cgi.cpp:93]--redis:[ip=127.0.0.1,port=6379]
[2023-08-23 23:33:36]--[login_cgi.cpp:114]--tmp = zengjx5586841446
[2023-08-23 23:33:36]--[login_cgi.cpp:129]--base64 = zBn3I9XvS5mEJChgs4iaDy0ZxLNK7pNJ
[2023-08-23 23:33:36]--[login_cgi.cpp:233]--token = 950dbb8110ded527c51a0d264af03862
[2023-08-23 23:36:44]--[login_cgi.cpp:220]--buf = {
    "pwd": "8a2dc3c6cb64e0b25858543b94411449",
    "user": "zengjx"
}

[2023-08-23 23:36:44]--[login_cgi.cpp:225]--user = zengjx, pwd = 8a2dc3c6cb64e0b25858543b94411449
[2023-08-23 23:36:44]--[login_cgi.cpp:51]--mysql_user = root, mysql_pwd = #ZJx123456, mysql_db = filesystem
[2023-08-23 23:36:44]--[login_cgi.cpp:93]--redis:[ip=127.0.0.1,port=6379]
[2023-08-23 23:36:44]--[login_cgi.cpp:114]--tmp = zengjx62654125531
[2023-08-23 23:36:44]--[login_cgi.cpp:129]--base64 = BadFxeeR3xVsJb+leJPP7PlvnLKu4lWq
[2023-08-23 23:36:44]--[login_cgi.cpp:233]--token = 89757aee2d83ec1540e413c4991f8bb0
[2023-08-23 23:48:04]--[login_cgi.cpp:220]--buf = {
    "pwd": "cd4c72acf27ab07e47a845b62bac8951",
    "user": "zengjianxin"
}

[2023-08-23 23:48:04]--[login_cgi.cpp:225]--user = zengjianxin, pwd = cd4c72acf27ab07e47a845b62bac8951
[2023-08-23 23:48:04]--[login_cgi.cpp:51]--mysql_user = root, mysql_pwd = #ZJx123456, mysql_db = filesystem
[2023-08-23 23:48:04]--[login_cgi.cpp:93]--redis:[ip=127.0.0.1,port=6379]
[2023-08-23 23:48:04]--[login_cgi.cpp:114]--tmp = zengjianxin987392832941
[2023-08-23 23:48:04]--[login_cgi.cpp:129]--base64 = VoMUZINVlpNd+V2dlzn1fiL43y4moFMn
[2023-08-23 23:48:04]--[login_cgi.cpp:233]--token = 3dc485d4253d7f1c35e89098f85a9779
