[2023-08-23 18:17:30]--[md5_cgi.cpp:347]--buf = {
    "fileName": "2203.10006.pdf",
    "md5": "88cdfbda20bcd7936bbbeb249fd8307c",
    "token": "96257c1d583261c29b6b8111d5386632",
    "user": "zengjianxin"
}

[2023-08-23 18:17:30]--[md5_cgi.cpp:368]--user = zengjianxin, token = 96257c1d583261c29b6b8111d5386632, md5 = 88cdfbda20bcd7936bbbeb249fd8307c, filename = 2203.10006.pdf
[2023-08-23 18:18:06]--[md5_cgi.cpp:347]--buf = {
    "fileName": "微信图片_20230602203006.jpg",
    "md5": "78007b4cfe8e39e4d87c1d0af33cb182",
    "token": "96257c1d583261c29b6b8111d5386632",
    "user": "zengjianxin"
}

[2023-08-23 18:18:06]--[md5_cgi.cpp:368]--user = zengjianxin, token = 96257c1d583261c29b6b8111d5386632, md5 = 78007b4cfe8e39e4d87c1d0af33cb182, filename = 微信图片_20230602203006.jpg
[2023-08-23 18:24:18]--[md5_cgi.cpp:347]--buf = {
    "fileName": "BackEISNN.pdf",
    "md5": "6c00f45bdb74e88528f164c37e14b993",
    "token": "18aa29856ded41a19d7e42f8d18ce250",
    "user": "zengjx"
}

[2023-08-23 18:24:18]--[md5_cgi.cpp:368]--user = zengjx, token = 18aa29856ded41a19d7e42f8d18ce250, md5 = 6c00f45bdb74e88528f164c37e14b993, filename = BackEISNN.pdf
[2023-08-23 18:28:11]--[md5_cgi.cpp:347]--buf = {
    "fileName": "BackEISNN.pdf",
    "md5": "6c00f45bdb74e88528f164c37e14b993",
    "token": "e37814b40f71f0dd609f94c0d3cc1f60",
    "user": "zengjx"
}

[2023-08-23 18:28:11]--[md5_cgi.cpp:368]--user = zengjx, token = e37814b40f71f0dd609f94c0d3cc1f60, md5 = 6c00f45bdb74e88528f164c37e14b993, filename = BackEISNN.pdf
[2023-08-23 18:43:28]--[md5_cgi.cpp:347]--buf = {
    "fileName": "BackEISNN.pdf",
    "md5": "6c00f45bdb74e88528f164c37e14b993",
    "token": "61dc8d3bdcbeb964503a3c4408b1bf76",
    "user": "zengjx"
}

[2023-08-23 18:43:28]--[md5_cgi.cpp:368]--user = zengjx, token = 61dc8d3bdcbeb964503a3c4408b1bf76, md5 = 6c00f45bdb74e88528f164c37e14b993, filename = BackEISNN.pdf
[2023-08-23 19:36:06]--[md5_cgi.cpp:347]--buf = {
    "fileName": "BackEISNN.pdf",
    "md5": "6c00f45bdb74e88528f164c37e14b993",
    "token": "b00753f9ac1a60956cc94a172d7d1084",
    "user": "zengjx"
}

[2023-08-23 19:36:06]--[md5_cgi.cpp:368]--user = zengjx, token = b00753f9ac1a60956cc94a172d7d1084, md5 = 6c00f45bdb74e88528f164c37e14b993, filename = BackEISNN.pdf
[2023-08-23 19:39:57]--[md5_cgi.cpp:347]--buf = {
    "fileName": "BackEISNN.pdf",
    "md5": "6c00f45bdb74e88528f164c37e14b993",
    "token": "b00753f9ac1a60956cc94a172d7d1084",
    "user": "zengjx"
}

[2023-08-23 19:39:57]--[md5_cgi.cpp:368]--user = zengjx, token = b00753f9ac1a60956cc94a172d7d1084, md5 = 6c00f45bdb74e88528f164c37e14b993, filename = BackEISNN.pdf
[2023-08-23 19:43:44]--[md5_cgi.cpp:347]--buf = {
    "fileName": "BackEISNN.pdf",
    "md5": "6c00f45bdb74e88528f164c37e14b993",
    "token": "5c58d4b80adf86e80b0fbda55b6d5fbd",
    "user": "zengjx"
}

[2023-08-23 19:43:44]--[md5_cgi.cpp:368]--user = zengjx, token = 5c58d4b80adf86e80b0fbda55b6d5fbd, md5 = 6c00f45bdb74e88528f164c37e14b993, filename = BackEISNN.pdf
[2023-08-23 19:49:59]--[md5_cgi.cpp:347]--buf = {
    "fileName": "BackEISNN.pdf",
    "md5": "6c00f45bdb74e88528f164c37e14b993",
    "token": "ec1eb43d8409fa550c5b1349f1bc782c",
    "user": "zengjx"
}

[2023-08-23 19:49:59]--[md5_cgi.cpp:368]--user = zengjx, token = ec1eb43d8409fa550c5b1349f1bc782c, md5 = 6c00f45bdb74e88528f164c37e14b993, filename = BackEISNN.pdf
[2023-08-23 19:54:26]--[md5_cgi.cpp:347]--buf = {
    "fileName": "BackEISNN.pdf",
    "md5": "6c00f45bdb74e88528f164c37e14b993",
    "token": "ad2a524c2f61bbadd97d8ca991d73a65",
    "user": "zengjx"
}

[2023-08-23 19:54:26]--[md5_cgi.cpp:368]--user = zengjx, token = ad2a524c2f61bbadd97d8ca991d73a65, md5 = 6c00f45bdb74e88528f164c37e14b993, filename = BackEISNN.pdf
[2023-08-23 19:58:54]--[md5_cgi.cpp:347]--buf = {
    "fileName": "BackEISNN.pdf",
    "md5": "6c00f45bdb74e88528f164c37e14b993",
    "token": "c7ec89c83171ef6815f2f9c0ada31c36",
    "user": "zengjx"
}

[2023-08-23 19:58:54]--[md5_cgi.cpp:368]--user = zengjx, token = c7ec89c83171ef6815f2f9c0ada31c36, md5 = 6c00f45bdb74e88528f164c37e14b993, filename = BackEISNN.pdf
[2023-08-23 20:01:50]--[md5_cgi.cpp:347]--buf = {
    "fileName": "BackEISNN.pdf",
    "md5": "6c00f45bdb74e88528f164c37e14b993",
    "token": "2cb6882da91b94b7a9914cc6b6fb2807",
    "user": "zengjx"
}

[2023-08-23 20:01:50]--[md5_cgi.cpp:368]--user = zengjx, token = 2cb6882da91b94b7a9914cc6b6fb2807, md5 = 6c00f45bdb74e88528f164c37e14b993, filename = BackEISNN.pdf
[2023-08-23 20:07:11]--[md5_cgi.cpp:347]--buf = {
    "fileName": "BackEISNN.pdf",
    "md5": "6c00f45bdb74e88528f164c37e14b993",
    "token": "e4a4e27518a3552618ae07346b9b7ea1",
    "user": "zengjx"
}

[2023-08-23 20:07:11]--[md5_cgi.cpp:368]--user = zengjx, token = e4a4e27518a3552618ae07346b9b7ea1, md5 = 6c00f45bdb74e88528f164c37e14b993, filename = BackEISNN.pdf
[2023-08-23 20:43:45]--[md5_cgi.cpp:347]--buf = {
    "fileName": "BackEISNN.pdf",
    "md5": "6c00f45bdb74e88528f164c37e14b993",
    "token": "b3dd9fe635cef33f960324b6267915a4",
    "user": "zengjx"
}

[2023-08-23 20:43:45]--[md5_cgi.cpp:368]--user = zengjx, token = b3dd9fe635cef33f960324b6267915a4, md5 = 6c00f45bdb74e88528f164c37e14b993, filename = BackEISNN.pdf
[2023-08-23 21:16:57]--[md5_cgi.cpp:347]--buf = {
    "fileName": "BackEISNN.pdf",
    "md5": "6c00f45bdb74e88528f164c37e14b993",
    "token": "ccabf62525e7b01d076d5e7aa72e6e1a",
    "user": "zengjx"
}

[2023-08-23 21:16:57]--[md5_cgi.cpp:368]--user = zengjx, token = ccabf62525e7b01d076d5e7aa72e6e1a, md5 = 6c00f45bdb74e88528f164c37e14b993, filename = BackEISNN.pdf
[2023-08-23 21:20:05]--[md5_cgi.cpp:347]--buf = {
    "fileName": "BackEISNN.pdf",
    "md5": "6c00f45bdb74e88528f164c37e14b993",
    "token": "7ccd878b3bbc194500d11f64b27ec62b",
    "user": "zengjx"
}

[2023-08-23 21:20:05]--[md5_cgi.cpp:368]--user = zengjx, token = 7ccd878b3bbc194500d11f64b27ec62b, md5 = 6c00f45bdb74e88528f164c37e14b993, filename = BackEISNN.pdf
[2023-08-23 21:23:06]--[md5_cgi.cpp:347]--buf = {
    "fileName": "BackEISNN.pdf",
    "md5": "6c00f45bdb74e88528f164c37e14b993",
    "token": "882e6b108af9e1b0d6fa73c7d37d460e",
    "user": "zengjx"
}

[2023-08-23 21:23:06]--[md5_cgi.cpp:368]--user = zengjx, token = 882e6b108af9e1b0d6fa73c7d37d460e, md5 = 6c00f45bdb74e88528f164c37e14b993, filename = BackEISNN.pdf
[2023-08-23 21:25:59]--[md5_cgi.cpp:347]--buf = {
    "fileName": "BackEISNN.pdf",
    "md5": "6c00f45bdb74e88528f164c37e14b993",
    "token": "6494dc5027085303f75c0aaa99e89f8d",
    "user": "zengjx"
}

[2023-08-23 21:25:59]--[md5_cgi.cpp:368]--user = zengjx, token = 6494dc5027085303f75c0aaa99e89f8d, md5 = 6c00f45bdb74e88528f164c37e14b993, filename = BackEISNN.pdf
[2023-08-23 21:30:53]--[md5_cgi.cpp:347]--buf = {
    "fileName": "BackEISNN.pdf",
    "md5": "6c00f45bdb74e88528f164c37e14b993",
    "token": "f48f52c2af3c5aff08b1a30233ce9cb5",
    "user": "zengjx"
}

[2023-08-23 21:30:53]--[md5_cgi.cpp:368]--user = zengjx, token = f48f52c2af3c5aff08b1a30233ce9cb5, md5 = 6c00f45bdb74e88528f164c37e14b993, filename = BackEISNN.pdf
[2023-08-23 21:31:26]--[md5_cgi.cpp:347]--buf = {
    "fileName": "BackEISNN.pdf",
    "md5": "6c00f45bdb74e88528f164c37e14b993",
    "token": "b25fe75d37c513e75b7a9a2d843d6c1e",
    "user": "zengjx"
}

[2023-08-23 21:31:26]--[md5_cgi.cpp:368]--user = zengjx, token = b25fe75d37c513e75b7a9a2d843d6c1e, md5 = 6c00f45bdb74e88528f164c37e14b993, filename = BackEISNN.pdf
[2023-08-23 21:52:58]--[md5_cgi.cpp:347]--buf = {
    "fileName": "BackEISNN.pdf",
    "md5": "6c00f45bdb74e88528f164c37e14b993",
    "token": "d38aff28a1ad3c2ea9916759b7c56d1d",
    "user": "zengjx"
}

[2023-08-23 21:52:58]--[md5_cgi.cpp:368]--user = zengjx, token = d38aff28a1ad3c2ea9916759b7c56d1d, md5 = 6c00f45bdb74e88528f164c37e14b993, filename = BackEISNN.pdf
[2023-08-23 21:54:14]--[md5_cgi.cpp:347]--buf = {
    "fileName": "BackEISNN.pdf",
    "md5": "6c00f45bdb74e88528f164c37e14b993",
    "token": "2491aeec8cfc7fa54ef378a20f3a3f71",
    "user": "zengjx"
}

[2023-08-23 21:54:14]--[md5_cgi.cpp:368]--user = zengjx, token = 2491aeec8cfc7fa54ef378a20f3a3f71, md5 = 6c00f45bdb74e88528f164c37e14b993, filename = BackEISNN.pdf
[2023-08-23 21:55:16]--[md5_cgi.cpp:347]--buf = {
    "fileName": "BackEISNN.pdf",
    "md5": "6c00f45bdb74e88528f164c37e14b993",
    "token": "2491aeec8cfc7fa54ef378a20f3a3f71",
    "user": "zengjx"
}

[2023-08-23 21:55:16]--[md5_cgi.cpp:368]--user = zengjx, token = 2491aeec8cfc7fa54ef378a20f3a3f71, md5 = 6c00f45bdb74e88528f164c37e14b993, filename = BackEISNN.pdf
[2023-08-23 21:55:16]--[md5_cgi.cpp:347]--buf = {
    "fileName": "wewq.txt",
    "md5": "f56e6b9b576844de046812d4714a00f2",
    "token": "2491aeec8cfc7fa54ef378a20f3a3f71",
    "user": "zengjx"
}

[2023-08-23 21:55:16]--[md5_cgi.cpp:368]--user = zengjx, token = 2491aeec8cfc7fa54ef378a20f3a3f71, md5 = f56e6b9b576844de046812d4714a00f2, filename = wewq.txt
[2023-08-23 22:00:18]--[md5_cgi.cpp:347]--buf = {
    "fileName": "BackEISNN.pdf",
    "md5": "6c00f45bdb74e88528f164c37e14b993",
    "token": "236268f9679771b86a1edd2a2dbddbcc",
    "user": "zengjx"
}

[2023-08-23 22:00:18]--[md5_cgi.cpp:368]--user = zengjx, token = 236268f9679771b86a1edd2a2dbddbcc, md5 = 6c00f45bdb74e88528f164c37e14b993, filename = BackEISNN.pdf
[2023-08-23 22:00:18]--[md5_cgi.cpp:347]--buf = {
    "fileName": "wewq.txt",
    "md5": "f56e6b9b576844de046812d4714a00f2",
    "token": "236268f9679771b86a1edd2a2dbddbcc",
    "user": "zengjx"
}

[2023-08-23 22:00:18]--[md5_cgi.cpp:368]--user = zengjx, token = 236268f9679771b86a1edd2a2dbddbcc, md5 = f56e6b9b576844de046812d4714a00f2, filename = wewq.txt
[2023-08-23 22:01:00]--[md5_cgi.cpp:347]--buf = {
    "fileName": "BackEISNN.pdf",
    "md5": "6c00f45bdb74e88528f164c37e14b993",
    "token": "76f1ff04f4cac2187c2f06fb790f1a95",
    "user": "zengjx"
}

[2023-08-23 22:01:00]--[md5_cgi.cpp:368]--user = zengjx, token = 76f1ff04f4cac2187c2f06fb790f1a95, md5 = 6c00f45bdb74e88528f164c37e14b993, filename = BackEISNN.pdf
[2023-08-23 22:02:59]--[md5_cgi.cpp:347]--buf = {
    "fileName": "BackEISNN.pdf",
    "md5": "6c00f45bdb74e88528f164c37e14b993",
    "token": "d0dbfbd7498e925b57f393e5d17a02df",
    "user": "zengjx"
}

[2023-08-23 22:02:59]--[md5_cgi.cpp:368]--user = zengjx, token = d0dbfbd7498e925b57f393e5d17a02df, md5 = 6c00f45bdb74e88528f164c37e14b993, filename = BackEISNN.pdf
[2023-08-23 22:02:59]--[md5_cgi.cpp:347]--buf = {
    "fileName": "wewq.txt",
    "md5": "f56e6b9b576844de046812d4714a00f2",
    "token": "d0dbfbd7498e925b57f393e5d17a02df",
    "user": "zengjx"
}

[2023-08-23 22:02:59]--[md5_cgi.cpp:368]--user = zengjx, token = d0dbfbd7498e925b57f393e5d17a02df, md5 = f56e6b9b576844de046812d4714a00f2, filename = wewq.txt
[2023-08-23 22:02:59]--[md5_cgi.cpp:347]--buf = {
    "fileName": "新建文本文档.txt",
    "md5": "c63204cc106231695480c8a3f847ea54",
    "token": "d0dbfbd7498e925b57f393e5d17a02df",
    "user": "zengjx"
}

[2023-08-23 22:02:59]--[md5_cgi.cpp:368]--user = zengjx, token = d0dbfbd7498e925b57f393e5d17a02df, md5 = c63204cc106231695480c8a3f847ea54, filename = 新建文本文档.txt
[2023-08-23 22:04:08]--[md5_cgi.cpp:347]--buf = {
    "fileName": "BackEISNN.pdf",
    "md5": "6c00f45bdb74e88528f164c37e14b993",
    "token": "921c0351ac26442dd437d55a5e027ffa",
    "user": "zengjx"
}

[2023-08-23 22:04:08]--[md5_cgi.cpp:368]--user = zengjx, token = 921c0351ac26442dd437d55a5e027ffa, md5 = 6c00f45bdb74e88528f164c37e14b993, filename = BackEISNN.pdf
[2023-08-23 22:04:24]--[md5_cgi.cpp:347]--buf = {
    "fileName": "1.jpg",
    "md5": "8de9f1753827148d4ecc8c6a0d56943a",
    "token": "d43bf1a4afbd27217303472243f0fc2b",
    "user": "zengjx"
}

[2023-08-23 22:04:24]--[md5_cgi.cpp:368]--user = zengjx, token = d43bf1a4afbd27217303472243f0fc2b, md5 = 8de9f1753827148d4ecc8c6a0d56943a, filename = 1.jpg
[2023-08-23 22:06:51]--[md5_cgi.cpp:347]--buf = {
    "fileName": "BackEISNN.pdf",
    "md5": "6c00f45bdb74e88528f164c37e14b993",
    "token": "7e427703f0b55442a8e795278c14d2db",
    "user": "zengjx"
}

[2023-08-23 22:06:51]--[md5_cgi.cpp:368]--user = zengjx, token = 7e427703f0b55442a8e795278c14d2db, md5 = 6c00f45bdb74e88528f164c37e14b993, filename = BackEISNN.pdf
[2023-08-23 22:06:51]--[md5_cgi.cpp:347]--buf = {
    "fileName": "wewq.txt",
    "md5": "f56e6b9b576844de046812d4714a00f2",
    "token": "7e427703f0b55442a8e795278c14d2db",
    "user": "zengjx"
}

[2023-08-23 22:06:51]--[md5_cgi.cpp:368]--user = zengjx, token = 7e427703f0b55442a8e795278c14d2db, md5 = f56e6b9b576844de046812d4714a00f2, filename = wewq.txt
[2023-08-23 22:09:37]--[md5_cgi.cpp:347]--buf = {
    "fileName": "1.jpg",
    "md5": "8de9f1753827148d4ecc8c6a0d56943a",
    "token": "298827c58596603ccdbaed7a3fb630ca",
    "user": "zengjx"
}

[2023-08-23 22:09:37]--[md5_cgi.cpp:368]--user = zengjx, token = 298827c58596603ccdbaed7a3fb630ca, md5 = 8de9f1753827148d4ecc8c6a0d56943a, filename = 1.jpg
[2023-08-23 22:10:49]--[md5_cgi.cpp:347]--buf = {
    "fileName": "2203.10006.pdf",
    "md5": "88cdfbda20bcd7936bbbeb249fd8307c",
    "token": "298827c58596603ccdbaed7a3fb630ca",
    "user": "zengjx"
}

[2023-08-23 22:10:49]--[md5_cgi.cpp:368]--user = zengjx, token = 298827c58596603ccdbaed7a3fb630ca, md5 = 88cdfbda20bcd7936bbbeb249fd8307c, filename = 2203.10006.pdf
[2023-08-23 22:11:05]--[md5_cgi.cpp:347]--buf = {
    "fileName": "BackEISNN.pdf",
    "md5": "6c00f45bdb74e88528f164c37e14b993",
    "token": "298827c58596603ccdbaed7a3fb630ca",
    "user": "zengjx"
}

[2023-08-23 22:11:05]--[md5_cgi.cpp:368]--user = zengjx, token = 298827c58596603ccdbaed7a3fb630ca, md5 = 6c00f45bdb74e88528f164c37e14b993, filename = BackEISNN.pdf
[2023-08-23 22:13:18]--[md5_cgi.cpp:347]--buf = {
    "fileName": "1.jpg",
    "md5": "8de9f1753827148d4ecc8c6a0d56943a",
    "token": "003bc65601aa1b6bbb07d1397b74f42f",
    "user": "zengjx"
}

[2023-08-23 22:13:18]--[md5_cgi.cpp:368]--user = zengjx, token = 003bc65601aa1b6bbb07d1397b74f42f, md5 = 8de9f1753827148d4ecc8c6a0d56943a, filename = 1.jpg
[2023-08-23 22:13:18]--[md5_cgi.cpp:347]--buf = {
    "fileName": "2203.10006.pdf",
    "md5": "88cdfbda20bcd7936bbbeb249fd8307c",
    "token": "003bc65601aa1b6bbb07d1397b74f42f",
    "user": "zengjx"
}

[2023-08-23 22:13:18]--[md5_cgi.cpp:368]--user = zengjx, token = 003bc65601aa1b6bbb07d1397b74f42f, md5 = 88cdfbda20bcd7936bbbeb249fd8307c, filename = 2203.10006.pdf
[2023-08-23 22:13:18]--[md5_cgi.cpp:347]--buf = {
    "fileName": "BackEISNN.pdf",
    "md5": "6c00f45bdb74e88528f164c37e14b993",
    "token": "003bc65601aa1b6bbb07d1397b74f42f",
    "user": "zengjx"
}

[2023-08-23 22:13:18]--[md5_cgi.cpp:368]--user = zengjx, token = 003bc65601aa1b6bbb07d1397b74f42f, md5 = 6c00f45bdb74e88528f164c37e14b993, filename = BackEISNN.pdf
[2023-08-23 22:16:34]--[md5_cgi.cpp:347]--buf = {
    "fileName": "C  八股文.zip",
    "md5": "216e873c7ef8440c602c918a62671c92",
    "token": "ea550f3670830f3fd839c428a2fa4901",
    "user": "zengjx"
}

[2023-08-23 22:16:34]--[md5_cgi.cpp:368]--user = zengjx, token = ea550f3670830f3fd839c428a2fa4901, md5 = 216e873c7ef8440c602c918a62671c92, filename = C  八股文.zip
[2023-08-23 22:16:34]--[md5_cgi.cpp:347]--buf = {
    "fileName": "spikingjelly-master.zip",
    "md5": "39865603633b4cf0afb35796af814bd9",
    "token": "ea550f3670830f3fd839c428a2fa4901",
    "user": "zengjx"
}

[2023-08-23 22:16:34]--[md5_cgi.cpp:368]--user = zengjx, token = ea550f3670830f3fd839c428a2fa4901, md5 = 39865603633b4cf0afb35796af814bd9, filename = spikingjelly-master.zip
[2023-08-23 22:16:34]--[md5_cgi.cpp:347]--buf = {
    "fileName": "cmake-3.27.2-windows-x86_64.msi",
    "md5": "2202053e26dfd64350b4b0d2706caef1",
    "token": "ea550f3670830f3fd839c428a2fa4901",
    "user": "zengjx"
}

[2023-08-23 22:16:34]--[md5_cgi.cpp:368]--user = zengjx, token = ea550f3670830f3fd839c428a2fa4901, md5 = 2202053e26dfd64350b4b0d2706caef1, filename = cmake-3.27.2-windows-x86_64.msi
[2023-08-23 22:19:08]--[md5_cgi.cpp:347]--buf = {
    "fileName": "cudnn-11.2-windows-x64-v8.1.1.33.zip",
    "md5": "3d0840dd2572e49c5378c5009ad1eadf",
    "token": "8f54b391b9dd2785476486c824333602",
    "user": "zengjx"
}

[2023-08-23 22:19:08]--[md5_cgi.cpp:368]--user = zengjx, token = 8f54b391b9dd2785476486c824333602, md5 = 3d0840dd2572e49c5378c5009ad1eadf, filename = cudnn-11.2-windows-x64-v8.1.1.33.zip
[2023-08-23 22:19:08]--[md5_cgi.cpp:347]--buf = {
    "fileName": "mendeleydesktop.zip",
    "md5": "03403913c403f750940ba23dd7703e38",
    "token": "8f54b391b9dd2785476486c824333602",
    "user": "zengjx"
}

[2023-08-23 22:19:08]--[md5_cgi.cpp:368]--user = zengjx, token = 8f54b391b9dd2785476486c824333602, md5 = 03403913c403f750940ba23dd7703e38, filename = mendeleydesktop.zip
[2023-08-23 22:19:08]--[md5_cgi.cpp:347]--buf = {
    "fileName": "C  八股文.zip",
    "md5": "216e873c7ef8440c602c918a62671c92",
    "token": "8f54b391b9dd2785476486c824333602",
    "user": "zengjx"
}

[2023-08-23 22:19:08]--[md5_cgi.cpp:368]--user = zengjx, token = 8f54b391b9dd2785476486c824333602, md5 = 216e873c7ef8440c602c918a62671c92, filename = C  八股文.zip
[2023-08-23 22:28:43]--[md5_cgi.cpp:347]--buf = {
    "fileName": "cudnn-11.2-windows-x64-v8.1.1.33.zip",
    "md5": "3d0840dd2572e49c5378c5009ad1eadf",
    "token": "2384387345fd3a75efb37dd0db94322e",
    "user": "zengjx"
}

[2023-08-23 22:28:43]--[md5_cgi.cpp:368]--user = zengjx, token = 2384387345fd3a75efb37dd0db94322e, md5 = 3d0840dd2572e49c5378c5009ad1eadf, filename = cudnn-11.2-windows-x64-v8.1.1.33.zip
[2023-08-23 22:30:46]--[md5_cgi.cpp:347]--buf = {
    "fileName": "cudnn-11.2-windows-x64-v8.1.1.33.zip",
    "md5": "3d0840dd2572e49c5378c5009ad1eadf",
    "token": "2384387345fd3a75efb37dd0db94322e",
    "user": "zengjx"
}

[2023-08-23 22:30:46]--[md5_cgi.cpp:368]--user = zengjx, token = 2384387345fd3a75efb37dd0db94322e, md5 = 3d0840dd2572e49c5378c5009ad1eadf, filename = cudnn-11.2-windows-x64-v8.1.1.33.zip
[2023-08-23 22:32:47]--[md5_cgi.cpp:347]--buf = {
    "fileName": "1.jpg",
    "md5": "8de9f1753827148d4ecc8c6a0d56943a",
    "token": "2384387345fd3a75efb37dd0db94322e",
    "user": "zengjx"
}

[2023-08-23 22:32:47]--[md5_cgi.cpp:368]--user = zengjx, token = 2384387345fd3a75efb37dd0db94322e, md5 = 8de9f1753827148d4ecc8c6a0d56943a, filename = 1.jpg
[2023-08-23 22:36:07]--[md5_cgi.cpp:347]--buf = {
    "fileName": "1.jpg",
    "md5": "8de9f1753827148d4ecc8c6a0d56943a",
    "token": "013925555eff3a1062d058e2d676222a",
    "user": "zengjx"
}

[2023-08-23 22:36:07]--[md5_cgi.cpp:368]--user = zengjx, token = 013925555eff3a1062d058e2d676222a, md5 = 8de9f1753827148d4ecc8c6a0d56943a, filename = 1.jpg
[2023-08-23 22:36:56]--[md5_cgi.cpp:347]--buf = {
    "fileName": "1.jpg",
    "md5": "8de9f1753827148d4ecc8c6a0d56943a",
    "token": "013925555eff3a1062d058e2d676222a",
    "user": "zengjx"
}

[2023-08-23 22:36:56]--[md5_cgi.cpp:368]--user = zengjx, token = 013925555eff3a1062d058e2d676222a, md5 = 8de9f1753827148d4ecc8c6a0d56943a, filename = 1.jpg
[2023-08-23 22:36:56]--[md5_cgi.cpp:191]--zengjx[filename:1.jpg, md5:8de9f1753827148d4ecc8c6a0d56943a]已存在
[2023-08-23 22:37:14]--[md5_cgi.cpp:347]--buf = {
    "fileName": "1.jpg",
    "md5": "8de9f1753827148d4ecc8c6a0d56943a",
    "token": "013925555eff3a1062d058e2d676222a",
    "user": "zengjx"
}

[2023-08-23 22:37:14]--[md5_cgi.cpp:368]--user = zengjx, token = 013925555eff3a1062d058e2d676222a, md5 = 8de9f1753827148d4ecc8c6a0d56943a, filename = 1.jpg
[2023-08-23 22:37:14]--[md5_cgi.cpp:191]--zengjx[filename:1.jpg, md5:8de9f1753827148d4ecc8c6a0d56943a]已存在
[2023-08-23 22:54:36]--[md5_cgi.cpp:347]--buf = {
    "fileName": "1.jpg",
    "md5": "8de9f1753827148d4ecc8c6a0d56943a",
    "token": "dd5017d0e349f974b5a7ee1ecbb4db14",
    "user": "zengjx"
}

[2023-08-23 22:54:36]--[md5_cgi.cpp:368]--user = zengjx, token = dd5017d0e349f974b5a7ee1ecbb4db14, md5 = 8de9f1753827148d4ecc8c6a0d56943a, filename = 1.jpg
[2023-08-23 22:54:36]--[md5_cgi.cpp:191]--zengjx[filename:1.jpg, md5:8de9f1753827148d4ecc8c6a0d56943a]已存在
[2023-08-23 22:54:45]--[md5_cgi.cpp:347]--buf = {
    "fileName": "1.jpg",
    "md5": "8de9f1753827148d4ecc8c6a0d56943a",
    "token": "dd5017d0e349f974b5a7ee1ecbb4db14",
    "user": "zengjx"
}

[2023-08-23 22:54:45]--[md5_cgi.cpp:368]--user = zengjx, token = dd5017d0e349f974b5a7ee1ecbb4db14, md5 = 8de9f1753827148d4ecc8c6a0d56943a, filename = 1.jpg
[2023-08-23 22:54:45]--[md5_cgi.cpp:191]--zengjx[filename:1.jpg, md5:8de9f1753827148d4ecc8c6a0d56943a]已存在
[2023-08-23 22:55:03]--[md5_cgi.cpp:347]--buf = {
    "fileName": "1.jpg",
    "md5": "8de9f1753827148d4ecc8c6a0d56943a",
    "token": "dd5017d0e349f974b5a7ee1ecbb4db14",
    "user": "zengjx"
}

[2023-08-23 22:55:03]--[md5_cgi.cpp:368]--user = zengjx, token = dd5017d0e349f974b5a7ee1ecbb4db14, md5 = 8de9f1753827148d4ecc8c6a0d56943a, filename = 1.jpg
[2023-08-23 22:55:03]--[md5_cgi.cpp:191]--zengjx[filename:1.jpg, md5:8de9f1753827148d4ecc8c6a0d56943a]已存在
[2023-08-23 23:15:57]--[md5_cgi.cpp:347]--buf = {
    "fileName": "1.jpg",
    "md5": "8de9f1753827148d4ecc8c6a0d56943a",
    "token": "2dcd11e8c46c2e775c5346ae3a7e6cf3",
    "user": "zengjx"
}

[2023-08-23 23:15:57]--[md5_cgi.cpp:368]--user = zengjx, token = 2dcd11e8c46c2e775c5346ae3a7e6cf3, md5 = 8de9f1753827148d4ecc8c6a0d56943a, filename = 1.jpg
[2023-08-23 23:15:57]--[md5_cgi.cpp:191]--zengjx[filename:1.jpg, md5:8de9f1753827148d4ecc8c6a0d56943a]已存在
[2023-08-23 23:16:52]--[md5_cgi.cpp:347]--buf = {
    "fileName": "1.jpg",
    "md5": "8de9f1753827148d4ecc8c6a0d56943a",
    "token": "2dcd11e8c46c2e775c5346ae3a7e6cf3",
    "user": "zengjx"
}

[2023-08-23 23:16:52]--[md5_cgi.cpp:368]--user = zengjx, token = 2dcd11e8c46c2e775c5346ae3a7e6cf3, md5 = 8de9f1753827148d4ecc8c6a0d56943a, filename = 1.jpg
[2023-08-23 23:16:52]--[md5_cgi.cpp:191]--zengjx[filename:1.jpg, md5:8de9f1753827148d4ecc8c6a0d56943a]已存在
[2023-08-23 23:18:23]--[md5_cgi.cpp:347]--buf = {
    "fileName": "1.jpg",
    "md5": "8de9f1753827148d4ecc8c6a0d56943a",
    "token": "e8e8db2d410499cde2e4a1e2d9dcd6aa",
    "user": "zengjx"
}

[2023-08-23 23:18:23]--[md5_cgi.cpp:368]--user = zengjx, token = e8e8db2d410499cde2e4a1e2d9dcd6aa, md5 = 8de9f1753827148d4ecc8c6a0d56943a, filename = 1.jpg
[2023-08-23 23:18:23]--[md5_cgi.cpp:191]--zengjx[filename:1.jpg, md5:8de9f1753827148d4ecc8c6a0d56943a]已存在
[2023-08-23 23:19:40]--[md5_cgi.cpp:347]--buf = {
    "fileName": "1.jpg",
    "md5": "8de9f1753827148d4ecc8c6a0d56943a",
    "token": "e89f9add69f38cd0353e763f41332395",
    "user": "zengjx"
}

[2023-08-23 23:19:40]--[md5_cgi.cpp:368]--user = zengjx, token = e89f9add69f38cd0353e763f41332395, md5 = 8de9f1753827148d4ecc8c6a0d56943a, filename = 1.jpg
[2023-08-23 23:19:40]--[md5_cgi.cpp:191]--zengjx[filename:1.jpg, md5:8de9f1753827148d4ecc8c6a0d56943a]已存在
[2023-08-23 23:20:08]--[md5_cgi.cpp:347]--buf = {
    "fileName": "1.jpg",
    "md5": "8de9f1753827148d4ecc8c6a0d56943a",
    "token": "e89f9add69f38cd0353e763f41332395",
    "user": "zengjx"
}

[2023-08-23 23:20:08]--[md5_cgi.cpp:368]--user = zengjx, token = e89f9add69f38cd0353e763f41332395, md5 = 8de9f1753827148d4ecc8c6a0d56943a, filename = 1.jpg
[2023-08-23 23:20:08]--[md5_cgi.cpp:191]--zengjx[filename:1.jpg, md5:8de9f1753827148d4ecc8c6a0d56943a]已存在
[2023-08-23 23:21:34]--[md5_cgi.cpp:347]--buf = {
    "fileName": "1.jpg",
    "md5": "8de9f1753827148d4ecc8c6a0d56943a",
    "token": "e89f9add69f38cd0353e763f41332395",
    "user": "zengjx"
}

[2023-08-23 23:21:34]--[md5_cgi.cpp:368]--user = zengjx, token = e89f9add69f38cd0353e763f41332395, md5 = 8de9f1753827148d4ecc8c6a0d56943a, filename = 1.jpg
[2023-08-23 23:21:34]--[md5_cgi.cpp:191]--zengjx[filename:1.jpg, md5:8de9f1753827148d4ecc8c6a0d56943a]已存在
[2023-08-23 23:22:33]--[md5_cgi.cpp:347]--buf = {
    "fileName": "1.jpg",
    "md5": "8de9f1753827148d4ecc8c6a0d56943a",
    "token": "2cf021d1f2eae0720f9b9f8bf9cc2be2",
    "user": "zengjx"
}

[2023-08-23 23:22:33]--[md5_cgi.cpp:368]--user = zengjx, token = 2cf021d1f2eae0720f9b9f8bf9cc2be2, md5 = 8de9f1753827148d4ecc8c6a0d56943a, filename = 1.jpg
[2023-08-23 23:22:33]--[md5_cgi.cpp:191]--zengjx[filename:1.jpg, md5:8de9f1753827148d4ecc8c6a0d56943a]已存在
[2023-08-23 23:22:38]--[md5_cgi.cpp:347]--buf = {
    "fileName": "1.jpg",
    "md5": "8de9f1753827148d4ecc8c6a0d56943a",
    "token": "2cf021d1f2eae0720f9b9f8bf9cc2be2",
    "user": "zengjx"
}

[2023-08-23 23:22:38]--[md5_cgi.cpp:368]--user = zengjx, token = 2cf021d1f2eae0720f9b9f8bf9cc2be2, md5 = 8de9f1753827148d4ecc8c6a0d56943a, filename = 1.jpg
[2023-08-23 23:22:38]--[md5_cgi.cpp:191]--zengjx[filename:1.jpg, md5:8de9f1753827148d4ecc8c6a0d56943a]已存在
[2023-08-23 23:22:42]--[md5_cgi.cpp:347]--buf = {
    "fileName": "1.jpg",
    "md5": "8de9f1753827148d4ecc8c6a0d56943a",
    "token": "2cf021d1f2eae0720f9b9f8bf9cc2be2",
    "user": "zengjx"
}

[2023-08-23 23:22:42]--[md5_cgi.cpp:368]--user = zengjx, token = 2cf021d1f2eae0720f9b9f8bf9cc2be2, md5 = 8de9f1753827148d4ecc8c6a0d56943a, filename = 1.jpg
[2023-08-23 23:22:42]--[md5_cgi.cpp:191]--zengjx[filename:1.jpg, md5:8de9f1753827148d4ecc8c6a0d56943a]已存在
[2023-08-23 23:22:54]--[md5_cgi.cpp:347]--buf = {
    "fileName": "1.jpg",
    "md5": "8de9f1753827148d4ecc8c6a0d56943a",
    "token": "2cf021d1f2eae0720f9b9f8bf9cc2be2",
    "user": "zengjx"
}

[2023-08-23 23:22:54]--[md5_cgi.cpp:368]--user = zengjx, token = 2cf021d1f2eae0720f9b9f8bf9cc2be2, md5 = 8de9f1753827148d4ecc8c6a0d56943a, filename = 1.jpg
[2023-08-23 23:22:54]--[md5_cgi.cpp:191]--zengjx[filename:1.jpg, md5:8de9f1753827148d4ecc8c6a0d56943a]已存在
[2023-08-23 23:23:14]--[md5_cgi.cpp:347]--buf = {
    "fileName": "1.jpg",
    "md5": "8de9f1753827148d4ecc8c6a0d56943a",
    "token": "2cf021d1f2eae0720f9b9f8bf9cc2be2",
    "user": "zengjx"
}

[2023-08-23 23:23:14]--[md5_cgi.cpp:368]--user = zengjx, token = 2cf021d1f2eae0720f9b9f8bf9cc2be2, md5 = 8de9f1753827148d4ecc8c6a0d56943a, filename = 1.jpg
[2023-08-23 23:23:14]--[md5_cgi.cpp:191]--zengjx[filename:1.jpg, md5:8de9f1753827148d4ecc8c6a0d56943a]已存在
[2023-08-23 23:23:28]--[md5_cgi.cpp:347]--buf = {
    "fileName": "BackEISNN.pdf",
    "md5": "6c00f45bdb74e88528f164c37e14b993",
    "token": "2cf021d1f2eae0720f9b9f8bf9cc2be2",
    "user": "zengjx"
}

[2023-08-23 23:23:28]--[md5_cgi.cpp:368]--user = zengjx, token = 2cf021d1f2eae0720f9b9f8bf9cc2be2, md5 = 6c00f45bdb74e88528f164c37e14b993, filename = BackEISNN.pdf
[2023-08-23 23:23:55]--[md5_cgi.cpp:347]--buf = {
    "fileName": "1.jpg",
    "md5": "8de9f1753827148d4ecc8c6a0d56943a",
    "token": "2cf021d1f2eae0720f9b9f8bf9cc2be2",
    "user": "zengjx"
}

[2023-08-23 23:23:55]--[md5_cgi.cpp:368]--user = zengjx, token = 2cf021d1f2eae0720f9b9f8bf9cc2be2, md5 = 8de9f1753827148d4ecc8c6a0d56943a, filename = 1.jpg
[2023-08-23 23:24:16]--[md5_cgi.cpp:347]--buf = {
    "fileName": "BackEISNN.pdf",
    "md5": "6c00f45bdb74e88528f164c37e14b993",
    "token": "2cf021d1f2eae0720f9b9f8bf9cc2be2",
    "user": "zengjx"
}

[2023-08-23 23:24:16]--[md5_cgi.cpp:368]--user = zengjx, token = 2cf021d1f2eae0720f9b9f8bf9cc2be2, md5 = 6c00f45bdb74e88528f164c37e14b993, filename = BackEISNN.pdf
[2023-08-23 23:27:06]--[md5_cgi.cpp:347]--buf = {
    "fileName": "1.jpg",
    "md5": "8de9f1753827148d4ecc8c6a0d56943a",
    "token": "dd53cffb913dab176a3f4e60269afd1e",
    "user": "zengjx"
}

[2023-08-23 23:27:06]--[md5_cgi.cpp:368]--user = zengjx, token = dd53cffb913dab176a3f4e60269afd1e, md5 = 8de9f1753827148d4ecc8c6a0d56943a, filename = 1.jpg
[2023-08-23 23:27:31]--[md5_cgi.cpp:347]--buf = {
    "fileName": "1.jpg",
    "md5": "8de9f1753827148d4ecc8c6a0d56943a",
    "token": "dd53cffb913dab176a3f4e60269afd1e",
    "user": "zengjx"
}

[2023-08-23 23:27:31]--[md5_cgi.cpp:368]--user = zengjx, token = dd53cffb913dab176a3f4e60269afd1e, md5 = 8de9f1753827148d4ecc8c6a0d56943a, filename = 1.jpg
[2023-08-23 23:27:31]--[md5_cgi.cpp:191]--zengjx[filename:1.jpg, md5:8de9f1753827148d4ecc8c6a0d56943a]已存在
[2023-08-23 23:28:54]--[md5_cgi.cpp:347]--buf = {
    "fileName": "2203.10006.pdf",
    "md5": "88cdfbda20bcd7936bbbeb249fd8307c",
    "token": "dd53cffb913dab176a3f4e60269afd1e",
    "user": "zengjx"
}

[2023-08-23 23:28:54]--[md5_cgi.cpp:368]--user = zengjx, token = dd53cffb913dab176a3f4e60269afd1e, md5 = 88cdfbda20bcd7936bbbeb249fd8307c, filename = 2203.10006.pdf
[2023-08-23 23:29:28]--[md5_cgi.cpp:347]--buf = {
    "fileName": "1.jpg",
    "md5": "8de9f1753827148d4ecc8c6a0d56943a",
    "token": "dd53cffb913dab176a3f4e60269afd1e",
    "user": "zengjx"
}

[2023-08-23 23:29:28]--[md5_cgi.cpp:368]--user = zengjx, token = dd53cffb913dab176a3f4e60269afd1e, md5 = 8de9f1753827148d4ecc8c6a0d56943a, filename = 1.jpg
[2023-08-23 23:30:20]--[md5_cgi.cpp:347]--buf = {
    "fileName": "1.jpg",
    "md5": "8de9f1753827148d4ecc8c6a0d56943a",
    "token": "dd53cffb913dab176a3f4e60269afd1e",
    "user": "zengjx"
}

[2023-08-23 23:30:20]--[md5_cgi.cpp:368]--user = zengjx, token = dd53cffb913dab176a3f4e60269afd1e, md5 = 8de9f1753827148d4ecc8c6a0d56943a, filename = 1.jpg
[2023-08-23 23:33:50]--[md5_cgi.cpp:347]--buf = {
    "fileName": "1.jpg",
    "md5": "8de9f1753827148d4ecc8c6a0d56943a",
    "token": "950dbb8110ded527c51a0d264af03862",
    "user": "zengjx"
}

[2023-08-23 23:33:50]--[md5_cgi.cpp:368]--user = zengjx, token = 950dbb8110ded527c51a0d264af03862, md5 = 8de9f1753827148d4ecc8c6a0d56943a, filename = 1.jpg
[2023-08-23 23:34:06]--[md5_cgi.cpp:347]--buf = {
    "fileName": "1.jpg",
    "md5": "8de9f1753827148d4ecc8c6a0d56943a",
    "token": "950dbb8110ded527c51a0d264af03862",
    "user": "zengjx"
}

[2023-08-23 23:34:06]--[md5_cgi.cpp:368]--user = zengjx, token = 950dbb8110ded527c51a0d264af03862, md5 = 8de9f1753827148d4ecc8c6a0d56943a, filename = 1.jpg
[2023-08-23 23:34:46]--[md5_cgi.cpp:347]--buf = {
    "fileName": "1.jpg",
    "md5": "8de9f1753827148d4ecc8c6a0d56943a",
    "token": "950dbb8110ded527c51a0d264af03862",
    "user": "zengjx"
}

[2023-08-23 23:34:46]--[md5_cgi.cpp:368]--user = zengjx, token = 950dbb8110ded527c51a0d264af03862, md5 = 8de9f1753827148d4ecc8c6a0d56943a, filename = 1.jpg
[2023-08-23 23:37:12]--[md5_cgi.cpp:347]--buf = {
    "fileName": "cudnn-11.2-windows-x64-v8.1.1.33.zip",
    "md5": "3d0840dd2572e49c5378c5009ad1eadf",
    "token": "89757aee2d83ec1540e413c4991f8bb0",
    "user": "zengjx"
}

[2023-08-23 23:37:12]--[md5_cgi.cpp:368]--user = zengjx, token = 89757aee2d83ec1540e413c4991f8bb0, md5 = 3d0840dd2572e49c5378c5009ad1eadf, filename = cudnn-11.2-windows-x64-v8.1.1.33.zip
[2023-08-23 23:37:12]--[md5_cgi.cpp:347]--buf = {
    "fileName": "mendeleydesktop.zip",
    "md5": "03403913c403f750940ba23dd7703e38",
    "token": "89757aee2d83ec1540e413c4991f8bb0",
    "user": "zengjx"
}

[2023-08-23 23:37:12]--[md5_cgi.cpp:368]--user = zengjx, token = 89757aee2d83ec1540e413c4991f8bb0, md5 = 03403913c403f750940ba23dd7703e38, filename = mendeleydesktop.zip
[2023-08-23 23:37:12]--[md5_cgi.cpp:347]--buf = {
    "fileName": "C  八股文.zip",
    "md5": "216e873c7ef8440c602c918a62671c92",
    "token": "89757aee2d83ec1540e413c4991f8bb0",
    "user": "zengjx"
}

[2023-08-23 23:37:12]--[md5_cgi.cpp:368]--user = zengjx, token = 89757aee2d83ec1540e413c4991f8bb0, md5 = 216e873c7ef8440c602c918a62671c92, filename = C  八股文.zip
[2023-08-23 23:37:31]--[md5_cgi.cpp:347]--buf = {
    "fileName": "spikingjelly-master.zip",
    "md5": "39865603633b4cf0afb35796af814bd9",
    "token": "89757aee2d83ec1540e413c4991f8bb0",
    "user": "zengjx"
}

[2023-08-23 23:37:31]--[md5_cgi.cpp:368]--user = zengjx, token = 89757aee2d83ec1540e413c4991f8bb0, md5 = 39865603633b4cf0afb35796af814bd9, filename = spikingjelly-master.zip
[2023-08-23 23:42:05]--[md5_cgi.cpp:347]--buf = {
    "fileName": "实验记录.xlsx",
    "md5": "8b1f401974f53e0162ce0de6c10cdc17",
    "token": "89757aee2d83ec1540e413c4991f8bb0",
    "user": "zengjx"
}

[2023-08-23 23:42:05]--[md5_cgi.cpp:368]--user = zengjx, token = 89757aee2d83ec1540e413c4991f8bb0, md5 = 8b1f401974f53e0162ce0de6c10cdc17, filename = 实验记录.xlsx
[2023-08-23 23:48:53]--[md5_cgi.cpp:347]--buf = {
    "fileName": "cudnn-11.2-windows-x64-v8.1.1.33.zip",
    "md5": "3d0840dd2572e49c5378c5009ad1eadf",
    "token": "3dc485d4253d7f1c35e89098f85a9779",
    "user": "zengjianxin"
}

[2023-08-23 23:48:53]--[md5_cgi.cpp:368]--user = zengjianxin, token = 3dc485d4253d7f1c35e89098f85a9779, md5 = 3d0840dd2572e49c5378c5009ad1eadf, filename = cudnn-11.2-windows-x64-v8.1.1.33.zip
[2023-08-23 23:48:53]--[md5_cgi.cpp:347]--buf = {
    "fileName": "C  八股文.zip",
    "md5": "216e873c7ef8440c602c918a62671c92",
    "token": "3dc485d4253d7f1c35e89098f85a9779",
    "user": "zengjianxin"
}

[2023-08-23 23:48:53]--[md5_cgi.cpp:368]--user = zengjianxin, token = 3dc485d4253d7f1c35e89098f85a9779, md5 = 216e873c7ef8440c602c918a62671c92, filename = C  八股文.zip
[2023-08-23 23:48:53]--[md5_cgi.cpp:347]--buf = {
    "fileName": "spikingjelly-master.zip",
    "md5": "39865603633b4cf0afb35796af814bd9",
    "token": "3dc485d4253d7f1c35e89098f85a9779",
    "user": "zengjianxin"
}

[2023-08-23 23:48:53]--[md5_cgi.cpp:368]--user = zengjianxin, token = 3dc485d4253d7f1c35e89098f85a9779, md5 = 39865603633b4cf0afb35796af814bd9, filename = spikingjelly-master.zip
[2023-08-23 23:49:35]--[md5_cgi.cpp:347]--buf = {
    "fileName": "mysql-installer-community-8.0.32.0.msi",
    "md5": "a29b5817cba2c7bc0e0b97e897c2591f",
    "token": "3dc485d4253d7f1c35e89098f85a9779",
    "user": "zengjianxin"
}

[2023-08-23 23:49:35]--[md5_cgi.cpp:368]--user = zengjianxin, token = 3dc485d4253d7f1c35e89098f85a9779, md5 = a29b5817cba2c7bc0e0b97e897c2591f, filename = mysql-installer-community-8.0.32.0.msi
[2023-08-23 23:50:58]--[md5_cgi.cpp:347]--buf = {
    "fileName": "CAJViewer 7.3.141.self.exe",
    "md5": "e45b45af6e09a3d11f2baed48147a473",
    "token": "3dc485d4253d7f1c35e89098f85a9779",
    "user": "zengjianxin"
}

[2023-08-23 23:50:58]--[md5_cgi.cpp:368]--user = zengjianxin, token = 3dc485d4253d7f1c35e89098f85a9779, md5 = e45b45af6e09a3d11f2baed48147a473, filename = CAJViewer 7.3.141.self.exe
