[2023-08-22 14:39:38]--[md5_cgi.cpp:347]--buf = {
    "fileName": "accdb.png",
    "md5": "b2820c96888f984e4d2a269e5165c2e5",
    "token": "1f4144add241e08910fbc9c8788c391c",
    "user": "zengjianxin"
}

[2023-08-22 14:39:38]--[md5_cgi.cpp:368]--user = zengjianxin, token = 1f4144add241e08910fbc9c8788c391c, md5 = b2820c96888f984e4d2a269e5165c2e5, filename = accdb.png
[2023-08-22 14:54:46]--[md5_cgi.cpp:347]--buf = {
    "fileName": "新建文本文档.txt",
    "md5": "c63204cc106231695480c8a3f847ea54",
    "token": "e01ca3c244c682e0b4a74324906d611e",
    "user": "zengjianxin"
}

[2023-08-22 14:54:46]--[md5_cgi.cpp:368]--user = zengjianxin, token = e01ca3c244c682e0b4a74324906d611e, md5 = c63204cc106231695480c8a3f847ea54, filename = 新建文本文档.txt
[2023-08-22 15:30:13]--[md5_cgi.cpp:347]--buf = {
    "fileName": "新建文本文档.txt",
    "md5": "c63204cc106231695480c8a3f847ea54",
    "token": "30819680cb549ac04443cb7a7e8f6b08",
    "user": "zengjianxin"
}

[2023-08-22 15:30:13]--[md5_cgi.cpp:368]--user = zengjianxin, token = 30819680cb549ac04443cb7a7e8f6b08, md5 = c63204cc106231695480c8a3f847ea54, filename = 新建文本文档.txt
[2023-08-22 15:42:22]--[md5_cgi.cpp:347]--buf = {
    "fileName": "新建文本文档.txt",
    "md5": "c63204cc106231695480c8a3f847ea54",
    "token": "a5480f2c7839b784511f1397e226c822",
    "user": "zengjianxin"
}

[2023-08-22 15:42:22]--[md5_cgi.cpp:368]--user = zengjianxin, token = a5480f2c7839b784511f1397e226c822, md5 = c63204cc106231695480c8a3f847ea54, filename = 新建文本文档.txt
[2023-08-22 15:56:55]--[md5_cgi.cpp:347]--buf = {
    "fileName": "新建文本文档.txt",
    "md5": "c63204cc106231695480c8a3f847ea54",
    "token": "8a7dc36137fcbed7a62d41ccce45eb31",
    "user": "zengjianxin"
}

[2023-08-22 15:56:55]--[md5_cgi.cpp:368]--user = zengjianxin, token = 8a7dc36137fcbed7a62d41ccce45eb31, md5 = c63204cc106231695480c8a3f847ea54, filename = 新建文本文档.txt
[2023-08-22 16:17:53]--[md5_cgi.cpp:347]--buf = {
    "fileName": "新建文本文档.txt",
    "md5": "c63204cc106231695480c8a3f847ea54",
    "token": "8a7dc36137fcbed7a62d41ccce45eb31",
    "user": "zengjianxin"
}

[2023-08-22 16:17:53]--[md5_cgi.cpp:368]--user = zengjianxin, token = 8a7dc36137fcbed7a62d41ccce45eb31, md5 = c63204cc106231695480c8a3f847ea54, filename = 新建文本文档.txt
[2023-08-22 16:31:52]--[md5_cgi.cpp:347]--buf = {
    "fileName": "新建文本文档.txt",
    "md5": "c63204cc106231695480c8a3f847ea54",
    "token": "ea5097096f0ae3a689dba3a610b2cb62",
    "user": "zengjianxin"
}

[2023-08-22 16:31:52]--[md5_cgi.cpp:368]--user = zengjianxin, token = ea5097096f0ae3a689dba3a610b2cb62, md5 = c63204cc106231695480c8a3f847ea54, filename = 新建文本文档.txt
[2023-08-22 16:33:05]--[md5_cgi.cpp:347]--buf = {
    "fileName": "wewq.txt",
    "md5": "f56e6b9b576844de046812d4714a00f2",
    "token": "ea5097096f0ae3a689dba3a610b2cb62",
    "user": "zengjianxin"
}

[2023-08-22 16:33:05]--[md5_cgi.cpp:368]--user = zengjianxin, token = ea5097096f0ae3a689dba3a610b2cb62, md5 = f56e6b9b576844de046812d4714a00f2, filename = wewq.txt
[2023-08-22 16:33:29]--[md5_cgi.cpp:347]--buf = {
    "fileName": "1.jpg",
    "md5": "8de9f1753827148d4ecc8c6a0d56943a",
    "token": "ea5097096f0ae3a689dba3a610b2cb62",
    "user": "zengjianxin"
}

[2023-08-22 16:33:29]--[md5_cgi.cpp:368]--user = zengjianxin, token = ea5097096f0ae3a689dba3a610b2cb62, md5 = 8de9f1753827148d4ecc8c6a0d56943a, filename = 1.jpg
[2023-08-22 17:27:42]--[md5_cgi.cpp:347]--buf = {
    "fileName": "1.jpg",
    "md5": "8de9f1753827148d4ecc8c6a0d56943a",
    "token": "78b411eff679b63b7b580ff0673a1cb6",
    "user": "zengjianxin"
}

[2023-08-22 17:27:42]--[md5_cgi.cpp:368]--user = zengjianxin, token = 78b411eff679b63b7b580ff0673a1cb6, md5 = 8de9f1753827148d4ecc8c6a0d56943a, filename = 1.jpg
[2023-08-22 17:27:42]--[md5_cgi.cpp:191]--zengjianxin[filename:1.jpg, md5:8de9f1753827148d4ecc8c6a0d56943a]已存在
[2023-08-22 17:43:28]--[md5_cgi.cpp:347]--buf = {
    "fileName": "Default.jpg",
    "md5": "c194a9be81b4a7ce56533d1a7eeabb94",
    "token": "b9cee284afe335ce291770c0d4a0a6c3",
    "user": "zengjianxin"
}

[2023-08-22 17:43:28]--[md5_cgi.cpp:368]--user = zengjianxin, token = b9cee284afe335ce291770c0d4a0a6c3, md5 = c194a9be81b4a7ce56533d1a7eeabb94, filename = Default.jpg
[2023-08-22 17:49:10]--[md5_cgi.cpp:347]--buf = {
    "fileName": "Default.jpg",
    "md5": "c194a9be81b4a7ce56533d1a7eeabb94",
    "token": "b9cee284afe335ce291770c0d4a0a6c3",
    "user": "zengjianxin"
}

[2023-08-22 17:49:10]--[md5_cgi.cpp:368]--user = zengjianxin, token = b9cee284afe335ce291770c0d4a0a6c3, md5 = c194a9be81b4a7ce56533d1a7eeabb94, filename = Default.jpg
[2023-08-22 23:47:10]--[md5_cgi.cpp:347]--buf = {
    "fileName": "wewq.txt",
    "md5": "f56e6b9b576844de046812d4714a00f2",
    "token": "46759392c2f7d7bcbb2a94604b55c2a5",
    "user": "zengjx"
}

[2023-08-22 23:47:10]--[md5_cgi.cpp:368]--user = zengjx, token = 46759392c2f7d7bcbb2a94604b55c2a5, md5 = f56e6b9b576844de046812d4714a00f2, filename = wewq.txt
