[2023-08-24 13:45:03]--[myfiles_cgi.cpp:499]--cmd = count
[2023-08-24 13:45:03]--[myfiles_cgi.cpp:527]--buf = {
    "token": "b72b1bfb2aba48a3eb68d34aa79a4bea",
    "user": "zengjianxin"
}

[2023-08-24 13:45:03]--[myfiles_cgi.cpp:179]--line = 2
[2023-08-24 13:45:03]--[myfiles_cgi.cpp:138]--out = {
	"num":	"2",
	"code":	"110"
}
[2023-08-24 13:45:03]--[myfiles_cgi.cpp:499]--cmd = normal
[2023-08-24 13:45:03]--[myfiles_cgi.cpp:527]--buf = {
    "count": 2,
    "start": 0,
    "token": "b72b1bfb2aba48a3eb68d34aa79a4bea",
    "user": "zengjianxin"
}

[2023-08-24 13:45:03]--[myfiles_cgi.cpp:545]--user = zengjianxin, token = b72b1bfb2aba48a3eb68d34aa79a4bea, start = 0, count = 2
[2023-08-24 13:45:03]--[myfiles_cgi.cpp:315]--select user_file_list.*, file_info.url, file_info.size, file_info.type from file_info, user_file_list where user = 'zengjianxin' and file_info.md5 = user_file_list.md5 limit 0, 2 在操作
[2023-08-24 13:45:03]--[myfiles_cgi.cpp:438]--{
	"files":	[{
			"user":	"zengjianxin",
			"md5":	"a29b5817cba2c7bc0e0b97e897c2591f",
			"time":	"2023-08-23 23:50:57",
			"filename":	"mysql-installer-community-8.0.32.0.msi",
			"share_status":	0,
			"pv":	0,
			"url":	"http://176.16.169.102:80/group2/M00/00/00/sBCpZmTmKuGAPgbxG1RQADA5qFI1.0.msi",
			"size":	458510336,
			"type":	"msi"
		}, {
			"user":	"zengjianxin",
			"md5":	"e45b45af6e09a3d11f2baed48147a473",
			"time":	"2023-08-23 23:51:41",
			"filename":	"CAJViewer 7.3.141.self.exe",
			"share_status":	0,
			"pv":	0,
			"url":	"http://176.16.169.102:80/group2/M00/00/00/sBCpZmTmKw2AUschEHbeIN14Sow208.exe",
			"size":	276225568,
			"type":	"exe"
		}]
}
[2023-08-24 13:45:33]--[myfiles_cgi.cpp:499]--cmd = count
[2023-08-24 13:45:33]--[myfiles_cgi.cpp:527]--buf = {
    "token": "b72b1bfb2aba48a3eb68d34aa79a4bea",
    "user": "zengjianxin"
}

[2023-08-24 13:45:33]--[myfiles_cgi.cpp:179]--line = 6
[2023-08-24 13:45:33]--[myfiles_cgi.cpp:138]--out = {
	"num":	"6",
	"code":	"110"
}
[2023-08-24 13:45:33]--[myfiles_cgi.cpp:499]--cmd = normal
[2023-08-24 13:45:33]--[myfiles_cgi.cpp:527]--buf = {
    "count": 6,
    "start": 0,
    "token": "b72b1bfb2aba48a3eb68d34aa79a4bea",
    "user": "zengjianxin"
}

[2023-08-24 13:45:33]--[myfiles_cgi.cpp:545]--user = zengjianxin, token = b72b1bfb2aba48a3eb68d34aa79a4bea, start = 0, count = 6
[2023-08-24 13:45:33]--[myfiles_cgi.cpp:315]--select user_file_list.*, file_info.url, file_info.size, file_info.type from file_info, user_file_list where user = 'zengjianxin' and file_info.md5 = user_file_list.md5 limit 0, 6 在操作
[2023-08-24 13:45:33]--[myfiles_cgi.cpp:438]--{
	"files":	[{
			"user":	"zengjianxin",
			"md5":	"a29b5817cba2c7bc0e0b97e897c2591f",
			"time":	"2023-08-23 23:50:57",
			"filename":	"mysql-installer-community-8.0.32.0.msi",
			"share_status":	0,
			"pv":	0,
			"url":	"http://176.16.169.102:80/group2/M00/00/00/sBCpZmTmKuGAPgbxG1RQADA5qFI1.0.msi",
			"size":	458510336,
			"type":	"msi"
		}, {
			"user":	"zengjianxin",
			"md5":	"e45b45af6e09a3d11f2baed48147a473",
			"time":	"2023-08-23 23:51:41",
			"filename":	"CAJViewer 7.3.141.self.exe",
			"share_status":	0,
			"pv":	0,
			"url":	"http://176.16.169.102:80/group2/M00/00/00/sBCpZmTmKw2AUschEHbeIN14Sow208.exe",
			"size":	276225568,
			"type":	"exe"
		}, {
			"user":	"zengjianxin",
			"md5":	"a23c4761c5a628ed58494daef865753a",
			"time":	"2023-08-24 13:45:26",
			"filename":	"ecai.bib",
			"share_status":	0,
			"pv":	0,
			"url":	"http://176.16.169.102:80/group2/M00/00/00/sBCpZmTm7naAL3yRAAAOHnWwcr4180.bib",
			"size":	3614,
			"type":	"bib"
		}, {
			"user":	"zengjianxin",
			"md5":	"505b6af5087900292c7c5ab62061b6c5",
			"time":	"2023-08-24 13:45:26",
			"filename":	"ecai.bst",
			"share_status":	0,
			"pv":	0,
			"url":	"http://176.16.169.102:80/group2/M00/00/00/sBCpZmTm7naAEFwTAABYCO5buy4384.bst",
			"size":	22536,
			"type":	"bst"
		}, {
			"user":	"zengjianxin",
			"md5":	"9bdb3b57eee6626351e3f26ddb884352",
			"time":	"2023-08-24 13:45:27",
			"filename":	"ecai.cls",
			"share_status":	0,
			"pv":	0,
			"url":	"http://176.16.169.102:80/group2/M00/00/00/sBCpZmTm7neAXKB8AACSLliJqc4058.cls",
			"size":	37422,
			"type":	"cls"
		}, {
			"user":	"zengjianxin",
			"md5":	"e2a596ced25f95d984d7cc42b2b1f022",
			"time":	"2023-08-24 13:45:27",
			"filename":	"ecaif01.pdf",
			"share_status":	0,
			"pv":	0,
			"url":	"http://176.16.169.102:80/group2/M00/00/00/sBCpZmTm7neAJ4ikAABKvOOHHg4816.pdf",
			"size":	19132,
			"type":	"pdf"
		}]
}
[2023-08-24 17:45:13]--[myfiles_cgi.cpp:499]--cmd = count
[2023-08-24 17:45:13]--[myfiles_cgi.cpp:527]--buf = {
    "token": "64945a6f0040db1c814889e34ec3e59c",
    "user": "zengjx"
}

[2023-08-24 17:45:13]--[myfiles_cgi.cpp:179]--line = 5
[2023-08-24 17:45:13]--[myfiles_cgi.cpp:138]--out = {
	"num":	"5",
	"code":	"110"
}
[2023-08-24 17:45:13]--[myfiles_cgi.cpp:499]--cmd = normal
[2023-08-24 17:45:13]--[myfiles_cgi.cpp:527]--buf = {
    "count": 5,
    "start": 0,
    "token": "64945a6f0040db1c814889e34ec3e59c",
    "user": "zengjx"
}

[2023-08-24 17:45:13]--[myfiles_cgi.cpp:545]--user = zengjx, token = 64945a6f0040db1c814889e34ec3e59c, start = 0, count = 5
[2023-08-24 17:45:13]--[myfiles_cgi.cpp:315]--select user_file_list.*, file_info.url, file_info.size, file_info.type from file_info, user_file_list where user = 'zengjx' and file_info.md5 = user_file_list.md5 limit 0, 5 在操作
[2023-08-24 17:45:13]--[myfiles_cgi.cpp:438]--{
	"files":	[{
			"user":	"zengjx",
			"md5":	"216e873c7ef8440c602c918a62671c92",
			"time":	"2023-08-23 23:37:30",
			"filename":	"C  八股文.zip",
			"share_status":	0,
			"pv":	0,
			"url":	"http://176.16.169.102:80/group2/M00/00/00/sBCpZmTmJ7qAap44Asw4KMlq6qw793.zip",
			"size":	46938152,
			"type":	"zip"
		}, {
			"user":	"zengjx",
			"md5":	"03403913c403f750940ba23dd7703e38",
			"time":	"2023-08-23 23:37:37",
			"filename":	"mendeleydesktop.zip",
			"share_status":	0,
			"pv":	0,
			"url":	"http://176.16.169.102:80/group2/M00/00/00/sBCpZmTmJ8GATfFxA1iwcwZC_ko542.zip",
			"size":	56143987,
			"type":	"zip"
		}, {
			"user":	"zengjx",
			"md5":	"39865603633b4cf0afb35796af814bd9",
			"time":	"2023-08-23 23:37:44",
			"filename":	"spikingjelly-master.zip",
			"share_status":	0,
			"pv":	0,
			"url":	"http://176.16.169.102:80/group2/M00/00/00/sBCpZmTmJ8iAcdarAk0V3cyX5m8047.zip",
			"size":	38606301,
			"type":	"zip"
		}, {
			"user":	"zengjx",
			"md5":	"3d0840dd2572e49c5378c5009ad1eadf",
			"time":	"2023-08-23 23:39:14",
			"filename":	"cudnn-11.2-windows-x64-v8.1.1.33.zip",
			"share_status":	0,
			"pv":	0,
			"url":	"http://176.16.169.102:80/group2/M00/00/00/sBCpZmTmKCKAASPPKU9Hv8QvRxk.33.zip",
			"size":	693061567,
			"type":	"zip"
		}, {
			"user":	"zengjx",
			"md5":	"8b1f401974f53e0162ce0de6c10cdc17",
			"time":	"2023-08-23 23:42:06",
			"filename":	"实验记录.xlsx",
			"share_status":	0,
			"pv":	0,
			"url":	"http://176.16.169.102:80/group2/M00/00/00/sBCpZmTmKM6AHMGNAAsnQamm9lg39.xlsx",
			"size":	730945,
			"type":	"xlsx"
		}]
}
[2023-08-24 18:13:04]--[myfiles_cgi.cpp:499]--cmd = count
[2023-08-24 18:13:04]--[myfiles_cgi.cpp:527]--buf = {
    "token": "39f944553e65cc7733c64f3f744bc627",
    "user": "zengjx"
}

[2023-08-24 18:13:04]--[myfiles_cgi.cpp:179]--line = 1
[2023-08-24 18:13:04]--[myfiles_cgi.cpp:138]--out = {
	"num":	"1",
	"code":	"110"
}
[2023-08-24 18:13:04]--[myfiles_cgi.cpp:499]--cmd = normal
[2023-08-24 18:13:04]--[myfiles_cgi.cpp:527]--buf = {
    "count": 1,
    "start": 0,
    "token": "39f944553e65cc7733c64f3f744bc627",
    "user": "zengjx"
}

[2023-08-24 18:13:04]--[myfiles_cgi.cpp:545]--user = zengjx, token = 39f944553e65cc7733c64f3f744bc627, start = 0, count = 1
[2023-08-24 18:13:04]--[myfiles_cgi.cpp:315]--select user_file_list.*, file_info.url, file_info.size, file_info.type from file_info, user_file_list where user = 'zengjx' and file_info.md5 = user_file_list.md5 limit 0, 1 在操作
[2023-08-24 18:13:04]--[myfiles_cgi.cpp:438]--{
	"files":	[{
			"user":	"zengjx",
			"md5":	"3d0840dd2572e49c5378c5009ad1eadf",
			"time":	"2023-08-24 17:47:47",
			"filename":	"cudnn-11.2-windows-x64-v8.1.1.33.zip",
			"share_status":	0,
			"pv":	0,
			"url":	"http://176.16.169.102:80/group2/M00/00/00/sBCpZmTnJ0OAI0lCKU9Hv8QvRxk.33.zip",
			"size":	693061567,
			"type":	"zip"
		}]
}
[2023-08-24 18:13:14]--[myfiles_cgi.cpp:499]--cmd = count
[2023-08-24 18:13:14]--[myfiles_cgi.cpp:527]--buf = {
    "token": "39f944553e65cc7733c64f3f744bc627",
    "user": "zengjx"
}

[2023-08-24 18:13:14]--[myfiles_cgi.cpp:179]--line = 1
[2023-08-24 18:13:14]--[myfiles_cgi.cpp:138]--out = {
	"num":	"1",
	"code":	"110"
}
[2023-08-24 18:13:14]--[myfiles_cgi.cpp:499]--cmd = normal
[2023-08-24 18:13:14]--[myfiles_cgi.cpp:527]--buf = {
    "count": 1,
    "start": 0,
    "token": "39f944553e65cc7733c64f3f744bc627",
    "user": "zengjx"
}

[2023-08-24 18:13:14]--[myfiles_cgi.cpp:545]--user = zengjx, token = 39f944553e65cc7733c64f3f744bc627, start = 0, count = 1
[2023-08-24 18:13:14]--[myfiles_cgi.cpp:315]--select user_file_list.*, file_info.url, file_info.size, file_info.type from file_info, user_file_list where user = 'zengjx' and file_info.md5 = user_file_list.md5 limit 0, 1 在操作
[2023-08-24 18:13:14]--[myfiles_cgi.cpp:438]--{
	"files":	[{
			"user":	"zengjx",
			"md5":	"3d0840dd2572e49c5378c5009ad1eadf",
			"time":	"2023-08-24 17:47:47",
			"filename":	"cudnn-11.2-windows-x64-v8.1.1.33.zip",
			"share_status":	0,
			"pv":	0,
			"url":	"http://176.16.169.102:80/group2/M00/00/00/sBCpZmTnJ0OAI0lCKU9Hv8QvRxk.33.zip",
			"size":	693061567,
			"type":	"zip"
		}]
}
[2023-08-24 18:14:08]--[myfiles_cgi.cpp:499]--cmd = count
[2023-08-24 18:14:08]--[myfiles_cgi.cpp:527]--buf = {
    "token": "39f944553e65cc7733c64f3f744bc627",
    "user": "zengjx"
}

[2023-08-24 18:14:08]--[myfiles_cgi.cpp:179]--line = 1
[2023-08-24 18:14:08]--[myfiles_cgi.cpp:138]--out = {
	"num":	"1",
	"code":	"110"
}
[2023-08-24 18:14:08]--[myfiles_cgi.cpp:499]--cmd = normal
[2023-08-24 18:14:08]--[myfiles_cgi.cpp:527]--buf = {
    "count": 1,
    "start": 0,
    "token": "39f944553e65cc7733c64f3f744bc627",
    "user": "zengjx"
}

[2023-08-24 18:14:08]--[myfiles_cgi.cpp:545]--user = zengjx, token = 39f944553e65cc7733c64f3f744bc627, start = 0, count = 1
[2023-08-24 18:14:08]--[myfiles_cgi.cpp:315]--select user_file_list.*, file_info.url, file_info.size, file_info.type from file_info, user_file_list where user = 'zengjx' and file_info.md5 = user_file_list.md5 limit 0, 1 在操作
[2023-08-24 18:14:08]--[myfiles_cgi.cpp:438]--{
	"files":	[{
			"user":	"zengjx",
			"md5":	"3d0840dd2572e49c5378c5009ad1eadf",
			"time":	"2023-08-24 17:47:47",
			"filename":	"cudnn-11.2-windows-x64-v8.1.1.33.zip",
			"share_status":	1,
			"pv":	0,
			"url":	"http://176.16.169.102:80/group2/M00/00/00/sBCpZmTnJ0OAI0lCKU9Hv8QvRxk.33.zip",
			"size":	693061567,
			"type":	"zip"
		}]
}
[2023-08-24 18:14:13]--[myfiles_cgi.cpp:499]--cmd = count
[2023-08-24 18:14:13]--[myfiles_cgi.cpp:527]--buf = {
    "token": "39f944553e65cc7733c64f3f744bc627",
    "user": "zengjx"
}

[2023-08-24 18:14:13]--[myfiles_cgi.cpp:179]--line = 1
[2023-08-24 18:14:13]--[myfiles_cgi.cpp:138]--out = {
	"num":	"1",
	"code":	"110"
}
[2023-08-24 18:14:13]--[myfiles_cgi.cpp:499]--cmd = normal
[2023-08-24 18:14:13]--[myfiles_cgi.cpp:527]--buf = {
    "count": 1,
    "start": 0,
    "token": "39f944553e65cc7733c64f3f744bc627",
    "user": "zengjx"
}

[2023-08-24 18:14:13]--[myfiles_cgi.cpp:545]--user = zengjx, token = 39f944553e65cc7733c64f3f744bc627, start = 0, count = 1
[2023-08-24 18:14:13]--[myfiles_cgi.cpp:315]--select user_file_list.*, file_info.url, file_info.size, file_info.type from file_info, user_file_list where user = 'zengjx' and file_info.md5 = user_file_list.md5 limit 0, 1 在操作
[2023-08-24 18:14:13]--[myfiles_cgi.cpp:438]--{
	"files":	[{
			"user":	"zengjx",
			"md5":	"3d0840dd2572e49c5378c5009ad1eadf",
			"time":	"2023-08-24 17:47:47",
			"filename":	"cudnn-11.2-windows-x64-v8.1.1.33.zip",
			"share_status":	1,
			"pv":	0,
			"url":	"http://176.16.169.102:80/group2/M00/00/00/sBCpZmTnJ0OAI0lCKU9Hv8QvRxk.33.zip",
			"size":	693061567,
			"type":	"zip"
		}]
}
[2023-08-24 18:14:16]--[myfiles_cgi.cpp:499]--cmd = count
[2023-08-24 18:14:16]--[myfiles_cgi.cpp:527]--buf = {
    "token": "39f944553e65cc7733c64f3f744bc627",
    "user": "zengjx"
}

[2023-08-24 18:14:16]--[myfiles_cgi.cpp:179]--line = 1
[2023-08-24 18:14:16]--[myfiles_cgi.cpp:138]--out = {
	"num":	"1",
	"code":	"110"
}
[2023-08-24 18:14:16]--[myfiles_cgi.cpp:499]--cmd = normal
[2023-08-24 18:14:16]--[myfiles_cgi.cpp:527]--buf = {
    "count": 1,
    "start": 0,
    "token": "39f944553e65cc7733c64f3f744bc627",
    "user": "zengjx"
}

[2023-08-24 18:14:16]--[myfiles_cgi.cpp:545]--user = zengjx, token = 39f944553e65cc7733c64f3f744bc627, start = 0, count = 1
[2023-08-24 18:14:16]--[myfiles_cgi.cpp:315]--select user_file_list.*, file_info.url, file_info.size, file_info.type from file_info, user_file_list where user = 'zengjx' and file_info.md5 = user_file_list.md5 limit 0, 1 在操作
[2023-08-24 18:14:16]--[myfiles_cgi.cpp:438]--{
	"files":	[{
			"user":	"zengjx",
			"md5":	"3d0840dd2572e49c5378c5009ad1eadf",
			"time":	"2023-08-24 17:47:47",
			"filename":	"cudnn-11.2-windows-x64-v8.1.1.33.zip",
			"share_status":	1,
			"pv":	0,
			"url":	"http://176.16.169.102:80/group2/M00/00/00/sBCpZmTnJ0OAI0lCKU9Hv8QvRxk.33.zip",
			"size":	693061567,
			"type":	"zip"
		}]
}
[2023-08-24 18:14:18]--[myfiles_cgi.cpp:499]--cmd = count
[2023-08-24 18:14:18]--[myfiles_cgi.cpp:527]--buf = {
    "token": "39f944553e65cc7733c64f3f744bc627",
    "user": "zengjx"
}

[2023-08-24 18:14:18]--[myfiles_cgi.cpp:179]--line = 1
[2023-08-24 18:14:18]--[myfiles_cgi.cpp:138]--out = {
	"num":	"1",
	"code":	"110"
}
[2023-08-24 18:14:18]--[myfiles_cgi.cpp:499]--cmd = normal
[2023-08-24 18:14:18]--[myfiles_cgi.cpp:527]--buf = {
    "count": 1,
    "start": 0,
    "token": "39f944553e65cc7733c64f3f744bc627",
    "user": "zengjx"
}

[2023-08-24 18:14:18]--[myfiles_cgi.cpp:545]--user = zengjx, token = 39f944553e65cc7733c64f3f744bc627, start = 0, count = 1
[2023-08-24 18:14:18]--[myfiles_cgi.cpp:315]--select user_file_list.*, file_info.url, file_info.size, file_info.type from file_info, user_file_list where user = 'zengjx' and file_info.md5 = user_file_list.md5 limit 0, 1 在操作
[2023-08-24 18:14:18]--[myfiles_cgi.cpp:438]--{
	"files":	[{
			"user":	"zengjx",
			"md5":	"3d0840dd2572e49c5378c5009ad1eadf",
			"time":	"2023-08-24 17:47:47",
			"filename":	"cudnn-11.2-windows-x64-v8.1.1.33.zip",
			"share_status":	1,
			"pv":	0,
			"url":	"http://176.16.169.102:80/group2/M00/00/00/sBCpZmTnJ0OAI0lCKU9Hv8QvRxk.33.zip",
			"size":	693061567,
			"type":	"zip"
		}]
}
[2023-08-24 18:14:25]--[myfiles_cgi.cpp:499]--cmd = count
[2023-08-24 18:14:25]--[myfiles_cgi.cpp:527]--buf = {
    "token": "39f944553e65cc7733c64f3f744bc627",
    "user": "zengjx"
}

[2023-08-24 18:14:25]--[myfiles_cgi.cpp:179]--line = 2
[2023-08-24 18:14:25]--[myfiles_cgi.cpp:138]--out = {
	"num":	"2",
	"code":	"110"
}
[2023-08-24 18:14:25]--[myfiles_cgi.cpp:499]--cmd = normal
[2023-08-24 18:14:25]--[myfiles_cgi.cpp:527]--buf = {
    "count": 2,
    "start": 0,
    "token": "39f944553e65cc7733c64f3f744bc627",
    "user": "zengjx"
}

[2023-08-24 18:14:25]--[myfiles_cgi.cpp:545]--user = zengjx, token = 39f944553e65cc7733c64f3f744bc627, start = 0, count = 2
[2023-08-24 18:14:25]--[myfiles_cgi.cpp:315]--select user_file_list.*, file_info.url, file_info.size, file_info.type from file_info, user_file_list where user = 'zengjx' and file_info.md5 = user_file_list.md5 limit 0, 2 在操作
[2023-08-24 18:14:25]--[myfiles_cgi.cpp:438]--{
	"files":	[{
			"user":	"zengjx",
			"md5":	"3d0840dd2572e49c5378c5009ad1eadf",
			"time":	"2023-08-24 17:47:47",
			"filename":	"cudnn-11.2-windows-x64-v8.1.1.33.zip",
			"share_status":	1,
			"pv":	0,
			"url":	"http://176.16.169.102:80/group2/M00/00/00/sBCpZmTnJ0OAI0lCKU9Hv8QvRxk.33.zip",
			"size":	693061567,
			"type":	"zip"
		}, {
			"user":	"zengjx",
			"md5":	"8de9f1753827148d4ecc8c6a0d56943a",
			"time":	"2023-08-24 18:14:23",
			"filename":	"1.jpg",
			"share_status":	0,
			"pv":	0,
			"url":	"http://176.16.169.102:80/group2/M00/00/00/sBCpZmTnLX-AMDx4AAAPqPIZLGo528.jpg",
			"size":	4008,
			"type":	"jpg"
		}]
}
[2023-08-24 18:14:31]--[myfiles_cgi.cpp:499]--cmd = count
[2023-08-24 18:14:31]--[myfiles_cgi.cpp:527]--buf = {
    "token": "39f944553e65cc7733c64f3f744bc627",
    "user": "zengjx"
}

[2023-08-24 18:14:31]--[myfiles_cgi.cpp:179]--line = 2
[2023-08-24 18:14:31]--[myfiles_cgi.cpp:138]--out = {
	"num":	"2",
	"code":	"110"
}
[2023-08-24 18:14:31]--[myfiles_cgi.cpp:499]--cmd = normal
[2023-08-24 18:14:31]--[myfiles_cgi.cpp:527]--buf = {
    "count": 2,
    "start": 0,
    "token": "39f944553e65cc7733c64f3f744bc627",
    "user": "zengjx"
}

[2023-08-24 18:14:31]--[myfiles_cgi.cpp:545]--user = zengjx, token = 39f944553e65cc7733c64f3f744bc627, start = 0, count = 2
[2023-08-24 18:14:31]--[myfiles_cgi.cpp:315]--select user_file_list.*, file_info.url, file_info.size, file_info.type from file_info, user_file_list where user = 'zengjx' and file_info.md5 = user_file_list.md5 limit 0, 2 在操作
[2023-08-24 18:14:31]--[myfiles_cgi.cpp:438]--{
	"files":	[{
			"user":	"zengjx",
			"md5":	"3d0840dd2572e49c5378c5009ad1eadf",
			"time":	"2023-08-24 17:47:47",
			"filename":	"cudnn-11.2-windows-x64-v8.1.1.33.zip",
			"share_status":	1,
			"pv":	0,
			"url":	"http://176.16.169.102:80/group2/M00/00/00/sBCpZmTnJ0OAI0lCKU9Hv8QvRxk.33.zip",
			"size":	693061567,
			"type":	"zip"
		}, {
			"user":	"zengjx",
			"md5":	"8de9f1753827148d4ecc8c6a0d56943a",
			"time":	"2023-08-24 18:14:23",
			"filename":	"1.jpg",
			"share_status":	1,
			"pv":	0,
			"url":	"http://176.16.169.102:80/group2/M00/00/00/sBCpZmTnLX-AMDx4AAAPqPIZLGo528.jpg",
			"size":	4008,
			"type":	"jpg"
		}]
}
[2023-08-24 18:14:42]--[myfiles_cgi.cpp:499]--cmd = count
[2023-08-24 18:14:42]--[myfiles_cgi.cpp:527]--buf = {
    "token": "39f944553e65cc7733c64f3f744bc627",
    "user": "zengjx"
}

[2023-08-24 18:14:42]--[myfiles_cgi.cpp:179]--line = 2
[2023-08-24 18:14:42]--[myfiles_cgi.cpp:138]--out = {
	"num":	"2",
	"code":	"110"
}
[2023-08-24 18:14:42]--[myfiles_cgi.cpp:499]--cmd = normal
[2023-08-24 18:14:42]--[myfiles_cgi.cpp:527]--buf = {
    "count": 2,
    "start": 0,
    "token": "39f944553e65cc7733c64f3f744bc627",
    "user": "zengjx"
}

[2023-08-24 18:14:42]--[myfiles_cgi.cpp:545]--user = zengjx, token = 39f944553e65cc7733c64f3f744bc627, start = 0, count = 2
[2023-08-24 18:14:42]--[myfiles_cgi.cpp:315]--select user_file_list.*, file_info.url, file_info.size, file_info.type from file_info, user_file_list where user = 'zengjx' and file_info.md5 = user_file_list.md5 limit 0, 2 在操作
[2023-08-24 18:14:42]--[myfiles_cgi.cpp:438]--{
	"files":	[{
			"user":	"zengjx",
			"md5":	"3d0840dd2572e49c5378c5009ad1eadf",
			"time":	"2023-08-24 17:47:47",
			"filename":	"cudnn-11.2-windows-x64-v8.1.1.33.zip",
			"share_status":	1,
			"pv":	0,
			"url":	"http://176.16.169.102:80/group2/M00/00/00/sBCpZmTnJ0OAI0lCKU9Hv8QvRxk.33.zip",
			"size":	693061567,
			"type":	"zip"
		}, {
			"user":	"zengjx",
			"md5":	"8de9f1753827148d4ecc8c6a0d56943a",
			"time":	"2023-08-24 18:14:23",
			"filename":	"1.jpg",
			"share_status":	1,
			"pv":	0,
			"url":	"http://176.16.169.102:80/group2/M00/00/00/sBCpZmTnLX-AMDx4AAAPqPIZLGo528.jpg",
			"size":	4008,
			"type":	"jpg"
		}]
}
[2023-08-24 18:14:44]--[myfiles_cgi.cpp:499]--cmd = count
[2023-08-24 18:14:44]--[myfiles_cgi.cpp:527]--buf = {
    "token": "39f944553e65cc7733c64f3f744bc627",
    "user": "zengjx"
}

[2023-08-24 18:14:44]--[myfiles_cgi.cpp:179]--line = 2
[2023-08-24 18:14:44]--[myfiles_cgi.cpp:138]--out = {
	"num":	"2",
	"code":	"110"
}
[2023-08-24 18:14:44]--[myfiles_cgi.cpp:499]--cmd = normal
[2023-08-24 18:14:44]--[myfiles_cgi.cpp:527]--buf = {
    "count": 2,
    "start": 0,
    "token": "39f944553e65cc7733c64f3f744bc627",
    "user": "zengjx"
}

[2023-08-24 18:14:44]--[myfiles_cgi.cpp:545]--user = zengjx, token = 39f944553e65cc7733c64f3f744bc627, start = 0, count = 2
[2023-08-24 18:14:44]--[myfiles_cgi.cpp:315]--select user_file_list.*, file_info.url, file_info.size, file_info.type from file_info, user_file_list where user = 'zengjx' and file_info.md5 = user_file_list.md5 limit 0, 2 在操作
[2023-08-24 18:14:44]--[myfiles_cgi.cpp:438]--{
	"files":	[{
			"user":	"zengjx",
			"md5":	"3d0840dd2572e49c5378c5009ad1eadf",
			"time":	"2023-08-24 17:47:47",
			"filename":	"cudnn-11.2-windows-x64-v8.1.1.33.zip",
			"share_status":	1,
			"pv":	0,
			"url":	"http://176.16.169.102:80/group2/M00/00/00/sBCpZmTnJ0OAI0lCKU9Hv8QvRxk.33.zip",
			"size":	693061567,
			"type":	"zip"
		}, {
			"user":	"zengjx",
			"md5":	"8de9f1753827148d4ecc8c6a0d56943a",
			"time":	"2023-08-24 18:14:23",
			"filename":	"1.jpg",
			"share_status":	1,
			"pv":	0,
			"url":	"http://176.16.169.102:80/group2/M00/00/00/sBCpZmTnLX-AMDx4AAAPqPIZLGo528.jpg",
			"size":	4008,
			"type":	"jpg"
		}]
}
[2023-08-24 18:14:49]--[myfiles_cgi.cpp:499]--cmd = count
[2023-08-24 18:14:49]--[myfiles_cgi.cpp:527]--buf = {
    "token": "39f944553e65cc7733c64f3f744bc627",
    "user": "zengjx"
}

[2023-08-24 18:14:49]--[myfiles_cgi.cpp:179]--line = 2
[2023-08-24 18:14:49]--[myfiles_cgi.cpp:138]--out = {
	"num":	"2",
	"code":	"110"
}
[2023-08-24 18:14:49]--[myfiles_cgi.cpp:499]--cmd = normal
[2023-08-24 18:14:49]--[myfiles_cgi.cpp:527]--buf = {
    "count": 2,
    "start": 0,
    "token": "39f944553e65cc7733c64f3f744bc627",
    "user": "zengjx"
}

[2023-08-24 18:14:49]--[myfiles_cgi.cpp:545]--user = zengjx, token = 39f944553e65cc7733c64f3f744bc627, start = 0, count = 2
[2023-08-24 18:14:49]--[myfiles_cgi.cpp:315]--select user_file_list.*, file_info.url, file_info.size, file_info.type from file_info, user_file_list where user = 'zengjx' and file_info.md5 = user_file_list.md5 limit 0, 2 在操作
[2023-08-24 18:14:49]--[myfiles_cgi.cpp:438]--{
	"files":	[{
			"user":	"zengjx",
			"md5":	"3d0840dd2572e49c5378c5009ad1eadf",
			"time":	"2023-08-24 17:47:47",
			"filename":	"cudnn-11.2-windows-x64-v8.1.1.33.zip",
			"share_status":	1,
			"pv":	0,
			"url":	"http://176.16.169.102:80/group2/M00/00/00/sBCpZmTnJ0OAI0lCKU9Hv8QvRxk.33.zip",
			"size":	693061567,
			"type":	"zip"
		}, {
			"user":	"zengjx",
			"md5":	"8de9f1753827148d4ecc8c6a0d56943a",
			"time":	"2023-08-24 18:14:23",
			"filename":	"1.jpg",
			"share_status":	1,
			"pv":	0,
			"url":	"http://176.16.169.102:80/group2/M00/00/00/sBCpZmTnLX-AMDx4AAAPqPIZLGo528.jpg",
			"size":	4008,
			"type":	"jpg"
		}]
}
[2023-08-24 18:24:21]--[myfiles_cgi.cpp:499]--cmd = count
[2023-08-24 18:24:21]--[myfiles_cgi.cpp:527]--buf = {
    "token": "39f944553e65cc7733c64f3f744bc627",
    "user": "zengjx"
}

[2023-08-24 18:24:21]--[myfiles_cgi.cpp:179]--line = 2
[2023-08-24 18:24:21]--[myfiles_cgi.cpp:138]--out = {
	"num":	"2",
	"code":	"110"
}
[2023-08-24 18:24:21]--[myfiles_cgi.cpp:499]--cmd = normal
[2023-08-24 18:24:21]--[myfiles_cgi.cpp:527]--buf = {
    "count": 2,
    "start": 0,
    "token": "39f944553e65cc7733c64f3f744bc627",
    "user": "zengjx"
}

[2023-08-24 18:24:21]--[myfiles_cgi.cpp:545]--user = zengjx, token = 39f944553e65cc7733c64f3f744bc627, start = 0, count = 2
[2023-08-24 18:24:21]--[myfiles_cgi.cpp:315]--select user_file_list.*, file_info.url, file_info.size, file_info.type from file_info, user_file_list where user = 'zengjx' and file_info.md5 = user_file_list.md5 limit 0, 2 在操作
[2023-08-24 18:24:21]--[myfiles_cgi.cpp:438]--{
	"files":	[{
			"user":	"zengjx",
			"md5":	"3d0840dd2572e49c5378c5009ad1eadf",
			"time":	"2023-08-24 17:47:47",
			"filename":	"cudnn-11.2-windows-x64-v8.1.1.33.zip",
			"share_status":	1,
			"pv":	0,
			"url":	"http://176.16.169.102:80/group2/M00/00/00/sBCpZmTnJ0OAI0lCKU9Hv8QvRxk.33.zip",
			"size":	693061567,
			"type":	"zip"
		}, {
			"user":	"zengjx",
			"md5":	"8de9f1753827148d4ecc8c6a0d56943a",
			"time":	"2023-08-24 18:14:23",
			"filename":	"1.jpg",
			"share_status":	1,
			"pv":	0,
			"url":	"http://176.16.169.102:80/group2/M00/00/00/sBCpZmTnLX-AMDx4AAAPqPIZLGo528.jpg",
			"size":	4008,
			"type":	"jpg"
		}]
}
[2023-08-24 18:24:27]--[myfiles_cgi.cpp:499]--cmd = count
[2023-08-24 18:24:27]--[myfiles_cgi.cpp:527]--buf = {
    "token": "39f944553e65cc7733c64f3f744bc627",
    "user": "zengjx"
}

[2023-08-24 18:24:27]--[myfiles_cgi.cpp:179]--line = 1
[2023-08-24 18:24:27]--[myfiles_cgi.cpp:138]--out = {
	"num":	"1",
	"code":	"110"
}
[2023-08-24 18:24:27]--[myfiles_cgi.cpp:499]--cmd = normal
[2023-08-24 18:24:27]--[myfiles_cgi.cpp:527]--buf = {
    "count": 1,
    "start": 0,
    "token": "39f944553e65cc7733c64f3f744bc627",
    "user": "zengjx"
}

[2023-08-24 18:24:27]--[myfiles_cgi.cpp:545]--user = zengjx, token = 39f944553e65cc7733c64f3f744bc627, start = 0, count = 1
[2023-08-24 18:24:27]--[myfiles_cgi.cpp:315]--select user_file_list.*, file_info.url, file_info.size, file_info.type from file_info, user_file_list where user = 'zengjx' and file_info.md5 = user_file_list.md5 limit 0, 1 在操作
[2023-08-24 18:24:27]--[myfiles_cgi.cpp:438]--{
	"files":	[{
			"user":	"zengjx",
			"md5":	"8de9f1753827148d4ecc8c6a0d56943a",
			"time":	"2023-08-24 18:14:23",
			"filename":	"1.jpg",
			"share_status":	1,
			"pv":	0,
			"url":	"http://176.16.169.102:80/group2/M00/00/00/sBCpZmTnLX-AMDx4AAAPqPIZLGo528.jpg",
			"size":	4008,
			"type":	"jpg"
		}]
}
[2023-08-24 19:44:09]--[myfiles_cgi.cpp:499]--cmd = count
[2023-08-24 19:44:09]--[myfiles_cgi.cpp:527]--buf = {
    "token": "39f944553e65cc7733c64f3f744bc627",
    "user": "zengjx"
}

[2023-08-24 19:44:09]--[myfiles_cgi.cpp:179]--line = 1
[2023-08-24 19:44:09]--[myfiles_cgi.cpp:138]--out = {
	"num":	"1",
	"code":	"110"
}
[2023-08-24 19:44:09]--[myfiles_cgi.cpp:499]--cmd = normal
[2023-08-24 19:44:09]--[myfiles_cgi.cpp:527]--buf = {
    "count": 1,
    "start": 0,
    "token": "39f944553e65cc7733c64f3f744bc627",
    "user": "zengjx"
}

[2023-08-24 19:44:09]--[myfiles_cgi.cpp:545]--user = zengjx, token = 39f944553e65cc7733c64f3f744bc627, start = 0, count = 1
[2023-08-24 19:44:09]--[myfiles_cgi.cpp:315]--select user_file_list.*, file_info.url, file_info.size, file_info.type from file_info, user_file_list where user = 'zengjx' and file_info.md5 = user_file_list.md5 limit 0, 1 在操作
[2023-08-24 19:44:09]--[myfiles_cgi.cpp:438]--{
	"files":	[{
			"user":	"zengjx",
			"md5":	"3d0840dd2572e49c5378c5009ad1eadf",
			"time":	"2023-08-24 18:26:12",
			"filename":	"cudnn-11.2-windows-x64-v8.1.1.33.zip",
			"share_status":	0,
			"pv":	0,
			"url":	"http://176.16.169.102:80/group2/M00/00/00/sBCpZmTnMESAO2p2KU9Hv8QvRxk.33.zip",
			"size":	693061567,
			"type":	"zip"
		}]
}
