[2023-08-22 14:38:17]--[myfiles_cgi.cpp:488]--cmd = count
[2023-08-22 14:38:17]--[myfiles_cgi.cpp:516]--buf = {
    "token": "1f4144add241e08910fbc9c8788c391c",
    "user": "zengjianxin"
}

[2023-08-22 14:38:17]--[myfiles_cgi.cpp:162]--select count from user_file_count where user="zengjianxin" 操作失败
[2023-08-22 14:51:45]--[myfiles_cgi.cpp:478]--mysql:[user=root,pwd=#ZJx123456,database=filesystem,ip=10.21.20.67,port=3306][2023-08-22 14:51:59]--[myfiles_cgi.cpp:488]--cmd = count
[2023-08-22 14:51:59]--[myfiles_cgi.cpp:516]--buf = {
    "token": "e01ca3c244c682e0b4a74324906d611e",
    "user": "zengjianxin"
}

[2023-08-22 14:51:59]--[myfiles_cgi.cpp:162]--select count from user_file_count where user="zengjianxin" 操作失败
[2023-08-22 14:52:20]--[myfiles_cgi.cpp:478]--mysql:[user=root,pwd=#ZJx123456,database=filesystem,ip=10.21.20.67,port=3306][2023-08-22 14:54:48]--[myfiles_cgi.cpp:488]--cmd = count
[2023-08-22 14:54:48]--[myfiles_cgi.cpp:516]--buf = {
    "token": "e01ca3c244c682e0b4a74324906d611e",
    "user": "zengjianxin"
}

[2023-08-22 14:54:48]--[myfiles_cgi.cpp:162]--select count from user_file_count where user="zengjianxin" 操作失败
[2023-08-22 15:03:43]--[myfiles_cgi.cpp:478]--mysql:[user=root,pwd=#ZJx123456,database=filesystem,ip=10.21.20.67,port=3306][2023-08-22 15:03:56]--[myfiles_cgi.cpp:488]--cmd = count
[2023-08-22 15:03:56]--[myfiles_cgi.cpp:516]--buf = {
    "token": "0fcbb3d94e33c3bb6f9c0169b7852044",
    "user": "zengjianxin"
}

[2023-08-22 15:03:56]--[myfiles_cgi.cpp:162]--select count from user_file_count where user="zengjianxin" 操作失败
[2023-08-22 15:18:25]--[myfiles_cgi.cpp:481]--mysql:[user=root,pwd=#ZJx123456,database=filesystem,ip=10.21.20.67,port=3306][2023-08-22 15:18:38]--[myfiles_cgi.cpp:491]--cmd = count
[2023-08-22 15:18:38]--[myfiles_cgi.cpp:519]--buf = {
    "token": "3c07fa71a3411ac09fb02484f1188fff",
    "user": "zengjianxin"
}

[2023-08-22 15:18:38]--[myfiles_cgi.cpp:164]--select count from user_file_count where user="zengjianxin" 操作失败
[2023-08-22 15:26:53]--[myfiles_cgi.cpp:489]--mysql:[user=root,pwd=#ZJx123456,database=filesystem,ip=10.21.20.67,port=3306][2023-08-22 15:27:03]--[myfiles_cgi.cpp:499]--cmd = count
[2023-08-22 15:27:03]--[myfiles_cgi.cpp:527]--buf = {
    "token": "30819680cb549ac04443cb7a7e8f6b08",
    "user": "zengjianxin"
}

[2023-08-22 15:27:03]--[myfiles_cgi.cpp:167]--select count from user_file_count where user="zengjianxin" 操作失败
[2023-08-22 15:27:03]--[myfiles_cgi.cpp:169]--line = 0
[2023-08-22 15:27:03]--[myfiles_cgi.cpp:138]--out = {
	"num":	"0",
	"code":	"110"
}
[2023-08-22 15:30:42]--[myfiles_cgi.cpp:499]--cmd = count
[2023-08-22 15:30:42]--[myfiles_cgi.cpp:527]--buf = {
    "token": "30819680cb549ac04443cb7a7e8f6b08",
    "user": "zengjianxin"
}

[2023-08-22 15:30:42]--[myfiles_cgi.cpp:167]--select count from user_file_count where user="zengjianxin" 操作失败
[2023-08-22 15:30:42]--[myfiles_cgi.cpp:169]--line = 0
[2023-08-22 15:30:42]--[myfiles_cgi.cpp:138]--out = {
	"num":	"0",
	"code":	"110"
}
[2023-08-22 15:30:43]--[myfiles_cgi.cpp:499]--cmd = count
[2023-08-22 15:30:43]--[myfiles_cgi.cpp:527]--buf = {
    "token": "30819680cb549ac04443cb7a7e8f6b08",
    "user": "zengjianxin"
}

[2023-08-22 15:30:43]--[myfiles_cgi.cpp:167]--select count from user_file_count where user="zengjianxin" 操作失败
[2023-08-22 15:30:43]--[myfiles_cgi.cpp:169]--line = 0
[2023-08-22 15:30:43]--[myfiles_cgi.cpp:138]--out = {
	"num":	"0",
	"code":	"110"
}
[2023-08-22 15:32:57]--[myfiles_cgi.cpp:499]--cmd = count
[2023-08-22 15:32:57]--[myfiles_cgi.cpp:527]--buf = {
    "token": "30819680cb549ac04443cb7a7e8f6b08",
    "user": "zengjianxin"
}

[2023-08-22 15:32:57]--[myfiles_cgi.cpp:167]--select count from user_file_count where user="zengjianxin" 操作失败
[2023-08-22 15:32:57]--[myfiles_cgi.cpp:169]--line = 0
[2023-08-22 15:32:57]--[myfiles_cgi.cpp:138]--out = {
	"num":	"0",
	"code":	"110"
}
[2023-08-22 15:42:15]--[myfiles_cgi.cpp:499]--cmd = count
[2023-08-22 15:42:15]--[myfiles_cgi.cpp:527]--buf = {
    "token": "a5480f2c7839b784511f1397e226c822",
    "user": "zengjianxin"
}

[2023-08-22 15:42:15]--[myfiles_cgi.cpp:167]--select count from user_file_count where user="zengjianxin" 操作失败
[2023-08-22 15:42:15]--[myfiles_cgi.cpp:169]--line = 0
[2023-08-22 15:42:15]--[myfiles_cgi.cpp:138]--out = {
	"num":	"0",
	"code":	"110"
}
[2023-08-22 15:42:28]--[myfiles_cgi.cpp:499]--cmd = count
[2023-08-22 15:42:28]--[myfiles_cgi.cpp:527]--buf = {
    "token": "a5480f2c7839b784511f1397e226c822",
    "user": "zengjianxin"
}

[2023-08-22 15:42:28]--[myfiles_cgi.cpp:167]--select count from user_file_count where user="zengjianxin" 操作失败
[2023-08-22 15:42:28]--[myfiles_cgi.cpp:169]--line = 0
[2023-08-22 15:42:28]--[myfiles_cgi.cpp:138]--out = {
	"num":	"0",
	"code":	"110"
}
[2023-08-22 15:42:31]--[myfiles_cgi.cpp:499]--cmd = count
[2023-08-22 15:42:31]--[myfiles_cgi.cpp:527]--buf = {
    "token": "a5480f2c7839b784511f1397e226c822",
    "user": "zengjianxin"
}

[2023-08-22 15:42:31]--[myfiles_cgi.cpp:167]--select count from user_file_count where user="zengjianxin" 操作失败
[2023-08-22 15:42:31]--[myfiles_cgi.cpp:169]--line = 0
[2023-08-22 15:42:31]--[myfiles_cgi.cpp:138]--out = {
	"num":	"0",
	"code":	"110"
}
[2023-08-22 15:44:57]--[myfiles_cgi.cpp:499]--cmd = count
[2023-08-22 15:44:57]--[myfiles_cgi.cpp:527]--buf = {
    "token": "a5480f2c7839b784511f1397e226c822",
    "user": "zengjianxin"
}

[2023-08-22 15:44:57]--[myfiles_cgi.cpp:167]--select count from user_file_count where user="zengjianxin" 操作失败
[2023-08-22 15:44:57]--[myfiles_cgi.cpp:169]--line = 0
[2023-08-22 15:44:57]--[myfiles_cgi.cpp:138]--out = {
	"num":	"0",
	"code":	"110"
}
[2023-08-22 15:45:01]--[myfiles_cgi.cpp:499]--cmd = count
[2023-08-22 15:45:01]--[myfiles_cgi.cpp:527]--buf = {
    "token": "a5480f2c7839b784511f1397e226c822",
    "user": "zengjianxin"
}

[2023-08-22 15:45:01]--[myfiles_cgi.cpp:167]--select count from user_file_count where user="zengjianxin" 操作失败
[2023-08-22 15:45:01]--[myfiles_cgi.cpp:169]--line = 0
[2023-08-22 15:45:01]--[myfiles_cgi.cpp:138]--out = {
	"num":	"0",
	"code":	"110"
}
[2023-08-22 15:46:55]--[myfiles_cgi.cpp:499]--cmd = count
[2023-08-22 15:46:55]--[myfiles_cgi.cpp:527]--buf = {
    "token": "a5480f2c7839b784511f1397e226c822",
    "user": "zengjianxin"
}

[2023-08-22 15:46:55]--[myfiles_cgi.cpp:167]--select count from user_file_count where user="zengjianxin" 操作失败
[2023-08-22 15:46:55]--[myfiles_cgi.cpp:169]--line = 0
[2023-08-22 15:46:55]--[myfiles_cgi.cpp:138]--out = {
	"num":	"0",
	"code":	"110"
}
[2023-08-22 15:56:43]--[myfiles_cgi.cpp:499]--cmd = count
[2023-08-22 15:56:43]--[myfiles_cgi.cpp:527]--buf = {
    "token": "8a7dc36137fcbed7a62d41ccce45eb31",
    "user": "zengjianxin"
}

[2023-08-22 15:56:43]--[myfiles_cgi.cpp:167]--select count from user_file_count where user="zengjianxin" 操作失败
[2023-08-22 15:56:43]--[myfiles_cgi.cpp:169]--line = 0
[2023-08-22 15:56:43]--[myfiles_cgi.cpp:138]--out = {
	"num":	"0",
	"code":	"110"
}
[2023-08-22 15:57:15]--[myfiles_cgi.cpp:499]--cmd = count
[2023-08-22 15:57:15]--[myfiles_cgi.cpp:527]--buf = {
    "token": "8a7dc36137fcbed7a62d41ccce45eb31",
    "user": "zengjianxin"
}

[2023-08-22 15:57:15]--[myfiles_cgi.cpp:167]--select count from user_file_count where user="zengjianxin" 操作失败
[2023-08-22 15:57:15]--[myfiles_cgi.cpp:169]--line = 0
[2023-08-22 15:57:15]--[myfiles_cgi.cpp:138]--out = {
	"num":	"0",
	"code":	"110"
}
[2023-08-22 15:57:16]--[myfiles_cgi.cpp:499]--cmd = count
[2023-08-22 15:57:16]--[myfiles_cgi.cpp:527]--buf = {
    "token": "8a7dc36137fcbed7a62d41ccce45eb31",
    "user": "zengjianxin"
}

[2023-08-22 15:57:16]--[myfiles_cgi.cpp:167]--select count from user_file_count where user="zengjianxin" 操作失败
[2023-08-22 15:57:16]--[myfiles_cgi.cpp:169]--line = 0
[2023-08-22 15:57:16]--[myfiles_cgi.cpp:138]--out = {
	"num":	"0",
	"code":	"110"
}
[2023-08-22 15:57:18]--[myfiles_cgi.cpp:499]--cmd = count
[2023-08-22 15:57:18]--[myfiles_cgi.cpp:527]--buf = {
    "token": "8a7dc36137fcbed7a62d41ccce45eb31",
    "user": "zengjianxin"
}

[2023-08-22 15:57:18]--[myfiles_cgi.cpp:167]--select count from user_file_count where user="zengjianxin" 操作失败
[2023-08-22 15:57:18]--[myfiles_cgi.cpp:169]--line = 0
[2023-08-22 15:57:18]--[myfiles_cgi.cpp:138]--out = {
	"num":	"0",
	"code":	"110"
}
[2023-08-22 15:58:14]--[myfiles_cgi.cpp:499]--cmd = count
[2023-08-22 15:58:14]--[myfiles_cgi.cpp:527]--buf = {
    "token": "8a7dc36137fcbed7a62d41ccce45eb31",
    "user": "zengjianxin"
}

[2023-08-22 15:58:14]--[myfiles_cgi.cpp:167]--select count from user_file_count where user="zengjianxin" 操作失败
[2023-08-22 15:58:14]--[myfiles_cgi.cpp:169]--line = 0
[2023-08-22 15:58:14]--[myfiles_cgi.cpp:138]--out = {
	"num":	"0",
	"code":	"110"
}
[2023-08-22 16:17:58]--[myfiles_cgi.cpp:499]--cmd = count
[2023-08-22 16:17:58]--[myfiles_cgi.cpp:527]--buf = {
    "token": "8a7dc36137fcbed7a62d41ccce45eb31",
    "user": "zengjianxin"
}

[2023-08-22 16:17:58]--[myfiles_cgi.cpp:179]--line = 1
[2023-08-22 16:17:58]--[myfiles_cgi.cpp:138]--out = {
	"num":	"1",
	"code":	"110"
}
[2023-08-22 16:17:58]--[myfiles_cgi.cpp:499]--cmd = normal
[2023-08-22 16:17:58]--[myfiles_cgi.cpp:527]--buf = {
    "count": 1,
    "start": 0,
    "token": "8a7dc36137fcbed7a62d41ccce45eb31",
    "user": "zengjianxin"
}

[2023-08-22 16:17:58]--[myfiles_cgi.cpp:545]--user = zengjianxin, token = 8a7dc36137fcbed7a62d41ccce45eb31, start = 0, count = 1
[2023-08-22 16:17:58]--[myfiles_cgi.cpp:315]--select user_file_list.*, file_info.url, file_info.size, file_info.type from file_info, user_file_list where user = 'zengjianxin' and file_info.md5 = user_file_list.md5 limit 0, 1 在操作
[2023-08-22 16:17:58]--[myfiles_cgi.cpp:438]--{
	"files":	[{
			"user":	"zengjianxin",
			"md5":	"c63204cc106231695480c8a3f847ea54",
			"time":	"2023-08-22 16:17:53",
			"filename":	"新建文本文档.txt",
			"share_status":	0,
			"pv":	0,
			"url":	"http://176.16.169.102:80/group2/M00/00/00/sBCpZmTkbzGAduLEAAADA5dK6lk573.txt",
			"size":	771,
			"type":	"txt"
		}]
}
[2023-08-22 16:20:31]--[myfiles_cgi.cpp:499]--cmd = count
[2023-08-22 16:20:31]--[myfiles_cgi.cpp:527]--buf = {
    "token": "8a7dc36137fcbed7a62d41ccce45eb31",
    "user": "zengjianxin"
}

[2023-08-22 16:20:31]--[myfiles_cgi.cpp:179]--line = 1
[2023-08-22 16:20:31]--[myfiles_cgi.cpp:138]--out = {
	"num":	"1",
	"code":	"110"
}
[2023-08-22 16:20:31]--[myfiles_cgi.cpp:499]--cmd = normal
[2023-08-22 16:20:31]--[myfiles_cgi.cpp:527]--buf = {
    "count": 1,
    "start": 0,
    "token": "8a7dc36137fcbed7a62d41ccce45eb31",
    "user": "zengjianxin"
}

[2023-08-22 16:20:31]--[myfiles_cgi.cpp:545]--user = zengjianxin, token = 8a7dc36137fcbed7a62d41ccce45eb31, start = 0, count = 1
[2023-08-22 16:20:31]--[myfiles_cgi.cpp:315]--select user_file_list.*, file_info.url, file_info.size, file_info.type from file_info, user_file_list where user = 'zengjianxin' and file_info.md5 = user_file_list.md5 limit 0, 1 在操作
[2023-08-22 16:20:31]--[myfiles_cgi.cpp:438]--{
	"files":	[{
			"user":	"zengjianxin",
			"md5":	"c63204cc106231695480c8a3f847ea54",
			"time":	"2023-08-22 16:17:53",
			"filename":	"新建文本文档.txt",
			"share_status":	0,
			"pv":	0,
			"url":	"http://176.16.169.102:80/group2/M00/00/00/sBCpZmTkbzGAduLEAAADA5dK6lk573.txt",
			"size":	771,
			"type":	"txt"
		}]
}
[2023-08-22 16:31:41]--[myfiles_cgi.cpp:499]--cmd = count
[2023-08-22 16:31:41]--[myfiles_cgi.cpp:527]--buf = {
    "token": "ea5097096f0ae3a689dba3a610b2cb62",
    "user": "zengjianxin"
}

[2023-08-22 16:31:41]--[myfiles_cgi.cpp:167]--select count from user_file_count where user="zengjianxin" 操作失败
[2023-08-22 16:31:41]--[myfiles_cgi.cpp:169]--line = 0
[2023-08-22 16:31:41]--[myfiles_cgi.cpp:138]--out = {
	"num":	"0",
	"code":	"110"
}
[2023-08-22 16:32:00]--[myfiles_cgi.cpp:499]--cmd = count
[2023-08-22 16:32:00]--[myfiles_cgi.cpp:527]--buf = {
    "token": "ea5097096f0ae3a689dba3a610b2cb62",
    "user": "zengjianxin"
}

[2023-08-22 16:32:00]--[myfiles_cgi.cpp:179]--line = 1
[2023-08-22 16:32:00]--[myfiles_cgi.cpp:138]--out = {
	"num":	"1",
	"code":	"110"
}
[2023-08-22 16:32:00]--[myfiles_cgi.cpp:499]--cmd = normal
[2023-08-22 16:32:00]--[myfiles_cgi.cpp:527]--buf = {
    "count": 1,
    "start": 0,
    "token": "ea5097096f0ae3a689dba3a610b2cb62",
    "user": "zengjianxin"
}

[2023-08-22 16:32:00]--[myfiles_cgi.cpp:545]--user = zengjianxin, token = ea5097096f0ae3a689dba3a610b2cb62, start = 0, count = 1
[2023-08-22 16:32:00]--[myfiles_cgi.cpp:315]--select user_file_list.*, file_info.url, file_info.size, file_info.type from file_info, user_file_list where user = 'zengjianxin' and file_info.md5 = user_file_list.md5 limit 0, 1 在操作
[2023-08-22 16:32:00]--[myfiles_cgi.cpp:438]--{
	"files":	[{
			"user":	"zengjianxin",
			"md5":	"c63204cc106231695480c8a3f847ea54",
			"time":	"2023-08-22 16:31:53",
			"filename":	"新建文本文档.txt",
			"share_status":	0,
			"pv":	0,
			"url":	"http://176.16.169.102:80/group2/M00/00/00/sBCpZmTkcniAX6gQAAADA5dK6lk554.txt",
			"size":	771,
			"type":	"txt"
		}]
}
[2023-08-22 16:32:11]--[myfiles_cgi.cpp:499]--cmd = count
[2023-08-22 16:32:11]--[myfiles_cgi.cpp:527]--buf = {
    "token": "ea5097096f0ae3a689dba3a610b2cb62",
    "user": "zengjianxin"
}

[2023-08-22 16:32:11]--[myfiles_cgi.cpp:179]--line = 1
[2023-08-22 16:32:11]--[myfiles_cgi.cpp:138]--out = {
	"num":	"1",
	"code":	"110"
}
[2023-08-22 16:32:11]--[myfiles_cgi.cpp:499]--cmd = normal
[2023-08-22 16:32:11]--[myfiles_cgi.cpp:527]--buf = {
    "count": 1,
    "start": 0,
    "token": "ea5097096f0ae3a689dba3a610b2cb62",
    "user": "zengjianxin"
}

[2023-08-22 16:32:11]--[myfiles_cgi.cpp:545]--user = zengjianxin, token = ea5097096f0ae3a689dba3a610b2cb62, start = 0, count = 1
[2023-08-22 16:32:11]--[myfiles_cgi.cpp:315]--select user_file_list.*, file_info.url, file_info.size, file_info.type from file_info, user_file_list where user = 'zengjianxin' and file_info.md5 = user_file_list.md5 limit 0, 1 在操作
[2023-08-22 16:32:11]--[myfiles_cgi.cpp:438]--{
	"files":	[{
			"user":	"zengjianxin",
			"md5":	"c63204cc106231695480c8a3f847ea54",
			"time":	"2023-08-22 16:31:53",
			"filename":	"新建文本文档.txt",
			"share_status":	0,
			"pv":	0,
			"url":	"http://176.16.169.102:80/group2/M00/00/00/sBCpZmTkcniAX6gQAAADA5dK6lk554.txt",
			"size":	771,
			"type":	"txt"
		}]
}
[2023-08-22 16:33:09]--[myfiles_cgi.cpp:499]--cmd = count
[2023-08-22 16:33:09]--[myfiles_cgi.cpp:527]--buf = {
    "token": "ea5097096f0ae3a689dba3a610b2cb62",
    "user": "zengjianxin"
}

[2023-08-22 16:33:09]--[myfiles_cgi.cpp:179]--line = 2
[2023-08-22 16:33:09]--[myfiles_cgi.cpp:138]--out = {
	"num":	"2",
	"code":	"110"
}
[2023-08-22 16:33:09]--[myfiles_cgi.cpp:499]--cmd = normal
[2023-08-22 16:33:09]--[myfiles_cgi.cpp:527]--buf = {
    "count": 2,
    "start": 0,
    "token": "ea5097096f0ae3a689dba3a610b2cb62",
    "user": "zengjianxin"
}

[2023-08-22 16:33:09]--[myfiles_cgi.cpp:545]--user = zengjianxin, token = ea5097096f0ae3a689dba3a610b2cb62, start = 0, count = 2
[2023-08-22 16:33:09]--[myfiles_cgi.cpp:315]--select user_file_list.*, file_info.url, file_info.size, file_info.type from file_info, user_file_list where user = 'zengjianxin' and file_info.md5 = user_file_list.md5 limit 0, 2 在操作
[2023-08-22 16:33:09]--[myfiles_cgi.cpp:438]--{
	"files":	[{
			"user":	"zengjianxin",
			"md5":	"c63204cc106231695480c8a3f847ea54",
			"time":	"2023-08-22 16:31:53",
			"filename":	"新建文本文档.txt",
			"share_status":	0,
			"pv":	0,
			"url":	"http://176.16.169.102:80/group2/M00/00/00/sBCpZmTkcniAX6gQAAADA5dK6lk554.txt",
			"size":	771,
			"type":	"txt"
		}, {
			"user":	"zengjianxin",
			"md5":	"f56e6b9b576844de046812d4714a00f2",
			"time":	"2023-08-22 16:33:05",
			"filename":	"wewq.txt",
			"share_status":	0,
			"pv":	0,
			"url":	"http://176.16.169.102:80/group2/M00/00/00/sBCpZmTkcsGAPNq5AAAACQ0MCEU260.txt",
			"size":	9,
			"type":	"txt"
		}]
}
[2023-08-22 16:33:15]--[myfiles_cgi.cpp:499]--cmd = count
[2023-08-22 16:33:15]--[myfiles_cgi.cpp:527]--buf = {
    "token": "ea5097096f0ae3a689dba3a610b2cb62",
    "user": "zengjianxin"
}

[2023-08-22 16:33:15]--[myfiles_cgi.cpp:179]--line = 2
[2023-08-22 16:33:15]--[myfiles_cgi.cpp:138]--out = {
	"num":	"2",
	"code":	"110"
}
[2023-08-22 16:33:15]--[myfiles_cgi.cpp:499]--cmd = normal
[2023-08-22 16:33:15]--[myfiles_cgi.cpp:527]--buf = {
    "count": 2,
    "start": 0,
    "token": "ea5097096f0ae3a689dba3a610b2cb62",
    "user": "zengjianxin"
}

[2023-08-22 16:33:15]--[myfiles_cgi.cpp:545]--user = zengjianxin, token = ea5097096f0ae3a689dba3a610b2cb62, start = 0, count = 2
[2023-08-22 16:33:15]--[myfiles_cgi.cpp:315]--select user_file_list.*, file_info.url, file_info.size, file_info.type from file_info, user_file_list where user = 'zengjianxin' and file_info.md5 = user_file_list.md5 limit 0, 2 在操作
[2023-08-22 16:33:15]--[myfiles_cgi.cpp:438]--{
	"files":	[{
			"user":	"zengjianxin",
			"md5":	"c63204cc106231695480c8a3f847ea54",
			"time":	"2023-08-22 16:31:53",
			"filename":	"新建文本文档.txt",
			"share_status":	0,
			"pv":	0,
			"url":	"http://176.16.169.102:80/group2/M00/00/00/sBCpZmTkcniAX6gQAAADA5dK6lk554.txt",
			"size":	771,
			"type":	"txt"
		}, {
			"user":	"zengjianxin",
			"md5":	"f56e6b9b576844de046812d4714a00f2",
			"time":	"2023-08-22 16:33:05",
			"filename":	"wewq.txt",
			"share_status":	1,
			"pv":	0,
			"url":	"http://176.16.169.102:80/group2/M00/00/00/sBCpZmTkcsGAPNq5AAAACQ0MCEU260.txt",
			"size":	9,
			"type":	"txt"
		}]
}
[2023-08-22 16:33:22]--[myfiles_cgi.cpp:499]--cmd = count
[2023-08-22 16:33:22]--[myfiles_cgi.cpp:527]--buf = {
    "token": "ea5097096f0ae3a689dba3a610b2cb62",
    "user": "zengjianxin"
}

[2023-08-22 16:33:22]--[myfiles_cgi.cpp:179]--line = 1
[2023-08-22 16:33:22]--[myfiles_cgi.cpp:138]--out = {
	"num":	"1",
	"code":	"110"
}
[2023-08-22 16:33:22]--[myfiles_cgi.cpp:499]--cmd = normal
[2023-08-22 16:33:22]--[myfiles_cgi.cpp:527]--buf = {
    "count": 1,
    "start": 0,
    "token": "ea5097096f0ae3a689dba3a610b2cb62",
    "user": "zengjianxin"
}

[2023-08-22 16:33:22]--[myfiles_cgi.cpp:545]--user = zengjianxin, token = ea5097096f0ae3a689dba3a610b2cb62, start = 0, count = 1
[2023-08-22 16:33:22]--[myfiles_cgi.cpp:315]--select user_file_list.*, file_info.url, file_info.size, file_info.type from file_info, user_file_list where user = 'zengjianxin' and file_info.md5 = user_file_list.md5 limit 0, 1 在操作
[2023-08-22 16:33:22]--[myfiles_cgi.cpp:438]--{
	"files":	[{
			"user":	"zengjianxin",
			"md5":	"c63204cc106231695480c8a3f847ea54",
			"time":	"2023-08-22 16:31:53",
			"filename":	"新建文本文档.txt",
			"share_status":	0,
			"pv":	0,
			"url":	"http://176.16.169.102:80/group2/M00/00/00/sBCpZmTkcniAX6gQAAADA5dK6lk554.txt",
			"size":	771,
			"type":	"txt"
		}]
}
[2023-08-22 16:33:31]--[myfiles_cgi.cpp:499]--cmd = count
[2023-08-22 16:33:31]--[myfiles_cgi.cpp:527]--buf = {
    "token": "ea5097096f0ae3a689dba3a610b2cb62",
    "user": "zengjianxin"
}

[2023-08-22 16:33:31]--[myfiles_cgi.cpp:179]--line = 2
[2023-08-22 16:33:31]--[myfiles_cgi.cpp:138]--out = {
	"num":	"2",
	"code":	"110"
}
[2023-08-22 16:33:31]--[myfiles_cgi.cpp:499]--cmd = normal
[2023-08-22 16:33:31]--[myfiles_cgi.cpp:527]--buf = {
    "count": 2,
    "start": 0,
    "token": "ea5097096f0ae3a689dba3a610b2cb62",
    "user": "zengjianxin"
}

[2023-08-22 16:33:31]--[myfiles_cgi.cpp:545]--user = zengjianxin, token = ea5097096f0ae3a689dba3a610b2cb62, start = 0, count = 2
[2023-08-22 16:33:31]--[myfiles_cgi.cpp:315]--select user_file_list.*, file_info.url, file_info.size, file_info.type from file_info, user_file_list where user = 'zengjianxin' and file_info.md5 = user_file_list.md5 limit 0, 2 在操作
[2023-08-22 16:33:31]--[myfiles_cgi.cpp:438]--{
	"files":	[{
			"user":	"zengjianxin",
			"md5":	"c63204cc106231695480c8a3f847ea54",
			"time":	"2023-08-22 16:31:53",
			"filename":	"新建文本文档.txt",
			"share_status":	0,
			"pv":	0,
			"url":	"http://176.16.169.102:80/group2/M00/00/00/sBCpZmTkcniAX6gQAAADA5dK6lk554.txt",
			"size":	771,
			"type":	"txt"
		}, {
			"user":	"zengjianxin",
			"md5":	"8de9f1753827148d4ecc8c6a0d56943a",
			"time":	"2023-08-22 16:33:29",
			"filename":	"1.jpg",
			"share_status":	0,
			"pv":	0,
			"url":	"http://176.16.169.102:80/group2/M00/00/00/sBCpZmTkctmAZPgdAAAPqPIZLGo774.jpg",
			"size":	4008,
			"type":	"jpg"
		}]
}
[2023-08-22 16:44:12]--[myfiles_cgi.cpp:499]--cmd = count
[2023-08-22 16:44:12]--[myfiles_cgi.cpp:527]--buf = {
    "token": "82d36cdffca631ac635e0338b8bded80",
    "user": "zengjianxin"
}

[2023-08-22 16:44:12]--[myfiles_cgi.cpp:179]--line = 2
[2023-08-22 16:44:12]--[myfiles_cgi.cpp:138]--out = {
	"num":	"2",
	"code":	"110"
}
[2023-08-22 16:44:12]--[myfiles_cgi.cpp:499]--cmd = normal
[2023-08-22 16:44:12]--[myfiles_cgi.cpp:527]--buf = {
    "count": 2,
    "start": 0,
    "token": "82d36cdffca631ac635e0338b8bded80",
    "user": "zengjianxin"
}

[2023-08-22 16:44:12]--[myfiles_cgi.cpp:545]--user = zengjianxin, token = 82d36cdffca631ac635e0338b8bded80, start = 0, count = 2
[2023-08-22 16:44:12]--[myfiles_cgi.cpp:315]--select user_file_list.*, file_info.url, file_info.size, file_info.type from file_info, user_file_list where user = 'zengjianxin' and file_info.md5 = user_file_list.md5 limit 0, 2 在操作
[2023-08-22 16:44:12]--[myfiles_cgi.cpp:438]--{
	"files":	[{
			"user":	"zengjianxin",
			"md5":	"c63204cc106231695480c8a3f847ea54",
			"time":	"2023-08-22 16:31:53",
			"filename":	"新建文本文档.txt",
			"share_status":	0,
			"pv":	0,
			"url":	"http://176.16.169.102:80/group2/M00/00/00/sBCpZmTkcniAX6gQAAADA5dK6lk554.txt",
			"size":	771,
			"type":	"txt"
		}, {
			"user":	"zengjianxin",
			"md5":	"8de9f1753827148d4ecc8c6a0d56943a",
			"time":	"2023-08-22 16:33:29",
			"filename":	"1.jpg",
			"share_status":	0,
			"pv":	0,
			"url":	"http://176.16.169.102:80/group2/M00/00/00/sBCpZmTkctmAZPgdAAAPqPIZLGo774.jpg",
			"size":	4008,
			"type":	"jpg"
		}]
}
[2023-08-22 16:44:50]--[myfiles_cgi.cpp:499]--cmd = count
[2023-08-22 16:44:50]--[myfiles_cgi.cpp:527]--buf = {
    "token": "f9f93af22806a2085938e9dcdcf075bd",
    "user": "zengjianxin"
}

[2023-08-22 16:44:50]--[myfiles_cgi.cpp:179]--line = 2
[2023-08-22 16:44:50]--[myfiles_cgi.cpp:138]--out = {
	"num":	"2",
	"code":	"110"
}
[2023-08-22 16:44:50]--[myfiles_cgi.cpp:499]--cmd = normal
[2023-08-22 16:44:50]--[myfiles_cgi.cpp:527]--buf = {
    "count": 2,
    "start": 0,
    "token": "f9f93af22806a2085938e9dcdcf075bd",
    "user": "zengjianxin"
}

[2023-08-22 16:44:50]--[myfiles_cgi.cpp:545]--user = zengjianxin, token = f9f93af22806a2085938e9dcdcf075bd, start = 0, count = 2
[2023-08-22 16:44:50]--[myfiles_cgi.cpp:315]--select user_file_list.*, file_info.url, file_info.size, file_info.type from file_info, user_file_list where user = 'zengjianxin' and file_info.md5 = user_file_list.md5 limit 0, 2 在操作
[2023-08-22 16:44:50]--[myfiles_cgi.cpp:438]--{
	"files":	[{
			"user":	"zengjianxin",
			"md5":	"c63204cc106231695480c8a3f847ea54",
			"time":	"2023-08-22 16:31:53",
			"filename":	"新建文本文档.txt",
			"share_status":	0,
			"pv":	0,
			"url":	"http://176.16.169.102:80/group2/M00/00/00/sBCpZmTkcniAX6gQAAADA5dK6lk554.txt",
			"size":	771,
			"type":	"txt"
		}, {
			"user":	"zengjianxin",
			"md5":	"8de9f1753827148d4ecc8c6a0d56943a",
			"time":	"2023-08-22 16:33:29",
			"filename":	"1.jpg",
			"share_status":	0,
			"pv":	0,
			"url":	"http://176.16.169.102:80/group2/M00/00/00/sBCpZmTkctmAZPgdAAAPqPIZLGo774.jpg",
			"size":	4008,
			"type":	"jpg"
		}]
}
[2023-08-22 16:46:57]--[myfiles_cgi.cpp:499]--cmd = count
[2023-08-22 16:46:57]--[myfiles_cgi.cpp:527]--buf = {
    "token": "f1dc67fd6365d4e45e73041019a3256b",
    "user": "zengjianxin"
}

[2023-08-22 16:46:57]--[myfiles_cgi.cpp:179]--line = 2
[2023-08-22 16:46:57]--[myfiles_cgi.cpp:138]--out = {
	"num":	"2",
	"code":	"110"
}
[2023-08-22 16:46:57]--[myfiles_cgi.cpp:499]--cmd = normal
[2023-08-22 16:46:57]--[myfiles_cgi.cpp:527]--buf = {
    "count": 2,
    "start": 0,
    "token": "f1dc67fd6365d4e45e73041019a3256b",
    "user": "zengjianxin"
}

[2023-08-22 16:46:57]--[myfiles_cgi.cpp:545]--user = zengjianxin, token = f1dc67fd6365d4e45e73041019a3256b, start = 0, count = 2
[2023-08-22 16:46:57]--[myfiles_cgi.cpp:315]--select user_file_list.*, file_info.url, file_info.size, file_info.type from file_info, user_file_list where user = 'zengjianxin' and file_info.md5 = user_file_list.md5 limit 0, 2 在操作
[2023-08-22 16:46:57]--[myfiles_cgi.cpp:438]--{
	"files":	[{
			"user":	"zengjianxin",
			"md5":	"c63204cc106231695480c8a3f847ea54",
			"time":	"2023-08-22 16:31:53",
			"filename":	"新建文本文档.txt",
			"share_status":	0,
			"pv":	0,
			"url":	"http://176.16.169.102:80/group2/M00/00/00/sBCpZmTkcniAX6gQAAADA5dK6lk554.txt",
			"size":	771,
			"type":	"txt"
		}, {
			"user":	"zengjianxin",
			"md5":	"8de9f1753827148d4ecc8c6a0d56943a",
			"time":	"2023-08-22 16:33:29",
			"filename":	"1.jpg",
			"share_status":	0,
			"pv":	0,
			"url":	"http://176.16.169.102:80/group2/M00/00/00/sBCpZmTkctmAZPgdAAAPqPIZLGo774.jpg",
			"size":	4008,
			"type":	"jpg"
		}]
}
[2023-08-22 16:48:21]--[myfiles_cgi.cpp:499]--cmd = count
[2023-08-22 16:48:21]--[myfiles_cgi.cpp:527]--buf = {
    "token": "2ba55fdd5f49e5d734f2f05048f96569",
    "user": "zengjianxin"
}

[2023-08-22 16:48:21]--[myfiles_cgi.cpp:179]--line = 2
[2023-08-22 16:48:21]--[myfiles_cgi.cpp:138]--out = {
	"num":	"2",
	"code":	"110"
}
[2023-08-22 16:48:21]--[myfiles_cgi.cpp:499]--cmd = normal
[2023-08-22 16:48:21]--[myfiles_cgi.cpp:527]--buf = {
    "count": 2,
    "start": 0,
    "token": "2ba55fdd5f49e5d734f2f05048f96569",
    "user": "zengjianxin"
}

[2023-08-22 16:48:21]--[myfiles_cgi.cpp:545]--user = zengjianxin, token = 2ba55fdd5f49e5d734f2f05048f96569, start = 0, count = 2
[2023-08-22 16:48:21]--[myfiles_cgi.cpp:315]--select user_file_list.*, file_info.url, file_info.size, file_info.type from file_info, user_file_list where user = 'zengjianxin' and file_info.md5 = user_file_list.md5 limit 0, 2 在操作
[2023-08-22 16:48:21]--[myfiles_cgi.cpp:438]--{
	"files":	[{
			"user":	"zengjianxin",
			"md5":	"c63204cc106231695480c8a3f847ea54",
			"time":	"2023-08-22 16:31:53",
			"filename":	"新建文本文档.txt",
			"share_status":	0,
			"pv":	0,
			"url":	"http://176.16.169.102:80/group2/M00/00/00/sBCpZmTkcniAX6gQAAADA5dK6lk554.txt",
			"size":	771,
			"type":	"txt"
		}, {
			"user":	"zengjianxin",
			"md5":	"8de9f1753827148d4ecc8c6a0d56943a",
			"time":	"2023-08-22 16:33:29",
			"filename":	"1.jpg",
			"share_status":	0,
			"pv":	0,
			"url":	"http://176.16.169.102:80/group2/M00/00/00/sBCpZmTkctmAZPgdAAAPqPIZLGo774.jpg",
			"size":	4008,
			"type":	"jpg"
		}]
}
[2023-08-22 16:50:11]--[myfiles_cgi.cpp:499]--cmd = count
[2023-08-22 16:50:11]--[myfiles_cgi.cpp:527]--buf = {
    "token": "ba2292256e564d786f8bff690b66450d",
    "user": "zengjianxin"
}

[2023-08-22 16:50:11]--[myfiles_cgi.cpp:179]--line = 2
[2023-08-22 16:50:11]--[myfiles_cgi.cpp:138]--out = {
	"num":	"2",
	"code":	"110"
}
[2023-08-22 16:50:11]--[myfiles_cgi.cpp:499]--cmd = normal
[2023-08-22 16:50:11]--[myfiles_cgi.cpp:527]--buf = {
    "count": 2,
    "start": 0,
    "token": "ba2292256e564d786f8bff690b66450d",
    "user": "zengjianxin"
}

[2023-08-22 16:50:11]--[myfiles_cgi.cpp:545]--user = zengjianxin, token = ba2292256e564d786f8bff690b66450d, start = 0, count = 2
[2023-08-22 16:50:11]--[myfiles_cgi.cpp:315]--select user_file_list.*, file_info.url, file_info.size, file_info.type from file_info, user_file_list where user = 'zengjianxin' and file_info.md5 = user_file_list.md5 limit 0, 2 在操作
[2023-08-22 16:50:11]--[myfiles_cgi.cpp:438]--{
	"files":	[{
			"user":	"zengjianxin",
			"md5":	"c63204cc106231695480c8a3f847ea54",
			"time":	"2023-08-22 16:31:53",
			"filename":	"新建文本文档.txt",
			"share_status":	0,
			"pv":	0,
			"url":	"http://176.16.169.102:80/group2/M00/00/00/sBCpZmTkcniAX6gQAAADA5dK6lk554.txt",
			"size":	771,
			"type":	"txt"
		}, {
			"user":	"zengjianxin",
			"md5":	"8de9f1753827148d4ecc8c6a0d56943a",
			"time":	"2023-08-22 16:33:29",
			"filename":	"1.jpg",
			"share_status":	0,
			"pv":	0,
			"url":	"http://176.16.169.102:80/group2/M00/00/00/sBCpZmTkctmAZPgdAAAPqPIZLGo774.jpg",
			"size":	4008,
			"type":	"jpg"
		}]
}
[2023-08-22 16:50:57]--[myfiles_cgi.cpp:499]--cmd = count
[2023-08-22 16:50:57]--[myfiles_cgi.cpp:527]--buf = {
    "token": "836f1ff70cf324974259cd35206cad66",
    "user": "zengjianxin"
}

[2023-08-22 16:50:57]--[myfiles_cgi.cpp:179]--line = 2
[2023-08-22 16:50:57]--[myfiles_cgi.cpp:138]--out = {
	"num":	"2",
	"code":	"110"
}
[2023-08-22 16:50:57]--[myfiles_cgi.cpp:499]--cmd = normal
[2023-08-22 16:50:57]--[myfiles_cgi.cpp:527]--buf = {
    "count": 2,
    "start": 0,
    "token": "836f1ff70cf324974259cd35206cad66",
    "user": "zengjianxin"
}

[2023-08-22 16:50:57]--[myfiles_cgi.cpp:545]--user = zengjianxin, token = 836f1ff70cf324974259cd35206cad66, start = 0, count = 2
[2023-08-22 16:50:57]--[myfiles_cgi.cpp:315]--select user_file_list.*, file_info.url, file_info.size, file_info.type from file_info, user_file_list where user = 'zengjianxin' and file_info.md5 = user_file_list.md5 limit 0, 2 在操作
[2023-08-22 16:50:57]--[myfiles_cgi.cpp:438]--{
	"files":	[{
			"user":	"zengjianxin",
			"md5":	"c63204cc106231695480c8a3f847ea54",
			"time":	"2023-08-22 16:31:53",
			"filename":	"新建文本文档.txt",
			"share_status":	0,
			"pv":	0,
			"url":	"http://176.16.169.102:80/group2/M00/00/00/sBCpZmTkcniAX6gQAAADA5dK6lk554.txt",
			"size":	771,
			"type":	"txt"
		}, {
			"user":	"zengjianxin",
			"md5":	"8de9f1753827148d4ecc8c6a0d56943a",
			"time":	"2023-08-22 16:33:29",
			"filename":	"1.jpg",
			"share_status":	0,
			"pv":	0,
			"url":	"http://176.16.169.102:80/group2/M00/00/00/sBCpZmTkctmAZPgdAAAPqPIZLGo774.jpg",
			"size":	4008,
			"type":	"jpg"
		}]
}
[2023-08-22 16:51:40]--[myfiles_cgi.cpp:499]--cmd = count
[2023-08-22 16:51:40]--[myfiles_cgi.cpp:527]--buf = {
    "token": "7556516bd9d4ff437ac5ca1f24e30f24",
    "user": "zengjianxin"
}

[2023-08-22 16:51:40]--[myfiles_cgi.cpp:179]--line = 2
[2023-08-22 16:51:40]--[myfiles_cgi.cpp:138]--out = {
	"num":	"2",
	"code":	"110"
}
[2023-08-22 16:51:40]--[myfiles_cgi.cpp:499]--cmd = normal
[2023-08-22 16:51:40]--[myfiles_cgi.cpp:527]--buf = {
    "count": 2,
    "start": 0,
    "token": "7556516bd9d4ff437ac5ca1f24e30f24",
    "user": "zengjianxin"
}

[2023-08-22 16:51:40]--[myfiles_cgi.cpp:545]--user = zengjianxin, token = 7556516bd9d4ff437ac5ca1f24e30f24, start = 0, count = 2
[2023-08-22 16:51:40]--[myfiles_cgi.cpp:315]--select user_file_list.*, file_info.url, file_info.size, file_info.type from file_info, user_file_list where user = 'zengjianxin' and file_info.md5 = user_file_list.md5 limit 0, 2 在操作
[2023-08-22 16:51:40]--[myfiles_cgi.cpp:438]--{
	"files":	[{
			"user":	"zengjianxin",
			"md5":	"c63204cc106231695480c8a3f847ea54",
			"time":	"2023-08-22 16:31:53",
			"filename":	"新建文本文档.txt",
			"share_status":	0,
			"pv":	0,
			"url":	"http://176.16.169.102:80/group2/M00/00/00/sBCpZmTkcniAX6gQAAADA5dK6lk554.txt",
			"size":	771,
			"type":	"txt"
		}, {
			"user":	"zengjianxin",
			"md5":	"8de9f1753827148d4ecc8c6a0d56943a",
			"time":	"2023-08-22 16:33:29",
			"filename":	"1.jpg",
			"share_status":	0,
			"pv":	0,
			"url":	"http://176.16.169.102:80/group2/M00/00/00/sBCpZmTkctmAZPgdAAAPqPIZLGo774.jpg",
			"size":	4008,
			"type":	"jpg"
		}]
}
[2023-08-22 16:53:08]--[myfiles_cgi.cpp:499]--cmd = count
[2023-08-22 16:53:08]--[myfiles_cgi.cpp:527]--buf = {
    "token": "c95fd4de0272f30d58feeb5e1700361e",
    "user": "zengjianxin"
}

[2023-08-22 16:53:08]--[myfiles_cgi.cpp:179]--line = 2
[2023-08-22 16:53:08]--[myfiles_cgi.cpp:138]--out = {
	"num":	"2",
	"code":	"110"
}
[2023-08-22 16:53:08]--[myfiles_cgi.cpp:499]--cmd = normal
[2023-08-22 16:53:08]--[myfiles_cgi.cpp:527]--buf = {
    "count": 2,
    "start": 0,
    "token": "c95fd4de0272f30d58feeb5e1700361e",
    "user": "zengjianxin"
}

[2023-08-22 16:53:08]--[myfiles_cgi.cpp:545]--user = zengjianxin, token = c95fd4de0272f30d58feeb5e1700361e, start = 0, count = 2
[2023-08-22 16:53:08]--[myfiles_cgi.cpp:315]--select user_file_list.*, file_info.url, file_info.size, file_info.type from file_info, user_file_list where user = 'zengjianxin' and file_info.md5 = user_file_list.md5 limit 0, 2 在操作
[2023-08-22 16:53:08]--[myfiles_cgi.cpp:438]--{
	"files":	[{
			"user":	"zengjianxin",
			"md5":	"c63204cc106231695480c8a3f847ea54",
			"time":	"2023-08-22 16:31:53",
			"filename":	"新建文本文档.txt",
			"share_status":	0,
			"pv":	0,
			"url":	"http://176.16.169.102:80/group2/M00/00/00/sBCpZmTkcniAX6gQAAADA5dK6lk554.txt",
			"size":	771,
			"type":	"txt"
		}, {
			"user":	"zengjianxin",
			"md5":	"8de9f1753827148d4ecc8c6a0d56943a",
			"time":	"2023-08-22 16:33:29",
			"filename":	"1.jpg",
			"share_status":	0,
			"pv":	0,
			"url":	"http://176.16.169.102:80/group2/M00/00/00/sBCpZmTkctmAZPgdAAAPqPIZLGo774.jpg",
			"size":	4008,
			"type":	"jpg"
		}]
}
[2023-08-22 16:53:55]--[myfiles_cgi.cpp:499]--cmd = count
[2023-08-22 16:53:55]--[myfiles_cgi.cpp:527]--buf = {
    "token": "5630f0127a38f4465ebd458e8f6bd626",
    "user": "zengjianxin"
}

[2023-08-22 16:53:55]--[myfiles_cgi.cpp:179]--line = 2
[2023-08-22 16:53:55]--[myfiles_cgi.cpp:138]--out = {
	"num":	"2",
	"code":	"110"
}
[2023-08-22 16:53:55]--[myfiles_cgi.cpp:499]--cmd = normal
[2023-08-22 16:53:55]--[myfiles_cgi.cpp:527]--buf = {
    "count": 2,
    "start": 0,
    "token": "5630f0127a38f4465ebd458e8f6bd626",
    "user": "zengjianxin"
}

[2023-08-22 16:53:55]--[myfiles_cgi.cpp:545]--user = zengjianxin, token = 5630f0127a38f4465ebd458e8f6bd626, start = 0, count = 2
[2023-08-22 16:53:55]--[myfiles_cgi.cpp:315]--select user_file_list.*, file_info.url, file_info.size, file_info.type from file_info, user_file_list where user = 'zengjianxin' and file_info.md5 = user_file_list.md5 limit 0, 2 在操作
[2023-08-22 16:53:55]--[myfiles_cgi.cpp:438]--{
	"files":	[{
			"user":	"zengjianxin",
			"md5":	"c63204cc106231695480c8a3f847ea54",
			"time":	"2023-08-22 16:31:53",
			"filename":	"新建文本文档.txt",
			"share_status":	0,
			"pv":	0,
			"url":	"http://176.16.169.102:80/group2/M00/00/00/sBCpZmTkcniAX6gQAAADA5dK6lk554.txt",
			"size":	771,
			"type":	"txt"
		}, {
			"user":	"zengjianxin",
			"md5":	"8de9f1753827148d4ecc8c6a0d56943a",
			"time":	"2023-08-22 16:33:29",
			"filename":	"1.jpg",
			"share_status":	0,
			"pv":	0,
			"url":	"http://176.16.169.102:80/group2/M00/00/00/sBCpZmTkctmAZPgdAAAPqPIZLGo774.jpg",
			"size":	4008,
			"type":	"jpg"
		}]
}
[2023-08-22 17:02:24]--[myfiles_cgi.cpp:499]--cmd = count
[2023-08-22 17:02:24]--[myfiles_cgi.cpp:527]--buf = {
    "token": "61ff07ed3c52131d0ddb48f5530ed254",
    "user": "zengjianxin"
}

[2023-08-22 17:02:24]--[myfiles_cgi.cpp:179]--line = 2
[2023-08-22 17:02:24]--[myfiles_cgi.cpp:138]--out = {
	"num":	"2",
	"code":	"110"
}
[2023-08-22 17:02:24]--[myfiles_cgi.cpp:499]--cmd = normal
[2023-08-22 17:02:24]--[myfiles_cgi.cpp:527]--buf = {
    "count": 2,
    "start": 0,
    "token": "61ff07ed3c52131d0ddb48f5530ed254",
    "user": "zengjianxin"
}

[2023-08-22 17:02:24]--[myfiles_cgi.cpp:545]--user = zengjianxin, token = 61ff07ed3c52131d0ddb48f5530ed254, start = 0, count = 2
[2023-08-22 17:02:24]--[myfiles_cgi.cpp:315]--select user_file_list.*, file_info.url, file_info.size, file_info.type from file_info, user_file_list where user = 'zengjianxin' and file_info.md5 = user_file_list.md5 limit 0, 2 在操作
[2023-08-22 17:02:24]--[myfiles_cgi.cpp:438]--{
	"files":	[{
			"user":	"zengjianxin",
			"md5":	"c63204cc106231695480c8a3f847ea54",
			"time":	"2023-08-22 16:31:53",
			"filename":	"新建文本文档.txt",
			"share_status":	0,
			"pv":	0,
			"url":	"http://176.16.169.102:80/group2/M00/00/00/sBCpZmTkcniAX6gQAAADA5dK6lk554.txt",
			"size":	771,
			"type":	"txt"
		}, {
			"user":	"zengjianxin",
			"md5":	"8de9f1753827148d4ecc8c6a0d56943a",
			"time":	"2023-08-22 16:33:29",
			"filename":	"1.jpg",
			"share_status":	0,
			"pv":	0,
			"url":	"http://176.16.169.102:80/group2/M00/00/00/sBCpZmTkctmAZPgdAAAPqPIZLGo774.jpg",
			"size":	4008,
			"type":	"jpg"
		}]
}
[2023-08-22 17:02:25]--[myfiles_cgi.cpp:499]--cmd = count
[2023-08-22 17:02:25]--[myfiles_cgi.cpp:527]--buf = {
    "token": "d4168558f52ef54db8087a0ba508b112",
    "user": "zengjianxin"
}

[2023-08-22 17:02:25]--[myfiles_cgi.cpp:179]--line = 2
[2023-08-22 17:02:25]--[myfiles_cgi.cpp:138]--out = {
	"num":	"2",
	"code":	"110"
}
[2023-08-22 17:02:25]--[myfiles_cgi.cpp:499]--cmd = normal
[2023-08-22 17:02:25]--[myfiles_cgi.cpp:527]--buf = {
    "count": 2,
    "start": 0,
    "token": "d4168558f52ef54db8087a0ba508b112",
    "user": "zengjianxin"
}

[2023-08-22 17:02:25]--[myfiles_cgi.cpp:545]--user = zengjianxin, token = d4168558f52ef54db8087a0ba508b112, start = 0, count = 2
[2023-08-22 17:02:25]--[myfiles_cgi.cpp:315]--select user_file_list.*, file_info.url, file_info.size, file_info.type from file_info, user_file_list where user = 'zengjianxin' and file_info.md5 = user_file_list.md5 limit 0, 2 在操作
[2023-08-22 17:02:25]--[myfiles_cgi.cpp:438]--{
	"files":	[{
			"user":	"zengjianxin",
			"md5":	"c63204cc106231695480c8a3f847ea54",
			"time":	"2023-08-22 16:31:53",
			"filename":	"新建文本文档.txt",
			"share_status":	0,
			"pv":	0,
			"url":	"http://176.16.169.102:80/group2/M00/00/00/sBCpZmTkcniAX6gQAAADA5dK6lk554.txt",
			"size":	771,
			"type":	"txt"
		}, {
			"user":	"zengjianxin",
			"md5":	"8de9f1753827148d4ecc8c6a0d56943a",
			"time":	"2023-08-22 16:33:29",
			"filename":	"1.jpg",
			"share_status":	0,
			"pv":	0,
			"url":	"http://176.16.169.102:80/group2/M00/00/00/sBCpZmTkctmAZPgdAAAPqPIZLGo774.jpg",
			"size":	4008,
			"type":	"jpg"
		}]
}
[2023-08-22 17:24:29]--[myfiles_cgi.cpp:499]--cmd = count
[2023-08-22 17:24:29]--[myfiles_cgi.cpp:527]--buf = {
    "token": "008c82b41aa29b74ddd339abd03173f9",
    "user": "zengjianxin"
}

[2023-08-22 17:24:29]--[myfiles_cgi.cpp:179]--line = 2
[2023-08-22 17:24:29]--[myfiles_cgi.cpp:138]--out = {
	"num":	"2",
	"code":	"110"
}
[2023-08-22 17:24:29]--[myfiles_cgi.cpp:499]--cmd = normal
[2023-08-22 17:24:29]--[myfiles_cgi.cpp:527]--buf = {
    "count": 2,
    "start": 0,
    "token": "008c82b41aa29b74ddd339abd03173f9",
    "user": "zengjianxin"
}

[2023-08-22 17:24:29]--[myfiles_cgi.cpp:545]--user = zengjianxin, token = 008c82b41aa29b74ddd339abd03173f9, start = 0, count = 2
[2023-08-22 17:24:29]--[myfiles_cgi.cpp:315]--select user_file_list.*, file_info.url, file_info.size, file_info.type from file_info, user_file_list where user = 'zengjianxin' and file_info.md5 = user_file_list.md5 limit 0, 2 在操作
[2023-08-22 17:24:29]--[myfiles_cgi.cpp:438]--{
	"files":	[{
			"user":	"zengjianxin",
			"md5":	"c63204cc106231695480c8a3f847ea54",
			"time":	"2023-08-22 16:31:53",
			"filename":	"新建文本文档.txt",
			"share_status":	0,
			"pv":	0,
			"url":	"http://176.16.169.102:80/group2/M00/00/00/sBCpZmTkcniAX6gQAAADA5dK6lk554.txt",
			"size":	771,
			"type":	"txt"
		}, {
			"user":	"zengjianxin",
			"md5":	"8de9f1753827148d4ecc8c6a0d56943a",
			"time":	"2023-08-22 16:33:29",
			"filename":	"1.jpg",
			"share_status":	0,
			"pv":	0,
			"url":	"http://176.16.169.102:80/group2/M00/00/00/sBCpZmTkctmAZPgdAAAPqPIZLGo774.jpg",
			"size":	4008,
			"type":	"jpg"
		}]
}
[2023-08-22 17:27:27]--[myfiles_cgi.cpp:499]--cmd = count
[2023-08-22 17:27:27]--[myfiles_cgi.cpp:527]--buf = {
    "token": "01c6b936788c4c53fe939201b110ed7f",
    "user": "zengjianxin"
}

[2023-08-22 17:27:27]--[myfiles_cgi.cpp:179]--line = 2
[2023-08-22 17:27:27]--[myfiles_cgi.cpp:138]--out = {
	"num":	"2",
	"code":	"110"
}
[2023-08-22 17:27:27]--[myfiles_cgi.cpp:499]--cmd = normal
[2023-08-22 17:27:27]--[myfiles_cgi.cpp:527]--buf = {
    "count": 2,
    "start": 0,
    "token": "01c6b936788c4c53fe939201b110ed7f",
    "user": "zengjianxin"
}

[2023-08-22 17:27:27]--[myfiles_cgi.cpp:545]--user = zengjianxin, token = 01c6b936788c4c53fe939201b110ed7f, start = 0, count = 2
[2023-08-22 17:27:27]--[myfiles_cgi.cpp:315]--select user_file_list.*, file_info.url, file_info.size, file_info.type from file_info, user_file_list where user = 'zengjianxin' and file_info.md5 = user_file_list.md5 limit 0, 2 在操作
[2023-08-22 17:27:27]--[myfiles_cgi.cpp:438]--{
	"files":	[{
			"user":	"zengjianxin",
			"md5":	"c63204cc106231695480c8a3f847ea54",
			"time":	"2023-08-22 16:31:53",
			"filename":	"新建文本文档.txt",
			"share_status":	0,
			"pv":	0,
			"url":	"http://176.16.169.102:80/group2/M00/00/00/sBCpZmTkcniAX6gQAAADA5dK6lk554.txt",
			"size":	771,
			"type":	"txt"
		}, {
			"user":	"zengjianxin",
			"md5":	"8de9f1753827148d4ecc8c6a0d56943a",
			"time":	"2023-08-22 16:33:29",
			"filename":	"1.jpg",
			"share_status":	0,
			"pv":	0,
			"url":	"http://176.16.169.102:80/group2/M00/00/00/sBCpZmTkctmAZPgdAAAPqPIZLGo774.jpg",
			"size":	4008,
			"type":	"jpg"
		}]
}
[2023-08-22 17:27:28]--[myfiles_cgi.cpp:499]--cmd = count
[2023-08-22 17:27:28]--[myfiles_cgi.cpp:527]--buf = {
    "token": "5db0fa1c16a9171d0d04611b1d969b99",
    "user": "zengjianxin"
}

[2023-08-22 17:27:28]--[myfiles_cgi.cpp:179]--line = 2
[2023-08-22 17:27:28]--[myfiles_cgi.cpp:138]--out = {
	"num":	"2",
	"code":	"110"
}
[2023-08-22 17:27:28]--[myfiles_cgi.cpp:499]--cmd = normal
[2023-08-22 17:27:28]--[myfiles_cgi.cpp:527]--buf = {
    "count": 2,
    "start": 0,
    "token": "5db0fa1c16a9171d0d04611b1d969b99",
    "user": "zengjianxin"
}

[2023-08-22 17:27:28]--[myfiles_cgi.cpp:545]--user = zengjianxin, token = 5db0fa1c16a9171d0d04611b1d969b99, start = 0, count = 2
[2023-08-22 17:27:28]--[myfiles_cgi.cpp:315]--select user_file_list.*, file_info.url, file_info.size, file_info.type from file_info, user_file_list where user = 'zengjianxin' and file_info.md5 = user_file_list.md5 limit 0, 2 在操作
[2023-08-22 17:27:28]--[myfiles_cgi.cpp:438]--{
	"files":	[{
			"user":	"zengjianxin",
			"md5":	"c63204cc106231695480c8a3f847ea54",
			"time":	"2023-08-22 16:31:53",
			"filename":	"新建文本文档.txt",
			"share_status":	0,
			"pv":	0,
			"url":	"http://176.16.169.102:80/group2/M00/00/00/sBCpZmTkcniAX6gQAAADA5dK6lk554.txt",
			"size":	771,
			"type":	"txt"
		}, {
			"user":	"zengjianxin",
			"md5":	"8de9f1753827148d4ecc8c6a0d56943a",
			"time":	"2023-08-22 16:33:29",
			"filename":	"1.jpg",
			"share_status":	0,
			"pv":	0,
			"url":	"http://176.16.169.102:80/group2/M00/00/00/sBCpZmTkctmAZPgdAAAPqPIZLGo774.jpg",
			"size":	4008,
			"type":	"jpg"
		}]
}
[2023-08-22 17:27:30]--[myfiles_cgi.cpp:499]--cmd = count
[2023-08-22 17:27:30]--[myfiles_cgi.cpp:527]--buf = {
    "token": "78b411eff679b63b7b580ff0673a1cb6",
    "user": "zengjianxin"
}

[2023-08-22 17:27:30]--[myfiles_cgi.cpp:179]--line = 2
[2023-08-22 17:27:30]--[myfiles_cgi.cpp:138]--out = {
	"num":	"2",
	"code":	"110"
}
[2023-08-22 17:27:30]--[myfiles_cgi.cpp:499]--cmd = normal
[2023-08-22 17:27:30]--[myfiles_cgi.cpp:527]--buf = {
    "count": 2,
    "start": 0,
    "token": "78b411eff679b63b7b580ff0673a1cb6",
    "user": "zengjianxin"
}

[2023-08-22 17:27:30]--[myfiles_cgi.cpp:545]--user = zengjianxin, token = 78b411eff679b63b7b580ff0673a1cb6, start = 0, count = 2
[2023-08-22 17:27:30]--[myfiles_cgi.cpp:315]--select user_file_list.*, file_info.url, file_info.size, file_info.type from file_info, user_file_list where user = 'zengjianxin' and file_info.md5 = user_file_list.md5 limit 0, 2 在操作
[2023-08-22 17:27:30]--[myfiles_cgi.cpp:438]--{
	"files":	[{
			"user":	"zengjianxin",
			"md5":	"c63204cc106231695480c8a3f847ea54",
			"time":	"2023-08-22 16:31:53",
			"filename":	"新建文本文档.txt",
			"share_status":	0,
			"pv":	0,
			"url":	"http://176.16.169.102:80/group2/M00/00/00/sBCpZmTkcniAX6gQAAADA5dK6lk554.txt",
			"size":	771,
			"type":	"txt"
		}, {
			"user":	"zengjianxin",
			"md5":	"8de9f1753827148d4ecc8c6a0d56943a",
			"time":	"2023-08-22 16:33:29",
			"filename":	"1.jpg",
			"share_status":	0,
			"pv":	0,
			"url":	"http://176.16.169.102:80/group2/M00/00/00/sBCpZmTkctmAZPgdAAAPqPIZLGo774.jpg",
			"size":	4008,
			"type":	"jpg"
		}]
}
[2023-08-22 17:27:36]--[myfiles_cgi.cpp:499]--cmd = count
[2023-08-22 17:27:36]--[myfiles_cgi.cpp:527]--buf = {
    "token": "78b411eff679b63b7b580ff0673a1cb6",
    "user": "zengjianxin"
}

[2023-08-22 17:27:36]--[myfiles_cgi.cpp:179]--line = 2
[2023-08-22 17:27:36]--[myfiles_cgi.cpp:138]--out = {
	"num":	"2",
	"code":	"110"
}
[2023-08-22 17:27:36]--[myfiles_cgi.cpp:499]--cmd = normal
[2023-08-22 17:27:36]--[myfiles_cgi.cpp:527]--buf = {
    "count": 2,
    "start": 0,
    "token": "78b411eff679b63b7b580ff0673a1cb6",
    "user": "zengjianxin"
}

[2023-08-22 17:27:36]--[myfiles_cgi.cpp:545]--user = zengjianxin, token = 78b411eff679b63b7b580ff0673a1cb6, start = 0, count = 2
[2023-08-22 17:27:36]--[myfiles_cgi.cpp:315]--select user_file_list.*, file_info.url, file_info.size, file_info.type from file_info, user_file_list where user = 'zengjianxin' and file_info.md5 = user_file_list.md5 limit 0, 2 在操作
[2023-08-22 17:27:36]--[myfiles_cgi.cpp:438]--{
	"files":	[{
			"user":	"zengjianxin",
			"md5":	"c63204cc106231695480c8a3f847ea54",
			"time":	"2023-08-22 16:31:53",
			"filename":	"新建文本文档.txt",
			"share_status":	0,
			"pv":	0,
			"url":	"http://176.16.169.102:80/group2/M00/00/00/sBCpZmTkcniAX6gQAAADA5dK6lk554.txt",
			"size":	771,
			"type":	"txt"
		}, {
			"user":	"zengjianxin",
			"md5":	"8de9f1753827148d4ecc8c6a0d56943a",
			"time":	"2023-08-22 16:33:29",
			"filename":	"1.jpg",
			"share_status":	0,
			"pv":	0,
			"url":	"http://176.16.169.102:80/group2/M00/00/00/sBCpZmTkctmAZPgdAAAPqPIZLGo774.jpg",
			"size":	4008,
			"type":	"jpg"
		}]
}
[2023-08-22 17:27:52]--[myfiles_cgi.cpp:499]--cmd = count
[2023-08-22 17:27:52]--[myfiles_cgi.cpp:527]--buf = {
    "token": "78b411eff679b63b7b580ff0673a1cb6",
    "user": "zengjianxin"
}

[2023-08-22 17:27:52]--[myfiles_cgi.cpp:179]--line = 2
[2023-08-22 17:27:52]--[myfiles_cgi.cpp:138]--out = {
	"num":	"2",
	"code":	"110"
}
[2023-08-22 17:27:52]--[myfiles_cgi.cpp:499]--cmd = normal
[2023-08-22 17:27:52]--[myfiles_cgi.cpp:527]--buf = {
    "count": 2,
    "start": 0,
    "token": "78b411eff679b63b7b580ff0673a1cb6",
    "user": "zengjianxin"
}

[2023-08-22 17:27:52]--[myfiles_cgi.cpp:545]--user = zengjianxin, token = 78b411eff679b63b7b580ff0673a1cb6, start = 0, count = 2
[2023-08-22 17:27:52]--[myfiles_cgi.cpp:315]--select user_file_list.*, file_info.url, file_info.size, file_info.type from file_info, user_file_list where user = 'zengjianxin' and file_info.md5 = user_file_list.md5 limit 0, 2 在操作
[2023-08-22 17:27:52]--[myfiles_cgi.cpp:438]--{
	"files":	[{
			"user":	"zengjianxin",
			"md5":	"c63204cc106231695480c8a3f847ea54",
			"time":	"2023-08-22 16:31:53",
			"filename":	"新建文本文档.txt",
			"share_status":	0,
			"pv":	0,
			"url":	"http://176.16.169.102:80/group2/M00/00/00/sBCpZmTkcniAX6gQAAADA5dK6lk554.txt",
			"size":	771,
			"type":	"txt"
		}, {
			"user":	"zengjianxin",
			"md5":	"8de9f1753827148d4ecc8c6a0d56943a",
			"time":	"2023-08-22 16:33:29",
			"filename":	"1.jpg",
			"share_status":	0,
			"pv":	0,
			"url":	"http://176.16.169.102:80/group2/M00/00/00/sBCpZmTkctmAZPgdAAAPqPIZLGo774.jpg",
			"size":	4008,
			"type":	"jpg"
		}]
}
[2023-08-22 17:28:50]--[myfiles_cgi.cpp:499]--cmd = count
[2023-08-22 17:28:50]--[myfiles_cgi.cpp:527]--buf = {
    "token": "78b411eff679b63b7b580ff0673a1cb6",
    "user": "zengjianxin"
}

[2023-08-22 17:28:50]--[myfiles_cgi.cpp:179]--line = 2
[2023-08-22 17:28:50]--[myfiles_cgi.cpp:138]--out = {
	"num":	"2",
	"code":	"110"
}
[2023-08-22 17:43:12]--[myfiles_cgi.cpp:499]--cmd = count
[2023-08-22 17:43:12]--[myfiles_cgi.cpp:527]--buf = {
    "token": "b9cee284afe335ce291770c0d4a0a6c3",
    "user": "zengjianxin"
}

[2023-08-22 17:43:12]--[myfiles_cgi.cpp:179]--line = 2
[2023-08-22 17:43:12]--[myfiles_cgi.cpp:138]--out = {
	"num":	"2",
	"code":	"110"
}
[2023-08-22 17:43:12]--[myfiles_cgi.cpp:499]--cmd = normal
[2023-08-22 17:43:12]--[myfiles_cgi.cpp:527]--buf = {
    "count": 2,
    "start": 0,
    "token": "b9cee284afe335ce291770c0d4a0a6c3",
    "user": "zengjianxin"
}

[2023-08-22 17:43:12]--[myfiles_cgi.cpp:545]--user = zengjianxin, token = b9cee284afe335ce291770c0d4a0a6c3, start = 0, count = 2
[2023-08-22 17:43:12]--[myfiles_cgi.cpp:315]--select user_file_list.*, file_info.url, file_info.size, file_info.type from file_info, user_file_list where user = 'zengjianxin' and file_info.md5 = user_file_list.md5 limit 0, 2 在操作
[2023-08-22 17:43:12]--[myfiles_cgi.cpp:438]--{
	"files":	[{
			"user":	"zengjianxin",
			"md5":	"c63204cc106231695480c8a3f847ea54",
			"time":	"2023-08-22 16:31:53",
			"filename":	"新建文本文档.txt",
			"share_status":	0,
			"pv":	0,
			"url":	"http://176.16.169.102:80/group2/M00/00/00/sBCpZmTkcniAX6gQAAADA5dK6lk554.txt",
			"size":	771,
			"type":	"txt"
		}, {
			"user":	"zengjianxin",
			"md5":	"8de9f1753827148d4ecc8c6a0d56943a",
			"time":	"2023-08-22 16:33:29",
			"filename":	"1.jpg",
			"share_status":	0,
			"pv":	0,
			"url":	"http://176.16.169.102:80/group2/M00/00/00/sBCpZmTkctmAZPgdAAAPqPIZLGo774.jpg",
			"size":	4008,
			"type":	"jpg"
		}]
}
[2023-08-22 17:43:16]--[myfiles_cgi.cpp:499]--cmd = count
[2023-08-22 17:43:16]--[myfiles_cgi.cpp:527]--buf = {
    "token": "b9cee284afe335ce291770c0d4a0a6c3",
    "user": "zengjianxin"
}

[2023-08-22 17:43:16]--[myfiles_cgi.cpp:179]--line = 2
[2023-08-22 17:43:16]--[myfiles_cgi.cpp:138]--out = {
	"num":	"2",
	"code":	"110"
}
[2023-08-22 17:43:16]--[myfiles_cgi.cpp:499]--cmd = normal
[2023-08-22 17:43:16]--[myfiles_cgi.cpp:527]--buf = {
    "count": 2,
    "start": 0,
    "token": "b9cee284afe335ce291770c0d4a0a6c3",
    "user": "zengjianxin"
}

[2023-08-22 17:43:16]--[myfiles_cgi.cpp:545]--user = zengjianxin, token = b9cee284afe335ce291770c0d4a0a6c3, start = 0, count = 2
[2023-08-22 17:43:16]--[myfiles_cgi.cpp:315]--select user_file_list.*, file_info.url, file_info.size, file_info.type from file_info, user_file_list where user = 'zengjianxin' and file_info.md5 = user_file_list.md5 limit 0, 2 在操作
[2023-08-22 17:43:16]--[myfiles_cgi.cpp:438]--{
	"files":	[{
			"user":	"zengjianxin",
			"md5":	"c63204cc106231695480c8a3f847ea54",
			"time":	"2023-08-22 16:31:53",
			"filename":	"新建文本文档.txt",
			"share_status":	0,
			"pv":	0,
			"url":	"http://176.16.169.102:80/group2/M00/00/00/sBCpZmTkcniAX6gQAAADA5dK6lk554.txt",
			"size":	771,
			"type":	"txt"
		}, {
			"user":	"zengjianxin",
			"md5":	"8de9f1753827148d4ecc8c6a0d56943a",
			"time":	"2023-08-22 16:33:29",
			"filename":	"1.jpg",
			"share_status":	0,
			"pv":	0,
			"url":	"http://176.16.169.102:80/group2/M00/00/00/sBCpZmTkctmAZPgdAAAPqPIZLGo774.jpg",
			"size":	4008,
			"type":	"jpg"
		}]
}
[2023-08-22 17:43:22]--[myfiles_cgi.cpp:499]--cmd = count
[2023-08-22 17:43:22]--[myfiles_cgi.cpp:527]--buf = {
    "token": "b9cee284afe335ce291770c0d4a0a6c3",
    "user": "zengjianxin"
}

[2023-08-22 17:43:22]--[myfiles_cgi.cpp:179]--line = 2
[2023-08-22 17:43:22]--[myfiles_cgi.cpp:138]--out = {
	"num":	"2",
	"code":	"110"
}
[2023-08-22 17:43:22]--[myfiles_cgi.cpp:499]--cmd = normal
[2023-08-22 17:43:22]--[myfiles_cgi.cpp:527]--buf = {
    "count": 2,
    "start": 0,
    "token": "b9cee284afe335ce291770c0d4a0a6c3",
    "user": "zengjianxin"
}

[2023-08-22 17:43:22]--[myfiles_cgi.cpp:545]--user = zengjianxin, token = b9cee284afe335ce291770c0d4a0a6c3, start = 0, count = 2
[2023-08-22 17:43:22]--[myfiles_cgi.cpp:315]--select user_file_list.*, file_info.url, file_info.size, file_info.type from file_info, user_file_list where user = 'zengjianxin' and file_info.md5 = user_file_list.md5 limit 0, 2 在操作
[2023-08-22 17:43:22]--[myfiles_cgi.cpp:438]--{
	"files":	[{
			"user":	"zengjianxin",
			"md5":	"c63204cc106231695480c8a3f847ea54",
			"time":	"2023-08-22 16:31:53",
			"filename":	"新建文本文档.txt",
			"share_status":	0,
			"pv":	0,
			"url":	"http://176.16.169.102:80/group2/M00/00/00/sBCpZmTkcniAX6gQAAADA5dK6lk554.txt",
			"size":	771,
			"type":	"txt"
		}, {
			"user":	"zengjianxin",
			"md5":	"8de9f1753827148d4ecc8c6a0d56943a",
			"time":	"2023-08-22 16:33:29",
			"filename":	"1.jpg",
			"share_status":	0,
			"pv":	0,
			"url":	"http://176.16.169.102:80/group2/M00/00/00/sBCpZmTkctmAZPgdAAAPqPIZLGo774.jpg",
			"size":	4008,
			"type":	"jpg"
		}]
}
[2023-08-22 17:43:37]--[myfiles_cgi.cpp:499]--cmd = count
[2023-08-22 17:43:37]--[myfiles_cgi.cpp:527]--buf = {
    "token": "b9cee284afe335ce291770c0d4a0a6c3",
    "user": "zengjianxin"
}

[2023-08-22 17:43:37]--[myfiles_cgi.cpp:179]--line = 2
[2023-08-22 17:43:37]--[myfiles_cgi.cpp:138]--out = {
	"num":	"2",
	"code":	"110"
}
[2023-08-22 17:43:37]--[myfiles_cgi.cpp:499]--cmd = normal
[2023-08-22 17:43:37]--[myfiles_cgi.cpp:527]--buf = {
    "count": 2,
    "start": 0,
    "token": "b9cee284afe335ce291770c0d4a0a6c3",
    "user": "zengjianxin"
}

[2023-08-22 17:43:37]--[myfiles_cgi.cpp:545]--user = zengjianxin, token = b9cee284afe335ce291770c0d4a0a6c3, start = 0, count = 2
[2023-08-22 17:43:37]--[myfiles_cgi.cpp:315]--select user_file_list.*, file_info.url, file_info.size, file_info.type from file_info, user_file_list where user = 'zengjianxin' and file_info.md5 = user_file_list.md5 limit 0, 2 在操作
[2023-08-22 17:43:37]--[myfiles_cgi.cpp:438]--{
	"files":	[{
			"user":	"zengjianxin",
			"md5":	"c63204cc106231695480c8a3f847ea54",
			"time":	"2023-08-22 16:31:53",
			"filename":	"新建文本文档.txt",
			"share_status":	0,
			"pv":	0,
			"url":	"http://176.16.169.102:80/group2/M00/00/00/sBCpZmTkcniAX6gQAAADA5dK6lk554.txt",
			"size":	771,
			"type":	"txt"
		}, {
			"user":	"zengjianxin",
			"md5":	"8de9f1753827148d4ecc8c6a0d56943a",
			"time":	"2023-08-22 16:33:29",
			"filename":	"1.jpg",
			"share_status":	0,
			"pv":	0,
			"url":	"http://176.16.169.102:80/group2/M00/00/00/sBCpZmTkctmAZPgdAAAPqPIZLGo774.jpg",
			"size":	4008,
			"type":	"jpg"
		}]
}
[2023-08-22 17:49:10]--[myfiles_cgi.cpp:499]--cmd = count
[2023-08-22 17:49:10]--[myfiles_cgi.cpp:527]--buf = {
    "token": "b9cee284afe335ce291770c0d4a0a6c3",
    "user": "zengjianxin"
}

[2023-08-22 17:49:10]--[myfiles_cgi.cpp:179]--line = 2
[2023-08-22 17:49:10]--[myfiles_cgi.cpp:138]--out = {
	"num":	"2",
	"code":	"110"
}
[2023-08-22 17:49:10]--[myfiles_cgi.cpp:499]--cmd = normal
[2023-08-22 17:49:10]--[myfiles_cgi.cpp:527]--buf = {
    "count": 2,
    "start": 0,
    "token": "b9cee284afe335ce291770c0d4a0a6c3",
    "user": "zengjianxin"
}

[2023-08-22 17:49:10]--[myfiles_cgi.cpp:545]--user = zengjianxin, token = b9cee284afe335ce291770c0d4a0a6c3, start = 0, count = 2
[2023-08-22 17:49:10]--[myfiles_cgi.cpp:315]--select user_file_list.*, file_info.url, file_info.size, file_info.type from file_info, user_file_list where user = 'zengjianxin' and file_info.md5 = user_file_list.md5 limit 0, 2 在操作
[2023-08-22 17:49:10]--[myfiles_cgi.cpp:438]--{
	"files":	[{
			"user":	"zengjianxin",
			"md5":	"c63204cc106231695480c8a3f847ea54",
			"time":	"2023-08-22 16:31:53",
			"filename":	"新建文本文档.txt",
			"share_status":	0,
			"pv":	0,
			"url":	"http://176.16.169.102:80/group2/M00/00/00/sBCpZmTkcniAX6gQAAADA5dK6lk554.txt",
			"size":	771,
			"type":	"txt"
		}, {
			"user":	"zengjianxin",
			"md5":	"8de9f1753827148d4ecc8c6a0d56943a",
			"time":	"2023-08-22 16:33:29",
			"filename":	"1.jpg",
			"share_status":	0,
			"pv":	0,
			"url":	"http://176.16.169.102:80/group2/M00/00/00/sBCpZmTkctmAZPgdAAAPqPIZLGo774.jpg",
			"size":	4008,
			"type":	"jpg"
		}]
}
[2023-08-22 17:49:25]--[myfiles_cgi.cpp:499]--cmd = count
[2023-08-22 17:49:25]--[myfiles_cgi.cpp:527]--buf = {
    "token": "b9cee284afe335ce291770c0d4a0a6c3",
    "user": "zengjianxin"
}

[2023-08-22 17:49:25]--[myfiles_cgi.cpp:179]--line = 3
[2023-08-22 17:49:25]--[myfiles_cgi.cpp:138]--out = {
	"num":	"3",
	"code":	"110"
}
[2023-08-22 17:49:25]--[myfiles_cgi.cpp:499]--cmd = normal
[2023-08-22 17:49:25]--[myfiles_cgi.cpp:527]--buf = {
    "count": 3,
    "start": 0,
    "token": "b9cee284afe335ce291770c0d4a0a6c3",
    "user": "zengjianxin"
}

[2023-08-22 17:49:25]--[myfiles_cgi.cpp:545]--user = zengjianxin, token = b9cee284afe335ce291770c0d4a0a6c3, start = 0, count = 3
[2023-08-22 17:49:25]--[myfiles_cgi.cpp:315]--select user_file_list.*, file_info.url, file_info.size, file_info.type from file_info, user_file_list where user = 'zengjianxin' and file_info.md5 = user_file_list.md5 limit 0, 3 在操作
[2023-08-22 17:49:25]--[myfiles_cgi.cpp:438]--{
	"files":	[{
			"user":	"zengjianxin",
			"md5":	"c63204cc106231695480c8a3f847ea54",
			"time":	"2023-08-22 16:31:53",
			"filename":	"新建文本文档.txt",
			"share_status":	0,
			"pv":	0,
			"url":	"http://176.16.169.102:80/group2/M00/00/00/sBCpZmTkcniAX6gQAAADA5dK6lk554.txt",
			"size":	771,
			"type":	"txt"
		}, {
			"user":	"zengjianxin",
			"md5":	"8de9f1753827148d4ecc8c6a0d56943a",
			"time":	"2023-08-22 16:33:29",
			"filename":	"1.jpg",
			"share_status":	0,
			"pv":	0,
			"url":	"http://176.16.169.102:80/group2/M00/00/00/sBCpZmTkctmAZPgdAAAPqPIZLGo774.jpg",
			"size":	4008,
			"type":	"jpg"
		}, {
			"user":	"zengjianxin",
			"md5":	"c194a9be81b4a7ce56533d1a7eeabb94",
			"time":	"2023-08-22 17:49:19",
			"filename":	"Default.jpg",
			"share_status":	0,
			"pv":	0,
			"url":	"http://176.16.169.102:80/group2/M00/00/00/sBCpZmTkhJ6AZtg4ACDhgXZtibg723.jpg",
			"size":	2154881,
			"type":	"jpg"
		}]
}
[2023-08-22 17:49:42]--[myfiles_cgi.cpp:499]--cmd = count
[2023-08-22 17:49:42]--[myfiles_cgi.cpp:527]--buf = {
    "token": "b9cee284afe335ce291770c0d4a0a6c3",
    "user": "zengjianxin"
}

[2023-08-22 17:49:42]--[myfiles_cgi.cpp:179]--line = 3
[2023-08-22 17:49:42]--[myfiles_cgi.cpp:138]--out = {
	"num":	"3",
	"code":	"110"
}
[2023-08-22 17:49:42]--[myfiles_cgi.cpp:499]--cmd = normal
[2023-08-22 17:49:42]--[myfiles_cgi.cpp:527]--buf = {
    "count": 3,
    "start": 0,
    "token": "b9cee284afe335ce291770c0d4a0a6c3",
    "user": "zengjianxin"
}

[2023-08-22 17:49:42]--[myfiles_cgi.cpp:545]--user = zengjianxin, token = b9cee284afe335ce291770c0d4a0a6c3, start = 0, count = 3
[2023-08-22 17:49:42]--[myfiles_cgi.cpp:315]--select user_file_list.*, file_info.url, file_info.size, file_info.type from file_info, user_file_list where user = 'zengjianxin' and file_info.md5 = user_file_list.md5 limit 0, 3 在操作
[2023-08-22 17:49:42]--[myfiles_cgi.cpp:438]--{
	"files":	[{
			"user":	"zengjianxin",
			"md5":	"c63204cc106231695480c8a3f847ea54",
			"time":	"2023-08-22 16:31:53",
			"filename":	"新建文本文档.txt",
			"share_status":	0,
			"pv":	0,
			"url":	"http://176.16.169.102:80/group2/M00/00/00/sBCpZmTkcniAX6gQAAADA5dK6lk554.txt",
			"size":	771,
			"type":	"txt"
		}, {
			"user":	"zengjianxin",
			"md5":	"8de9f1753827148d4ecc8c6a0d56943a",
			"time":	"2023-08-22 16:33:29",
			"filename":	"1.jpg",
			"share_status":	0,
			"pv":	0,
			"url":	"http://176.16.169.102:80/group2/M00/00/00/sBCpZmTkctmAZPgdAAAPqPIZLGo774.jpg",
			"size":	4008,
			"type":	"jpg"
		}, {
			"user":	"zengjianxin",
			"md5":	"c194a9be81b4a7ce56533d1a7eeabb94",
			"time":	"2023-08-22 17:49:19",
			"filename":	"Default.jpg",
			"share_status":	0,
			"pv":	0,
			"url":	"http://176.16.169.102:80/group2/M00/00/00/sBCpZmTkhJ6AZtg4ACDhgXZtibg723.jpg",
			"size":	2154881,
			"type":	"jpg"
		}]
}
[2023-08-22 21:25:41]--[myfiles_cgi.cpp:499]--cmd = count
[2023-08-22 21:25:41]--[myfiles_cgi.cpp:527]--buf = {
    "token": "289bddd007fa7b378a0debe448a00f75",
    "user": "zengjianxin"
}

[2023-08-22 21:25:41]--[myfiles_cgi.cpp:179]--line = 3
[2023-08-22 21:25:41]--[myfiles_cgi.cpp:138]--out = {
	"num":	"3",
	"code":	"110"
}
[2023-08-22 21:25:41]--[myfiles_cgi.cpp:499]--cmd = normal
[2023-08-22 21:25:41]--[myfiles_cgi.cpp:527]--buf = {
    "count": 3,
    "start": 0,
    "token": "289bddd007fa7b378a0debe448a00f75",
    "user": "zengjianxin"
}

[2023-08-22 21:25:41]--[myfiles_cgi.cpp:545]--user = zengjianxin, token = 289bddd007fa7b378a0debe448a00f75, start = 0, count = 3
[2023-08-22 21:25:41]--[myfiles_cgi.cpp:315]--select user_file_list.*, file_info.url, file_info.size, file_info.type from file_info, user_file_list where user = 'zengjianxin' and file_info.md5 = user_file_list.md5 limit 0, 3 在操作
[2023-08-22 21:25:41]--[myfiles_cgi.cpp:438]--{
	"files":	[{
			"user":	"zengjianxin",
			"md5":	"c63204cc106231695480c8a3f847ea54",
			"time":	"2023-08-22 16:31:53",
			"filename":	"新建文本文档.txt",
			"share_status":	0,
			"pv":	0,
			"url":	"http://176.16.169.102:80/group2/M00/00/00/sBCpZmTkcniAX6gQAAADA5dK6lk554.txt",
			"size":	771,
			"type":	"txt"
		}, {
			"user":	"zengjianxin",
			"md5":	"8de9f1753827148d4ecc8c6a0d56943a",
			"time":	"2023-08-22 16:33:29",
			"filename":	"1.jpg",
			"share_status":	0,
			"pv":	0,
			"url":	"http://176.16.169.102:80/group2/M00/00/00/sBCpZmTkctmAZPgdAAAPqPIZLGo774.jpg",
			"size":	4008,
			"type":	"jpg"
		}, {
			"user":	"zengjianxin",
			"md5":	"c194a9be81b4a7ce56533d1a7eeabb94",
			"time":	"2023-08-22 17:49:19",
			"filename":	"Default.jpg",
			"share_status":	0,
			"pv":	0,
			"url":	"http://176.16.169.102:80/group2/M00/00/00/sBCpZmTkhJ6AZtg4ACDhgXZtibg723.jpg",
			"size":	2154881,
			"type":	"jpg"
		}]
}
[2023-08-22 21:26:16]--[myfiles_cgi.cpp:499]--cmd = count
[2023-08-22 21:26:16]--[myfiles_cgi.cpp:527]--buf = {
    "token": "289bddd007fa7b378a0debe448a00f75",
    "user": "zengjianxin"
}

[2023-08-22 21:26:16]--[myfiles_cgi.cpp:179]--line = 3
[2023-08-22 21:26:16]--[myfiles_cgi.cpp:138]--out = {
	"num":	"3",
	"code":	"110"
}
[2023-08-22 21:26:16]--[myfiles_cgi.cpp:499]--cmd = normal
[2023-08-22 21:26:16]--[myfiles_cgi.cpp:527]--buf = {
    "count": 3,
    "start": 0,
    "token": "289bddd007fa7b378a0debe448a00f75",
    "user": "zengjianxin"
}

[2023-08-22 21:26:16]--[myfiles_cgi.cpp:545]--user = zengjianxin, token = 289bddd007fa7b378a0debe448a00f75, start = 0, count = 3
[2023-08-22 21:26:16]--[myfiles_cgi.cpp:315]--select user_file_list.*, file_info.url, file_info.size, file_info.type from file_info, user_file_list where user = 'zengjianxin' and file_info.md5 = user_file_list.md5 limit 0, 3 在操作
[2023-08-22 21:26:16]--[myfiles_cgi.cpp:438]--{
	"files":	[{
			"user":	"zengjianxin",
			"md5":	"c63204cc106231695480c8a3f847ea54",
			"time":	"2023-08-22 16:31:53",
			"filename":	"新建文本文档.txt",
			"share_status":	0,
			"pv":	0,
			"url":	"http://176.16.169.102:80/group2/M00/00/00/sBCpZmTkcniAX6gQAAADA5dK6lk554.txt",
			"size":	771,
			"type":	"txt"
		}, {
			"user":	"zengjianxin",
			"md5":	"8de9f1753827148d4ecc8c6a0d56943a",
			"time":	"2023-08-22 16:33:29",
			"filename":	"1.jpg",
			"share_status":	1,
			"pv":	0,
			"url":	"http://176.16.169.102:80/group2/M00/00/00/sBCpZmTkctmAZPgdAAAPqPIZLGo774.jpg",
			"size":	4008,
			"type":	"jpg"
		}, {
			"user":	"zengjianxin",
			"md5":	"c194a9be81b4a7ce56533d1a7eeabb94",
			"time":	"2023-08-22 17:49:19",
			"filename":	"Default.jpg",
			"share_status":	0,
			"pv":	0,
			"url":	"http://176.16.169.102:80/group2/M00/00/00/sBCpZmTkhJ6AZtg4ACDhgXZtibg723.jpg",
			"size":	2154881,
			"type":	"jpg"
		}]
}
[2023-08-22 21:27:00]--[myfiles_cgi.cpp:499]--cmd = count
[2023-08-22 21:27:00]--[myfiles_cgi.cpp:527]--buf = {
    "token": "46759392c2f7d7bcbb2a94604b55c2a5",
    "user": "zengjx"
}

[2023-08-22 21:27:00]--[myfiles_cgi.cpp:167]--select count from user_file_count where user="zengjx" 操作失败
[2023-08-22 21:27:00]--[myfiles_cgi.cpp:169]--line = 0
[2023-08-22 21:27:00]--[myfiles_cgi.cpp:138]--out = {
	"num":	"0",
	"code":	"110"
}
[2023-08-22 23:46:55]--[myfiles_cgi.cpp:499]--cmd = count
[2023-08-22 23:46:55]--[myfiles_cgi.cpp:527]--buf = {
    "token": "46759392c2f7d7bcbb2a94604b55c2a5",
    "user": "zengjx"
}

[2023-08-22 23:46:55]--[myfiles_cgi.cpp:167]--select count from user_file_count where user="zengjx" 操作失败
[2023-08-22 23:46:55]--[myfiles_cgi.cpp:169]--line = 0
[2023-08-22 23:46:55]--[myfiles_cgi.cpp:138]--out = {
	"num":	"0",
	"code":	"110"
}
[2023-08-22 23:47:12]--[myfiles_cgi.cpp:499]--cmd = count
[2023-08-22 23:47:12]--[myfiles_cgi.cpp:527]--buf = {
    "token": "46759392c2f7d7bcbb2a94604b55c2a5",
    "user": "zengjx"
}

[2023-08-22 23:47:12]--[myfiles_cgi.cpp:179]--line = 1
[2023-08-22 23:47:12]--[myfiles_cgi.cpp:138]--out = {
	"num":	"1",
	"code":	"110"
}
[2023-08-22 23:47:12]--[myfiles_cgi.cpp:499]--cmd = normal
[2023-08-22 23:47:12]--[myfiles_cgi.cpp:527]--buf = {
    "count": 1,
    "start": 0,
    "token": "46759392c2f7d7bcbb2a94604b55c2a5",
    "user": "zengjx"
}

[2023-08-22 23:47:12]--[myfiles_cgi.cpp:545]--user = zengjx, token = 46759392c2f7d7bcbb2a94604b55c2a5, start = 0, count = 1
[2023-08-22 23:47:12]--[myfiles_cgi.cpp:315]--select user_file_list.*, file_info.url, file_info.size, file_info.type from file_info, user_file_list where user = 'zengjx' and file_info.md5 = user_file_list.md5 limit 0, 1 在操作
[2023-08-22 23:47:12]--[myfiles_cgi.cpp:438]--{
	"files":	[{
			"user":	"zengjx",
			"md5":	"f56e6b9b576844de046812d4714a00f2",
			"time":	"2023-08-22 23:47:10",
			"filename":	"wewq.txt",
			"share_status":	0,
			"pv":	0,
			"url":	"http://176.16.169.102:80/group2/M00/00/00/sBCpZmTk2H6APHUuAAAACQ0MCEU132.txt",
			"size":	9,
			"type":	"txt"
		}]
}
