[2023-08-27 19:06:36]--[myfiles_cgi.cpp:499]--cmd = count
[2023-08-27 19:06:36]--[myfiles_cgi.cpp:527]--buf = {
    "token": "cbd13be68f029ece30997b90a9f39441",
    "user": "zengjx"
}

[2023-08-27 19:06:36]--[myfiles_cgi.cpp:179]--line = 1
[2023-08-27 19:06:36]--[myfiles_cgi.cpp:138]--out = {
	"num":	"1",
	"code":	"110"
}
[2023-08-27 19:06:36]--[myfiles_cgi.cpp:499]--cmd = normal
[2023-08-27 19:06:36]--[myfiles_cgi.cpp:527]--buf = {
    "count": 1,
    "start": 0,
    "token": "cbd13be68f029ece30997b90a9f39441",
    "user": "zengjx"
}

[2023-08-27 19:06:36]--[myfiles_cgi.cpp:545]--user = zengjx, token = cbd13be68f029ece30997b90a9f39441, start = 0, count = 1
[2023-08-27 19:06:36]--[myfiles_cgi.cpp:315]--select user_file_list.*, file_info.url, file_info.size, file_info.type from file_info, user_file_list where user = 'zengjx' and file_info.md5 = user_file_list.md5 limit 0, 1 在操作
[2023-08-27 19:06:36]--[myfiles_cgi.cpp:438]--{
	"files":	[{
			"user":	"zengjx",
			"md5":	"3d0840dd2572e49c5378c5009ad1eadf",
			"time":	"2023-08-24 18:26:12",
			"filename":	"cudnn-11.2-windows-x64-v8.1.1.33.zip",
			"share_status":	0,
			"pv":	0,
			"url":	"http://176.16.169.102:80/group2/M00/00/00/sBCpZmTnMESAO2p2KU9Hv8QvRxk.33.zip",
			"size":	693061567,
			"type":	"zip"
		}]
}
[2023-08-27 19:07:29]--[myfiles_cgi.cpp:499]--cmd = count
[2023-08-27 19:07:29]--[myfiles_cgi.cpp:527]--buf = {
    "token": "cbd13be68f029ece30997b90a9f39441",
    "user": "zengjx"
}

[2023-08-27 19:07:29]--[myfiles_cgi.cpp:179]--line = 1
[2023-08-27 19:07:29]--[myfiles_cgi.cpp:138]--out = {
	"num":	"1",
	"code":	"110"
}
[2023-08-27 19:07:29]--[myfiles_cgi.cpp:499]--cmd = normal
[2023-08-27 19:07:29]--[myfiles_cgi.cpp:527]--buf = {
    "count": 1,
    "start": 0,
    "token": "cbd13be68f029ece30997b90a9f39441",
    "user": "zengjx"
}

[2023-08-27 19:07:29]--[myfiles_cgi.cpp:545]--user = zengjx, token = cbd13be68f029ece30997b90a9f39441, start = 0, count = 1
[2023-08-27 19:07:29]--[myfiles_cgi.cpp:315]--select user_file_list.*, file_info.url, file_info.size, file_info.type from file_info, user_file_list where user = 'zengjx' and file_info.md5 = user_file_list.md5 limit 0, 1 在操作
[2023-08-27 19:07:29]--[myfiles_cgi.cpp:438]--{
	"files":	[{
			"user":	"zengjx",
			"md5":	"3d0840dd2572e49c5378c5009ad1eadf",
			"time":	"2023-08-24 18:26:12",
			"filename":	"cudnn-11.2-windows-x64-v8.1.1.33.zip",
			"share_status":	0,
			"pv":	0,
			"url":	"http://176.16.169.102:80/group2/M00/00/00/sBCpZmTnMESAO2p2KU9Hv8QvRxk.33.zip",
			"size":	693061567,
			"type":	"zip"
		}]
}
[2023-08-27 19:07:38]--[myfiles_cgi.cpp:499]--cmd = count
[2023-08-27 19:07:38]--[myfiles_cgi.cpp:527]--buf = {
    "token": "cbd13be68f029ece30997b90a9f39441",
    "user": "zengjx"
}

[2023-08-27 19:07:38]--[myfiles_cgi.cpp:179]--line = 2
[2023-08-27 19:07:38]--[myfiles_cgi.cpp:138]--out = {
	"num":	"2",
	"code":	"110"
}
[2023-08-27 19:07:38]--[myfiles_cgi.cpp:499]--cmd = normal
[2023-08-27 19:07:38]--[myfiles_cgi.cpp:527]--buf = {
    "count": 2,
    "start": 0,
    "token": "cbd13be68f029ece30997b90a9f39441",
    "user": "zengjx"
}

[2023-08-27 19:07:38]--[myfiles_cgi.cpp:545]--user = zengjx, token = cbd13be68f029ece30997b90a9f39441, start = 0, count = 2
[2023-08-27 19:07:38]--[myfiles_cgi.cpp:315]--select user_file_list.*, file_info.url, file_info.size, file_info.type from file_info, user_file_list where user = 'zengjx' and file_info.md5 = user_file_list.md5 limit 0, 2 在操作
[2023-08-27 19:07:38]--[myfiles_cgi.cpp:438]--{
	"files":	[{
			"user":	"zengjx",
			"md5":	"3d0840dd2572e49c5378c5009ad1eadf",
			"time":	"2023-08-24 18:26:12",
			"filename":	"cudnn-11.2-windows-x64-v8.1.1.33.zip",
			"share_status":	0,
			"pv":	0,
			"url":	"http://176.16.169.102:80/group2/M00/00/00/sBCpZmTnMESAO2p2KU9Hv8QvRxk.33.zip",
			"size":	693061567,
			"type":	"zip"
		}, {
			"user":	"zengjx",
			"md5":	"88cdfbda20bcd7936bbbeb249fd8307c",
			"time":	"2023-08-27 19:07:37",
			"filename":	"2203.10006.pdf",
			"share_status":	0,
			"pv":	0,
			"url":	"http://176.16.169.102:80/group2/M00/00/00/sBCpZmTrLnmAGS_iABrawGGBpOo783.pdf",
			"size":	1759936,
			"type":	"pdf"
		}]
}
[2023-08-27 19:07:48]--[myfiles_cgi.cpp:499]--cmd = count
[2023-08-27 19:07:48]--[myfiles_cgi.cpp:527]--buf = {
    "token": "cbd13be68f029ece30997b90a9f39441",
    "user": "zengjx"
}

[2023-08-27 19:07:48]--[myfiles_cgi.cpp:179]--line = 2
[2023-08-27 19:07:48]--[myfiles_cgi.cpp:138]--out = {
	"num":	"2",
	"code":	"110"
}
[2023-08-27 19:07:48]--[myfiles_cgi.cpp:499]--cmd = normal
[2023-08-27 19:07:48]--[myfiles_cgi.cpp:527]--buf = {
    "count": 2,
    "start": 0,
    "token": "cbd13be68f029ece30997b90a9f39441",
    "user": "zengjx"
}

[2023-08-27 19:07:48]--[myfiles_cgi.cpp:545]--user = zengjx, token = cbd13be68f029ece30997b90a9f39441, start = 0, count = 2
[2023-08-27 19:07:48]--[myfiles_cgi.cpp:315]--select user_file_list.*, file_info.url, file_info.size, file_info.type from file_info, user_file_list where user = 'zengjx' and file_info.md5 = user_file_list.md5 limit 0, 2 在操作
[2023-08-27 19:07:48]--[myfiles_cgi.cpp:438]--{
	"files":	[{
			"user":	"zengjx",
			"md5":	"3d0840dd2572e49c5378c5009ad1eadf",
			"time":	"2023-08-24 18:26:12",
			"filename":	"cudnn-11.2-windows-x64-v8.1.1.33.zip",
			"share_status":	1,
			"pv":	0,
			"url":	"http://176.16.169.102:80/group2/M00/00/00/sBCpZmTnMESAO2p2KU9Hv8QvRxk.33.zip",
			"size":	693061567,
			"type":	"zip"
		}, {
			"user":	"zengjx",
			"md5":	"88cdfbda20bcd7936bbbeb249fd8307c",
			"time":	"2023-08-27 19:07:37",
			"filename":	"2203.10006.pdf",
			"share_status":	1,
			"pv":	0,
			"url":	"http://176.16.169.102:80/group2/M00/00/00/sBCpZmTrLnmAGS_iABrawGGBpOo783.pdf",
			"size":	1759936,
			"type":	"pdf"
		}]
}
[2023-08-27 19:07:54]--[myfiles_cgi.cpp:499]--cmd = count
[2023-08-27 19:07:54]--[myfiles_cgi.cpp:527]--buf = {
    "token": "cbd13be68f029ece30997b90a9f39441",
    "user": "zengjx"
}

[2023-08-27 19:07:54]--[myfiles_cgi.cpp:179]--line = 2
[2023-08-27 19:07:54]--[myfiles_cgi.cpp:138]--out = {
	"num":	"2",
	"code":	"110"
}
[2023-08-27 19:07:54]--[myfiles_cgi.cpp:499]--cmd = normal
[2023-08-27 19:07:54]--[myfiles_cgi.cpp:527]--buf = {
    "count": 2,
    "start": 0,
    "token": "cbd13be68f029ece30997b90a9f39441",
    "user": "zengjx"
}

[2023-08-27 19:07:54]--[myfiles_cgi.cpp:545]--user = zengjx, token = cbd13be68f029ece30997b90a9f39441, start = 0, count = 2
[2023-08-27 19:07:54]--[myfiles_cgi.cpp:315]--select user_file_list.*, file_info.url, file_info.size, file_info.type from file_info, user_file_list where user = 'zengjx' and file_info.md5 = user_file_list.md5 limit 0, 2 在操作
[2023-08-27 19:07:54]--[myfiles_cgi.cpp:438]--{
	"files":	[{
			"user":	"zengjx",
			"md5":	"3d0840dd2572e49c5378c5009ad1eadf",
			"time":	"2023-08-24 18:26:12",
			"filename":	"cudnn-11.2-windows-x64-v8.1.1.33.zip",
			"share_status":	1,
			"pv":	0,
			"url":	"http://176.16.169.102:80/group2/M00/00/00/sBCpZmTnMESAO2p2KU9Hv8QvRxk.33.zip",
			"size":	693061567,
			"type":	"zip"
		}, {
			"user":	"zengjx",
			"md5":	"88cdfbda20bcd7936bbbeb249fd8307c",
			"time":	"2023-08-27 19:07:37",
			"filename":	"2203.10006.pdf",
			"share_status":	1,
			"pv":	0,
			"url":	"http://176.16.169.102:80/group2/M00/00/00/sBCpZmTrLnmAGS_iABrawGGBpOo783.pdf",
			"size":	1759936,
			"type":	"pdf"
		}]
}
[2023-08-27 19:08:49]--[myfiles_cgi.cpp:499]--cmd = count
[2023-08-27 19:08:49]--[myfiles_cgi.cpp:527]--buf = {
    "token": "cbd13be68f029ece30997b90a9f39441",
    "user": "zengjx"
}

[2023-08-27 19:08:49]--[myfiles_cgi.cpp:179]--line = 2
[2023-08-27 19:08:49]--[myfiles_cgi.cpp:138]--out = {
	"num":	"2",
	"code":	"110"
}
[2023-08-27 19:08:49]--[myfiles_cgi.cpp:499]--cmd = normal
[2023-08-27 19:08:49]--[myfiles_cgi.cpp:527]--buf = {
    "count": 2,
    "start": 0,
    "token": "cbd13be68f029ece30997b90a9f39441",
    "user": "zengjx"
}

[2023-08-27 19:08:49]--[myfiles_cgi.cpp:545]--user = zengjx, token = cbd13be68f029ece30997b90a9f39441, start = 0, count = 2
[2023-08-27 19:08:49]--[myfiles_cgi.cpp:315]--select user_file_list.*, file_info.url, file_info.size, file_info.type from file_info, user_file_list where user = 'zengjx' and file_info.md5 = user_file_list.md5 limit 0, 2 在操作
[2023-08-27 19:08:49]--[myfiles_cgi.cpp:438]--{
	"files":	[{
			"user":	"zengjx",
			"md5":	"3d0840dd2572e49c5378c5009ad1eadf",
			"time":	"2023-08-24 18:26:12",
			"filename":	"cudnn-11.2-windows-x64-v8.1.1.33.zip",
			"share_status":	1,
			"pv":	0,
			"url":	"http://176.16.169.102:80/group2/M00/00/00/sBCpZmTnMESAO2p2KU9Hv8QvRxk.33.zip",
			"size":	693061567,
			"type":	"zip"
		}, {
			"user":	"zengjx",
			"md5":	"88cdfbda20bcd7936bbbeb249fd8307c",
			"time":	"2023-08-27 19:07:37",
			"filename":	"2203.10006.pdf",
			"share_status":	1,
			"pv":	0,
			"url":	"http://176.16.169.102:80/group2/M00/00/00/sBCpZmTrLnmAGS_iABrawGGBpOo783.pdf",
			"size":	1759936,
			"type":	"pdf"
		}]
}
[2023-08-27 19:08:53]--[myfiles_cgi.cpp:499]--cmd = count
[2023-08-27 19:08:53]--[myfiles_cgi.cpp:527]--buf = {
    "token": "cbd13be68f029ece30997b90a9f39441",
    "user": "zengjx"
}

[2023-08-27 19:08:53]--[myfiles_cgi.cpp:179]--line = 2
[2023-08-27 19:08:53]--[myfiles_cgi.cpp:138]--out = {
	"num":	"2",
	"code":	"110"
}
[2023-08-27 19:08:53]--[myfiles_cgi.cpp:499]--cmd = normal
[2023-08-27 19:08:53]--[myfiles_cgi.cpp:527]--buf = {
    "count": 2,
    "start": 0,
    "token": "cbd13be68f029ece30997b90a9f39441",
    "user": "zengjx"
}

[2023-08-27 19:08:53]--[myfiles_cgi.cpp:545]--user = zengjx, token = cbd13be68f029ece30997b90a9f39441, start = 0, count = 2
[2023-08-27 19:08:53]--[myfiles_cgi.cpp:315]--select user_file_list.*, file_info.url, file_info.size, file_info.type from file_info, user_file_list where user = 'zengjx' and file_info.md5 = user_file_list.md5 limit 0, 2 在操作
[2023-08-27 19:08:53]--[myfiles_cgi.cpp:438]--{
	"files":	[{
			"user":	"zengjx",
			"md5":	"3d0840dd2572e49c5378c5009ad1eadf",
			"time":	"2023-08-24 18:26:12",
			"filename":	"cudnn-11.2-windows-x64-v8.1.1.33.zip",
			"share_status":	1,
			"pv":	0,
			"url":	"http://176.16.169.102:80/group2/M00/00/00/sBCpZmTnMESAO2p2KU9Hv8QvRxk.33.zip",
			"size":	693061567,
			"type":	"zip"
		}, {
			"user":	"zengjx",
			"md5":	"88cdfbda20bcd7936bbbeb249fd8307c",
			"time":	"2023-08-27 19:07:37",
			"filename":	"2203.10006.pdf",
			"share_status":	1,
			"pv":	0,
			"url":	"http://176.16.169.102:80/group2/M00/00/00/sBCpZmTrLnmAGS_iABrawGGBpOo783.pdf",
			"size":	1759936,
			"type":	"pdf"
		}]
}
[2023-08-27 19:09:05]--[myfiles_cgi.cpp:499]--cmd = count
[2023-08-27 19:09:05]--[myfiles_cgi.cpp:527]--buf = {
    "token": "cbd13be68f029ece30997b90a9f39441",
    "user": "zengjx"
}

[2023-08-27 19:09:05]--[myfiles_cgi.cpp:179]--line = 1
[2023-08-27 19:09:05]--[myfiles_cgi.cpp:138]--out = {
	"num":	"1",
	"code":	"110"
}
[2023-08-27 19:09:05]--[myfiles_cgi.cpp:499]--cmd = normal
[2023-08-27 19:09:05]--[myfiles_cgi.cpp:527]--buf = {
    "count": 1,
    "start": 0,
    "token": "cbd13be68f029ece30997b90a9f39441",
    "user": "zengjx"
}

[2023-08-27 19:09:05]--[myfiles_cgi.cpp:545]--user = zengjx, token = cbd13be68f029ece30997b90a9f39441, start = 0, count = 1
[2023-08-27 19:09:05]--[myfiles_cgi.cpp:315]--select user_file_list.*, file_info.url, file_info.size, file_info.type from file_info, user_file_list where user = 'zengjx' and file_info.md5 = user_file_list.md5 limit 0, 1 在操作
[2023-08-27 19:09:05]--[myfiles_cgi.cpp:438]--{
	"files":	[{
			"user":	"zengjx",
			"md5":	"88cdfbda20bcd7936bbbeb249fd8307c",
			"time":	"2023-08-27 19:07:37",
			"filename":	"2203.10006.pdf",
			"share_status":	1,
			"pv":	0,
			"url":	"http://176.16.169.102:80/group2/M00/00/00/sBCpZmTrLnmAGS_iABrawGGBpOo783.pdf",
			"size":	1759936,
			"type":	"pdf"
		}]
}
[2023-08-27 19:09:26]--[myfiles_cgi.cpp:499]--cmd = count
[2023-08-27 19:09:26]--[myfiles_cgi.cpp:527]--buf = {
    "token": "baafca7dab8fc4de07dbdefc8ea01d71",
    "user": "zengjx"
}

[2023-08-27 19:09:26]--[myfiles_cgi.cpp:179]--line = 1
[2023-08-27 19:09:26]--[myfiles_cgi.cpp:138]--out = {
	"num":	"1",
	"code":	"110"
}
[2023-08-27 19:09:26]--[myfiles_cgi.cpp:499]--cmd = normal
[2023-08-27 19:09:26]--[myfiles_cgi.cpp:527]--buf = {
    "count": 1,
    "start": 0,
    "token": "baafca7dab8fc4de07dbdefc8ea01d71",
    "user": "zengjx"
}

[2023-08-27 19:09:26]--[myfiles_cgi.cpp:545]--user = zengjx, token = baafca7dab8fc4de07dbdefc8ea01d71, start = 0, count = 1
[2023-08-27 19:09:26]--[myfiles_cgi.cpp:315]--select user_file_list.*, file_info.url, file_info.size, file_info.type from file_info, user_file_list where user = 'zengjx' and file_info.md5 = user_file_list.md5 limit 0, 1 在操作
[2023-08-27 19:09:26]--[myfiles_cgi.cpp:438]--{
	"files":	[{
			"user":	"zengjx",
			"md5":	"88cdfbda20bcd7936bbbeb249fd8307c",
			"time":	"2023-08-27 19:07:37",
			"filename":	"2203.10006.pdf",
			"share_status":	1,
			"pv":	0,
			"url":	"http://176.16.169.102:80/group2/M00/00/00/sBCpZmTrLnmAGS_iABrawGGBpOo783.pdf",
			"size":	1759936,
			"type":	"pdf"
		}]
}
