[2023-08-18 00:17:21]--[reg_cgi.cpp:203]--buf = {
    "confirmpw": "123456789",
    "email": "123456789",
    "firstPwd": "123456789",
    "nickName": "123456789",
    "phone": "123456789",
    "userName": "123456789"
}

[2023-08-18 00:17:21]--[reg_cgi.cpp:215]--user = 123456789, nick_name = 123456789, pwd = 123456789, tel = 123456789, email = 123456789
[2023-08-18 00:17:21]--[reg_cgi.cpp:126]--mysql_user = root, mysql_pwd = #ZJx123456, mysql_db = filesystem
[2023-08-18 00:17:21]--[reg_cgi.cpp:147]--【123456789】该用户已存在
[2023-08-18 00:17:21]--[reg_cgi.cpp:96]--003
[2023-08-18 00:17:21]--[reg_cgi.cpp:237]--{
	"code":	"003"
} error
[2023-08-18 00:36:54]--[reg_cgi.cpp:201]--buf = {
    "confirmpw": "123456789",
    "email": "123456789",
    "firstPwd": "123456789",
    "nickName": "123456789",
    "phone": "123456789",
    "userName": "123456789"
}

[2023-08-18 00:36:54]--[reg_cgi.cpp:213]--user = 123456789, nick_name = 123456789, pwd = 123456789, tel = 123456789, email = 123456789
[2023-08-18 00:36:54]--[reg_cgi.cpp:124]--mysql_user = root, mysql_pwd = #ZJx123456, mysql_db = filesystem
[2023-08-18 00:36:54]--[reg_cgi.cpp:145]--【123456789】该用户已存在
[2023-08-18 00:36:54]--[reg_cgi.cpp:94]--003
[2023-08-18 00:36:54]--[reg_cgi.cpp:235]--{
	"code":	"003"
} error
[2023-08-18 00:40:51]--[reg_cgi.cpp:94]--003
[2023-08-18 00:41:55]--[reg_cgi.cpp:95]--003
[2023-08-18 00:41:57]--[reg_cgi.cpp:95]--003
[2023-08-18 00:41:57]--[reg_cgi.cpp:95]--003
[2023-08-18 00:42:28]--[reg_cgi.cpp:95]--003
[2023-08-18 01:29:42]--[reg_cgi.cpp:202]--buf = {
    "confirmpw": "123456789",
    "email": "123456789",
    "firstPwd": "123456789",
    "nickName": "123456789",
    "phone": "123456789",
    "userName": "123456789"
}

[2023-08-18 01:29:42]--[reg_cgi.cpp:213]--user = , nick_name = , pwd = , tel = , email = 
[2023-08-18 01:29:42]--[reg_cgi.cpp:125]--mysql_user = root, mysql_pwd = #ZJx123456, mysql_db = filesystem
[2023-08-18 01:29:42]--[reg_cgi.cpp:95]--002
[2023-08-18 01:29:42]--[reg_cgi.cpp:235]--{
	"code":	"002"
} error
[2023-08-18 01:30:06]--[reg_cgi.cpp:202]--buf = {
    "confirmpw": "123456789",
    "email": "123456789",
    "firstPwd": "123456789",
    "nickName": "123456789",
    "phone": "123456789",
    "userName": "123456789"
}

[2023-08-18 01:30:06]--[reg_cgi.cpp:213]--user = , nick_name = , pwd = , tel = , email = 
[2023-08-18 01:30:06]--[reg_cgi.cpp:125]--mysql_user = root, mysql_pwd = #ZJx123456, mysql_db = filesystem
[2023-08-18 01:30:06]--[reg_cgi.cpp:146]--【】该用户已存在
[2023-08-18 01:30:06]--[reg_cgi.cpp:95]--003
[2023-08-18 01:30:06]--[reg_cgi.cpp:235]--{
	"code":	"003"
} error
[2023-08-18 01:31:06]--[reg_cgi.cpp:202]--buf = {
    "confirmpw": "123456789",
    "email": "123456789",
    "firstPwd": "123456789",
    "nickName": "123456789",
    "phone": "123456789",
    "userName": "123456789"
}

[2023-08-18 01:31:06]--[reg_cgi.cpp:213]--user = , nick_name = , pwd = , tel = , email = 
[2023-08-18 01:31:06]--[reg_cgi.cpp:125]--mysql_user = root, mysql_pwd = #ZJx123456, mysql_db = filesystem
[2023-08-18 01:31:06]--[reg_cgi.cpp:146]--【】该用户已存在
[2023-08-18 01:31:06]--[reg_cgi.cpp:95]--003
[2023-08-18 01:31:06]--[reg_cgi.cpp:235]--{
	"code":	"003"
} error
[2023-08-18 01:31:11]--[reg_cgi.cpp:202]--buf = {
    "confirmpw": "123456789",
    "email": "123456789",
    "firstPwd": "123456789",
    "nickName": "123456789",
    "phone": "123456789",
    "userName": "123456789"
}

[2023-08-18 01:31:11]--[reg_cgi.cpp:213]--user = , nick_name = , pwd = , tel = , email = 
[2023-08-18 01:31:11]--[reg_cgi.cpp:125]--mysql_user = root, mysql_pwd = #ZJx123456, mysql_db = filesystem
[2023-08-18 01:31:11]--[reg_cgi.cpp:146]--【】该用户已存在
[2023-08-18 01:31:11]--[reg_cgi.cpp:95]--003
[2023-08-18 01:31:11]--[reg_cgi.cpp:235]--{
	"code":	"003"
} error
[2023-08-18 01:34:40]--[reg_cgi.cpp:200]--buf = {
    "confirmpw": "123456789",
    "email": "123456789",
    "firstPwd": "123456789",
    "nickName": "123456789",
    "phone": "123456789",
    "userName": "123456789"
}

[2023-08-18 01:34:40]--[reg_cgi.cpp:211]--user = , nick_name = , pwd = , tel = , email = 
[2023-08-18 01:34:40]--[reg_cgi.cpp:123]--mysql_user = root, mysql_pwd = #ZJx123456, mysql_db = filesystem
[2023-08-18 01:34:40]--[reg_cgi.cpp:144]--【】该用户已存在
[2023-08-18 01:34:40]--[reg_cgi.cpp:93]--003
[2023-08-18 01:34:40]--[reg_cgi.cpp:233]--{
	"code":	"003"
} error
[2023-08-18 01:36:24]--[reg_cgi.cpp:200]--buf = ------WebKitFormBoundaryQOO9ragsggaKYzc5
Content-Disposition: form-data; name="file"; filename="新建文本文档.txt"
Content-Type: text/plain

中期考核做了哪些工作，还有哪些工作要做
给老师整理下关于其它先进论文的实验结果中用到的网络架构，数据集，
平均脉冲时间反向传播避免BPTT  平均时间怎么跟权重w建立联系




我是天才Duck
03:40 Java后端技术阶段概括
06:05 第一部分： Java基础 
08:49 第二部分： Java高级
24:35 第三部分： JavaWEB
28:45 第四部分： 主流框架和项目管理
36:30 第五部分： 分布式 微服务 并行架构
49:10 第六部分 ： DevOps（开发运维一体化）
55:15 第七部分 ： 大数据（可以弱化）
56:55 第八部分： 项目
57:51 第九部分： 大厂的高频面试题
61:44 第十部分： 底层源码/内核研究
62:52 编程基础拓展
------WebKitFormBoundaryQOO9ragsggaKYzc5--

[2023-08-18 01:36:24]--[reg_cgi.cpp:43]--get userName error
[2023-08-18 01:36:24]--[reg_cgi.cpp:209]--json parse error
[2023-08-18 01:36:24]--[reg_cgi.cpp:211]--user = , nick_name = , pwd = , tel = , email = 
[2023-08-18 01:36:24]--[reg_cgi.cpp:123]--mysql_user = root, mysql_pwd = #ZJx123456, mysql_db = filesystem
[2023-08-18 01:36:24]--[reg_cgi.cpp:144]--【】该用户已存在
[2023-08-18 01:36:24]--[reg_cgi.cpp:93]--003
[2023-08-18 01:36:24]--[reg_cgi.cpp:233]--{
	"code":	"003"
} error
[2023-08-18 02:19:51]--[reg_cgi.cpp:203]--buf = ------WebKitFormBoundaryGh4gjq5pN7dcAmzv
Content-Disposition: form-data; name="file"; filename="新建文本文档.txt"
Content-Type: text/plain

中期考核做了哪些工作，还有哪些工作要做
给老师整理下关于其它先进论文的实验结果中用到的网络架构，数据集，
平均脉冲时间反向传播避免BPTT  平均时间怎么跟权重w建立联系




我是天才Duck
03:40 Java后端技术阶段概括
06:05 第一部分： Java基础 
08:49 第二部分： Java高级
24:35 第三部分： JavaWEB
28:45 第四部分： 主流框架和项目管理
36:30 第五部分： 分布式 微服务 并行架构
49:10 第六部分 ： DevOps（开发运维一体化）
55:15 第七部分 ： 大数据（可以弱化）
56:55 第八部分： 项目
57:51 第九部分： 大厂的高频面试题
61:44 第十部分： 底层源码/内核研究
62:52 编程基础拓展
------WebKitFormBoundaryGh4gjq5pN7dcAmzv--

[2023-08-18 02:19:51]--[reg_cgi.cpp:44]--get userName error
[2023-08-18 02:19:51]--[reg_cgi.cpp:212]--json parse error
[2023-08-18 02:19:51]--[reg_cgi.cpp:214]--user = , nick_name = , pwd = , tel = , email = 
[2023-08-18 02:19:51]--[reg_cgi.cpp:124]--mysql_user = root, mysql_pwd = #ZJx123456, mysql_db = filesystem
[2023-08-18 02:19:51]--[reg_cgi.cpp:145]--【】该用户已存在
[2023-08-18 02:19:51]--[reg_cgi.cpp:94]--003
[2023-08-18 02:19:51]--[reg_cgi.cpp:236]--{
	"code":	"003"
} error
[2023-08-18 02:21:53]--[reg_cgi.cpp:203]--buf = ------WebKitFormBoundaryPBwXd1kNgWJGrzae
Content-Disposition: form-data; name="file"; filename="新建文本文档.txt"
Content-Type: text/plain

中期考核做了哪些工作，还有哪些工作要做
给老师整理下关于其它先进论文的实验结果中用到的网络架构，数据集，
平均脉冲时间反向传播避免BPTT  平均时间怎么跟权重w建立联系




我是天才Duck
03:40 Java后端技术阶段概括
06:05 第一部分： Java基础 
08:49 第二部分： Java高级
24:35 第三部分： JavaWEB
28:45 第四部分： 主流框架和项目管理
36:30 第五部分： 分布式 微服务 并行架构
49:10 第六部分 ： DevOps（开发运维一体化）
55:15 第七部分 ： 大数据（可以弱化）
56:55 第八部分： 项目
57:51 第九部分： 大厂的高频面试题
61:44 第十部分： 底层源码/内核研究
62:52 编程基础拓展
------WebKitFormBoundaryPBwXd1kNgWJGrzae--

[2023-08-18 02:21:53]--[reg_cgi.cpp:44]--get userName error
[2023-08-18 02:21:53]--[reg_cgi.cpp:212]--json parse error
[2023-08-18 02:21:53]--[reg_cgi.cpp:214]--user = , nick_name = , pwd = , tel = , email = 
[2023-08-18 02:21:53]--[reg_cgi.cpp:124]--mysql_user = root, mysql_pwd = #ZJx123456, mysql_db = filesystem
[2023-08-18 02:21:53]--[reg_cgi.cpp:145]--【】该用户已存在
[2023-08-18 02:21:53]--[reg_cgi.cpp:94]--003
[2023-08-18 02:21:53]--[reg_cgi.cpp:236]--{
	"code":	"003"
} error
[2023-08-18 02:23:12]--[reg_cgi.cpp:203]--buf = ------WebKitFormBoundarySTJBq97Jt26STS3I
Content-Disposition: form-data; name="file"; filename="新建文本文档.txt"
Content-Type: text/plain

中期考核做了哪些工作，还有哪些工作要做
给老师整理下关于其它先进论文的实验结果中用到的网络架构，数据集，
平均脉冲时间反向传播避免BPTT  平均时间怎么跟权重w建立联系




我是天才Duck
03:40 Java后端技术阶段概括
06:05 第一部分： Java基础 
08:49 第二部分： Java高级
24:35 第三部分： JavaWEB
28:45 第四部分： 主流框架和项目管理
36:30 第五部分： 分布式 微服务 并行架构
49:10 第六部分 ： DevOps（开发运维一体化）
55:15 第七部分 ： 大数据（可以弱化）
56:55 第八部分： 项目
57:51 第九部分： 大厂的高频面试题
61:44 第十部分： 底层源码/内核研究
62:52 编程基础拓展
------WebKitFormBoundarySTJBq97Jt26STS3I--

[2023-08-18 02:23:12]--[reg_cgi.cpp:44]--get userName error
[2023-08-18 02:23:12]--[reg_cgi.cpp:212]--json parse error
[2023-08-18 02:23:12]--[reg_cgi.cpp:214]--user = , nick_name = , pwd = , tel = , email = 
[2023-08-18 02:23:12]--[reg_cgi.cpp:124]--mysql_user = root, mysql_pwd = #ZJx123456, mysql_db = filesystem
[2023-08-18 02:23:12]--[reg_cgi.cpp:145]--【】该用户已存在
[2023-08-18 02:23:12]--[reg_cgi.cpp:94]--003
[2023-08-18 02:23:12]--[reg_cgi.cpp:236]--{
	"code":	"003"
} error
[2023-08-18 02:25:37]--[reg_cgi.cpp:203]--buf = ------WebKitFormBoundaryOoJwkEuNk3uUw4E9
Content-Disposition: form-data; name="file"; filename="新建文本文档.txt"
Content-Type: text/plain

中期考核做了哪些工作，还有哪些工作要做
给老师整理下关于其它先进论文的实验结果中用到的网络架构，数据集，
平均脉冲时间反向传播避免BPTT  平均时间怎么跟权重w建立联系




我是天才Duck
03:40 Java后端技术阶段概括
06:05 第一部分： Java基础 
08:49 第二部分： Java高级
24:35 第三部分： JavaWEB
28:45 第四部分： 主流框架和项目管理
36:30 第五部分： 分布式 微服务 并行架构
49:10 第六部分 ： DevOps（开发运维一体化）
55:15 第七部分 ： 大数据（可以弱化）
56:55 第八部分： 项目
57:51 第九部分： 大厂的高频面试题
61:44 第十部分： 底层源码/内核研究
62:52 编程基础拓展
------WebKitFormBoundaryOoJwkEuNk3uUw4E9--

[2023-08-18 02:25:37]--[reg_cgi.cpp:44]--get userName error
[2023-08-18 02:25:37]--[reg_cgi.cpp:212]--json parse error
[2023-08-18 02:25:37]--[reg_cgi.cpp:214]--user = , nick_name = , pwd = , tel = , email = 
[2023-08-18 02:25:37]--[reg_cgi.cpp:124]--mysql_user = root, mysql_pwd = #ZJx123456, mysql_db = filesystem
[2023-08-18 02:25:37]--[reg_cgi.cpp:145]--【】该用户已存在
[2023-08-18 02:25:37]--[reg_cgi.cpp:94]--003
[2023-08-18 02:25:37]--[reg_cgi.cpp:236]--{
	"code":	"003"
} error
[2023-08-18 02:25:47]--[reg_cgi.cpp:203]--buf = {
    "confirmpw": "123456789",
    "email": "123456789",
    "firstPwd": "123456789",
    "nickName": "123456789",
    "phone": "123456789",
    "userName": "123456789"
}

[2023-08-18 02:25:47]--[reg_cgi.cpp:214]--user = , nick_name = , pwd = , tel = , email = 
[2023-08-18 02:25:47]--[reg_cgi.cpp:124]--mysql_user = root, mysql_pwd = #ZJx123456, mysql_db = filesystem
[2023-08-18 02:25:47]--[reg_cgi.cpp:145]--【】该用户已存在
[2023-08-18 02:25:47]--[reg_cgi.cpp:94]--003
[2023-08-18 02:25:47]--[reg_cgi.cpp:236]--{
	"code":	"003"
} error
[2023-08-18 02:26:58]--[reg_cgi.cpp:203]--buf = {
    "confirmpw": "123456789",
    "email": "123456789",
    "firstPwd": "123456789",
    "nickName": "123456789",
    "phone": "123456789",
    "userName": "123456789"
}

[2023-08-18 02:26:58]--[reg_cgi.cpp:214]--user = , nick_name = , pwd = , tel = , email = 
[2023-08-18 02:26:58]--[reg_cgi.cpp:94]--004
[2023-08-18 02:26:58]--[reg_cgi.cpp:236]--{
	"code":	"004"
} error
[2023-08-18 23:06:31]--[reg_cgi.cpp:203]--buf = ------WebKitFormBoundaryLYL05ZZeKENNrlnK
Content-Disposition: form-data; name="file"; filename="新建文本文档.txt"
Content-Type: text/plain

中期考核做了哪些工作，还有哪些工作要做
给老师整理下关于其它先进论文的实验结果中用到的网络架构，数据集，
平均脉冲时间反向传播避免BPTT  平均时间怎么跟权重w建立联系




我是天才Duck
03:40 Java后端技术阶段概括
06:05 第一部分： Java基础 
08:49 第二部分： Java高级
24:35 第三部分： JavaWEB
28:45 第四部分： 主流框架和项目管理
36:30 第五部分： 分布式 微服务 并行架构
49:10 第六部分 ： DevOps（开发运维一体化）
55:15 第七部分 ： 大数据（可以弱化）
56:55 第八部分： 项目
57:51 第九部分： 大厂的高频面试题
61:44 第十部分： 底层源码/内核研究
62:52 编程基础拓展
------WebKitFormBoundaryLYL05ZZeKENNrlnK--

[2023-08-18 23:06:31]--[reg_cgi.cpp:44]--get userName error
[2023-08-18 23:06:31]--[reg_cgi.cpp:212]--json parse error
[2023-08-18 23:06:31]--[reg_cgi.cpp:214]--user = , nick_name = , pwd = , tel = , email = 
[2023-08-18 23:06:31]--[reg_cgi.cpp:124]--mysql_user = root, mysql_pwd = #ZJx123456, mysql_db = filesystem
[2023-08-18 23:06:31]--[reg_cgi.cpp:94]--002
[2023-08-18 23:06:31]--[reg_cgi.cpp:236]--{
	"code":	"002"
} error
[2023-08-18 23:27:30]--[reg_cgi.cpp:203]--buf = ------WebKitFormBoundarykIJqkWpGpWZwDrQl
Content-Disposition: form-data; name="file"; filename="新建文本文档.txt"
Content-Type: text/plain

中期考核做了哪些工作，还有哪些工作要做
给老师整理下关于其它先进论文的实验结果中用到的网络架构，数据集，
平均脉冲时间反向传播避免BPTT  平均时间怎么跟权重w建立联系




我是天才Duck
03:40 Java后端技术阶段概括
06:05 第一部分： Java基础 
08:49 第二部分： Java高级
24:35 第三部分： JavaWEB
28:45 第四部分： 主流框架和项目管理
36:30 第五部分： 分布式 微服务 并行架构
49:10 第六部分 ： DevOps（开发运维一体化）
55:15 第七部分 ： 大数据（可以弱化）
56:55 第八部分： 项目
57:51 第九部分： 大厂的高频面试题
61:44 第十部分： 底层源码/内核研究
62:52 编程基础拓展
------WebKitFormBoundarykIJqkWpGpWZwDrQl--

[2023-08-18 23:27:30]--[reg_cgi.cpp:44]--get userName error
[2023-08-18 23:27:30]--[reg_cgi.cpp:212]--json parse error
[2023-08-18 23:27:30]--[reg_cgi.cpp:214]--user = , nick_name = , pwd = , tel = , email = 
[2023-08-18 23:27:30]--[reg_cgi.cpp:124]--mysql_user = root, mysql_pwd = #ZJx123456, mysql_db = filesystem
[2023-08-18 23:27:30]--[reg_cgi.cpp:145]--【】该用户已存在
[2023-08-18 23:27:30]--[reg_cgi.cpp:94]--003
[2023-08-18 23:27:30]--[reg_cgi.cpp:236]--{
	"code":	"003"
} error
[2023-08-18 23:28:17]--[reg_cgi.cpp:203]--buf = {
    "confirmpw": "zengjianxin",
    "email": "zengjianxin",
    "firstPwd": "zengjianxin",
    "nickName": "zengjianxin",
    "phone": "zengjianxin",
    "userName": "zengjianxin"
}

[2023-08-18 23:28:17]--[reg_cgi.cpp:214]--user = , nick_name = , pwd = , tel = , email = 
[2023-08-18 23:28:17]--[reg_cgi.cpp:124]--mysql_user = root, mysql_pwd = #ZJx123456, mysql_db = filesystem
[2023-08-18 23:28:17]--[reg_cgi.cpp:145]--【】该用户已存在
[2023-08-18 23:28:17]--[reg_cgi.cpp:94]--003
[2023-08-18 23:28:17]--[reg_cgi.cpp:236]--{
	"code":	"003"
} error
[2023-08-18 23:29:21]--[reg_cgi.cpp:203]--buf = {
    "confirmpw": "zengjianxin",
    "email": "zengjianxin",
    "firstPwd": "zengjianxin",
    "nickName": "zengjianxin",
    "phone": "zengjianxin",
    "userName": "zengjianxin"
}

[2023-08-18 23:29:21]--[reg_cgi.cpp:214]--user = , nick_name = , pwd = , tel = , email = 
[2023-08-18 23:29:21]--[reg_cgi.cpp:124]--mysql_user = root, mysql_pwd = #ZJx123456, mysql_db = filesystem
[2023-08-18 23:29:21]--[reg_cgi.cpp:94]--002
[2023-08-18 23:29:21]--[reg_cgi.cpp:236]--{
	"code":	"002"
} error
[2023-08-18 23:33:11]--[reg_cgi.cpp:203]--buf = {
    "confirmpw": "zengjianxin",
    "email": "zengjianxin",
    "firstPwd": "zengjianxin",
    "nickName": "zengjianxin",
    "phone": "zengjianxin",
    "userName": "zengjianxin"
}

[2023-08-18 23:33:11]--[reg_cgi.cpp:214]--user = , nick_name = , pwd = , tel = , email = 
[2023-08-18 23:33:11]--[reg_cgi.cpp:124]--mysql_user = root, mysql_pwd = #ZJx123456, mysql_db = filesystem
[2023-08-18 23:33:11]--[reg_cgi.cpp:145]--【】该用户已存在
[2023-08-18 23:33:11]--[reg_cgi.cpp:94]--003
[2023-08-18 23:33:11]--[reg_cgi.cpp:236]--{
	"code":	"003"
} error
[2023-08-18 23:44:55]--[reg_cgi.cpp:202]--buf = {
    "confirmpw": "zengjianxin",
    "email": "zengjianxin",
    "firstPwd": "zengjianxin",
    "nickName": "zengjianxin",
    "phone": "zengjianxin",
    "userName": "zengjianxin"
}

[2023-08-18 23:44:55]--[reg_cgi.cpp:213]--user = zengjianxin, nick_name = zengjianxin, pwd = zengjianxin, tel = zengjianxin, email = zengjianxin
[2023-08-18 23:44:55]--[reg_cgi.cpp:123]--mysql_user = root, mysql_pwd = #ZJx123456, mysql_db = filesystem
[2023-08-18 23:44:55]--[reg_cgi.cpp:93]--002
[2023-08-18 23:44:55]--[reg_cgi.cpp:235]--{
	"code":	"002"
} error
