[2023-08-24 18:13:11]--[sharefiles_cgi.cpp:648]--cmd = count
[2023-08-24 18:13:11]--[sharefiles_cgi.cpp:112]--line = -1
[2023-08-24 18:14:03]--[sharefiles_cgi.cpp:648]--cmd = count
[2023-08-24 18:14:03]--[sharefiles_cgi.cpp:112]--line = 0
[2023-08-24 18:14:08]--[sharefiles_cgi.cpp:648]--cmd = count
[2023-08-24 18:14:08]--[sharefiles_cgi.cpp:112]--line = 0
[2023-08-24 18:14:14]--[sharefiles_cgi.cpp:648]--cmd = count
[2023-08-24 18:14:14]--[sharefiles_cgi.cpp:112]--line = 0
[2023-08-24 18:14:15]--[sharefiles_cgi.cpp:648]--cmd = count
[2023-08-24 18:14:15]--[sharefiles_cgi.cpp:112]--line = 0
[2023-08-24 18:14:18]--[sharefiles_cgi.cpp:648]--cmd = count
[2023-08-24 18:14:18]--[sharefiles_cgi.cpp:112]--line = 0
[2023-08-24 18:14:24]--[sharefiles_cgi.cpp:648]--cmd = count
[2023-08-24 18:14:24]--[sharefiles_cgi.cpp:112]--line = 0
[2023-08-24 18:14:28]--[sharefiles_cgi.cpp:648]--cmd = count
[2023-08-24 18:14:28]--[sharefiles_cgi.cpp:112]--line = 1
[2023-08-24 18:14:29]--[sharefiles_cgi.cpp:648]--cmd = normal
[2023-08-24 18:14:29]--[sharefiles_cgi.cpp:683]--buf = {
    "count": 1,
    "start": 0
}

[2023-08-24 18:14:29]--[sharefiles_cgi.cpp:691]--start = 0, count = 1
[2023-08-24 18:14:29]--[sharefiles_cgi.cpp:158]--select share_file_list.*, file_info.url, file_info.size, file_info.type from file_info, share_file_list where file_info.md5 = share_file_list.md5 limit 0, 1 在操作
[2023-08-24 18:14:29]--[sharefiles_cgi.cpp:282]--{
	"files":	[{
			"user":	"zengjx",
			"md5":	"3d0840dd2572e49c5378c5009ad1eadf",
			"time":	"2023-08-24 18:14:01",
			"filename":	"cudnn-11.2-windows-x64-v8.1.1.33.zip",
			"share_status":	1,
			"pv":	0,
			"url":	"http://176.16.169.102:80/group2/M00/00/00/sBCpZmTnJ0OAI0lCKU9Hv8QvRxk.33.zip",
			"size":	693061567,
			"type":	"zip"
		}]
}
[2023-08-24 18:14:32]--[sharefiles_cgi.cpp:648]--cmd = count
[2023-08-24 18:14:32]--[sharefiles_cgi.cpp:112]--line = 1
[2023-08-24 18:14:32]--[sharefiles_cgi.cpp:648]--cmd = normal
[2023-08-24 18:14:32]--[sharefiles_cgi.cpp:683]--buf = {
    "count": 1,
    "start": 0
}

[2023-08-24 18:14:32]--[sharefiles_cgi.cpp:691]--start = 0, count = 1
[2023-08-24 18:14:32]--[sharefiles_cgi.cpp:158]--select share_file_list.*, file_info.url, file_info.size, file_info.type from file_info, share_file_list where file_info.md5 = share_file_list.md5 limit 0, 1 在操作
[2023-08-24 18:14:32]--[sharefiles_cgi.cpp:282]--{
	"files":	[{
			"user":	"zengjx",
			"md5":	"3d0840dd2572e49c5378c5009ad1eadf",
			"time":	"2023-08-24 18:14:01",
			"filename":	"cudnn-11.2-windows-x64-v8.1.1.33.zip",
			"share_status":	1,
			"pv":	0,
			"url":	"http://176.16.169.102:80/group2/M00/00/00/sBCpZmTnJ0OAI0lCKU9Hv8QvRxk.33.zip",
			"size":	693061567,
			"type":	"zip"
		}]
}
[2023-08-24 18:14:33]--[sharefiles_cgi.cpp:648]--cmd = count
[2023-08-24 18:14:33]--[sharefiles_cgi.cpp:112]--line = 1
[2023-08-24 18:14:33]--[sharefiles_cgi.cpp:648]--cmd = normal
[2023-08-24 18:14:33]--[sharefiles_cgi.cpp:683]--buf = {
    "count": 1,
    "start": 0
}

[2023-08-24 18:14:33]--[sharefiles_cgi.cpp:691]--start = 0, count = 1
[2023-08-24 18:14:33]--[sharefiles_cgi.cpp:158]--select share_file_list.*, file_info.url, file_info.size, file_info.type from file_info, share_file_list where file_info.md5 = share_file_list.md5 limit 0, 1 在操作
[2023-08-24 18:14:33]--[sharefiles_cgi.cpp:282]--{
	"files":	[{
			"user":	"zengjx",
			"md5":	"3d0840dd2572e49c5378c5009ad1eadf",
			"time":	"2023-08-24 18:14:01",
			"filename":	"cudnn-11.2-windows-x64-v8.1.1.33.zip",
			"share_status":	1,
			"pv":	0,
			"url":	"http://176.16.169.102:80/group2/M00/00/00/sBCpZmTnJ0OAI0lCKU9Hv8QvRxk.33.zip",
			"size":	693061567,
			"type":	"zip"
		}]
}
[2023-08-24 18:14:43]--[sharefiles_cgi.cpp:648]--cmd = count
[2023-08-24 18:14:43]--[sharefiles_cgi.cpp:112]--line = 1
[2023-08-24 18:14:43]--[sharefiles_cgi.cpp:648]--cmd = normal
[2023-08-24 18:14:43]--[sharefiles_cgi.cpp:683]--buf = {
    "count": 1,
    "start": 0
}

[2023-08-24 18:14:43]--[sharefiles_cgi.cpp:691]--start = 0, count = 1
[2023-08-24 18:14:43]--[sharefiles_cgi.cpp:158]--select share_file_list.*, file_info.url, file_info.size, file_info.type from file_info, share_file_list where file_info.md5 = share_file_list.md5 limit 0, 1 在操作
[2023-08-24 18:14:43]--[sharefiles_cgi.cpp:282]--{
	"files":	[{
			"user":	"zengjx",
			"md5":	"3d0840dd2572e49c5378c5009ad1eadf",
			"time":	"2023-08-24 18:14:01",
			"filename":	"cudnn-11.2-windows-x64-v8.1.1.33.zip",
			"share_status":	1,
			"pv":	0,
			"url":	"http://176.16.169.102:80/group2/M00/00/00/sBCpZmTnJ0OAI0lCKU9Hv8QvRxk.33.zip",
			"size":	693061567,
			"type":	"zip"
		}]
}
[2023-08-24 18:14:48]--[sharefiles_cgi.cpp:648]--cmd = count
[2023-08-24 18:14:48]--[sharefiles_cgi.cpp:112]--line = 1
[2023-08-24 18:14:48]--[sharefiles_cgi.cpp:648]--cmd = normal
[2023-08-24 18:14:48]--[sharefiles_cgi.cpp:683]--buf = {
    "count": 1,
    "start": 0
}

[2023-08-24 18:14:48]--[sharefiles_cgi.cpp:691]--start = 0, count = 1
[2023-08-24 18:14:48]--[sharefiles_cgi.cpp:158]--select share_file_list.*, file_info.url, file_info.size, file_info.type from file_info, share_file_list where file_info.md5 = share_file_list.md5 limit 0, 1 在操作
[2023-08-24 18:14:48]--[sharefiles_cgi.cpp:282]--{
	"files":	[{
			"user":	"zengjx",
			"md5":	"3d0840dd2572e49c5378c5009ad1eadf",
			"time":	"2023-08-24 18:14:01",
			"filename":	"cudnn-11.2-windows-x64-v8.1.1.33.zip",
			"share_status":	1,
			"pv":	0,
			"url":	"http://176.16.169.102:80/group2/M00/00/00/sBCpZmTnJ0OAI0lCKU9Hv8QvRxk.33.zip",
			"size":	693061567,
			"type":	"zip"
		}]
}
[2023-08-24 18:14:50]--[sharefiles_cgi.cpp:648]--cmd = count
[2023-08-24 18:14:50]--[sharefiles_cgi.cpp:112]--line = 1
[2023-08-24 18:14:50]--[sharefiles_cgi.cpp:648]--cmd = normal
[2023-08-24 18:14:50]--[sharefiles_cgi.cpp:683]--buf = {
    "count": 1,
    "start": 0
}

[2023-08-24 18:14:50]--[sharefiles_cgi.cpp:691]--start = 0, count = 1
[2023-08-24 18:14:50]--[sharefiles_cgi.cpp:158]--select share_file_list.*, file_info.url, file_info.size, file_info.type from file_info, share_file_list where file_info.md5 = share_file_list.md5 limit 0, 1 在操作
[2023-08-24 18:14:50]--[sharefiles_cgi.cpp:282]--{
	"files":	[{
			"user":	"zengjx",
			"md5":	"3d0840dd2572e49c5378c5009ad1eadf",
			"time":	"2023-08-24 18:14:01",
			"filename":	"cudnn-11.2-windows-x64-v8.1.1.33.zip",
			"share_status":	1,
			"pv":	0,
			"url":	"http://176.16.169.102:80/group2/M00/00/00/sBCpZmTnJ0OAI0lCKU9Hv8QvRxk.33.zip",
			"size":	693061567,
			"type":	"zip"
		}]
}
[2023-08-24 18:24:27]--[sharefiles_cgi.cpp:648]--cmd = count
[2023-08-24 18:24:27]--[sharefiles_cgi.cpp:112]--line = 0
